<?xml version="1.0" encoding="UTF-8" ?>
<testsuite errors="10" failures="8" name="kermeta_interpreter.test.JunitTestSuite" tests="362" time="19.738">
  <properties>
    <property name="java.vendor" value="Sun Microsystems Inc."></property>
    <property name="equinox.preferences.jar" value="/local/daily_build/eclipse3.3_with_topcased/eclipse/plugins/org.eclipse.equinox.preferences_3.2.100.v20070522.jar"></property>
    <property name="kermeta.io.jar" value="/tmp/kermeta_build/src/plugins/fr.irisa.triskell.kermeta.io/@dot"></property>
    <property name="sun.java.launcher" value="SUN_STANDARD"></property>
    <property name="sun.management.compiler" value="HotSpot Server Compiler"></property>
    <property name="osgi.jar" value="/local/daily_build/eclipse3.3_with_topcased/eclipse/plugins/org.eclipse.osgi_3.3.0.v20070530.jar"></property>
    <property name="os.name" value="Linux"></property>
    <property name="sun.boot.class.path" value="/soft/jdk_hd/Linux/jdk1.5.0_12/jre/lib/rt.jar:/soft/jdk_hd/Linux/jdk1.5.0_12/jre/lib/i18n.jar:/soft/jdk_hd/Linux/jdk1.5.0_12/jre/lib/sunrsasign.jar:/soft/jdk_hd/Linux/jdk1.5.0_12/jre/lib/jsse.jar:/soft/jdk_hd/Linux/jdk1.5.0_12/jre/lib/jce.jar:/soft/jdk_hd/Linux/jdk1.5.0_12/jre/lib/charsets.jar:/soft/jdk_hd/Linux/jdk1.5.0_12/jre/classes"></property>
    <property name="triskell.eclipse.util.jar" value="/tmp/kermeta_build/src/plugins/fr.irisa.triskell.eclipse.util/@dot"></property>
    <property name="java.vm.specification.vendor" value="Sun Microsystems Inc."></property>
    <property name="ant.home" value="/udd/triskell/bin/multiplatform/apache-ant-1.5.4"></property>
    <property name="java.runtime.version" value="1.5.0_12-b04"></property>
    <property name="equinox.common.jar" value="/local/daily_build/eclipse3.3_with_topcased/eclipse/plugins/org.eclipse.equinox.common_3.3.0.v20070426.jar"></property>
    <property name="cobertura.dir" value="/udd/triskell/bin/multiplatform/cobertura-1.7/"></property>
    <property name="user.name" value="dvojtise"></property>
    <property name="core.runtime.jar" value="/local/daily_build/eclipse3.3_with_topcased/eclipse/plugins/org.eclipse.core.runtime_3.3.100.v20070530.jar"></property>
    <property name="ui.workbench.jar" value="/local/daily_build/eclipse3.3_with_topcased/eclipse/plugins/org.eclipse.ui.workbench_3.3.0.I20070608-1100.jar"></property>
    <property name="user.language" value="en"></property>
    <property name="core.jobs.jar" value="/local/daily_build/eclipse3.3_with_topcased/eclipse/plugins/org.eclipse.core.jobs_3.3.0.v20070423.jar"></property>
    <property name="sun.boot.library.path" value="/soft/jdk_hd/Linux/jdk1.5.0_12/jre/lib/i386"></property>
    <property name="ant.project.name" value="run interpreter tests"></property>
    <property name="java.version" value="1.5.0_12"></property>
    <property name="build.bin" value="/tmp/kermeta_build/src/plugins/fr.irisa.triskell.kermeta.interpreter/build/class"></property>
    <property name="coverage.html.dir" value="/tmp/kermeta_build/unittestreports/coverage/html"></property>
    <property name="user.timezone" value="Europe/Paris"></property>
    <property name="sun.arch.data.model" value="32"></property>
    <property name="java.endorsed.dirs" value="/soft/jdk_hd/Linux/jdk1.5.0_12/jre/lib/endorsed"></property>
    <property name="sun.cpu.isalist" value=""></property>
    <property name="emf.validation.jar" value="/local/daily_build/eclipse3.3_with_topcased/eclipse/plugins/org.eclipse.emf.validation_1.1.0.v200706071520.jar"></property>
    <property name="sun.jnu.encoding" value="ISO-8859-15"></property>
    <property name="file.encoding.pkg" value="sun.io"></property>
    <property name="file.separator" value="/"></property>
    <property name="java.specification.name" value="Java Platform API Specification"></property>
    <property name="java.class.version" value="49.0"></property>
    <property name="src" value="/tmp/kermeta_build/src/plugins/fr.irisa.triskell.kermeta.interpreter/src/java"></property>
    <property name="user.country" value="US"></property>
    <property name="ldt-core.jar" value="/tmp/kermeta_build/src/plugins/fr.irisa.triskell.kermeta/lib/thirdparty/ldt-core.jar"></property>
    <property name="java.home" value="/soft/jdk_hd/Linux/jdk1.5.0_12/jre"></property>
    <property name="java.vm.info" value="mixed mode"></property>
    <property name="ant.file" value="/tmp/kermeta_build/src/plugins/fr.irisa.triskell.kermeta.interpreter/test/junit/test_build.xml"></property>
    <property name="os.version" value="2.6.19-1.2911.6.4.fc6"></property>
    <property name="path.separator" value=":"></property>
    <property name="eclipse.home" value="/local/daily_build/eclipse3.3_with_topcased/eclipse"></property>
    <property name="java.vm.version" value="1.5.0_12-b04"></property>
    <property name="report.dir" value="/tmp/kermeta_build/unittestreports"></property>
    <property name="emf.ecore.jar" value="/local/daily_build/eclipse3.3_with_topcased/eclipse/plugins/org.eclipse.emf.ecore_2.3.0.v200706262000.jar"></property>
    <property name="java.awt.printerjob" value="sun.print.PSPrinterJob"></property>
    <property name="sun.io.unicode.encoding" value="UnicodeLittle"></property>
    <property name="kermeta.model.jar" value="/tmp/kermeta_build/src/plugins/fr.irisa.triskell.kermeta.model/@dot"></property>
    <property name="kermeta.interpreter.jar" value="/tmp/kermeta_build/src/plugins/fr.irisa.triskell.kermeta/lib/interpreter_kermeta.jar"></property>
    <property name="coverage.dir" value="/tmp/kermeta_build/unittestreports/coverage"></property>
    <property name="user.home" value="/udd/dvojtise"></property>
    <property name="java.specification.vendor" value="Sun Microsystems Inc."></property>
    <property name="coverage.xml.dir" value="/tmp/kermeta_build/unittestreports/coverage/xml"></property>
    <property name="java.library.path" value="/soft/jdk_hd/Linux/jdk1.5.0_12/jre/lib/i386/server:/soft/jdk_hd/Linux/jdk1.5.0_12/jre/lib/i386:/soft/jdk_hd/Linux/jdk1.5.0_12/jre/../lib/i386"></property>
    <property name="java.vendor.url" value="http://java.sun.com/"></property>
    <property name="java.vm.vendor" value="Sun Microsystems Inc."></property>
    <property name="cobertura.lib.dir" value="/udd/triskell/bin/multiplatform/cobertura-1.7/lib"></property>
    <property name="java.runtime.name" value="Java(TM) 2 Runtime Environment, Standard Edition"></property>
    <property name="java.class.path" value="/udd/triskell/bin/multiplatform/apache-ant-1.5.4/lib/xml-apis.jar:/udd/triskell/bin/multiplatform/apache-ant-1.5.4/lib/xercesImpl.jar:/udd/triskell/bin/multiplatform/apache-ant-1.5.4/lib/xalan.jar:/udd/triskell/bin/multiplatform/apache-ant-1.5.4/lib/optional.jar:/udd/triskell/bin/multiplatform/apache-ant-1.5.4/lib/junit.jar:/udd/triskell/bin/multiplatform/apache-ant-1.5.4/lib/ant.jar:/udd/triskell/bin/multiplatform/apache-ant-1.5.4/lib/junit.jar:/udd/triskell/bin/multiplatform/apache-ant-1.5.4/lib/optional.jar:/soft/jdk_hd/Linux/jdk1.5.0_12/lib/tools.jar"></property>
    <property name="ant.version" value="Apache Ant version 1.5.4 compiled on August 12 2003"></property>
    <property name="traceability.jar" value="/tmp/kermeta_build/src/plugins/fr.irisa.triskell.traceability.model/@dot"></property>
    <property name="core.resources.jar" value="/local/daily_build/eclipse3.3_with_topcased/eclipse/plugins/org.eclipse.core.resources_3.3.0.v20070604.jar"></property>
    <property name="swt.jar" value="/local/daily_build/eclipse3.3_with_topcased/eclipse/plugins/org.eclipse.swt.gtk.linux.x86_3.3.0.v3346.jar"></property>
    <property name="emf.common.jar" value="/local/daily_build/eclipse3.3_with_topcased/eclipse/plugins/org.eclipse.emf.common_2.3.0.v200706262000.jar"></property>
    <property name="java.vm.specification.name" value="Java Virtual Machine Specification"></property>
    <property name="java.vm.specification.version" value="1.0"></property>
    <property name="sun.cpu.endian" value="little"></property>
    <property name="sun.os.patch.level" value="unknown"></property>
    <property name="log4j.jar" value="/tmp/kermeta_build/src/plugins/fr.irisa.triskell.kermeta/lib/thirdparty/log4j.jar"></property>
    <property name="java.io.tmpdir" value="/tmp"></property>
    <property name="test.src" value="/tmp/kermeta_build/src/plugins/fr.irisa.triskell.kermeta.interpreter/test/junit"></property>
    <property name="java.vendor.url.bug" value="http://java.sun.com/cgi-bin/bugreport.cgi"></property>
    <property name="emf.ecore.xmi.jar" value="/local/daily_build/eclipse3.3_with_topcased/eclipse/plugins/org.eclipse.emf.ecore.xmi_2.3.0.v200706262000.jar"></property>
    <property name="instrumented.dir" value="/tmp/kermeta_build/src/plugins/fr.irisa.triskell.kermeta.interpreter/test/junit/instrumented"></property>
    <property name="java.awt.graphicsenv" value="sun.awt.X11GraphicsEnvironment"></property>
    <property name="os.arch" value="i386"></property>
    <property name="java.ext.dirs" value="/soft/jdk_hd/Linux/jdk1.5.0_12/jre/lib/ext"></property>
    <property name="user.dir" value="/tmp/kermeta_build/src/plugins/fr.irisa.triskell.kermeta.interpreter"></property>
    <property name="equinox.registry.jar" value="/local/daily_build/eclipse3.3_with_topcased/eclipse/plugins/org.eclipse.equinox.registry_3.3.0.v20070522.jar"></property>
    <property name="line.separator" value="
"></property>
    <property name="java.vm.name" value="Java HotSpot(TM) Server VM"></property>
    <property name="kermeta.interpreter.class" value="/tmp/kermeta_build/src/plugins/fr.irisa.triskell.kermeta.interpreter/build/class"></property>
    <property name="jface.jar" value="/local/daily_build/eclipse3.3_with_topcased/eclipse/plugins/org.eclipse.jface_3.3.0.I20070606-0010.jar"></property>
    <property name="basedir" value="/tmp/kermeta_build/src/plugins/fr.irisa.triskell.kermeta.interpreter/test/junit"></property>
    <property name="ant.java.version" value="1.4"></property>
    <property name="file.encoding" value="ISO-8859-15"></property>
    <property name="antlr.jar" value="/tmp/kermeta_build/src/plugins/fr.irisa.triskell.kermeta.io/lib/thirdparty/antlr.jar"></property>
    <property name="java.specification.version" value="1.5"></property>
  </properties>
  <testcase name="testClassEquals::TestClassEquals.testStringEquals" time="0.102"></testcase>
  <testcase name="testClassEquals::TestClassEquals.testStringEquals2" time="0.025"></testcase>
  <testcase name="testNewOnModelType::Test.test_simple" time="0.052"></testcase>
  <testcase name="testReferences::TestMyObjectCreation.testCreateMyObject" time="0.025"></testcase>
  <testcase name="testClone2::Main.testClone1" time="0.022"></testcase>
  <testcase name="testClone2::Main.testClone2" time="0.201"></testcase>
  <testcase name="testLambda::TestLambda.testNoLambda" time="0.042"></testcase>
  <testcase name="testLambda::TestLambda.testLambda1" time="0.045"></testcase>
  <testcase name="testLambda::TestLambda.testLambdaWithDef" time="0.044"></testcase>
  <testcase name="testLambda::TestLambda.testLambdaWithTwoParams" time="0.063"></testcase>
  <testcase name="testLambda::TestLambda.testLambdaSimpleWithString" time="0.043"></testcase>
  <testcase name="testLambda::TestLambda.testLambdaWithString" time="0.048"></testcase>
  <testcase name="testLambda::TestLambda.testLambdaWithThreeParams" time="0.044"></testcase>
  <testcase name="testLambda::TestLambda.testLambdaWithThreeParams2" time="0.067"></testcase>
  <testcase name="testLambda::TestLambda.testNestedLambda" time="0.048"></testcase>
  <testcase name="testLambda::TestLambda.testLambdaWithExtVar" time="0.041"></testcase>
  <testcase name="testLambda::TestLambda.testLambdaVarPriority" time="0.043"></testcase>
  <testcase name="testLambda::TestLambda.testLambdaInOperation" time="0.035"></testcase>
  <testcase name="testLambda::TestLambda.testOpWithLambdaAsParam" time="0.02"></testcase>
  <testcase name="testLambda::TestLambda.testintegerTimes" time="0.026"></testcase>
  <testcase name="testLambda::TestLambda.testintegerTimesToString" time="0.031"></testcase>
  <testcase name="testLambda::TestLambda.testFract" time="0.044"></testcase>
  <testcase name="testPackageTestIterator::TestIterator.testhasNext" time="0.024"></testcase>
  <testcase name="testPackageTestIterator::TestIterator.testnext" time="0.019"></testcase>
  <testcase name="testPackageTestIterator::TestIterator.testnextbis" time="0.023"></testcase>
  <testcase name="testPackageTestIterator::TestIterator.testisOff" time="0.021"></testcase>
  <testcase name="testPackageTestIterator::TestIterator.testisOffbis" time="0.023"></testcase>
  <testcase name="testPackageTestIterator::TestIterator.testisOffter" time="0.023"></testcase>
  <testcase name="testPackageTestIterator::TestIterator.testLoop" time="0.037"></testcase>
  <testcase name="root_package::Main.main" time="0.033">
    <error message="kermeta exception : [kermeta::exceptions::VoidOperandError : 23579]" type="fr.irisa.triskell.kermeta.interpreter.KermetaRaisedException">fr.irisa.triskell.kermeta.interpreter.KermetaRaisedException: kermeta exception : [kermeta::exceptions::VoidOperandError : 23579]
Trace: 
  -&gt; file &apos;platform:/plugin/fr.irisa.triskell.kermeta.interpreter/test/kmt_testcases/024_testZeroDivision.main.kmt&apos;, line 30, in &apos;[kermeta::standard::Integer : 23575 = 5].div&apos; ( (5) / (divid) )
 -&gt; file &apos;platform:/plugin/fr.irisa.triskell.kermeta.interpreter/test/kmt_testcases/024_testZeroDivision.main.kmt&apos;, line 15, in &apos;[root_package::Main : 23573].testUndeclared&apos; ( testUndeclared )
 -&gt; file &apos;platform:/plugin/fr.irisa.triskell.kermeta.interpreter/test/kmt_testcases/024_testZeroDivision.main.kmt&apos;, line 13, in &apos;[root_package::Main : 23573].main&apos; ( operation main() : Void is (...) )
------------END OF STACK TRACE------------

	at fr.irisa.triskell.kermeta.interpreter.ExpressionInterpreter.raiseKermetaException(ExpressionInterpreter.java:1477)
	at fr.irisa.triskell.kermeta.interpreter.ExpressionInterpreter.visitRaise(ExpressionInterpreter.java:1375)
	at fr.irisa.triskell.kermeta.visitor.RaiseAcceptCommand.accept(KermetaOptimizedVisitor.java:443)
	at fr.irisa.triskell.kermeta.visitor.KermetaOptimizedVisitor.accept(KermetaOptimizedVisitor.java:171)
	at fr.irisa.triskell.kermeta.interpreter.ExpressionInterpreter.visitStatementList(ExpressionInterpreter.java:1441)
	at fr.irisa.triskell.kermeta.interpreter.ExpressionInterpreter.visitBlock(ExpressionInterpreter.java:569)
	at fr.irisa.triskell.kermeta.visitor.BlockAcceptCommand.accept(KermetaOptimizedVisitor.java:455)
	at fr.irisa.triskell.kermeta.visitor.KermetaOptimizedVisitor.accept(KermetaOptimizedVisitor.java:171)
	at fr.irisa.triskell.kermeta.interpreter.ExpressionInterpreter.visitConditional(ExpressionInterpreter.java:668)
	at fr.irisa.triskell.kermeta.visitor.ConditionalAcceptCommand.accept(KermetaOptimizedVisitor.java:401)
	at fr.irisa.triskell.kermeta.visitor.KermetaOptimizedVisitor.accept(KermetaOptimizedVisitor.java:171)
	at fr.irisa.triskell.kermeta.interpreter.ExpressionInterpreter.visitStatementList(ExpressionInterpreter.java:1441)
	at fr.irisa.triskell.kermeta.interpreter.ExpressionInterpreter.visitBlock(ExpressionInterpreter.java:569)
	at fr.irisa.triskell.kermeta.visitor.BlockAcceptCommand.accept(KermetaOptimizedVisitor.java:455)
	at fr.irisa.triskell.kermeta.visitor.KermetaOptimizedVisitor.accept(KermetaOptimizedVisitor.java:171)
	at fr.irisa.triskell.kermeta.interpreter.ExpressionInterpreter.visitOperation(ExpressionInterpreter.java:745)
	at fr.irisa.triskell.kermeta.visitor.OperationAcceptCommand.accept(KermetaOptimizedVisitor.java:557)
	at fr.irisa.triskell.kermeta.visitor.KermetaOptimizedVisitor.accept(KermetaOptimizedVisitor.java:171)
	at fr.irisa.triskell.kermeta.interpreter.ExpressionInterpreter.visitCallFeature(ExpressionInterpreter.java:875)
	at fr.irisa.triskell.kermeta.visitor.CallFeatureAcceptCommand.accept(KermetaOptimizedVisitor.java:425)
	at fr.irisa.triskell.kermeta.visitor.KermetaOptimizedVisitor.accept(KermetaOptimizedVisitor.java:171)
	at fr.irisa.triskell.kermeta.interpreter.ExpressionInterpreter.visitStatementList(ExpressionInterpreter.java:1441)
	at fr.irisa.triskell.kermeta.interpreter.ExpressionInterpreter.visitBlock(ExpressionInterpreter.java:569)
	at fr.irisa.triskell.kermeta.visitor.BlockAcceptCommand.accept(KermetaOptimizedVisitor.java:455)
	at fr.irisa.triskell.kermeta.visitor.KermetaOptimizedVisitor.accept(KermetaOptimizedVisitor.java:171)
	at fr.irisa.triskell.kermeta.interpreter.ExpressionInterpreter.visitOperation(ExpressionInterpreter.java:745)
	at fr.irisa.triskell.kermeta.visitor.OperationAcceptCommand.accept(KermetaOptimizedVisitor.java:557)
	at fr.irisa.triskell.kermeta.visitor.KermetaOptimizedVisitor.accept(KermetaOptimizedVisitor.java:171)
	at fr.irisa.triskell.kermeta.interpreter.ExpressionInterpreter.visitCallFeature(ExpressionInterpreter.java:875)
	at fr.irisa.triskell.kermeta.visitor.CallFeatureAcceptCommand.accept(KermetaOptimizedVisitor.java:425)
	at fr.irisa.triskell.kermeta.visitor.KermetaOptimizedVisitor.accept(KermetaOptimizedVisitor.java:171)
	at fr.irisa.triskell.kermeta.interpreter.ExpressionInterpreter.visitStatementList(ExpressionInterpreter.java:1441)
	at fr.irisa.triskell.kermeta.interpreter.ExpressionInterpreter.visitBlock(ExpressionInterpreter.java:569)
	at fr.irisa.triskell.kermeta.visitor.BlockAcceptCommand.accept(KermetaOptimizedVisitor.java:455)
	at fr.irisa.triskell.kermeta.visitor.KermetaOptimizedVisitor.accept(KermetaOptimizedVisitor.java:171)
	at fr.irisa.triskell.kermeta.interpreter.ExpressionInterpreter.visitOperation(ExpressionInterpreter.java:745)
	at fr.irisa.triskell.kermeta.visitor.OperationAcceptCommand.accept(KermetaOptimizedVisitor.java:557)
	at fr.irisa.triskell.kermeta.visitor.KermetaOptimizedVisitor.accept(KermetaOptimizedVisitor.java:171)
	at fr.irisa.triskell.kermeta.interpreter.ExpressionInterpreter.invoke(ExpressionInterpreter.java:144)
	at fr.irisa.triskell.kermeta.launcher.KermetaInterpreter.launch(KermetaInterpreter.java:279)
	at fr.irisa.triskell.kermeta.launcher.RunTestCase.runTest(RunTestCase.java:115)
</error>
  </testcase>
  <testcase name="testDynamicExpression::TestDynamicExpression.test1" time="0.074"></testcase>
  <testcase name="testDynamicExpression::TestDynamicExpression.test2" time="0.554">
    <error message="kermeta exception : [kermeta::interpreter::DynamicExpressionException : 25750]" type="fr.irisa.triskell.kermeta.interpreter.KermetaRaisedException">fr.irisa.triskell.kermeta.interpreter.KermetaRaisedException: kermeta exception : [kermeta::interpreter::DynamicExpressionException : 25750]
parse result - expression contains errors
Cannot resolve symbol : &apos;TestToto&apos;.
Trace: 
  -&gt; file &apos;platform:/plugin/fr.irisa.triskell.kermeta.interpreter/test/kmt_testcases/041_testDynamicExpression.main.kmt&apos;, line 96, in &apos;[kermeta::interpreter::DynamicExpression : 25440].parse&apos; ( dynExpr.parse(opName) )
 -&gt; file &apos;platform:/plugin/fr.irisa.triskell.kermeta.interpreter/test/kmt_testcases/041_testDynamicExpression.main.kmt&apos;, line 91, in &apos;[testDynamicExpression::TesterClass1 : 25437].testDynExpOnSelf2#function call&apos; ( {opName | do (...) )
 -&gt; file &apos;platform:/plugin/fr.irisa.triskell.kermeta.interpreter/test/kmt_testcases/041_testDynamicExpression.main.kmt&apos;, line 91, in &apos;[kermeta::standard::Sequence : 25699].each&apos; ( self.getMetaClass.ownedOperation.~select{op | (not ((op.name.indexOf(&quot;Test&quot;)) == (1.uminus))) and ((op.name.indexOf(&quot;All&quot;)) == (1.uminus))}.collect{op | op.name}.each{opName | do (...) )
 -&gt; file &apos;platform:/plugin/fr.irisa.triskell.kermeta.interpreter/test/kmt_testcases/041_testDynamicExpression.main.kmt&apos;, line 29, in &apos;[testDynamicExpression::TesterClass1 : 25437].testDynExpOnSelf2&apos; ( tester2.testDynExpOnSelf2 )
 -&gt; file &apos;platform:/plugin/fr.irisa.triskell.kermeta.interpreter/test/kmt_testcases/041_testDynamicExpression.main.kmt&apos;, line 27, in &apos;[testDynamicExpression::TestDynamicExpression : 25424].test2&apos; ( operation test2() : Void is (...) )
------------END OF STACK TRACE------------

	at fr.irisa.triskell.kermeta.interpreter.ExpressionInterpreter.raiseKermetaException(ExpressionInterpreter.java:1477)
	at fr.irisa.triskell.kermeta.interpreter.ExpressionInterpreter.visitRaise(ExpressionInterpreter.java:1375)
	at fr.irisa.triskell.kermeta.visitor.RaiseAcceptCommand.accept(KermetaOptimizedVisitor.java:443)
	at fr.irisa.triskell.kermeta.visitor.KermetaOptimizedVisitor.accept(KermetaOptimizedVisitor.java:171)
	at fr.irisa.triskell.kermeta.interpreter.ExpressionInterpreter.visitStatementList(ExpressionInterpreter.java:1441)
	at fr.irisa.triskell.kermeta.interpreter.ExpressionInterpreter.visitBlock(ExpressionInterpreter.java:569)
	at fr.irisa.triskell.kermeta.visitor.BlockAcceptCommand.accept(KermetaOptimizedVisitor.java:455)
	at fr.irisa.triskell.kermeta.visitor.KermetaOptimizedVisitor.accept(KermetaOptimizedVisitor.java:171)
	at fr.irisa.triskell.kermeta.interpreter.ExpressionInterpreter.visitConditional(ExpressionInterpreter.java:668)
	at fr.irisa.triskell.kermeta.visitor.ConditionalAcceptCommand.accept(KermetaOptimizedVisitor.java:401)
	at fr.irisa.triskell.kermeta.visitor.KermetaOptimizedVisitor.accept(KermetaOptimizedVisitor.java:171)
	at fr.irisa.triskell.kermeta.interpreter.ExpressionInterpreter.visitStatementList(ExpressionInterpreter.java:1441)
	at fr.irisa.triskell.kermeta.interpreter.ExpressionInterpreter.visitBlock(ExpressionInterpreter.java:569)
	at fr.irisa.triskell.kermeta.visitor.BlockAcceptCommand.accept(KermetaOptimizedVisitor.java:455)
	at fr.irisa.triskell.kermeta.visitor.KermetaOptimizedVisitor.accept(KermetaOptimizedVisitor.java:171)
	at fr.irisa.triskell.kermeta.interpreter.ExpressionInterpreter.visitOperation(ExpressionInterpreter.java:745)
	at fr.irisa.triskell.kermeta.visitor.OperationAcceptCommand.accept(KermetaOptimizedVisitor.java:557)
	at fr.irisa.triskell.kermeta.visitor.KermetaOptimizedVisitor.accept(KermetaOptimizedVisitor.java:171)
	at fr.irisa.triskell.kermeta.interpreter.ExpressionInterpreter.visitCallFeature(ExpressionInterpreter.java:875)
	at fr.irisa.triskell.kermeta.visitor.CallFeatureAcceptCommand.accept(KermetaOptimizedVisitor.java:425)
	at fr.irisa.triskell.kermeta.visitor.KermetaOptimizedVisitor.accept(KermetaOptimizedVisitor.java:171)
	at fr.irisa.triskell.kermeta.interpreter.ExpressionInterpreter.visitVariableDecl(ExpressionInterpreter.java:171)
	at fr.irisa.triskell.kermeta.visitor.VariableDeclAcceptCommand.accept(KermetaOptimizedVisitor.java:527)
	at fr.irisa.triskell.kermeta.visitor.KermetaOptimizedVisitor.accept(KermetaOptimizedVisitor.java:171)
	at fr.irisa.triskell.kermeta.interpreter.ExpressionInterpreter.visitStatementList(ExpressionInterpreter.java:1441)
	at fr.irisa.triskell.kermeta.interpreter.ExpressionInterpreter.visitBlock(ExpressionInterpreter.java:569)
	at fr.irisa.triskell.kermeta.visitor.BlockAcceptCommand.accept(KermetaOptimizedVisitor.java:455)
	at fr.irisa.triskell.kermeta.visitor.KermetaOptimizedVisitor.accept(KermetaOptimizedVisitor.java:171)
	at fr.irisa.triskell.kermeta.runtime.RuntimeLambdaObject.call(RuntimeLambdaObject.java:63)
	at fr.irisa.triskell.kermeta.interpreter.ExpressionInterpreter.visitCallVariable(ExpressionInterpreter.java:540)
	at fr.irisa.triskell.kermeta.visitor.CallVariableAcceptCommand.accept(KermetaOptimizedVisitor.java:461)
	at fr.irisa.triskell.kermeta.visitor.KermetaOptimizedVisitor.accept(KermetaOptimizedVisitor.java:171)
	at fr.irisa.triskell.kermeta.interpreter.ExpressionInterpreter.visitStatementList(ExpressionInterpreter.java:1441)
	at fr.irisa.triskell.kermeta.interpreter.ExpressionInterpreter.visitBlock(ExpressionInterpreter.java:569)
	at fr.irisa.triskell.kermeta.visitor.BlockAcceptCommand.accept(KermetaOptimizedVisitor.java:455)
	at fr.irisa.triskell.kermeta.visitor.KermetaOptimizedVisitor.accept(KermetaOptimizedVisitor.java:171)
	at fr.irisa.triskell.kermeta.interpreter.ExpressionInterpreter.visitLoop(ExpressionInterpreter.java:717)
	at fr.irisa.triskell.kermeta.visitor.LoopAcceptCommand.accept(KermetaOptimizedVisitor.java:533)
	at fr.irisa.triskell.kermeta.visitor.KermetaOptimizedVisitor.accept(KermetaOptimizedVisitor.java:171)
	at fr.irisa.triskell.kermeta.interpreter.ExpressionInterpreter.visitStatementList(ExpressionInterpreter.java:1441)
	at fr.irisa.triskell.kermeta.interpreter.ExpressionInterpreter.visitBlock(ExpressionInterpreter.java:569)
	at fr.irisa.triskell.kermeta.visitor.BlockAcceptCommand.accept(KermetaOptimizedVisitor.java:455)
	at fr.irisa.triskell.kermeta.visitor.KermetaOptimizedVisitor.accept(KermetaOptimizedVisitor.java:171)
	at fr.irisa.triskell.kermeta.interpreter.ExpressionInterpreter.visitOperation(ExpressionInterpreter.java:745)
	at fr.irisa.triskell.kermeta.visitor.OperationAcceptCommand.accept(KermetaOptimizedVisitor.java:557)
	at fr.irisa.triskell.kermeta.visitor.KermetaOptimizedVisitor.accept(KermetaOptimizedVisitor.java:171)
	at fr.irisa.triskell.kermeta.interpreter.ExpressionInterpreter.visitCallFeature(ExpressionInterpreter.java:875)
	at fr.irisa.triskell.kermeta.visitor.CallFeatureAcceptCommand.accept(KermetaOptimizedVisitor.java:425)
	at fr.irisa.triskell.kermeta.visitor.KermetaOptimizedVisitor.accept(KermetaOptimizedVisitor.java:171)
	at fr.irisa.triskell.kermeta.interpreter.ExpressionInterpreter.visitStatementList(ExpressionInterpreter.java:1441)
	at fr.irisa.triskell.kermeta.interpreter.ExpressionInterpreter.visitBlock(ExpressionInterpreter.java:569)
	at fr.irisa.triskell.kermeta.visitor.BlockAcceptCommand.accept(KermetaOptimizedVisitor.java:455)
	at fr.irisa.triskell.kermeta.visitor.KermetaOptimizedVisitor.accept(KermetaOptimizedVisitor.java:171)
	at fr.irisa.triskell.kermeta.interpreter.ExpressionInterpreter.visitOperation(ExpressionInterpreter.java:745)
	at fr.irisa.triskell.kermeta.visitor.OperationAcceptCommand.accept(KermetaOptimizedVisitor.java:557)
	at fr.irisa.triskell.kermeta.visitor.KermetaOptimizedVisitor.accept(KermetaOptimizedVisitor.java:171)
	at fr.irisa.triskell.kermeta.interpreter.ExpressionInterpreter.visitCallFeature(ExpressionInterpreter.java:875)
	at fr.irisa.triskell.kermeta.visitor.CallFeatureAcceptCommand.accept(KermetaOptimizedVisitor.java:425)
	at fr.irisa.triskell.kermeta.visitor.KermetaOptimizedVisitor.accept(KermetaOptimizedVisitor.java:171)
	at fr.irisa.triskell.kermeta.interpreter.ExpressionInterpreter.visitStatementList(ExpressionInterpreter.java:1441)
	at fr.irisa.triskell.kermeta.interpreter.ExpressionInterpreter.visitBlock(ExpressionInterpreter.java:569)
	at fr.irisa.triskell.kermeta.visitor.BlockAcceptCommand.accept(KermetaOptimizedVisitor.java:455)
	at fr.irisa.triskell.kermeta.visitor.KermetaOptimizedVisitor.accept(KermetaOptimizedVisitor.java:171)
	at fr.irisa.triskell.kermeta.interpreter.ExpressionInterpreter.visitOperation(ExpressionInterpreter.java:745)
	at fr.irisa.triskell.kermeta.visitor.OperationAcceptCommand.accept(KermetaOptimizedVisitor.java:557)
	at fr.irisa.triskell.kermeta.visitor.KermetaOptimizedVisitor.accept(KermetaOptimizedVisitor.java:171)
	at fr.irisa.triskell.kermeta.interpreter.ExpressionInterpreter.invoke(ExpressionInterpreter.java:144)
	at fr.irisa.triskell.kermeta.launcher.KermetaInterpreter.launch(KermetaInterpreter.java:279)
	at fr.irisa.triskell.kermeta.launcher.RunTestCase.runTest(RunTestCase.java:115)
</error>
  </testcase>
  <testcase name="testDynamicExpression::TestDynamicExpression.test3" time="0.115"></testcase>
  <testcase name="testDynamicExpression::TestDynamicExpression.test5" time="0.042">
    <error message="kermeta exception : [kermeta::interpreter::DynamicExpressionException : 28575]" type="fr.irisa.triskell.kermeta.interpreter.KermetaRaisedException">fr.irisa.triskell.kermeta.interpreter.KermetaRaisedException: kermeta exception : [kermeta::interpreter::DynamicExpressionException : 28575]
parse result - expression contains errors
Cannot resolve symbol : &apos;anOperationthatdoesnexist&apos;.
Trace: 
  -&gt; file &apos;platform:/plugin/fr.irisa.triskell.kermeta.interpreter/test/kmt_testcases/041_testDynamicExpression.main.kmt&apos;, line 42, in &apos;[kermeta::interpreter::DynamicExpression : 28473].parse&apos; ( dynExpr.parse(&quot;anOperationthatdoesnexist&quot;) )
 -&gt; file &apos;platform:/plugin/fr.irisa.triskell.kermeta.interpreter/test/kmt_testcases/041_testDynamicExpression.main.kmt&apos;, line 39, in &apos;[testDynamicExpression::TestDynamicExpression : 28443].test5&apos; ( /** this test that a wrong dynamic expresion is correctly reported */ (...) )
------------END OF STACK TRACE------------

	at fr.irisa.triskell.kermeta.interpreter.ExpressionInterpreter.raiseKermetaException(ExpressionInterpreter.java:1477)
	at fr.irisa.triskell.kermeta.interpreter.ExpressionInterpreter.visitRaise(ExpressionInterpreter.java:1375)
	at fr.irisa.triskell.kermeta.visitor.RaiseAcceptCommand.accept(KermetaOptimizedVisitor.java:443)
	at fr.irisa.triskell.kermeta.visitor.KermetaOptimizedVisitor.accept(KermetaOptimizedVisitor.java:171)
	at fr.irisa.triskell.kermeta.interpreter.ExpressionInterpreter.visitStatementList(ExpressionInterpreter.java:1441)
	at fr.irisa.triskell.kermeta.interpreter.ExpressionInterpreter.visitBlock(ExpressionInterpreter.java:569)
	at fr.irisa.triskell.kermeta.visitor.BlockAcceptCommand.accept(KermetaOptimizedVisitor.java:455)
	at fr.irisa.triskell.kermeta.visitor.KermetaOptimizedVisitor.accept(KermetaOptimizedVisitor.java:171)
	at fr.irisa.triskell.kermeta.interpreter.ExpressionInterpreter.visitConditional(ExpressionInterpreter.java:668)
	at fr.irisa.triskell.kermeta.visitor.ConditionalAcceptCommand.accept(KermetaOptimizedVisitor.java:401)
	at fr.irisa.triskell.kermeta.visitor.KermetaOptimizedVisitor.accept(KermetaOptimizedVisitor.java:171)
	at fr.irisa.triskell.kermeta.interpreter.ExpressionInterpreter.visitStatementList(ExpressionInterpreter.java:1441)
	at fr.irisa.triskell.kermeta.interpreter.ExpressionInterpreter.visitBlock(ExpressionInterpreter.java:569)
	at fr.irisa.triskell.kermeta.visitor.BlockAcceptCommand.accept(KermetaOptimizedVisitor.java:455)
	at fr.irisa.triskell.kermeta.visitor.KermetaOptimizedVisitor.accept(KermetaOptimizedVisitor.java:171)
	at fr.irisa.triskell.kermeta.interpreter.ExpressionInterpreter.visitOperation(ExpressionInterpreter.java:745)
	at fr.irisa.triskell.kermeta.visitor.OperationAcceptCommand.accept(KermetaOptimizedVisitor.java:557)
	at fr.irisa.triskell.kermeta.visitor.KermetaOptimizedVisitor.accept(KermetaOptimizedVisitor.java:171)
	at fr.irisa.triskell.kermeta.interpreter.ExpressionInterpreter.visitCallFeature(ExpressionInterpreter.java:875)
	at fr.irisa.triskell.kermeta.visitor.CallFeatureAcceptCommand.accept(KermetaOptimizedVisitor.java:425)
	at fr.irisa.triskell.kermeta.visitor.KermetaOptimizedVisitor.accept(KermetaOptimizedVisitor.java:171)
	at fr.irisa.triskell.kermeta.interpreter.ExpressionInterpreter.visitVariableDecl(ExpressionInterpreter.java:171)
	at fr.irisa.triskell.kermeta.visitor.VariableDeclAcceptCommand.accept(KermetaOptimizedVisitor.java:527)
	at fr.irisa.triskell.kermeta.visitor.KermetaOptimizedVisitor.accept(KermetaOptimizedVisitor.java:171)
	at fr.irisa.triskell.kermeta.interpreter.ExpressionInterpreter.visitStatementList(ExpressionInterpreter.java:1441)
	at fr.irisa.triskell.kermeta.interpreter.ExpressionInterpreter.visitBlock(ExpressionInterpreter.java:569)
	at fr.irisa.triskell.kermeta.visitor.BlockAcceptCommand.accept(KermetaOptimizedVisitor.java:455)
	at fr.irisa.triskell.kermeta.visitor.KermetaOptimizedVisitor.accept(KermetaOptimizedVisitor.java:171)
	at fr.irisa.triskell.kermeta.interpreter.ExpressionInterpreter.visitOperation(ExpressionInterpreter.java:745)
	at fr.irisa.triskell.kermeta.visitor.OperationAcceptCommand.accept(KermetaOptimizedVisitor.java:557)
	at fr.irisa.triskell.kermeta.visitor.KermetaOptimizedVisitor.accept(KermetaOptimizedVisitor.java:171)
	at fr.irisa.triskell.kermeta.interpreter.ExpressionInterpreter.invoke(ExpressionInterpreter.java:144)
	at fr.irisa.triskell.kermeta.launcher.KermetaInterpreter.launch(KermetaInterpreter.java:279)
	at fr.irisa.triskell.kermeta.launcher.RunTestCase.runTest(RunTestCase.java:115)
</error>
  </testcase>
  <testcase name="Object::TestHasSubtypeLoadingModel.testHasSubtype1" time="0.051">
    <error message="kermeta exception : [kermeta::persistence::ResourceLoadException : 29939]" type="fr.irisa.triskell.kermeta.interpreter.KermetaRaisedException">fr.irisa.triskell.kermeta.interpreter.KermetaRaisedException: kermeta exception : [kermeta::persistence::ResourceLoadException : 29939]
I/O error loading EMF model file:/tmp/kermeta_build/src/plugins/fr.irisa.triskell.kermeta.interpreter/test/kmt_testcases/loadedFile4hasSubType.km; :
 /tmp/kermeta_build/src/plugins/fr.irisa.triskell.kermeta.interpreter/test/kmt_testcases/loadedFile4hasSubType.km (No such file or directory)
Trace: 
      [kermeta::persistence::EMFResource : 29723].load
     [kermeta::persistence::EMFRepository : 29591].getResource
 -&gt; file &apos;platform:/plugin/fr.irisa.triskell.kermeta.interpreter/test/kmt_testcases/067_testHasSubTypeLoadingModel.main.kmt&apos;, line 58, in &apos;[kermeta::persistence::EMFRepository : 29591].getResource&apos; ( repository.getResource(path) )
 -&gt; file &apos;platform:/plugin/fr.irisa.triskell.kermeta.interpreter/test/kmt_testcases/067_testHasSubTypeLoadingModel.main.kmt&apos;, line 24, in &apos;[Object::TestHasSubtypeLoadingModel : 29577].loadModel&apos; ( loadModel(&quot;loadedFile4hasSubType.km&quot;) )
 -&gt; file &apos;platform:/plugin/fr.irisa.triskell.kermeta.interpreter/test/kmt_testcases/067_testHasSubTypeLoadingModel.main.kmt&apos;, line 23, in &apos;[Object::TestHasSubtypeLoadingModel : 29577].testHasSubtype1&apos; ( operation testHasSubtype1() : kermeta::standard::Boolean is (...) )
------------END OF STACK TRACE------------

Underlying java exception cause : /tmp/kermeta_build/src/plugins/fr.irisa.triskell.kermeta.interpreter/test/kmt_testcases/loadedFile4hasSubType.km (No such file or directory)
	at fr.irisa.triskell.kermeta.interpreter.KermetaRaisedException.createKermetaException(KermetaRaisedException.java:230)
	at fr.irisa.triskell.kermeta.runtime.loader.emf.EMFRuntimeUnit.throwKermetaRaisedExceptionOnLoad(EMFRuntimeUnit.java:766)
	at fr.irisa.triskell.kermeta.runtime.loader.emf.EMFRuntimeUnit.load(EMFRuntimeUnit.java:285)
	at fr.irisa.triskell.kermeta.runtime.basetypes.Resource.load(Resource.java:150)
	at fr.irisa.triskell.kermeta.runtime.fr__irisa__triskell__kermeta__runtime__basetypes__Resource_load_4Comd.execute(FrameworkExternCommand.java:205)
	at fr.irisa.triskell.kermeta.interpreter.ExpressionInterpreter.visitJavaStaticCall(ExpressionInterpreter.java:1200)
	at fr.irisa.triskell.kermeta.visitor.JavaStaticCallAcceptCommand.accept(KermetaOptimizedVisitor.java:521)
	at fr.irisa.triskell.kermeta.visitor.KermetaOptimizedVisitor.accept(KermetaOptimizedVisitor.java:171)
	at fr.irisa.triskell.kermeta.interpreter.ExpressionInterpreter.visitStatementList(ExpressionInterpreter.java:1441)
	at fr.irisa.triskell.kermeta.interpreter.ExpressionInterpreter.visitBlock(ExpressionInterpreter.java:569)
	at fr.irisa.triskell.kermeta.visitor.BlockAcceptCommand.accept(KermetaOptimizedVisitor.java:455)
	at fr.irisa.triskell.kermeta.visitor.KermetaOptimizedVisitor.accept(KermetaOptimizedVisitor.java:171)
	at fr.irisa.triskell.kermeta.interpreter.ExpressionInterpreter.visitOperation(ExpressionInterpreter.java:745)
	at fr.irisa.triskell.kermeta.visitor.OperationAcceptCommand.accept(KermetaOptimizedVisitor.java:557)
	at fr.irisa.triskell.kermeta.visitor.KermetaOptimizedVisitor.accept(KermetaOptimizedVisitor.java:171)
	at fr.irisa.triskell.kermeta.interpreter.ExpressionInterpreter.visitCallFeature(ExpressionInterpreter.java:875)
	at fr.irisa.triskell.kermeta.visitor.CallFeatureAcceptCommand.accept(KermetaOptimizedVisitor.java:425)
	at fr.irisa.triskell.kermeta.visitor.KermetaOptimizedVisitor.accept(KermetaOptimizedVisitor.java:171)
	at fr.irisa.triskell.kermeta.interpreter.ExpressionInterpreter.visitStatementList(ExpressionInterpreter.java:1441)
	at fr.irisa.triskell.kermeta.interpreter.ExpressionInterpreter.visitBlock(ExpressionInterpreter.java:569)
	at fr.irisa.triskell.kermeta.visitor.BlockAcceptCommand.accept(KermetaOptimizedVisitor.java:455)
	at fr.irisa.triskell.kermeta.visitor.KermetaOptimizedVisitor.accept(KermetaOptimizedVisitor.java:171)
	at fr.irisa.triskell.kermeta.interpreter.ExpressionInterpreter.visitConditional(ExpressionInterpreter.java:668)
	at fr.irisa.triskell.kermeta.visitor.ConditionalAcceptCommand.accept(KermetaOptimizedVisitor.java:401)
	at fr.irisa.triskell.kermeta.visitor.KermetaOptimizedVisitor.accept(KermetaOptimizedVisitor.java:171)
	at fr.irisa.triskell.kermeta.interpreter.ExpressionInterpreter.visitStatementList(ExpressionInterpreter.java:1441)
	at fr.irisa.triskell.kermeta.interpreter.ExpressionInterpreter.visitBlock(ExpressionInterpreter.java:569)
	at fr.irisa.triskell.kermeta.visitor.BlockAcceptCommand.accept(KermetaOptimizedVisitor.java:455)
	at fr.irisa.triskell.kermeta.visitor.KermetaOptimizedVisitor.accept(KermetaOptimizedVisitor.java:171)
	at fr.irisa.triskell.kermeta.interpreter.ExpressionInterpreter.visitOperation(ExpressionInterpreter.java:745)
	at fr.irisa.triskell.kermeta.visitor.OperationAcceptCommand.accept(KermetaOptimizedVisitor.java:557)
	at fr.irisa.triskell.kermeta.visitor.KermetaOptimizedVisitor.accept(KermetaOptimizedVisitor.java:171)
	at fr.irisa.triskell.kermeta.interpreter.ExpressionInterpreter.visitCallSuperOperation(ExpressionInterpreter.java:455)
	at fr.irisa.triskell.kermeta.visitor.CallSuperOperationAcceptCommand.accept(KermetaOptimizedVisitor.java:467)
	at fr.irisa.triskell.kermeta.visitor.KermetaOptimizedVisitor.accept(KermetaOptimizedVisitor.java:171)
	at fr.irisa.triskell.kermeta.interpreter.ExpressionInterpreter.visitAssignment(ExpressionInterpreter.java:263)
	at fr.irisa.triskell.kermeta.visitor.AssignmentAcceptCommand.accept(KermetaOptimizedVisitor.java:515)
	at fr.irisa.triskell.kermeta.visitor.KermetaOptimizedVisitor.accept(KermetaOptimizedVisitor.java:171)
	at fr.irisa.triskell.kermeta.interpreter.ExpressionInterpreter.visitStatementList(ExpressionInterpreter.java:1441)
	at fr.irisa.triskell.kermeta.interpreter.ExpressionInterpreter.visitBlock(ExpressionInterpreter.java:569)
	at fr.irisa.triskell.kermeta.visitor.BlockAcceptCommand.accept(KermetaOptimizedVisitor.java:455)
	at fr.irisa.triskell.kermeta.visitor.KermetaOptimizedVisitor.accept(KermetaOptimizedVisitor.java:171)
	at fr.irisa.triskell.kermeta.interpreter.ExpressionInterpreter.visitOperation(ExpressionInterpreter.java:745)
	at fr.irisa.triskell.kermeta.visitor.OperationAcceptCommand.accept(KermetaOptimizedVisitor.java:557)
	at fr.irisa.triskell.kermeta.visitor.KermetaOptimizedVisitor.accept(KermetaOptimizedVisitor.java:171)
	at fr.irisa.triskell.kermeta.interpreter.ExpressionInterpreter.visitCallFeature(ExpressionInterpreter.java:875)
	at fr.irisa.triskell.kermeta.visitor.CallFeatureAcceptCommand.accept(KermetaOptimizedVisitor.java:425)
	at fr.irisa.triskell.kermeta.visitor.KermetaOptimizedVisitor.accept(KermetaOptimizedVisitor.java:171)
	at fr.irisa.triskell.kermeta.interpreter.ExpressionInterpreter.visitAssignment(ExpressionInterpreter.java:263)
	at fr.irisa.triskell.kermeta.visitor.AssignmentAcceptCommand.accept(KermetaOptimizedVisitor.java:515)
	at fr.irisa.triskell.kermeta.visitor.KermetaOptimizedVisitor.accept(KermetaOptimizedVisitor.java:171)
	at fr.irisa.triskell.kermeta.interpreter.ExpressionInterpreter.visitStatementList(ExpressionInterpreter.java:1441)
	at fr.irisa.triskell.kermeta.interpreter.ExpressionInterpreter.visitBlock(ExpressionInterpreter.java:569)
	at fr.irisa.triskell.kermeta.visitor.BlockAcceptCommand.accept(KermetaOptimizedVisitor.java:455)
	at fr.irisa.triskell.kermeta.visitor.KermetaOptimizedVisitor.accept(KermetaOptimizedVisitor.java:171)
	at fr.irisa.triskell.kermeta.interpreter.ExpressionInterpreter.visitOperation(ExpressionInterpreter.java:745)
	at fr.irisa.triskell.kermeta.visitor.OperationAcceptCommand.accept(KermetaOptimizedVisitor.java:557)
	at fr.irisa.triskell.kermeta.visitor.KermetaOptimizedVisitor.accept(KermetaOptimizedVisitor.java:171)
	at fr.irisa.triskell.kermeta.interpreter.ExpressionInterpreter.visitCallFeature(ExpressionInterpreter.java:875)
	at fr.irisa.triskell.kermeta.visitor.CallFeatureAcceptCommand.accept(KermetaOptimizedVisitor.java:425)
	at fr.irisa.triskell.kermeta.visitor.KermetaOptimizedVisitor.accept(KermetaOptimizedVisitor.java:171)
	at fr.irisa.triskell.kermeta.interpreter.ExpressionInterpreter.visitVariableDecl(ExpressionInterpreter.java:171)
	at fr.irisa.triskell.kermeta.visitor.VariableDeclAcceptCommand.accept(KermetaOptimizedVisitor.java:527)
	at fr.irisa.triskell.kermeta.visitor.KermetaOptimizedVisitor.accept(KermetaOptimizedVisitor.java:171)
	at fr.irisa.triskell.kermeta.interpreter.ExpressionInterpreter.visitStatementList(ExpressionInterpreter.java:1441)
	at fr.irisa.triskell.kermeta.interpreter.ExpressionInterpreter.visitBlock(ExpressionInterpreter.java:569)
	at fr.irisa.triskell.kermeta.visitor.BlockAcceptCommand.accept(KermetaOptimizedVisitor.java:455)
	at fr.irisa.triskell.kermeta.visitor.KermetaOptimizedVisitor.accept(KermetaOptimizedVisitor.java:171)
	at fr.irisa.triskell.kermeta.interpreter.ExpressionInterpreter.visitOperation(ExpressionInterpreter.java:745)
	at fr.irisa.triskell.kermeta.visitor.OperationAcceptCommand.accept(KermetaOptimizedVisitor.java:557)
	at fr.irisa.triskell.kermeta.visitor.KermetaOptimizedVisitor.accept(KermetaOptimizedVisitor.java:171)
	at fr.irisa.triskell.kermeta.interpreter.ExpressionInterpreter.invoke(ExpressionInterpreter.java:144)
	at fr.irisa.triskell.kermeta.launcher.KermetaInterpreter.launch(KermetaInterpreter.java:279)
	at fr.irisa.triskell.kermeta.launcher.RunTestCase.runTest(RunTestCase.java:115)
Caused by: java.io.FileNotFoundException: /tmp/kermeta_build/src/plugins/fr.irisa.triskell.kermeta.interpreter/test/kmt_testcases/loadedFile4hasSubType.km (No such file or directory)
	at java.io.FileInputStream.open(Native Method)
	at java.io.FileInputStream.&lt;init&gt;(FileInputStream.java:106)
	at org.eclipse.emf.ecore.resource.impl.URIConverterImpl.createFileInputStream(URIConverterImpl.java:562)
	at org.eclipse.emf.ecore.resource.impl.URIConverterImpl.createInputStream(URIConverterImpl.java:527)
	at org.eclipse.emf.ecore.resource.impl.ResourceImpl.load(ResourceImpl.java:1152)
	at fr.irisa.triskell.kermeta.runtime.loader.emf.EMFRuntimeUnit.load(EMFRuntimeUnit.java:260)
	... 94 more
</error>
  </testcase>
  <testcase name="testOpInternPkgCall::test_package1::Test_operation_pkg1.operation_pkg1" time="0.015"></testcase>
  <testcase name="testContainement::TestContainment.testSetOnAssign" time="0.024"></testcase>
  <testcase name="testContainement::TestContainment.testSetOnAdd" time="0.023"></testcase>
  <testcase name="testContainement::TestContainment.testUnsetSetOnAssign" time="0.025"></testcase>
  <testcase name="testContainement::TestContainment.testUnsetSetOnRemove" time="0.026"></testcase>
  <testcase name="testContainement::TestContainment.testAssignVoidWhenNewAssign0" time="0.025"></testcase>
  <testcase name="testContainement::TestContainment.testAssignVoidWhenNewAssign" time="0.026"></testcase>
  <testcase name="testContainement::TestContainment.testAssignVoidWhenNewAdd" time="0.026"></testcase>
  <testcase name="testContainement::TestContainment.testRemoveWhenNewAdd" time="0.027"></testcase>
  <testcase name="testContainement::TestContainment.testRemoveWhenNewAssign" time="0.027"></testcase>
  <testcase name="testPackageTestReflection::TestReflection.main" time="0.155">
    <error message="kermeta exception : [kermeta::kunit::InvalidParameterException : 40427]" type="fr.irisa.triskell.kermeta.interpreter.KermetaRaisedException">fr.irisa.triskell.kermeta.interpreter.KermetaRaisedException: kermeta exception : [kermeta::kunit::InvalidParameterException : 40427]
Cannot build a suite from class: TestReflection
Trace: 
      [kermeta::kunit::TestSuite : 40199].addAllTestCasesFrom
 -&gt; file &apos;platform:/plugin/fr.irisa.triskell.kermeta.interpreter/test/kmt_testcases/019_ReflectionTest.main.kmt&apos;, line 52, in &apos;[kermeta::kunit::TestRunner : 40193].run&apos; ( tr.run(testPackageTestReflection::TestReflection) )
 -&gt; file &apos;platform:/plugin/fr.irisa.triskell.kermeta.interpreter/test/kmt_testcases/019_ReflectionTest.main.kmt&apos;, line 50, in &apos;[testPackageTestReflection::TestReflection : 40184].main&apos; ( operation main() : Void is (...) )
------------END OF STACK TRACE------------

	at fr.irisa.triskell.kermeta.interpreter.ExpressionInterpreter.raiseKermetaException(ExpressionInterpreter.java:1477)
	at fr.irisa.triskell.kermeta.interpreter.ExpressionInterpreter.visitRaise(ExpressionInterpreter.java:1375)
	at fr.irisa.triskell.kermeta.visitor.RaiseAcceptCommand.accept(KermetaOptimizedVisitor.java:443)
	at fr.irisa.triskell.kermeta.visitor.KermetaOptimizedVisitor.accept(KermetaOptimizedVisitor.java:171)
	at fr.irisa.triskell.kermeta.interpreter.ExpressionInterpreter.visitStatementList(ExpressionInterpreter.java:1441)
	at fr.irisa.triskell.kermeta.interpreter.ExpressionInterpreter.visitBlock(ExpressionInterpreter.java:569)
	at fr.irisa.triskell.kermeta.visitor.BlockAcceptCommand.accept(KermetaOptimizedVisitor.java:455)
	at fr.irisa.triskell.kermeta.visitor.KermetaOptimizedVisitor.accept(KermetaOptimizedVisitor.java:171)
	at fr.irisa.triskell.kermeta.interpreter.ExpressionInterpreter.visitConditional(ExpressionInterpreter.java:668)
	at fr.irisa.triskell.kermeta.visitor.ConditionalAcceptCommand.accept(KermetaOptimizedVisitor.java:401)
	at fr.irisa.triskell.kermeta.visitor.KermetaOptimizedVisitor.accept(KermetaOptimizedVisitor.java:171)
	at fr.irisa.triskell.kermeta.interpreter.ExpressionInterpreter.visitStatementList(ExpressionInterpreter.java:1441)
	at fr.irisa.triskell.kermeta.interpreter.ExpressionInterpreter.visitBlock(ExpressionInterpreter.java:569)
	at fr.irisa.triskell.kermeta.visitor.BlockAcceptCommand.accept(KermetaOptimizedVisitor.java:455)
	at fr.irisa.triskell.kermeta.visitor.KermetaOptimizedVisitor.accept(KermetaOptimizedVisitor.java:171)
	at fr.irisa.triskell.kermeta.interpreter.ExpressionInterpreter.visitOperation(ExpressionInterpreter.java:745)
	at fr.irisa.triskell.kermeta.visitor.OperationAcceptCommand.accept(KermetaOptimizedVisitor.java:557)
	at fr.irisa.triskell.kermeta.visitor.KermetaOptimizedVisitor.accept(KermetaOptimizedVisitor.java:171)
	at fr.irisa.triskell.kermeta.interpreter.ExpressionInterpreter.visitCallFeature(ExpressionInterpreter.java:875)
	at fr.irisa.triskell.kermeta.visitor.CallFeatureAcceptCommand.accept(KermetaOptimizedVisitor.java:425)
	at fr.irisa.triskell.kermeta.visitor.KermetaOptimizedVisitor.accept(KermetaOptimizedVisitor.java:171)
	at fr.irisa.triskell.kermeta.interpreter.ExpressionInterpreter.visitList(ExpressionInterpreter.java:1422)
	at fr.irisa.triskell.kermeta.interpreter.ExpressionInterpreter.visitCallFeature(ExpressionInterpreter.java:865)
	at fr.irisa.triskell.kermeta.visitor.CallFeatureAcceptCommand.accept(KermetaOptimizedVisitor.java:425)
	at fr.irisa.triskell.kermeta.visitor.KermetaOptimizedVisitor.accept(KermetaOptimizedVisitor.java:171)
	at fr.irisa.triskell.kermeta.interpreter.ExpressionInterpreter.visitStatementList(ExpressionInterpreter.java:1441)
	at fr.irisa.triskell.kermeta.interpreter.ExpressionInterpreter.visitBlock(ExpressionInterpreter.java:569)
	at fr.irisa.triskell.kermeta.visitor.BlockAcceptCommand.accept(KermetaOptimizedVisitor.java:455)
	at fr.irisa.triskell.kermeta.visitor.KermetaOptimizedVisitor.accept(KermetaOptimizedVisitor.java:171)
	at fr.irisa.triskell.kermeta.interpreter.ExpressionInterpreter.visitOperation(ExpressionInterpreter.java:745)
	at fr.irisa.triskell.kermeta.visitor.OperationAcceptCommand.accept(KermetaOptimizedVisitor.java:557)
	at fr.irisa.triskell.kermeta.visitor.KermetaOptimizedVisitor.accept(KermetaOptimizedVisitor.java:171)
	at fr.irisa.triskell.kermeta.interpreter.ExpressionInterpreter.visitCallFeature(ExpressionInterpreter.java:875)
	at fr.irisa.triskell.kermeta.visitor.CallFeatureAcceptCommand.accept(KermetaOptimizedVisitor.java:425)
	at fr.irisa.triskell.kermeta.visitor.KermetaOptimizedVisitor.accept(KermetaOptimizedVisitor.java:171)
	at fr.irisa.triskell.kermeta.interpreter.ExpressionInterpreter.visitStatementList(ExpressionInterpreter.java:1441)
	at fr.irisa.triskell.kermeta.interpreter.ExpressionInterpreter.visitBlock(ExpressionInterpreter.java:569)
	at fr.irisa.triskell.kermeta.visitor.BlockAcceptCommand.accept(KermetaOptimizedVisitor.java:455)
	at fr.irisa.triskell.kermeta.visitor.KermetaOptimizedVisitor.accept(KermetaOptimizedVisitor.java:171)
	at fr.irisa.triskell.kermeta.interpreter.ExpressionInterpreter.visitOperation(ExpressionInterpreter.java:745)
	at fr.irisa.triskell.kermeta.visitor.OperationAcceptCommand.accept(KermetaOptimizedVisitor.java:557)
	at fr.irisa.triskell.kermeta.visitor.KermetaOptimizedVisitor.accept(KermetaOptimizedVisitor.java:171)
	at fr.irisa.triskell.kermeta.interpreter.ExpressionInterpreter.invoke(ExpressionInterpreter.java:144)
	at fr.irisa.triskell.kermeta.launcher.KermetaInterpreter.launch(KermetaInterpreter.java:279)
	at fr.irisa.triskell.kermeta.launcher.RunTestCase.runTest(RunTestCase.java:115)
</error>
  </testcase>
  <testcase name="testFrameworkToString::TestFrameworkToString.testOnString1" time="0.023"></testcase>
  <testcase name="testFrameworkToString::TestFrameworkToString.testOnString2" time="0.024"></testcase>
  <testcase name="testFrameworkToString::TestFrameworkToString.testOnString3Void" time="0.024"></testcase>
  <testcase name="testFrameworkToString::TestFrameworkToString.testOnInteger1" time="0.024"></testcase>
  <testcase name="testFrameworkToString::TestFrameworkToString.testOnInteger2" time="0.024"></testcase>
  <testcase name="testFrameworkToString::TestFrameworkToString.testOnInteger3" time="0.024"></testcase>
  <testcase name="testFrameworkToString::TestFrameworkToString.testOnBoolean1" time="0.024"></testcase>
  <testcase name="testFrameworkToString::TestFrameworkToString.testOnBoolean2" time="0.023"></testcase>
  <testcase name="testFrameworkToString::TestFrameworkToString.testOnBoolean3" time="0.024"></testcase>
  <testcase name="testFrameworkToString::TestFrameworkToString.testOnVoid" time="0.024"></testcase>
  <testcase name="testHashtableIntegerKey::TestHashtable.testKeyIterator" time="0.031"></testcase>
  <testcase name="testHashtableIntegerKey::TestHashtable.testValueIterator" time="0.03"></testcase>
  <testcase name="testHashtableIntegerKey::TestHashtable.testGet" time="0.034"></testcase>
  <testcase name="testHashtableIntegerKey::TestHashtable.testPut" time="0.033"></testcase>
  <testcase name="testHashtableIntegerKey::TestHashtable.testRemove" time="0.027"></testcase>
  <testcase name="testHashtableIntegerKey::TestHashtable.testClear" time="0.03"></testcase>
  <testcase name="testHashtableIntegerKey::TestHashtable.testValues" time="0.359"></testcase>
  <testcase name="testHashtableIntegerKey::TestHashtable.testKeys" time="0.166"></testcase>
  <testcase name="testOpposites::TestOpposites.test1_1Opposites1" time="0.028"></testcase>
  <testcase name="testOpposites::TestOpposites.test1_1Opposites2" time="0.024"></testcase>
  <testcase name="testOpposites::TestOpposites.test1_1Opposites3" time="0.027"></testcase>
  <testcase name="testOpposites::TestOpposites.test1_1Opposites4" time="0.027"></testcase>
  <testcase name="testOpposites::TestOpposites.test1_starOpposites1" time="0.034"></testcase>
  <testcase name="testOpposites::TestOpposites.test1_starOpposites2" time="0.037"></testcase>
  <testcase name="testOpposites::TestOpposites.test1_starOpposites3" time="0.033"></testcase>
  <testcase name="testOpposites::TestOpposites.test1_starOpposites4" time="0.039"></testcase>
  <testcase name="testOpposites::TestOpposites.test1_starOpposites5" time="0.035"></testcase>
  <testcase name="testOpposites::TestOpposites.test1_starOpposites6" time="0.024"></testcase>
  <testcase name="testOpposites::TestOpposites.test1_starOpposites7" time="0.037"></testcase>
  <testcase name="testOpposites::TestOpposites.teststar_starOpposites1" time="0.04"></testcase>
  <testcase name="testOpposites::TestOpposites.teststar_starOpposites2" time="0.089"></testcase>
  <testcase name="testOpposites::TestOpposites.teststar_starOpposites3" time="0.051"></testcase>
  <testcase name="testExternJavaCall::Test_ExternJavaCall.test1" time="0.021"></testcase>
  <testcase name="testExternJavaCall::Test_ExternJavaCall.testReturn1" time="0.021"></testcase>
  <testcase name="testExternJavaCall::Test_ExternJavaCall.testReturn2" time="0.021"></testcase>
  <testcase name="testExternJavaCall::Test_ExternJavaCall.testReturn3" time="0.023"></testcase>
  <testcase name="testExternJavaCall::Test_ExternJavaCall.testOneParam1" time="0.022"></testcase>
  <testcase name="testExternJavaCall::Test_ExternJavaCall.test2IntegersParams" time="0.026"></testcase>
  <testcase name="testExternJavaCall::Test_ExternJavaCall.test3IntegersParams" time="0.029"></testcase>
  <testcase name="testExternJavaCall::Test_ExternJavaCall.test3SameIntegersParams" time="0.027"></testcase>
  <testcase name="testExternJavaCall::Test_ExternJavaCall.test3Integers2Strings1BooleanParams" time="0.037"></testcase>
  <testcase name="testExternJavaCall::Test_ExternJavaCall.testOneVarParam1" time="0.024"></testcase>
  <testcase name="testExternJavaCall::Test_ExternJavaCall.testOneParamParam1" time="0.024"></testcase>
  <testcase name="Object::TestAsType.testAsType1" time="0.021"></testcase>
  <testcase name="Object::TestAsType.testAsType2" time="0.03"></testcase>
  <testcase name="Object::TestAsType.testAsType3" time="0.026"></testcase>
  <testcase name="Object::TestAsType.testAsType4" time="0.031">
    <failure message="fr.irisa.triskell.kermeta.interpreter.KermetaRaisedException: kermeta exception : [kermeta::kunit::AssertionFailedError : 82511]
Failures: 
   TestAsType.&lt;void&gt;() assertion number 1 failed
Trace: 
      [Object::TestAsType : 82389].raiseIfHasFailures
------------END OF STACK TRACE------------
" type="junit.framework.AssertionFailedError">junit.framework.AssertionFailedError: fr.irisa.triskell.kermeta.interpreter.KermetaRaisedException: kermeta exception : [kermeta::kunit::AssertionFailedError : 82511]
Failures: 
   TestAsType.&lt;void&gt;() assertion number 1 failed
Trace: 
      [Object::TestAsType : 82389].raiseIfHasFailures
------------END OF STACK TRACE------------

	at fr.irisa.triskell.kermeta.launcher.RunTestCase.runTest(RunTestCase.java:123)
</failure>
  </testcase>
  <testcase name="Object::TestAsType.testAsType5" time="0.018"></testcase>
  <testcase name="Object::TestAsType.testAsType6" time="0.022"></testcase>
  <testcase name="root::TestVariable.testop1" time="0.019"></testcase>
  <testcase name="root::TestVariable.testop2" time="0.019"></testcase>
  <testcase name="root::TestVariable.testop3" time="0.018"></testcase>
  <testcase name="testSequence::TestSequence.teststradd" time="0.034"></testcase>
  <testcase name="testSequence::TestSequence.teststrremove" time="0.036"></testcase>
  <testcase name="testSequence::TestSequence.teststrclear" time="0.026"></testcase>
  <testcase name="testSequence::TestSequence.testaddAllSet" time="0.125"></testcase>
  <testcase name="testSequence::TestSequence.testaddAllSequence" time="0.043"></testcase>
  <testcase name="testSequence::TestSequence.teststrcontains" time="0.031"></testcase>
  <testcase name="testSequence::TestSequence.teststrsize" time="0.027"></testcase>
  <testcase name="testSequence::TestSequence.teststriterator" time="0.03"></testcase>
  <testcase name="testSequence::TestSequence.testone" time="0.027"></testcase>
  <testcase name="testSequence::TestSequence.teststreach" time="0.04"></testcase>
  <testcase name="testSequence::TestSequence.testinteach" time="0.03"></testcase>
  <testcase name="testSequence::TestSequence.teststrcollect" time="0.042"></testcase>
  <testcase name="testSequence::TestSequence.testdetect" time="0.042"></testcase>
  <testcase name="testSequence::TestSequence.testselect" time="0.044"></testcase>
  <testcase name="testSequence::TestSequence.testreject" time="0.041"></testcase>
  <testcase name="testSequence::TestSequence.testForAll" time="0.114"></testcase>
  <testcase name="testSequence::TestSequence.testExists" time="0.12"></testcase>
  <testcase name="testSequence::TestSequence.testaddAt" time="0.165"></testcase>
  <testcase name="testSequence::TestSequence.testremoveAt" time="0.042"></testcase>
  <testcase name="testSequence::TestSequence.testelementAt" time="0.031"></testcase>
  <testcase name="testSequence::TestSequence.testfirst" time="0.032"></testcase>
  <testcase name="testSequence::TestSequence.testlast" time="0.033"></testcase>
  <testcase name="testPackageTestSuperFeatures::TestSuperFeatures.testMain_operation" time="0.052"></testcase>
  <testcase name="Object::TestHasSubtype.testHasSubtype" time="0.031"></testcase>
  <testcase name="testPackageTestSet::TestSet.testVoid1" time="0.021"></testcase>
  <testcase name="testPackageTestSet::TestSet.testVoid2" time="0.022"></testcase>
  <testcase name="testPackageTestSet::TestSet.testVoid3" time="0.021"></testcase>
  <testcase name="testPackageTestSet::TestSet.testVoid4" time="0.023"></testcase>
  <testcase name="testPackageTestSet::TestSet.testVoid5" time="0.021"></testcase>
  <testcase name="testPackageTestSet::TestSet.testMetaClass" time="0.024"></testcase>
  <testcase name="testPackageTestSet::TestSet.testCompareInt1" time="0.022"></testcase>
  <testcase name="testPackageTestSet::TestSet.testCompareInt2" time="0.023"></testcase>
  <testcase name="testPackageTestSet::TestSet.testCompareInt3" time="0.021"></testcase>
  <testcase name="testPackageTestSet::TestSet.testCompareInt4" time="0.022"></testcase>
  <testcase name="testPackageTestSet::TestSet.testCompareInt5" time="0.022"></testcase>
  <testcase name="testPackageTestSet::TestSet.testCompareInt6" time="0.158"></testcase>
  <testcase name="testPackageTestSet::TestSet.testCompareInt7" time="0.042"></testcase>
  <testcase name="testPackageTestSet::TestSet.testCompareInt8" time="0.042"></testcase>
  <testcase name="testPackageTestSet::TestSet.testCompareInt9" time="0.063"></testcase>
  <testcase name="testPackageTestSet::TestSet.testCompareInt10" time="0.043"></testcase>
  <testcase name="testPackageTestSet::TestSet.testAdd" time="0.048"></testcase>
  <testcase name="testPackageTestSet::TestSet.testSize" time="0.084"></testcase>
  <testcase name="testPackageTestSet::TestSet.testRemove" time="0.104"></testcase>
  <testcase name="testPackageTestSet::TestSet.testRemovebis" time="0.058"></testcase>
  <testcase name="testPackageTestSet::TestSet.testClear" time="0.074"></testcase>
  <testcase name="testPackageTestSet::TestSet.testAddAll" time="0.096"></testcase>
  <testcase name="testPackageTestSet::TestSet.testContains" time="0.329"></testcase>
  <testcase name="testPackageTestSet::TestSet.testEmpty" time="0.045"></testcase>
  <testcase name="testPackageTestSet::TestSet.testIterator" time="0.046"></testcase>
  <testcase name="testPackageTestSet::TestSet.testOne" time="0.042"></testcase>
  <testcase name="testPackageTestSet::TestSet.testEach" time="0.107"></testcase>
  <testcase name="testPackageTestSet::TestSet.testCollect" time="0.083"></testcase>
  <testcase name="testPackageTestSet::TestSet.testDetect" time="0.051"></testcase>
  <testcase name="testPackageTestSet::TestSet.testSelect" time="0.106"></testcase>
  <testcase name="testPackageTestSet::TestSet.testReject" time="0.122"></testcase>
  <testcase name="testPackageTestSet::TestSet.testUnicityOfSet" time="0.083"></testcase>
  <testcase name="testPackageTestSet::TestSet.testNotUnicityOfBag" time="0.148"></testcase>
  <testcase name="testAssignment::Test_assignment.testoperation1" time="0.138"></testcase>
  <testcase name="testAssignment::Test_assignment.test1" time="0.018"></testcase>
  <testcase name="testAssignment::Test_assignment.test2" time="0.037"></testcase>
  <testcase name="testAssignment::Test_assignment.test3" time="0.037"></testcase>
  <testcase name="testAssignment::Test_assignment.testCast1" time="0.038"></testcase>
  <testcase name="testAssignment::Test_assignment.testCast2" time="0.037"></testcase>
  <testcase name="root::TestBooleanResults.testop1" time="0.039"></testcase>
  <testcase name="root::TestBooleanResults.testop2" time="0.039"></testcase>
  <testcase name="root::TestBooleanResults.testop1i" time="0.038"></testcase>
  <testcase name="root::TestBooleanResults.testop2i" time="0.039"></testcase>
  <testcase name="root::TestBooleanResults.testop3i" time="0.038"></testcase>
  <testcase name="testSimpleExceptions::TestEx.test1" time="0.041"></testcase>
  <testcase name="testSimpleExceptions::TestEx.test2" time="0.054"></testcase>
  <testcase name="testSimpleExceptions::TestEx.test3" time="0.088"></testcase>
  <testcase name="testSimpleExceptions::TestEx.test4" time="0.039"></testcase>
  <testcase name="testSimpleExceptions::TestEx.test5" time="0.032"></testcase>
  <testcase name="Object::Test.testCorrectIsKindOf" time="0.018"></testcase>
  <testcase name="Object::Test.testIncorrectIsKindOf" time="0.019"></testcase>
  <testcase name="Object::Test.testCorrectIsKindOf2" time="0.019"></testcase>
  <testcase name="Object::Test.testIncorrectIsKindOf2" time="0.019"></testcase>
  <testcase name="Object::Test.testCorrectIsKindOf3" time="0.089"></testcase>
  <testcase name="Object::Test.testIncorrectIsKindOf3" time="0.021"></testcase>
  <testcase name="testBenchmark::Test_benchmark.testBenchmark" time="1.803"></testcase>
  <testcase name="testEnum::TestEnum.testCompareLiteral" time="0.02"></testcase>
  <testcase name="testEnum::TestEnum.testAssignVar" time="0.024"></testcase>
  <testcase name="testEnum::TestEnum.testGeneric" time="0.017"></testcase>
  <testcase name="testEnum::TestEnum.testGenericParameter" time="0.018"></testcase>
  <testcase name="testEnum::TestEnum.testGenericOperation" time="0.018"></testcase>
  <testcase name="testEnum::TestEnum.testCollection" time="0.052"></testcase>
  <testcase name="testEnum::TestEnum.testCast1" time="0.016"></testcase>
  <testcase name="testEnum::TestEnum.testCast2" time="0.016"></testcase>
  <testcase name="testEnum::TestEnum.testReflect" time="0.047"></testcase>
  <testcase name="testEnum::TestEnum.testOpCall" time="0.018"></testcase>
  <testcase name="testEnum::TestEnum.testEnumAttributeContainment" time="0.04"></testcase>
  <testcase name="root::TestCollection.testRemoveOnPrimitiveType" time="0.191"></testcase>
  <testcase name="root::TestCollection.testRemoveOnNonPrimitiveType" time="0.043"></testcase>
  <testcase name="root::TestCollection.testContainsOnPrimitiveType" time="0.096"></testcase>
  <testcase name="root::TestCollection.testContainsOnNonPrimitiveType" time="0.053"></testcase>
  <testcase name="scopeVisibility::Main.test2" time="0.018"></testcase>
  <testcase name="scopeVisibility::Main.test3" time="0.021"></testcase>
  <testcase name="scopeVisibility::Main.test4" time="0.035"></testcase>
  <testcase name="testHashtableStringKey::TestHashtable.testKeyIterator" time="0.02"></testcase>
  <testcase name="testHashtableStringKey::TestHashtable.testValueIterator" time="0.02"></testcase>
  <testcase name="testHashtableStringKey::TestHashtable.testGet" time="0.022"></testcase>
  <testcase name="testHashtableStringKey::TestHashtable.testPut" time="0.024"></testcase>
  <testcase name="testHashtableStringKey::TestHashtable.testRemove" time="0.019"></testcase>
  <testcase name="testHashtableStringKey::TestHashtable.testClear" time="0.02"></testcase>
  <testcase name="testHashtableStringKey::TestHashtable.testValues" time="0.079"></testcase>
  <testcase name="testHashtableStringKey::TestHashtable.testKeys" time="0.135"></testcase>
  <testcase name="InheritFromCollection::Tester.testInheritFromSetOfString" time="0.029"></testcase>
  <testcase name="InheritFromCollection::Tester.testParametricInheritFromSet" time="0.028"></testcase>
  <testcase name="testContainsInCollection::Main.testOp1Class" time="0.022"></testcase>
  <testcase name="testContainsInCollection::Main.testOp2Integer" time="0.021"></testcase>
  <testcase name="testContainsInCollection::Main.testOp3Type" time="0.021"></testcase>
  <testcase name="testContainsInCollection::Main.testOp4Hashtable" time="0.021"></testcase>
  <testcase name="testContainsInCollection::Main.testOp5String" time="0.024"></testcase>
  <testcase name="testArithm::Test_arithm.testOp10" time="0.016"></testcase>
  <testcase name="testArithm::Test_arithm.testOp18" time="0.017"></testcase>
  <testcase name="testArithm::Test_arithm.testOp1_8" time="0.015"></testcase>
  <testcase name="testArithm::Test_arithm.testOp20" time="0.016"></testcase>
  <testcase name="testArithm::Test_arithm.testOp28" time="0.014"></testcase>
  <testcase name="testArithm::Test_arithm.testOp2_8" time="0.015"></testcase>
  <testcase name="testArithm::Test_arithm.testOp30" time="0.016"></testcase>
  <testcase name="testArithm::Test_arithm.testOp38" time="0.018"></testcase>
  <testcase name="testArithm::Test_arithm.testOp3_8" time="0.016"></testcase>
  <testcase name="testArithm::Test_arithm.testCompareToNumeric" time="0.017"></testcase>
  <testcase name="testArithm::Test_arithm.testop1" time="0.02"></testcase>
  <testcase name="testArithm::Test_arithm.testop2" time="0.02"></testcase>
  <testcase name="testArithm::Test_arithm.testop3" time="0.021"></testcase>
  <testcase name="testArithm::Test_arithm.testop4" time="0.021"></testcase>
  <testcase name="testArithm::Test_arithm.testoperationpplus" time="0.017"></testcase>
  <testcase name="testArithm::Test_arithm.testoperationpplusbis" time="0.016"></testcase>
  <testcase name="testArithm::Test_arithm.testoperationpminus" time="0.184"></testcase>
  <testcase name="testArithm::Test_arithm.testoperationpminusbis" time="0.036"></testcase>
  <testcase name="testArithm::Test_arithm.testoperationpdivtimes" time="0.037"></testcase>
  <testcase name="testArithm::Test_arithm.testoperationpdivtimesbis" time="0.035"></testcase>
  <testcase name="testArithm::Test_arithm.testoperation_ptm" time="0.018"></testcase>
  <testcase name="opsignature::Main.testSignature" time="0.128"></testcase>
  <testcase name="testUML2km::Main.test" time="0.505">
    <failure message="fr.irisa.triskell.kermeta.interpreter.KermetaRaisedException: kermeta exception : [kermeta::kunit::AssertionFailedError : 228517]
Failures: 
   Main.&lt;void&gt;() assertion number 1 failed
Trace: 
      [testUML2km::Main : 222452].raiseIfHasFailures
------------END OF STACK TRACE------------
" type="junit.framework.AssertionFailedError">junit.framework.AssertionFailedError: fr.irisa.triskell.kermeta.interpreter.KermetaRaisedException: kermeta exception : [kermeta::kunit::AssertionFailedError : 228517]
Failures: 
   Main.&lt;void&gt;() assertion number 1 failed
Trace: 
      [testUML2km::Main : 222452].raiseIfHasFailures
------------END OF STACK TRACE------------

	at fr.irisa.triskell.kermeta.launcher.RunTestCase.runTest(RunTestCase.java:123)
</failure>
  </testcase>
  <testcase name="testSimpleEval::TestEx.test1" time="0.027"></testcase>
  <testcase name="testSimpleEval::TestEx.test2" time="0.027"></testcase>
  <testcase name="readWriteParameterTests::Main.testBoolParameter" time="0.016"></testcase>
  <testcase name="readWriteParameterTests::Main.testIntegerParameter" time="0.02"></testcase>
  <testcase name="readWriteParameterTests::Main.testStringParameter" time="0.02"></testcase>
  <testcase name="readWriteParameterTests::Main.testStringAppendParameter" time="0.019"></testcase>
  <testcase name="readWriteParameterTests::Main.testEnumParameter" time="0.017"></testcase>
  <testcase name="readWriteParameterTests::Main.testUserClassParameter" time="0.017"></testcase>
  <testcase name="readWriteParameterTests::Main.test2BoolParameters" time="0.019"></testcase>
  <testcase name="readWriteParameterTests::Main.test2IntegerParameters" time="0.025"></testcase>
  <testcase name="readWriteParameterTests::Main.test2StringParameters" time="0.024"></testcase>
  <testcase name="readWriteParameterTests::Main.test2StringAppendParameter" time="0.021"></testcase>
  <testcase name="readWriteParameterTests::Main.test2EnumParameter" time="0.063">
    <error message="kermeta exception : [kermeta::standard::String : 240438 = &quot;test temporarily disabled due to bug #108&quot;]" type="fr.irisa.triskell.kermeta.interpreter.KermetaRaisedException">fr.irisa.triskell.kermeta.interpreter.KermetaRaisedException: kermeta exception : [kermeta::standard::String : 240438 = &quot;test temporarily disabled due to bug #108&quot;]test temporarily disabled due to bug #108
Trace: 
 -&gt; file &apos;platform:/plugin/fr.irisa.triskell.kermeta.interpreter/test/kmt_testcases/052_testReadWriteParameter.main.kmt&apos;, line 174 ( raise &quot;test temporarily disabled due to bug #108&quot; )
 -&gt; file &apos;platform:/plugin/fr.irisa.triskell.kermeta.interpreter/test/kmt_testcases/052_testReadWriteParameter.main.kmt&apos;, line 171, in &apos;[readWriteParameterTests::Main : 240408].test2EnumParameter&apos; ( operation test2EnumParameter() : Void is (...) )
------------END OF STACK TRACE------------

	at fr.irisa.triskell.kermeta.interpreter.ExpressionInterpreter.raiseKermetaException(ExpressionInterpreter.java:1477)
	at fr.irisa.triskell.kermeta.interpreter.ExpressionInterpreter.visitRaise(ExpressionInterpreter.java:1375)
	at fr.irisa.triskell.kermeta.visitor.RaiseAcceptCommand.accept(KermetaOptimizedVisitor.java:443)
	at fr.irisa.triskell.kermeta.visitor.KermetaOptimizedVisitor.accept(KermetaOptimizedVisitor.java:171)
	at fr.irisa.triskell.kermeta.interpreter.ExpressionInterpreter.visitStatementList(ExpressionInterpreter.java:1441)
	at fr.irisa.triskell.kermeta.interpreter.ExpressionInterpreter.visitBlock(ExpressionInterpreter.java:569)
	at fr.irisa.triskell.kermeta.visitor.BlockAcceptCommand.accept(KermetaOptimizedVisitor.java:455)
	at fr.irisa.triskell.kermeta.visitor.KermetaOptimizedVisitor.accept(KermetaOptimizedVisitor.java:171)
	at fr.irisa.triskell.kermeta.interpreter.ExpressionInterpreter.visitOperation(ExpressionInterpreter.java:745)
	at fr.irisa.triskell.kermeta.visitor.OperationAcceptCommand.accept(KermetaOptimizedVisitor.java:557)
	at fr.irisa.triskell.kermeta.visitor.KermetaOptimizedVisitor.accept(KermetaOptimizedVisitor.java:171)
	at fr.irisa.triskell.kermeta.interpreter.ExpressionInterpreter.invoke(ExpressionInterpreter.java:144)
	at fr.irisa.triskell.kermeta.launcher.KermetaInterpreter.launch(KermetaInterpreter.java:279)
	at fr.irisa.triskell.kermeta.launcher.RunTestCase.runTest(RunTestCase.java:115)
</error>
  </testcase>
  <testcase name="testOpCall::Test_opcall.operation1" time="0.121"></testcase>
  <testcase name="testOpCallObject::MyObjectCreation.testcreateMyObject" time="0.046"></testcase>
  <testcase name="root::testPackage::TestClass.testopsub" time="0.016"></testcase>
  <testcase name="root::testPackage::TestClass.testopsubsub" time="0.016"></testcase>
  <testcase name="testAttributes::MyObjectsCreation.testcreateMyObjects" time="0.019"></testcase>
  <testcase name="CollectionTest::TestEqualsOnCollection.test_try1" time="0.082"></testcase>
  <testcase name="CollectionTest::TestEqualsOnCollection.test_try2" time="0.061"></testcase>
  <testcase name="CollectionTest::TestEqualsOnCollection.test_try3" time="0.081"></testcase>
  <testcase name="CollectionTest::TestEqualsOnCollection.test_try4" time="0.103"></testcase>
  <testcase name="CollectionTest::TestEqualsOnCollection.test_try5" time="0.121"></testcase>
  <testcase name="CollectionTest::TestEqualsOnCollection.test_try6" time="0.108"></testcase>
  <testcase name="CollectionTest::TestEqualsOnCollection.test_try7" time="0.243">
    <failure message="fr.irisa.triskell.kermeta.interpreter.KermetaRaisedException: kermeta exception : [kermeta::kunit::AssertionFailedError : 255555]
Failures: 
   TestEqualsOnCollection.&lt;void&gt;() assertion number 1 failed
Trace: 
      [CollectionTest::TestEqualsOnCollection : 254050].raiseIfHasFailures
------------END OF STACK TRACE------------
" type="junit.framework.AssertionFailedError">junit.framework.AssertionFailedError: fr.irisa.triskell.kermeta.interpreter.KermetaRaisedException: kermeta exception : [kermeta::kunit::AssertionFailedError : 255555]
Failures: 
   TestEqualsOnCollection.&lt;void&gt;() assertion number 1 failed
Trace: 
      [CollectionTest::TestEqualsOnCollection : 254050].raiseIfHasFailures
------------END OF STACK TRACE------------

	at fr.irisa.triskell.kermeta.launcher.RunTestCase.runTest(RunTestCase.java:123)
</failure>
  </testcase>
  <testcase name="CollectionTest::TestEqualsOnCollection.test_try8" time="0.209"></testcase>
  <testcase name="CollectionTest::TestEqualsOnCollection.test_try9" time="0.172"></testcase>
  <testcase name="CollectionTest::TestEqualsOnCollection.test_try10" time="0.019"></testcase>
  <testcase name="CollectionTest::TestEqualsOnCollection.test_try11" time="0.046"></testcase>
  <testcase name="CollectionTest::TestEqualsOnCollection.test_try12" time="0.113"></testcase>
  <testcase name="CollectionTest::TestEqualsOnCollection.test_try13" time="0.085"></testcase>
  <testcase name="CollectionTest::TestEqualsOnCollection.test_try14" time="0.066"></testcase>
  <testcase name="testOpPackage::Test_opcall.operation1" time="0.01"></testcase>
  <testcase name="root_package::TestParametricOperations.test_callParametred1Param" time="0.015"></testcase>
  <testcase name="root_package::TestParametricOperations.test_callParametred2Param1" time="0.016"></testcase>
  <testcase name="root_package::TestParametricOperations.testfail_callParametred2Param2" time="0.031">
    <error message="kermeta exception : [kermeta::standard::String : 265031 = &quot;Test not able to be run correctly, due to bug #108&quot;]" type="fr.irisa.triskell.kermeta.interpreter.KermetaRaisedException">fr.irisa.triskell.kermeta.interpreter.KermetaRaisedException: kermeta exception : [kermeta::standard::String : 265031 = &quot;Test not able to be run correctly, due to bug #108&quot;]Test not able to be run correctly, due to bug #108
Trace: 
 -&gt; file &apos;platform:/plugin/fr.irisa.triskell.kermeta.interpreter/test/kmt_testcases/025_testParametricOperations.main.kmt&apos;, line 54 ( raise &quot;Test not able to be run correctly, due to bug #108&quot; )
 -&gt; file &apos;platform:/plugin/fr.irisa.triskell.kermeta.interpreter/test/kmt_testcases/025_testParametricOperations.main.kmt&apos;, line 49, in &apos;[root_package::TestParametricOperations : 264999].testfail_callParametred2Param2&apos; ( /** Should fail since return type is unbound (...) )
------------END OF STACK TRACE------------

	at fr.irisa.triskell.kermeta.interpreter.ExpressionInterpreter.raiseKermetaException(ExpressionInterpreter.java:1477)
	at fr.irisa.triskell.kermeta.interpreter.ExpressionInterpreter.visitRaise(ExpressionInterpreter.java:1375)
	at fr.irisa.triskell.kermeta.visitor.RaiseAcceptCommand.accept(KermetaOptimizedVisitor.java:443)
	at fr.irisa.triskell.kermeta.visitor.KermetaOptimizedVisitor.accept(KermetaOptimizedVisitor.java:171)
	at fr.irisa.triskell.kermeta.interpreter.ExpressionInterpreter.visitStatementList(ExpressionInterpreter.java:1441)
	at fr.irisa.triskell.kermeta.interpreter.ExpressionInterpreter.visitBlock(ExpressionInterpreter.java:569)
	at fr.irisa.triskell.kermeta.visitor.BlockAcceptCommand.accept(KermetaOptimizedVisitor.java:455)
	at fr.irisa.triskell.kermeta.visitor.KermetaOptimizedVisitor.accept(KermetaOptimizedVisitor.java:171)
	at fr.irisa.triskell.kermeta.interpreter.ExpressionInterpreter.visitOperation(ExpressionInterpreter.java:745)
	at fr.irisa.triskell.kermeta.visitor.OperationAcceptCommand.accept(KermetaOptimizedVisitor.java:557)
	at fr.irisa.triskell.kermeta.visitor.KermetaOptimizedVisitor.accept(KermetaOptimizedVisitor.java:171)
	at fr.irisa.triskell.kermeta.interpreter.ExpressionInterpreter.invoke(ExpressionInterpreter.java:144)
	at fr.irisa.triskell.kermeta.launcher.KermetaInterpreter.launch(KermetaInterpreter.java:279)
	at fr.irisa.triskell.kermeta.launcher.RunTestCase.runTest(RunTestCase.java:115)
</error>
  </testcase>
  <testcase name="root_package::TestParametricOperations.testfail_callParametred1UnboundParam" time="0.012">
    <error message="INTERNAL ERROR : the type parameters of the operation should have been bound by the type checker." type="java.lang.Error">java.lang.Error: INTERNAL ERROR : the type parameters of the operation should have been bound by the type checker.
	at fr.irisa.triskell.kermeta.interpreter.OperationCallFrame.&lt;init&gt;(OperationCallFrame.java:82)
	at fr.irisa.triskell.kermeta.interpreter.InterpreterContext.pushOperationCallFrame(InterpreterContext.java:119)
	at fr.irisa.triskell.kermeta.interpreter.ExpressionInterpreter.visitCallFeature(ExpressionInterpreter.java:867)
	at fr.irisa.triskell.kermeta.visitor.CallFeatureAcceptCommand.accept(KermetaOptimizedVisitor.java:425)
	at fr.irisa.triskell.kermeta.visitor.KermetaOptimizedVisitor.accept(KermetaOptimizedVisitor.java:171)
	at fr.irisa.triskell.kermeta.interpreter.ExpressionInterpreter.visitStatementList(ExpressionInterpreter.java:1441)
	at fr.irisa.triskell.kermeta.interpreter.ExpressionInterpreter.visitBlock(ExpressionInterpreter.java:569)
	at fr.irisa.triskell.kermeta.visitor.BlockAcceptCommand.accept(KermetaOptimizedVisitor.java:455)
	at fr.irisa.triskell.kermeta.visitor.KermetaOptimizedVisitor.accept(KermetaOptimizedVisitor.java:171)
	at fr.irisa.triskell.kermeta.interpreter.ExpressionInterpreter.visitStatementList(ExpressionInterpreter.java:1441)
	at fr.irisa.triskell.kermeta.interpreter.ExpressionInterpreter.visitBlock(ExpressionInterpreter.java:569)
	at fr.irisa.triskell.kermeta.visitor.BlockAcceptCommand.accept(KermetaOptimizedVisitor.java:455)
	at fr.irisa.triskell.kermeta.visitor.KermetaOptimizedVisitor.accept(KermetaOptimizedVisitor.java:171)
	at fr.irisa.triskell.kermeta.interpreter.ExpressionInterpreter.visitOperation(ExpressionInterpreter.java:745)
	at fr.irisa.triskell.kermeta.visitor.OperationAcceptCommand.accept(KermetaOptimizedVisitor.java:557)
	at fr.irisa.triskell.kermeta.visitor.KermetaOptimizedVisitor.accept(KermetaOptimizedVisitor.java:171)
	at fr.irisa.triskell.kermeta.interpreter.ExpressionInterpreter.invoke(ExpressionInterpreter.java:144)
	at fr.irisa.triskell.kermeta.launcher.KermetaInterpreter.launch(KermetaInterpreter.java:279)
	at fr.irisa.triskell.kermeta.launcher.RunTestCase.runTest(RunTestCase.java:115)
</error>
  </testcase>
  <testcase name="root_package::TestParametricOperations.test_callParamNewInstance" time="0.052"></testcase>
  <testcase name="root_package::TestParametricOperations.test_callParamCloneInstance" time="0.024">
    <failure message="fr.irisa.triskell.kermeta.interpreter.KermetaRaisedException: kermeta exception : [kermeta::kunit::AssertionFailedError : 267466]
Failures: 
   TestParametricOperations.&lt;void&gt;() assertion number 1 failed
Trace: 
      [root_package::TestParametricOperations : 267349].raiseIfHasFailures
------------END OF STACK TRACE------------
" type="junit.framework.AssertionFailedError">junit.framework.AssertionFailedError: fr.irisa.triskell.kermeta.interpreter.KermetaRaisedException: kermeta exception : [kermeta::kunit::AssertionFailedError : 267466]
Failures: 
   TestParametricOperations.&lt;void&gt;() assertion number 1 failed
Trace: 
      [root_package::TestParametricOperations : 267349].raiseIfHasFailures
------------END OF STACK TRACE------------

	at fr.irisa.triskell.kermeta.launcher.RunTestCase.runTest(RunTestCase.java:123)
</failure>
  </testcase>
  <testcase name="testPackageTestParametricClass::TestParametricClass.test1" time="0.016"></testcase>
  <testcase name="testPackageTestParametricClass::TestParametricClass.test2" time="0.015"></testcase>
  <testcase name="testPackageTestParametricClass::TestParametricClass.test3" time="0.011">
    <error message="Error in visitor:    (when visiting parent
    &apos;fr.irisa.triskell.kermeta.language.behavior.impl.CallFeatureImpl&apos;" type="java.lang.Error">java.lang.Error: Error in visitor:    (when visiting parent
    &apos;fr.irisa.triskell.kermeta.language.behavior.impl.CallFeatureImpl&apos;
	at fr.irisa.triskell.kermeta.visitor.KermetaOptimizedVisitor.accept(KermetaOptimizedVisitor.java:156)
	at fr.irisa.triskell.kermeta.interpreter.ExpressionInterpreter.getterDerivedProperty(ExpressionInterpreter.java:773)
	at fr.irisa.triskell.kermeta.interpreter.ExpressionInterpreter.visitCallFeature(ExpressionInterpreter.java:927)
	at fr.irisa.triskell.kermeta.visitor.CallFeatureAcceptCommand.accept(KermetaOptimizedVisitor.java:425)
	at fr.irisa.triskell.kermeta.visitor.KermetaOptimizedVisitor.accept(KermetaOptimizedVisitor.java:171)
	at fr.irisa.triskell.kermeta.interpreter.ExpressionInterpreter.visitList(ExpressionInterpreter.java:1422)
	at fr.irisa.triskell.kermeta.interpreter.ExpressionInterpreter.visitCallFeature(ExpressionInterpreter.java:865)
	at fr.irisa.triskell.kermeta.visitor.CallFeatureAcceptCommand.accept(KermetaOptimizedVisitor.java:425)
	at fr.irisa.triskell.kermeta.visitor.KermetaOptimizedVisitor.accept(KermetaOptimizedVisitor.java:171)
	at fr.irisa.triskell.kermeta.interpreter.ExpressionInterpreter.visitList(ExpressionInterpreter.java:1422)
	at fr.irisa.triskell.kermeta.interpreter.ExpressionInterpreter.visitCallFeature(ExpressionInterpreter.java:865)
	at fr.irisa.triskell.kermeta.visitor.CallFeatureAcceptCommand.accept(KermetaOptimizedVisitor.java:425)
	at fr.irisa.triskell.kermeta.visitor.KermetaOptimizedVisitor.accept(KermetaOptimizedVisitor.java:171)
	at fr.irisa.triskell.kermeta.interpreter.ExpressionInterpreter.visitStatementList(ExpressionInterpreter.java:1441)
	at fr.irisa.triskell.kermeta.interpreter.ExpressionInterpreter.visitBlock(ExpressionInterpreter.java:569)
	at fr.irisa.triskell.kermeta.visitor.BlockAcceptCommand.accept(KermetaOptimizedVisitor.java:455)
	at fr.irisa.triskell.kermeta.visitor.KermetaOptimizedVisitor.accept(KermetaOptimizedVisitor.java:171)
	at fr.irisa.triskell.kermeta.interpreter.ExpressionInterpreter.visitOperation(ExpressionInterpreter.java:745)
	at fr.irisa.triskell.kermeta.visitor.OperationAcceptCommand.accept(KermetaOptimizedVisitor.java:557)
	at fr.irisa.triskell.kermeta.visitor.KermetaOptimizedVisitor.accept(KermetaOptimizedVisitor.java:171)
	at fr.irisa.triskell.kermeta.interpreter.ExpressionInterpreter.invoke(ExpressionInterpreter.java:144)
	at fr.irisa.triskell.kermeta.launcher.KermetaInterpreter.launch(KermetaInterpreter.java:279)
	at fr.irisa.triskell.kermeta.launcher.RunTestCase.runTest(RunTestCase.java:115)
</error>
  </testcase>
  <testcase name="testPackageTestParametricClass::TestParametricClass.test_main_operation" time="0.027"></testcase>
  <testcase name="testPackageTestParametricClass::TestParametricClass.test_callNewOnTypeParameter" time="0.015"></testcase>
  <testcase name="testPackageTestParametricClass::TestParametricClass.test_callCloneOnTypeParameter" time="0.023">
    <failure message="fr.irisa.triskell.kermeta.interpreter.KermetaRaisedException: kermeta exception : [kermeta::kunit::AssertionFailedError : 272171]
Failures: 
   TestParametricClass.&lt;void&gt;() assertion number 1 failed
Trace: 
      [testPackageTestParametricClass::TestParametricClass : 272064].raiseIfHasFailures
------------END OF STACK TRACE------------
" type="junit.framework.AssertionFailedError">junit.framework.AssertionFailedError: fr.irisa.triskell.kermeta.interpreter.KermetaRaisedException: kermeta exception : [kermeta::kunit::AssertionFailedError : 272171]
Failures: 
   TestParametricClass.&lt;void&gt;() assertion number 1 failed
Trace: 
      [testPackageTestParametricClass::TestParametricClass : 272064].raiseIfHasFailures
------------END OF STACK TRACE------------

	at fr.irisa.triskell.kermeta.launcher.RunTestCase.runTest(RunTestCase.java:123)
</failure>
  </testcase>
  <testcase name="testHashtableObjectKey::TestHashtable.testKeyIterator" time="0.05"></testcase>
  <testcase name="testHashtableObjectKey::TestHashtable.testValueIterator" time="0.038"></testcase>
  <testcase name="testHashtableObjectKey::TestHashtable.testGet" time="0.047"></testcase>
  <testcase name="testHashtableObjectKey::TestHashtable.testPut" time="0.049"></testcase>
  <testcase name="testHashtableObjectKey::TestHashtable.testRemove" time="0.038"></testcase>
  <testcase name="testHashtableObjectKey::TestHashtable.testClear" time="0.039"></testcase>
  <testcase name="testHashtableObjectKey::TestHashtable.testValues" time="0.087"></testcase>
  <testcase name="testHashtableObjectKey::TestHashtable.testKeys" time="0.126"></testcase>
  <testcase name="metaclass_package::TestMetaClass.testMetaClassOfClass" time="0.0090"></testcase>
  <testcase name="testHashtableObjectEqualsKey::TestHashtable.testKeyIterator" time="0.048"></testcase>
  <testcase name="testHashtableObjectEqualsKey::TestHashtable.testValueIterator" time="0.037"></testcase>
  <testcase name="testHashtableObjectEqualsKey::TestHashtable.testGetFromSame" time="0.052"></testcase>
  <testcase name="testHashtableObjectEqualsKey::TestHashtable.testGetFromEquals" time="0.058"></testcase>
  <testcase name="testHashtableObjectEqualsKey::TestHashtable.testPut" time="0.055"></testcase>
  <testcase name="testHashtableObjectEqualsKey::TestHashtable.testRemove" time="0.04"></testcase>
  <testcase name="testHashtableObjectEqualsKey::TestHashtable.testClear" time="0.039"></testcase>
  <testcase name="testHashtableObjectEqualsKey::TestHashtable.testValues" time="0.176"></testcase>
  <testcase name="testHashtableObjectEqualsKey::TestHashtable.testKeysFromSame" time="0.223"></testcase>
  <testcase name="testHashtableObjectEqualsKey::TestHashtable.testKeysFromEquals" time="0.208"></testcase>
  <testcase name="testOpOpCall::Test_opopcall.operation1" time="0.01"></testcase>
  <testcase name="test::Main.testmain" time="0.364"></testcase>
  <testcase name="Object::TestIsInstance.testIsInstanceOf1" time="0.016"></testcase>
  <testcase name="Object::TestIsInstance.testIsInstanceOf2" time="0.088">
    <failure message="fr.irisa.triskell.kermeta.interpreter.KermetaRaisedException: kermeta exception : [kermeta::kunit::AssertionFailedError : 294159]
Failures: 
   TestIsInstance.&lt;void&gt;() assertion number 1 failed
   TestIsInstance.&lt;void&gt;() assertion number 2 failed
Trace: 
      [Object::TestIsInstance : 294021].raiseIfHasFailures
------------END OF STACK TRACE------------
" type="junit.framework.AssertionFailedError">junit.framework.AssertionFailedError: fr.irisa.triskell.kermeta.interpreter.KermetaRaisedException: kermeta exception : [kermeta::kunit::AssertionFailedError : 294159]
Failures: 
   TestIsInstance.&lt;void&gt;() assertion number 1 failed
   TestIsInstance.&lt;void&gt;() assertion number 2 failed
Trace: 
      [Object::TestIsInstance : 294021].raiseIfHasFailures
------------END OF STACK TRACE------------

	at fr.irisa.triskell.kermeta.launcher.RunTestCase.runTest(RunTestCase.java:123)
</failure>
  </testcase>
  <testcase name="Object::TestIsInstance.testIsInstanceOf3" time="0.018"></testcase>
  <testcase name="Object::TestIsInstance.testIsInstanceOf4" time="0.062">
    <failure message="fr.irisa.triskell.kermeta.interpreter.KermetaRaisedException: kermeta exception : [kermeta::kunit::AssertionFailedError : 295780]
Failures: 
   TestIsInstance.&lt;void&gt;() assertion number 2 failed
Trace: 
      [Object::TestIsInstance : 295673].raiseIfHasFailures
------------END OF STACK TRACE------------
" type="junit.framework.AssertionFailedError">junit.framework.AssertionFailedError: fr.irisa.triskell.kermeta.interpreter.KermetaRaisedException: kermeta exception : [kermeta::kunit::AssertionFailedError : 295780]
Failures: 
   TestIsInstance.&lt;void&gt;() assertion number 2 failed
Trace: 
      [Object::TestIsInstance : 295673].raiseIfHasFailures
------------END OF STACK TRACE------------

	at fr.irisa.triskell.kermeta.launcher.RunTestCase.runTest(RunTestCase.java:123)
</failure>
  </testcase>
  <testcase name="Object::TestIsInstance.testIsInstanceOf5" time="0.016"></testcase>
  <testcase name="Object::TestIsInstance.testIsInstanceOf6" time="0.013"></testcase>
  <testcase name="testLoop::TestLoop.testLoop1" time="0.017"></testcase>
  <testcase name="testOpPkgCall::Test_opcall1.operation1" time="0.0090"></testcase>
  <testcase name="testBoolean::TestBoolean.testAssertTrue" time="0.073"></testcase>
  <testcase name="testBoolean::TestBoolean.testoptat" time="0.046"></testcase>
  <testcase name="testBoolean::TestBoolean.testnott" time="0.055"></testcase>
  <testcase name="testBoolean::TestBoolean.testoptot" time="0.014"></testcase>
  <testcase name="testBoolean::TestBoolean.testoptof" time="0.014"></testcase>
  <testcase name="testBoolean::TestBoolean.testoptaf" time="0.014"></testcase>
  <testcase name="testBoolean::TestBoolean.testopfof" time="0.014"></testcase>
  <testcase name="testBoolean::TestBoolean.testopfot" time="0.074"></testcase>
  <testcase name="testBoolean::TestBoolean.testoportotaf" time="0.015"></testcase>
  <testcase name="testBoolean::TestBoolean.testoptatof" time="0.054"></testcase>
  <testcase name="testBoolean::TestBoolean.testoptafaf" time="0.014"></testcase>
  <testcase name="testBoolean::TestBoolean.testoptofaf" time="0.014"></testcase>
  <testcase name="testBoolean::TestBoolean.testoptofafotot" time="0.015"></testcase>
  <testcase name="testBoolean::TestBoolean.testoptofafototaf" time="0.014"></testcase>
  <testcase name="testBoolean::TestBoolean.testoptofanf" time="0.074"></testcase>
  <testcase name="testBoolean::TestBoolean.testtit" time="0.013"></testcase>
  <testcase name="testBoolean::TestBoolean.testtif" time="0.014"></testcase>
  <testcase name="testBoolean::TestBoolean.testfit" time="0.054"></testcase>
  <testcase name="testBoolean::TestBoolean.testfif" time="0.013"></testcase>
  <testcase name="testBoolean::TestBoolean.testtxort" time="0.014"></testcase>
  <testcase name="testBoolean::TestBoolean.testtxorf" time="0.013"></testcase>
  <testcase name="testBoolean::TestBoolean.testfxort" time="0.013"></testcase>
  <testcase name="testBoolean::TestBoolean.testfxorf" time="0.014"></testcase>
  <testcase name="Unit platform:/plugin/fr.irisa.triskell.kermeta.interpreter/test/kmt_testcases/061_weaving_in_kermeta_aspect1.main.kmt contains errors (ie. didn&apos;t load or constraintcheck correctly)" time="0.0">
    <error message="In platform:/plugin/fr.irisa.triskell.kermeta.interpreter/test/kmt_testcases/061_weaving_in_kermeta_base.kmt : CONSTRAINT-CHECKER: Class &apos;C&apos; duplicate definition of property &apos;a&apos;.
In platform:/plugin/fr.irisa.triskell.kermeta.interpreter/test/kmt_testcases/061_weaving_in_kermeta_base.kmt : CONSTRAINT-CHECKER: Class &apos;C&apos; duplicate definition of operation &apos;test0&apos;.
In platform:/plugin/fr.irisa.triskell.kermeta.interpreter/test/kmt_testcases/061_weaving_in_kermeta_base.kmt : CONSTRAINT-CHECKER: Class &apos;C&apos; duplicate definition of operation &apos;overload1&apos;.
In platform:/plugin/fr.irisa.triskell.kermeta.interpreter/test/kmt_testcases/061_weaving_in_kermeta_base.kmt : CONSTRAINT-CHECKER: Class &apos;C&apos; duplicate definition of operation &apos;overload2&apos;.
" type="java.lang.Exception">java.lang.Exception: In platform:/plugin/fr.irisa.triskell.kermeta.interpreter/test/kmt_testcases/061_weaving_in_kermeta_base.kmt : CONSTRAINT-CHECKER: Class &apos;C&apos; duplicate definition of property &apos;a&apos;.
In platform:/plugin/fr.irisa.triskell.kermeta.interpreter/test/kmt_testcases/061_weaving_in_kermeta_base.kmt : CONSTRAINT-CHECKER: Class &apos;C&apos; duplicate definition of operation &apos;test0&apos;.
In platform:/plugin/fr.irisa.triskell.kermeta.interpreter/test/kmt_testcases/061_weaving_in_kermeta_base.kmt : CONSTRAINT-CHECKER: Class &apos;C&apos; duplicate definition of operation &apos;overload1&apos;.
In platform:/plugin/fr.irisa.triskell.kermeta.interpreter/test/kmt_testcases/061_weaving_in_kermeta_base.kmt : CONSTRAINT-CHECKER: Class &apos;C&apos; duplicate definition of operation &apos;overload2&apos;.

	at fr.irisa.triskell.kermeta.launcher.RunJunitFactory.addTestsForUnit(RunJunitFactory.java:101)
	at fr.irisa.triskell.kermeta.launcher.RunJunitFactory.addTestsForUnit(RunJunitFactory.java:60)
	at kermeta_interpreter.test.JunitTestSuite.testWithFile(JunitTestSuite.java:202)
	at kermeta_interpreter.test.JunitTestSuite.&lt;init&gt;(JunitTestSuite.java:173)
	at sun.reflect.NativeConstructorAccessorImpl.newInstance0(Native Method)
	at sun.reflect.NativeConstructorAccessorImpl.newInstance(NativeConstructorAccessorImpl.java:39)
	at sun.reflect.DelegatingConstructorAccessorImpl.newInstance(DelegatingConstructorAccessorImpl.java:27)
	at java.lang.reflect.Constructor.newInstance(Constructor.java:494)
</error>
  </testcase>
  <testcase name="testOpPkgCall::Test_opcall.operation1" time="0.0090"></testcase>
  <testcase name="testString::TestString.testfailCompareTo" time="0.075"></testcase>
  <testcase name="testString::TestString.testCompareTo" time="0.017"></testcase>
  <testcase name="testString::TestString.testplus" time="0.014"></testcase>
  <testcase name="testString::TestString.testplus_literal" time="0.014"></testcase>
  <testcase name="testString::TestString.testfailop_equals" time="0.014"></testcase>
  <testcase name="testString::TestString.testop_equals" time="0.013"></testcase>
  <testcase name="testString::TestString.testWrite" time="0.013"></testcase>
  <testcase name="testString::TestString.testappend" time="0.014"></testcase>
  <testcase name="testString::TestString.testelementAt" time="0.018"></testcase>
  <testcase name="testString::TestString.testindexOf" time="0.014"></testcase>
  <testcase name="testString::TestString.testsubString" time="0.019"></testcase>
  <testcase name="testString::TestString.testsize" time="0.014"></testcase>
  <testcase name="testString::TestString.testIntegerToStr" time="0.014"></testcase>
  <testcase name="testString::TestString.testIntegerToStr2" time="0.02"></testcase>
  <testcase name="testString::TestString.testIntegerToStr3" time="0.015"></testcase>
  <testcase name="testString::TestString.testBackslashes" time="0.031"></testcase>
  <testcase name="test::TestReal.testRealInstanciation" time="0.059"></testcase>
  <testcase name="test::TestReal.testRealCompare" time="0.619"></testcase>
  <testcase name="test::TestReal.testEquals" time="0.03"></testcase>
  <testcase name="test::TestReal.testRealPlus" time="0.023"></testcase>
  <testcase name="test::TestReal.testRealMinus" time="0.023"></testcase>
  <testcase name="test::TestReal.testRealMult" time="0.02"></testcase>
  <testcase name="test::TestReal.testRealDiv" time="0.024"></testcase>
  <testcase name="test::TestReal.testToString" time="0.022"></testcase>
  <testcase name="test::TestReal.testStringConvertions" time="0.02"></testcase>
  <testcase name="testFreezeOnNewClass::Test.test_simpleClass" time="0.016"></testcase>
  <testcase name="testFreezeOnNewClass::Test.test_parametrizedClassOK" time="0.02"></testcase>
  <testcase name="testFreezeOnNewClass::Test.test_parametrizedClassFaultly" time="0.091">
    <failure message="fr.irisa.triskell.kermeta.interpreter.KermetaRaisedException: kermeta exception : [kermeta::kunit::AssertionFailedError : 350160]
Failures: 
   Test.&lt;void&gt;() assertion number 1 failed
Trace: 
      [testFreezeOnNewClass::Test : 349970].raiseIfHasFailures
------------END OF STACK TRACE------------
" type="junit.framework.AssertionFailedError">junit.framework.AssertionFailedError: fr.irisa.triskell.kermeta.interpreter.KermetaRaisedException: kermeta exception : [kermeta::kunit::AssertionFailedError : 350160]
Failures: 
   Test.&lt;void&gt;() assertion number 1 failed
Trace: 
      [testFreezeOnNewClass::Test : 349970].raiseIfHasFailures
------------END OF STACK TRACE------------

	at fr.irisa.triskell.kermeta.launcher.RunTestCase.runTest(RunTestCase.java:123)
</failure>
  </testcase>
  <testcase name="testPackageTestExceptions::TestExceptions.testmain_operation" time="0.218"></testcase>
  <system-out><![CDATA[ERROR  setEntryPoint, Cannot find entry @mainOperation 'operation1' in @mainClass 'testClassEquals::TestClassEquals'
10737 [main] ERROR KMT.launcher  - Cannot find entry @mainOperation 'operation1' in @mainClass 'testClassEquals::TestClassEquals'
    ************************************************
    * Consumed memory : 133234688/832045056
    * #objects cached : 467
    * #ro created     : 747
    * #ro total       : 747
    * time (ms)       : 100
    ************************************************
ERROR  setEntryPoint, Cannot find entry @mainOperation 'operation1' in @mainClass 'testClassEquals::TestClassEquals'
10812 [main] ERROR KMT.launcher  - Cannot find entry @mainOperation 'operation1' in @mainClass 'testClassEquals::TestClassEquals'
    ************************************************
    * Consumed memory : 133234688/832045056
    * #objects cached : 467
    * #ro created     : 756
    * #ro total       : 1503
    * time (ms)       : 25
    ************************************************
[testNewOnModelType::MainMT_p::C1:2369]
    ************************************************
    * Consumed memory : 133234688/832045056
    * #objects cached : 525
    * #ro created     : 1039
    * #ro total       : 2542
    * time (ms)       : 51
    ************************************************
ERROR  setEntryPoint, Cannot find entry @mainOperation 'testCreateMyObjects' in @mainClass 'testReferences::TestMyObjectCreation'
10889 [main] ERROR KMT.launcher  - Cannot find entry @mainOperation 'testCreateMyObjects' in @mainClass 'testReferences::TestMyObjectCreation'
    ************************************************
    * Consumed memory : 133234688/832045056
    * #objects cached : 472
    * #ro created     : 775
    * #ro total       : 3317
    * time (ms)       : 25
    ************************************************
    ************************************************
    * Consumed memory : 133234688/832045056
    * #objects cached : 476
    * #ro created     : 757
    * #ro total       : 4074
    * time (ms)       : 21
    ************************************************
starting test
Creating a first object b1 of type B
 - name : toto
 - size : 10
 - is empty : true
Creating b2, a clone of object b1 of type B
 - name : toto
 - size : 10
 - is empty : true
Updating b2
 - name : titi
 - size : 12
 - is empty : true
Object a1 is 
--------------------------------------------------
 + b is 
 - name : toto
 - size : 10
 - is empty : true
 + b2 is
 - name : titi
 - size : 12
 - is empty : true
--------------------------------------------------
--------------------------------------------------
 + b is 
 - name : toto
 - size : 10
 - is empty : true
 + b2 is
 - name : titi
 - size : 12
 - is empty : true
--------------------------------------------------
Object a2 is
That's all folks ! 
    ************************************************
    * Consumed memory : 132382720/832045056
    * #objects cached : 479
    * #ro created     : 1036
    * #ro total       : 5110
    * time (ms)       : 201
    ************************************************
toto    ************************************************
    * Consumed memory : 132382720/832045056
    * #objects cached : 481
    * #ro created     : 751
    * #ro total       : 5861
    * time (ms)       : 41
    ************************************************
    ************************************************
    * Consumed memory : 132382720/832045056
    * #objects cached : 482
    * #ro created     : 766
    * #ro total       : 6627
    * time (ms)       : 45
    ************************************************
    ************************************************
    * Consumed memory : 132382720/832045056
    * #objects cached : 482
    * #ro created     : 765
    * #ro total       : 7392
    * time (ms)       : 44
    ************************************************
    ************************************************
    * Consumed memory : 132382720/832045056
    * #objects cached : 482
    * #ro created     : 765
    * #ro total       : 8157
    * time (ms)       : 43
    ************************************************
    ************************************************
    * Consumed memory : 132382720/832045056
    * #objects cached : 482
    * #ro created     : 766
    * #ro total       : 8923
    * time (ms)       : 43
    ************************************************
    ************************************************
    * Consumed memory : 132382720/832045056
    * #objects cached : 482
    * #ro created     : 769
    * #ro total       : 9692
    * time (ms)       : 47
    ************************************************
7
    ************************************************
    * Consumed memory : 132382720/832045056
    * #objects cached : 482
    * #ro created     : 771
    * #ro total       : 10463
    * time (ms)       : 43
    ************************************************
    ************************************************
    * Consumed memory : 132382720/832045056
    * #objects cached : 482
    * #ro created     : 773
    * #ro total       : 11236
    * time (ms)       : 67
    ************************************************
    ************************************************
    * Consumed memory : 132382720/832045056
    * #objects cached : 482
    * #ro created     : 774
    * #ro total       : 12010
    * time (ms)       : 47
    ************************************************
    ************************************************
    * Consumed memory : 132382720/832045056
    * #objects cached : 482
    * #ro created     : 765
    * #ro total       : 12775
    * time (ms)       : 41
    ************************************************
    ************************************************
    * Consumed memory : 132382720/832045056
    * #objects cached : 482
    * #ro created     : 769
    * #ro total       : 13544
    * time (ms)       : 43
    ************************************************
    ************************************************
    * Consumed memory : 132382720/832045056
    * #objects cached : 482
    * #ro created     : 767
    * #ro total       : 14311
    * time (ms)       : 34
    ************************************************
    ************************************************
    * Consumed memory : 132382720/832045056
    * #objects cached : 482
    * #ro created     : 765
    * #ro total       : 15076
    * time (ms)       : 20
    ************************************************
    ************************************************
    * Consumed memory : 132382720/832045056
    * #objects cached : 482
    * #ro created     : 774
    * #ro total       : 15850
    * time (ms)       : 25
    ************************************************
hello 0
1hello 1
2hello 2
3    ************************************************
    * Consumed memory : 132382720/832045056
    * #objects cached : 481
    * #ro created     : 777
    * #ro total       : 16627
    * time (ms)       : 31
    ************************************************
5040
    ************************************************
    * Consumed memory : 132382720/832045056
    * #objects cached : 482
    * #ro created     : 824
    * #ro total       : 17451
    * time (ms)       : 44
    ************************************************
    ************************************************
    * Consumed memory : 132382720/832045056
    * #objects cached : 479
    * #ro created     : 776
    * #ro total       : 18227
    * time (ms)       : 24
    ************************************************
    ************************************************
    * Consumed memory : 132382720/832045056
    * #objects cached : 478
    * #ro created     : 761
    * #ro total       : 18988
    * time (ms)       : 18
    ************************************************
    ************************************************
    * Consumed memory : 132382720/832045056
    * #objects cached : 479
    * #ro created     : 777
    * #ro total       : 19765
    * time (ms)       : 22
    ************************************************
    ************************************************
    * Consumed memory : 132382720/832045056
    * #objects cached : 479
    * #ro created     : 771
    * #ro total       : 20536
    * time (ms)       : 21
    ************************************************
    ************************************************
    * Consumed memory : 132382720/832045056
    * #objects cached : 479
    * #ro created     : 776
    * #ro total       : 21312
    * time (ms)       : 23
    ************************************************
    ************************************************
    * Consumed memory : 132382720/832045056
    * #objects cached : 479
    * #ro created     : 776
    * #ro total       : 22088
    * time (ms)       : 23
    ************************************************
    ************************************************
    * Consumed memory : 132382720/832045056
    * #objects cached : 479
    * #ro created     : 791
    * #ro total       : 22879
    * time (ms)       : 37
    ************************************************
Integer undeclared test
    ************************************************
    * Consumed memory : 132382720/832045056
    * #objects cached : 472
    * #ro created     : 724
    * #ro total       : 23603
    * time (ms)       : 25
    ************************************************
trying to launch self.TestToto
I launched TestToto!
    ************************************************
    * Consumed memory : 132382720/832045056
    * #objects cached : 525
    * #ro created     : 1118
    * #ro total       : 24729
    * time (ms)       : 73
    ************************************************
trying to launch TestToto on self
    ************************************************
    * Consumed memory : 202833920/832045056
    * #objects cached : 520
    * #ro created     : 1067
    * #ro total       : 25796
    * time (ms)       : 551
    ************************************************
trying to launch TestToto on a variable 
I launched TestToto!
    ************************************************
    * Consumed memory : 202833920/832045056
    * #objects cached : 525
    * #ro created     : 1804
    * #ro total       : 27601
    * time (ms)       : 115
    ************************************************
    ************************************************
    * Consumed memory : 202833920/832045056
    * #objects cached : 505
    * #ro created     : 1139
    * #ro total       : 28748
    * time (ms)       : 40
    ************************************************
    ************************************************
    * Consumed memory : 202833920/832045056
    * #objects cached : 505
    * #ro created     : 1326
    * #ro total       : 30090
    * time (ms)       : 48
    ************************************************
4
    ************************************************
    * Consumed memory : 202833920/832045056
    * #objects cached : 462
    * #ro created     : 717
    * #ro total       : 30813
    * time (ms)       : 15
    ************************************************
    ************************************************
    * Consumed memory : 202833920/832045056
    * #objects cached : 479
    * #ro created     : 1007
    * #ro total       : 31824
    * time (ms)       : 23
    ************************************************
    ************************************************
    * Consumed memory : 202833920/832045056
    * #objects cached : 480
    * #ro created     : 874
    * #ro total       : 32701
    * time (ms)       : 23
    ************************************************
    ************************************************
    * Consumed memory : 202833920/832045056
    * #objects cached : 479
    * #ro created     : 930
    * #ro total       : 33634
    * time (ms)       : 25
    ************************************************
    ************************************************
    * Consumed memory : 202833920/832045056
    * #objects cached : 480
    * #ro created     : 1011
    * #ro total       : 34647
    * time (ms)       : 26
    ************************************************
    ************************************************
    * Consumed memory : 202833920/832045056
    * #objects cached : 479
    * #ro created     : 872
    * #ro total       : 35522
    * time (ms)       : 25
    ************************************************
    ************************************************
    * Consumed memory : 202833920/832045056
    * #objects cached : 479
    * #ro created     : 976
    * #ro total       : 36500
    * time (ms)       : 25
    ************************************************
    ************************************************
    * Consumed memory : 202833920/832045056
    * #objects cached : 480
    * #ro created     : 995
    * #ro total       : 37495
    * time (ms)       : 26
    ************************************************
    ************************************************
    * Consumed memory : 202833920/832045056
    * #objects cached : 480
    * #ro created     : 915
    * #ro total       : 38412
    * time (ms)       : 27
    ************************************************
    ************************************************
    * Consumed memory : 202833920/832045056
    * #objects cached : 480
    * #ro created     : 1006
    * #ro total       : 39420
    * time (ms)       : 27
    ************************************************
    ************************************************
    * Consumed memory : 199688192/832045056
    * #objects cached : 507
    * #ro created     : 1493
    * #ro total       : 40916
    * time (ms)       : 152
    ************************************************
ERROR  setEntryPoint, Cannot find entry @mainOperation 'main_operation' in @mainClass 'testFrameworkToString::TestFrameworkToString'
13257 [main] ERROR KMT.launcher  - Cannot find entry @mainOperation 'main_operation' in @mainClass 'testFrameworkToString::TestFrameworkToString'
    ************************************************
    * Consumed memory : 199688192/832045056
    * #objects cached : 475
    * #ro created     : 883
    * #ro total       : 41829
    * time (ms)       : 23
    ************************************************
ERROR  setEntryPoint, Cannot find entry @mainOperation 'main_operation' in @mainClass 'testFrameworkToString::TestFrameworkToString'
13281 [main] ERROR KMT.launcher  - Cannot find entry @mainOperation 'main_operation' in @mainClass 'testFrameworkToString::TestFrameworkToString'
    ************************************************
    * Consumed memory : 199688192/832045056
    * #objects cached : 475
    * #ro created     : 970
    * #ro total       : 42801
    * time (ms)       : 24
    ************************************************
ERROR  setEntryPoint, Cannot find entry @mainOperation 'main_operation' in @mainClass 'testFrameworkToString::TestFrameworkToString'
13304 [main] ERROR KMT.launcher  - Cannot find entry @mainOperation 'main_operation' in @mainClass 'testFrameworkToString::TestFrameworkToString'
    ************************************************
    * Consumed memory : 199688192/832045056
    * #objects cached : 475
    * #ro created     : 837
    * #ro total       : 43642
    * time (ms)       : 23
    ************************************************
ERROR  setEntryPoint, Cannot find entry @mainOperation 'main_operation' in @mainClass 'testFrameworkToString::TestFrameworkToString'
13328 [main] ERROR KMT.launcher  - Cannot find entry @mainOperation 'main_operation' in @mainClass 'testFrameworkToString::TestFrameworkToString'
    ************************************************
    * Consumed memory : 199688192/832045056
    * #objects cached : 475
    * #ro created     : 974
    * #ro total       : 44618
    * time (ms)       : 24
    ************************************************
ERROR  setEntryPoint, Cannot find entry @mainOperation 'main_operation' in @mainClass 'testFrameworkToString::TestFrameworkToString'
13352 [main] ERROR KMT.launcher  - Cannot find entry @mainOperation 'main_operation' in @mainClass 'testFrameworkToString::TestFrameworkToString'
    ************************************************
    * Consumed memory : 199688192/832045056
    * #objects cached : 475
    * #ro created     : 895
    * #ro total       : 45513
    * time (ms)       : 23
    ************************************************
ERROR  setEntryPoint, Cannot find entry @mainOperation 'main_operation' in @mainClass 'testFrameworkToString::TestFrameworkToString'
13376 [main] ERROR KMT.launcher  - Cannot find entry @mainOperation 'main_operation' in @mainClass 'testFrameworkToString::TestFrameworkToString'
    ************************************************
    * Consumed memory : 199688192/832045056
    * #objects cached : 475
    * #ro created     : 882
    * #ro total       : 46396
    * time (ms)       : 23
    ************************************************
ERROR  setEntryPoint, Cannot find entry @mainOperation 'main_operation' in @mainClass 'testFrameworkToString::TestFrameworkToString'
13400 [main] ERROR KMT.launcher  - Cannot find entry @mainOperation 'main_operation' in @mainClass 'testFrameworkToString::TestFrameworkToString'
    ************************************************
    * Consumed memory : 199688192/832045056
    * #objects cached : 475
    * #ro created     : 986
    * #ro total       : 47385
    * time (ms)       : 23
    ************************************************
ERROR  setEntryPoint, Cannot find entry @mainOperation 'main_operation' in @mainClass 'testFrameworkToString::TestFrameworkToString'
13424 [main] ERROR KMT.launcher  - Cannot find entry @mainOperation 'main_operation' in @mainClass 'testFrameworkToString::TestFrameworkToString'
    ************************************************
    * Consumed memory : 199688192/832045056
    * #objects cached : 475
    * #ro created     : 835
    * #ro total       : 48224
    * time (ms)       : 23
    ************************************************
ERROR  setEntryPoint, Cannot find entry @mainOperation 'main_operation' in @mainClass 'testFrameworkToString::TestFrameworkToString'
13448 [main] ERROR KMT.launcher  - Cannot find entry @mainOperation 'main_operation' in @mainClass 'testFrameworkToString::TestFrameworkToString'
    ************************************************
    * Consumed memory : 199688192/832045056
    * #objects cached : 475
    * #ro created     : 958
    * #ro total       : 49184
    * time (ms)       : 24
    ************************************************
ERROR  setEntryPoint, Cannot find entry @mainOperation 'main_operation' in @mainClass 'testFrameworkToString::TestFrameworkToString'
13472 [main] ERROR KMT.launcher  - Cannot find entry @mainOperation 'main_operation' in @mainClass 'testFrameworkToString::TestFrameworkToString'
    ************************************************
    * Consumed memory : 199688192/832045056
    * #objects cached : 475
    * #ro created     : 902
    * #ro total       : 50089
    * time (ms)       : 24
    ************************************************
hashtable coucou
3
2
1
    ************************************************
    * Consumed memory : 199688192/832045056
    * #objects cached : 481
    * #ro created     : 952
    * #ro total       : 51047
    * time (ms)       : 31
    ************************************************
three
two
one
    ************************************************
    * Consumed memory : 199688192/832045056
    * #objects cached : 481
    * #ro created     : 985
    * #ro total       : 52034
    * time (ms)       : 30
    ************************************************
    ************************************************
    * Consumed memory : 199688192/832045056
    * #objects cached : 481
    * #ro created     : 1033
    * #ro total       : 53067
    * time (ms)       : 33
    ************************************************
    ************************************************
    * Consumed memory : 199688192/832045056
    * #objects cached : 481
    * #ro created     : 1026
    * #ro total       : 54096
    * time (ms)       : 33
    ************************************************
    ************************************************
    * Consumed memory : 199688192/832045056
    * #objects cached : 481
    * #ro created     : 888
    * #ro total       : 54986
    * time (ms)       : 27
    ************************************************
    ************************************************
    * Consumed memory : 199688192/832045056
    * #objects cached : 481
    * #ro created     : 869
    * #ro total       : 55857
    * time (ms)       : 30
    ************************************************
    ************************************************
    * Consumed memory : 203816960/832045056
    * #objects cached : 484
    * #ro created     : 2004
    * #ro total       : 57863
    * time (ms)       : 359
    ************************************************
    ************************************************
    * Consumed memory : 203816960/832045056
    * #objects cached : 483
    * #ro created     : 892
    * #ro total       : 58755
    * time (ms)       : 165
    ************************************************
ERROR  setEntryPoint, Cannot find entry @mainOperation 'test1_1Opposites' in @mainClass 'testOpposites::TestOpposites'
14205 [main] ERROR KMT.launcher  - Cannot find entry @mainOperation 'test1_1Opposites' in @mainClass 'testOpposites::TestOpposites'
    ************************************************
    * Consumed memory : 203816960/832045056
    * #objects cached : 489
    * #ro created     : 791
    * #ro total       : 59546
    * time (ms)       : 28
    ************************************************
ERROR  setEntryPoint, Cannot find entry @mainOperation 'test1_1Opposites' in @mainClass 'testOpposites::TestOpposites'
14234 [main] ERROR KMT.launcher  - Cannot find entry @mainOperation 'test1_1Opposites' in @mainClass 'testOpposites::TestOpposites'
    ************************************************
    * Consumed memory : 203816960/832045056
    * #objects cached : 489
    * #ro created     : 787
    * #ro total       : 60333
    * time (ms)       : 24
    ************************************************
ERROR  setEntryPoint, Cannot find entry @mainOperation 'test1_1Opposites' in @mainClass 'testOpposites::TestOpposites'
14258 [main] ERROR KMT.launcher  - Cannot find entry @mainOperation 'test1_1Opposites' in @mainClass 'testOpposites::TestOpposites'
    ************************************************
    * Consumed memory : 203816960/832045056
    * #objects cached : 489
    * #ro created     : 790
    * #ro total       : 61123
    * time (ms)       : 26
    ************************************************
ERROR  setEntryPoint, Cannot find entry @mainOperation 'test1_1Opposites' in @mainClass 'testOpposites::TestOpposites'
14284 [main] ERROR KMT.launcher  - Cannot find entry @mainOperation 'test1_1Opposites' in @mainClass 'testOpposites::TestOpposites'
    ************************************************
    * Consumed memory : 203816960/832045056
    * #objects cached : 489
    * #ro created     : 790
    * #ro total       : 61913
    * time (ms)       : 27
    ************************************************
ERROR  setEntryPoint, Cannot find entry @mainOperation 'test1_1Opposites' in @mainClass 'testOpposites::TestOpposites'
14312 [main] ERROR KMT.launcher  - Cannot find entry @mainOperation 'test1_1Opposites' in @mainClass 'testOpposites::TestOpposites'
    ************************************************
    * Consumed memory : 203816960/832045056
    * #objects cached : 490
    * #ro created     : 806
    * #ro total       : 62719
    * time (ms)       : 33
    ************************************************
ERROR  setEntryPoint, Cannot find entry @mainOperation 'test1_1Opposites' in @mainClass 'testOpposites::TestOpposites'
14345 [main] ERROR KMT.launcher  - Cannot find entry @mainOperation 'test1_1Opposites' in @mainClass 'testOpposites::TestOpposites'
    ************************************************
    * Consumed memory : 203816960/832045056
    * #objects cached : 490
    * #ro created     : 809
    * #ro total       : 63528
    * time (ms)       : 37
    ************************************************
ERROR  setEntryPoint, Cannot find entry @mainOperation 'test1_1Opposites' in @mainClass 'testOpposites::TestOpposites'
14383 [main] ERROR KMT.launcher  - Cannot find entry @mainOperation 'test1_1Opposites' in @mainClass 'testOpposites::TestOpposites'
    ************************************************
    * Consumed memory : 203816960/832045056
    * #objects cached : 490
    * #ro created     : 803
    * #ro total       : 64331
    * time (ms)       : 33
    ************************************************
ERROR  setEntryPoint, Cannot find entry @mainOperation 'test1_1Opposites' in @mainClass 'testOpposites::TestOpposites'
14415 [main] ERROR KMT.launcher  - Cannot find entry @mainOperation 'test1_1Opposites' in @mainClass 'testOpposites::TestOpposites'
    ************************************************
    * Consumed memory : 203816960/832045056
    * #objects cached : 490
    * #ro created     : 815
    * #ro total       : 65146
    * time (ms)       : 38
    ************************************************
ERROR  setEntryPoint, Cannot find entry @mainOperation 'test1_1Opposites' in @mainClass 'testOpposites::TestOpposites'
14454 [main] ERROR KMT.launcher  - Cannot find entry @mainOperation 'test1_1Opposites' in @mainClass 'testOpposites::TestOpposites'
    ************************************************
    * Consumed memory : 203816960/832045056
    * #objects cached : 490
    * #ro created     : 809
    * #ro total       : 65955
    * time (ms)       : 35
    ************************************************
ERROR  setEntryPoint, Cannot find entry @mainOperation 'test1_1Opposites' in @mainClass 'testOpposites::TestOpposites'
14490 [main] ERROR KMT.launcher  - Cannot find entry @mainOperation 'test1_1Opposites' in @mainClass 'testOpposites::TestOpposites'
    ************************************************
    * Consumed memory : 203816960/832045056
    * #objects cached : 489
    * #ro created     : 792
    * #ro total       : 66747
    * time (ms)       : 23
    ************************************************
ERROR  setEntryPoint, Cannot find entry @mainOperation 'test1_1Opposites' in @mainClass 'testOpposites::TestOpposites'
14513 [main] ERROR KMT.launcher  - Cannot find entry @mainOperation 'test1_1Opposites' in @mainClass 'testOpposites::TestOpposites'
    ************************************************
    * Consumed memory : 203816960/832045056
    * #objects cached : 490
    * #ro created     : 815
    * #ro total       : 67562
    * time (ms)       : 37
    ************************************************
ERROR  setEntryPoint, Cannot find entry @mainOperation 'test1_1Opposites' in @mainClass 'testOpposites::TestOpposites'
14551 [main] ERROR KMT.launcher  - Cannot find entry @mainOperation 'test1_1Opposites' in @mainClass 'testOpposites::TestOpposites'
    ************************************************
    * Consumed memory : 203816960/832045056
    * #objects cached : 490
    * #ro created     : 820
    * #ro total       : 68382
    * time (ms)       : 40
    ************************************************
ERROR  setEntryPoint, Cannot find entry @mainOperation 'test1_1Opposites' in @mainClass 'testOpposites::TestOpposites'
14591 [main] ERROR KMT.launcher  - Cannot find entry @mainOperation 'test1_1Opposites' in @mainClass 'testOpposites::TestOpposites'
    ************************************************
    * Consumed memory : 197722112/832045056
    * #objects cached : 490
    * #ro created     : 933
    * #ro total       : 69315
    * time (ms)       : 89
    ************************************************
ERROR  setEntryPoint, Cannot find entry @mainOperation 'test1_1Opposites' in @mainClass 'testOpposites::TestOpposites'
14680 [main] ERROR KMT.launcher  - Cannot find entry @mainOperation 'test1_1Opposites' in @mainClass 'testOpposites::TestOpposites'
    ************************************************
    * Consumed memory : 197722112/832045056
    * #objects cached : 490
    * #ro created     : 960
    * #ro total       : 70275
    * time (ms)       : 51
    ************************************************
    ************************************************
    * Consumed memory : 197722112/832045056
    * #objects cached : 478
    * #ro created     : 749
    * #ro total       : 71024
    * time (ms)       : 21
    ************************************************
    ************************************************
    * Consumed memory : 197722112/832045056
    * #objects cached : 479
    * #ro created     : 760
    * #ro total       : 71784
    * time (ms)       : 20
    ************************************************
    ************************************************
    * Consumed memory : 197722112/832045056
    * #objects cached : 479
    * #ro created     : 760
    * #ro total       : 72544
    * time (ms)       : 20
    ************************************************
    ************************************************
    * Consumed memory : 197722112/832045056
    * #objects cached : 479
    * #ro created     : 853
    * #ro total       : 73400
    * time (ms)       : 23
    ************************************************
    ************************************************
    * Consumed memory : 197722112/832045056
    * #objects cached : 479
    * #ro created     : 762
    * #ro total       : 74164
    * time (ms)       : 21
    ************************************************
    ************************************************
    * Consumed memory : 197722112/832045056
    * #objects cached : 479
    * #ro created     : 772
    * #ro total       : 74936
    * time (ms)       : 25
    ************************************************
    ************************************************
    * Consumed memory : 197722112/832045056
    * #objects cached : 479
    * #ro created     : 872
    * #ro total       : 75808
    * time (ms)       : 29
    ************************************************
    ************************************************
    * Consumed memory : 197722112/832045056
    * #objects cached : 479
    * #ro created     : 857
    * #ro total       : 76665
    * time (ms)       : 27
    ************************************************
    ************************************************
    * Consumed memory : 197722112/832045056
    * #objects cached : 479
    * #ro created     : 792
    * #ro total       : 77459
    * time (ms)       : 36
    ************************************************
    ************************************************
    * Consumed memory : 197722112/832045056
    * #objects cached : 479
    * #ro created     : 814
    * #ro total       : 78274
    * time (ms)       : 24
    ************************************************
    ************************************************
    * Consumed memory : 197722112/832045056
    * #objects cached : 479
    * #ro created     : 803
    * #ro total       : 79081
    * time (ms)       : 24
    ************************************************
    ************************************************
    * Consumed memory : 197722112/832045056
    * #objects cached : 478
    * #ro created     : 767
    * #ro total       : 79848
    * time (ms)       : 21
    ************************************************
    ************************************************
    * Consumed memory : 197722112/832045056
    * #objects cached : 489
    * #ro created     : 859
    * #ro total       : 80707
    * time (ms)       : 29
    ************************************************
    ************************************************
    * Consumed memory : 197722112/832045056
    * #objects cached : 478
    * #ro created     : 913
    * #ro total       : 81622
    * time (ms)       : 26
    ************************************************
    ************************************************
    * Consumed memory : 197722112/832045056
    * #objects cached : 489
    * #ro created     : 917
    * #ro total       : 82542
    * time (ms)       : 30
    ************************************************
    ************************************************
    * Consumed memory : 197722112/832045056
    * #objects cached : 476
    * #ro created     : 748
    * #ro total       : 83290
    * time (ms)       : 18
    ************************************************
    ************************************************
    * Consumed memory : 197722112/832045056
    * #objects cached : 481
    * #ro created     : 803
    * #ro total       : 84093
    * time (ms)       : 21
    ************************************************
    ************************************************
    * Consumed memory : 197722112/832045056
    * #objects cached : 468
    * #ro created     : 739
    * #ro total       : 84832
    * time (ms)       : 19
    ************************************************
    ************************************************
    * Consumed memory : 197722112/832045056
    * #objects cached : 468
    * #ro created     : 743
    * #ro total       : 85575
    * time (ms)       : 19
    ************************************************
    ************************************************
    * Consumed memory : 197722112/832045056
    * #objects cached : 468
    * #ro created     : 740
    * #ro total       : 86315
    * time (ms)       : 18
    ************************************************
    ************************************************
    * Consumed memory : 197722112/832045056
    * #objects cached : 494
    * #ro created     : 817
    * #ro total       : 87132
    * time (ms)       : 34
    ************************************************
    ************************************************
    * Consumed memory : 197722112/832045056
    * #objects cached : 495
    * #ro created     : 822
    * #ro total       : 87954
    * time (ms)       : 36
    ************************************************
    ************************************************
    * Consumed memory : 197722112/832045056
    * #objects cached : 494
    * #ro created     : 913
    * #ro total       : 88868
    * time (ms)       : 26
    ************************************************
    ************************************************
    * Consumed memory : 202702848/832045056
    * #objects cached : 496
    * #ro created     : 949
    * #ro total       : 89823
    * time (ms)       : 124
    ************************************************
    ************************************************
    * Consumed memory : 202702848/832045056
    * #objects cached : 495
    * #ro created     : 889
    * #ro total       : 90714
    * time (ms)       : 43
    ************************************************
    ************************************************
    * Consumed memory : 202702848/832045056
    * #objects cached : 495
    * #ro created     : 828
    * #ro total       : 91542
    * time (ms)       : 31
    ************************************************
    ************************************************
    * Consumed memory : 202702848/832045056
    * #objects cached : 494
    * #ro created     : 814
    * #ro total       : 92356
    * time (ms)       : 26
    ************************************************
    ************************************************
    * Consumed memory : 202702848/832045056
    * #objects cached : 495
    * #ro created     : 817
    * #ro total       : 93173
    * time (ms)       : 30
    ************************************************
    ************************************************
    * Consumed memory : 202702848/832045056
    * #objects cached : 495
    * #ro created     : 849
    * #ro total       : 94025
    * time (ms)       : 27
    ************************************************
    ************************************************
    * Consumed memory : 202702848/832045056
    * #objects cached : 495
    * #ro created     : 930
    * #ro total       : 94959
    * time (ms)       : 39
    ************************************************
    ************************************************
    * Consumed memory : 202702848/832045056
    * #objects cached : 495
    * #ro created     : 901
    * #ro total       : 95860
    * time (ms)       : 30
    ************************************************
    ************************************************
    * Consumed memory : 202702848/832045056
    * #objects cached : 495
    * #ro created     : 842
    * #ro total       : 96702
    * time (ms)       : 41
    ************************************************
    ************************************************
    * Consumed memory : 202702848/832045056
    * #objects cached : 495
    * #ro created     : 830
    * #ro total       : 97532
    * time (ms)       : 41
    ************************************************
    ************************************************
    * Consumed memory : 202702848/832045056
    * #objects cached : 495
    * #ro created     : 841
    * #ro total       : 98373
    * time (ms)       : 44
    ************************************************
    ************************************************
    * Consumed memory : 202702848/832045056
    * #objects cached : 495
    * #ro created     : 931
    * #ro total       : 99305
    * time (ms)       : 40
    ************************************************
    ************************************************
    * Consumed memory : 202702848/832045056
    * #objects cached : 495
    * #ro created     : 1169
    * #ro total       : 100474
    * time (ms)       : 113
    ************************************************
    ************************************************
    * Consumed memory : 202702848/832045056
    * #objects cached : 495
    * #ro created     : 1398
    * #ro total       : 101874
    * time (ms)       : 120
    ************************************************
    ************************************************
    * Consumed memory : 203620352/832045056
    * #objects cached : 494
    * #ro created     : 1239
    * #ro total       : 103116
    * time (ms)       : 164
    ************************************************
    ************************************************
    * Consumed memory : 203620352/832045056
    * #objects cached : 494
    * #ro created     : 1042
    * #ro total       : 104158
    * time (ms)       : 42
    ************************************************
    ************************************************
    * Consumed memory : 203620352/832045056
    * #objects cached : 494
    * #ro created     : 984
    * #ro total       : 105142
    * time (ms)       : 31
    ************************************************
    ************************************************
    * Consumed memory : 203620352/832045056
    * #objects cached : 494
    * #ro created     : 909
    * #ro total       : 106052
    * time (ms)       : 32
    ************************************************
    ************************************************
    * Consumed memory : 203620352/832045056
    * #objects cached : 494
    * #ro created     : 1036
    * #ro total       : 107090
    * time (ms)       : 32
    ************************************************
c.getAttribute()==2
    ************************************************
    * Consumed memory : 203620352/832045056
    * #objects cached : 476
    * #ro created     : 1081
    * #ro total       : 108171
    * time (ms)       : 52
    ************************************************
    ************************************************
    * Consumed memory : 203620352/832045056
    * #objects cached : 475
    * #ro created     : 969
    * #ro total       : 109140
    * time (ms)       : 30
    ************************************************
    ************************************************
    * Consumed memory : 203620352/832045056
    * #objects cached : 503
    * #ro created     : 855
    * #ro total       : 109995
    * time (ms)       : 21
    ************************************************
    ************************************************
    * Consumed memory : 203620352/832045056
    * #objects cached : 503
    * #ro created     : 869
    * #ro total       : 110865
    * time (ms)       : 21
    ************************************************
    ************************************************
    * Consumed memory : 203620352/832045056
    * #objects cached : 503
    * #ro created     : 941
    * #ro total       : 111810
    * time (ms)       : 21
    ************************************************
    ************************************************
    * Consumed memory : 203620352/832045056
    * #objects cached : 503
    * #ro created     : 790
    * #ro total       : 112602
    * time (ms)       : 22
    ************************************************
    ************************************************
    * Consumed memory : 203620352/832045056
    * #objects cached : 504
    * #ro created     : 963
    * #ro total       : 113568
    * time (ms)       : 21
    ************************************************
Integer
    ************************************************
    * Consumed memory : 203620352/832045056
    * #objects cached : 504
    * #ro created     : 872
    * #ro total       : 114440
    * time (ms)       : 24
    ************************************************
    ************************************************
    * Consumed memory : 203620352/832045056
    * #objects cached : 503
    * #ro created     : 906
    * #ro total       : 115349
    * time (ms)       : 22
    ************************************************
    ************************************************
    * Consumed memory : 203620352/832045056
    * #objects cached : 503
    * #ro created     : 905
    * #ro total       : 116260
    * time (ms)       : 22
    ************************************************
    ************************************************
    * Consumed memory : 203620352/832045056
    * #objects cached : 503
    * #ro created     : 786
    * #ro total       : 117046
    * time (ms)       : 21
    ************************************************
    ************************************************
    * Consumed memory : 203620352/832045056
    * #objects cached : 503
    * #ro created     : 785
    * #ro total       : 117831
    * time (ms)       : 22
    ************************************************
    ************************************************
    * Consumed memory : 203620352/832045056
    * #objects cached : 503
    * #ro created     : 785
    * #ro total       : 118616
    * time (ms)       : 20
    ************************************************
    ************************************************
    * Consumed memory : 203161600/832045056
    * #objects cached : 503
    * #ro created     : 965
    * #ro total       : 119581
    * time (ms)       : 157
    ************************************************
    ************************************************
    * Consumed memory : 203161600/832045056
    * #objects cached : 503
    * #ro created     : 1007
    * #ro total       : 120594
    * time (ms)       : 41
    ************************************************
    ************************************************
    * Consumed memory : 203161600/832045056
    * #objects cached : 503
    * #ro created     : 1127
    * #ro total       : 121729
    * time (ms)       : 42
    ************************************************
    ************************************************
    * Consumed memory : 203161600/832045056
    * #objects cached : 503
    * #ro created     : 1292
    * #ro total       : 123023
    * time (ms)       : 63
    ************************************************
    ************************************************
    * Consumed memory : 203161600/832045056
    * #objects cached : 503
    * #ro created     : 1094
    * #ro total       : 124119
    * time (ms)       : 42
    ************************************************
    ************************************************
    * Consumed memory : 203161600/832045056
    * #objects cached : 506
    * #ro created     : 1212
    * #ro total       : 125333
    * time (ms)       : 47
    ************************************************
    ************************************************
    * Consumed memory : 203161600/832045056
    * #objects cached : 506
    * #ro created     : 1513
    * #ro total       : 126851
    * time (ms)       : 83
    ************************************************
    ************************************************
    * Consumed memory : 203161600/832045056
    * #objects cached : 506
    * #ro created     : 1533
    * #ro total       : 128388
    * time (ms)       : 104
    ************************************************
    ************************************************
    * Consumed memory : 203161600/832045056
    * #objects cached : 506
    * #ro created     : 1327
    * #ro total       : 129718
    * time (ms)       : 57
    ************************************************
    ************************************************
    * Consumed memory : 203161600/832045056
    * #objects cached : 506
    * #ro created     : 1328
    * #ro total       : 131050
    * time (ms)       : 73
    ************************************************
    ************************************************
    * Consumed memory : 203161600/832045056
    * #objects cached : 507
    * #ro created     : 1214
    * #ro total       : 132264
    * time (ms)       : 95
    ************************************************
    ************************************************
    * Consumed memory : 203620352/832045056
    * #objects cached : 506
    * #ro created     : 1719
    * #ro total       : 133983
    * time (ms)       : 328
    ************************************************
    ************************************************
    * Consumed memory : 203620352/832045056
    * #objects cached : 506
    * #ro created     : 885
    * #ro total       : 134868
    * time (ms)       : 44
    ************************************************
    ************************************************
    * Consumed memory : 203620352/832045056
    * #objects cached : 506
    * #ro created     : 1079
    * #ro total       : 135947
    * time (ms)       : 45
    ************************************************
    ************************************************
    * Consumed memory : 203620352/832045056
    * #objects cached : 506
    * #ro created     : 884
    * #ro total       : 136831
    * time (ms)       : 42
    ************************************************
    ************************************************
    * Consumed memory : 203620352/832045056
    * #objects cached : 506
    * #ro created     : 1440
    * #ro total       : 138271
    * time (ms)       : 106
    ************************************************
    ************************************************
    * Consumed memory : 203620352/832045056
    * #objects cached : 507
    * #ro created     : 1204
    * #ro total       : 139475
    * time (ms)       : 82
    ************************************************
    ************************************************
    * Consumed memory : 203620352/832045056
    * #objects cached : 506
    * #ro created     : 892
    * #ro total       : 140367
    * time (ms)       : 51
    ************************************************
    ************************************************
    * Consumed memory : 203620352/832045056
    * #objects cached : 506
    * #ro created     : 1493
    * #ro total       : 141860
    * time (ms)       : 106
    ************************************************
    ************************************************
    * Consumed memory : 203620352/832045056
    * #objects cached : 507
    * #ro created     : 1211
    * #ro total       : 143071
    * time (ms)       : 121
    ************************************************
    ************************************************
    * Consumed memory : 203620352/832045056
    * #objects cached : 506
    * #ro created     : 1179
    * #ro total       : 144250
    * time (ms)       : 83
    ************************************************
    ************************************************
    * Consumed memory : 203358208/832045056
    * #objects cached : 505
    * #ro created     : 1137
    * #ro total       : 145387
    * time (ms)       : 148
    ************************************************
4
    ************************************************
    * Consumed memory : 203358208/832045056
    * #objects cached : 483
    * #ro created     : 1435
    * #ro total       : 146822
    * time (ms)       : 138
    ************************************************
    ************************************************
    * Consumed memory : 203358208/832045056
    * #objects cached : 484
    * #ro created     : 764
    * #ro total       : 147586
    * time (ms)       : 17
    ************************************************
    ************************************************
    * Consumed memory : 203358208/832045056
    * #objects cached : 484
    * #ro created     : 934
    * #ro total       : 148520
    * time (ms)       : 37
    ************************************************
    ************************************************
    * Consumed memory : 203358208/832045056
    * #objects cached : 484
    * #ro created     : 935
    * #ro total       : 149455
    * time (ms)       : 36
    ************************************************
    ************************************************
    * Consumed memory : 203358208/832045056
    * #objects cached : 484
    * #ro created     : 908
    * #ro total       : 150363
    * time (ms)       : 38
    ************************************************
    ************************************************
    * Consumed memory : 203358208/832045056
    * #objects cached : 484
    * #ro created     : 960
    * #ro total       : 151323
    * time (ms)       : 37
    ************************************************
    ************************************************
    * Consumed memory : 203358208/832045056
    * #objects cached : 471
    * #ro created     : 886
    * #ro total       : 152209
    * time (ms)       : 37
    ************************************************
    ************************************************
    * Consumed memory : 203358208/832045056
    * #objects cached : 471
    * #ro created     : 962
    * #ro total       : 153171
    * time (ms)       : 38
    ************************************************
    ************************************************
    * Consumed memory : 203358208/832045056
    * #objects cached : 471
    * #ro created     : 756
    * #ro total       : 153927
    * time (ms)       : 38
    ************************************************
    ************************************************
    * Consumed memory : 203358208/832045056
    * #objects cached : 471
    * #ro created     : 796
    * #ro total       : 154723
    * time (ms)       : 39
    ************************************************
    ************************************************
    * Consumed memory : 203358208/832045056
    * #objects cached : 471
    * #ro created     : 997
    * #ro total       : 155720
    * time (ms)       : 37
    ************************************************
    ************************************************
    * Consumed memory : 203358208/832045056
    * #objects cached : 479
    * #ro created     : 788
    * #ro total       : 156508
    * time (ms)       : 41
    ************************************************
    ************************************************
    * Consumed memory : 203358208/832045056
    * #objects cached : 479
    * #ro created     : 782
    * #ro total       : 157290
    * time (ms)       : 53
    ************************************************
    ************************************************
    * Consumed memory : 203358208/832045056
    * #objects cached : 479
    * #ro created     : 774
    * #ro total       : 158064
    * time (ms)       : 88
    ************************************************
    ************************************************
    * Consumed memory : 203358208/832045056
    * #objects cached : 479
    * #ro created     : 774
    * #ro total       : 158838
    * time (ms)       : 39
    ************************************************
    ************************************************
    * Consumed memory : 203358208/832045056
    * #objects cached : 479
    * #ro created     : 772
    * #ro total       : 159610
    * time (ms)       : 31
    ************************************************
    ************************************************
    * Consumed memory : 203358208/832045056
    * #objects cached : 477
    * #ro created     : 765
    * #ro total       : 160375
    * time (ms)       : 18
    ************************************************
    ************************************************
    * Consumed memory : 203358208/832045056
    * #objects cached : 477
    * #ro created     : 765
    * #ro total       : 161140
    * time (ms)       : 19
    ************************************************
    ************************************************
    * Consumed memory : 203358208/832045056
    * #objects cached : 477
    * #ro created     : 767
    * #ro total       : 161907
    * time (ms)       : 18
    ************************************************
    ************************************************
    * Consumed memory : 203358208/832045056
    * #objects cached : 477
    * #ro created     : 769
    * #ro total       : 162676
    * time (ms)       : 18
    ************************************************
    ************************************************
    * Consumed memory : 203685888/832045056
    * #objects cached : 478
    * #ro created     : 896
    * #ro total       : 163573
    * time (ms)       : 89
    ************************************************
    ************************************************
    * Consumed memory : 203685888/832045056
    * #objects cached : 478
    * #ro created     : 964
    * #ro total       : 164539
    * time (ms)       : 20
    ************************************************
1000
    ************************************************
    * Consumed memory : 193593344/832045056
    * #objects cached : 469
    * #ro created     : 9075
    * #ro total       : 173614
    * time (ms)       : 1803
    ************************************************
    ************************************************
    * Consumed memory : 193593344/832045056
    * #objects cached : 494
    * #ro created     : 802
    * #ro total       : 174416
    * time (ms)       : 19
    ************************************************
    ************************************************
    * Consumed memory : 193593344/832045056
    * #objects cached : 494
    * #ro created     : 813
    * #ro total       : 175229
    * time (ms)       : 23
    ************************************************
    ************************************************
    * Consumed memory : 193593344/832045056
    * #objects cached : 493
    * #ro created     : 807
    * #ro total       : 176036
    * time (ms)       : 17
    ************************************************
    ************************************************
    * Consumed memory : 193593344/832045056
    * #objects cached : 493
    * #ro created     : 809
    * #ro total       : 176845
    * time (ms)       : 18
    ************************************************
    ************************************************
    * Consumed memory : 193593344/832045056
    * #objects cached : 493
    * #ro created     : 802
    * #ro total       : 177647
    * time (ms)       : 18
    ************************************************
[kermeta::language::structure::EnumerationLiteral:178385]
rouge
vert
    ************************************************
    * Consumed memory : 193593344/832045056
    * #objects cached : 502
    * #ro created     : 952
    * #ro total       : 178599
    * time (ms)       : 51
    ************************************************
    ************************************************
    * Consumed memory : 193593344/832045056
    * #objects cached : 492
    * #ro created     : 796
    * #ro total       : 179395
    * time (ms)       : 16
    ************************************************
    ************************************************
    * Consumed memory : 193593344/832045056
    * #objects cached : 492
    * #ro created     : 796
    * #ro total       : 180191
    * time (ms)       : 16
    ************************************************
    ************************************************
    * Consumed memory : 193593344/832045056
    * #objects cached : 517
    * #ro created     : 998
    * #ro total       : 181189
    * time (ms)       : 46
    ************************************************
    ************************************************
    * Consumed memory : 193593344/832045056
    * #objects cached : 493
    * #ro created     : 802
    * #ro total       : 181991
    * time (ms)       : 18
    ************************************************
[kermeta::language::structure::EnumerationLiteral:182715][kermeta::language::structure::EnumerationLiteral:182715]
    ************************************************
    * Consumed memory : 193593344/832045056
    * #objects cached : 498
    * #ro created     : 927
    * #ro total       : 182918
    * time (ms)       : 40
    ************************************************
    ************************************************
    * Consumed memory : 204800000/832045056
    * #objects cached : 473
    * #ro created     : 807
    * #ro total       : 183725
    * time (ms)       : 191
    ************************************************
    ************************************************
    * Consumed memory : 204800000/832045056
    * #objects cached : 473
    * #ro created     : 796
    * #ro total       : 184521
    * time (ms)       : 43
    ************************************************
    ************************************************
    * Consumed memory : 204800000/832045056
    * #objects cached : 473
    * #ro created     : 825
    * #ro total       : 185346
    * time (ms)       : 96
    ************************************************
    ************************************************
    * Consumed memory : 204800000/832045056
    * #objects cached : 473
    * #ro created     : 811
    * #ro total       : 186157
    * time (ms)       : 53
    ************************************************
    ************************************************
    * Consumed memory : 204800000/832045056
    * #objects cached : 473
    * #ro created     : 765
    * #ro total       : 186922
    * time (ms)       : 18
    ************************************************
    ************************************************
    * Consumed memory : 204800000/832045056
    * #objects cached : 472
    * #ro created     : 766
    * #ro total       : 187688
    * time (ms)       : 21
    ************************************************
    ************************************************
    * Consumed memory : 204800000/832045056
    * #objects cached : 480
    * #ro created     : 784
    * #ro total       : 188472
    * time (ms)       : 35
    ************************************************
un
deux
trois
    ************************************************
    * Consumed memory : 204800000/832045056
    * #objects cached : 481
    * #ro created     : 782
    * #ro total       : 189254
    * time (ms)       : 19
    ************************************************
one
two
three
    ************************************************
    * Consumed memory : 204800000/832045056
    * #objects cached : 481
    * #ro created     : 782
    * #ro total       : 190036
    * time (ms)       : 19
    ************************************************
    ************************************************
    * Consumed memory : 204800000/832045056
    * #objects cached : 481
    * #ro created     : 797
    * #ro total       : 190833
    * time (ms)       : 21
    ************************************************
    ************************************************
    * Consumed memory : 204800000/832045056
    * #objects cached : 481
    * #ro created     : 805
    * #ro total       : 191638
    * time (ms)       : 24
    ************************************************
    ************************************************
    * Consumed memory : 204800000/832045056
    * #objects cached : 481
    * #ro created     : 790
    * #ro total       : 192428
    * time (ms)       : 18
    ************************************************
    ************************************************
    * Consumed memory : 204800000/832045056
    * #objects cached : 481
    * #ro created     : 792
    * #ro total       : 193220
    * time (ms)       : 19
    ************************************************
    ************************************************
    * Consumed memory : 204800000/832045056
    * #objects cached : 484
    * #ro created     : 929
    * #ro total       : 194149
    * time (ms)       : 79
    ************************************************
    ************************************************
    * Consumed memory : 198443008/832045056
    * #objects cached : 483
    * #ro created     : 892
    * #ro total       : 195041
    * time (ms)       : 134
    ************************************************
before add
after add
    ************************************************
    * Consumed memory : 198443008/832045056
    * #objects cached : 471
    * #ro created     : 804
    * #ro total       : 195845
    * time (ms)       : 29
    ************************************************
before add
after add
    ************************************************
    * Consumed memory : 198443008/832045056
    * #objects cached : 473
    * #ro created     : 924
    * #ro total       : 196769
    * time (ms)       : 27
    ************************************************
ERROR  setEntryPoint, Cannot find entry @mainOperation 'op2' in @mainClass 'testContainsInCollection::Main'
22548 [main] ERROR KMT.launcher  - Cannot find entry @mainOperation 'op2' in @mainClass 'testContainsInCollection::Main'
    ************************************************
    * Consumed memory : 198443008/832045056
    * #objects cached : 474
    * #ro created     : 988
    * #ro total       : 197757
    * time (ms)       : 21
    ************************************************
ERROR  setEntryPoint, Cannot find entry @mainOperation 'op2' in @mainClass 'testContainsInCollection::Main'
22569 [main] ERROR KMT.launcher  - Cannot find entry @mainOperation 'op2' in @mainClass 'testContainsInCollection::Main'
    ************************************************
    * Consumed memory : 198443008/832045056
    * #objects cached : 474
    * #ro created     : 908
    * #ro total       : 198665
    * time (ms)       : 21
    ************************************************
ERROR  setEntryPoint, Cannot find entry @mainOperation 'op2' in @mainClass 'testContainsInCollection::Main'
22591 [main] ERROR KMT.launcher  - Cannot find entry @mainOperation 'op2' in @mainClass 'testContainsInCollection::Main'
    ************************************************
    * Consumed memory : 198443008/832045056
    * #objects cached : 474
    * #ro created     : 888
    * #ro total       : 199553
    * time (ms)       : 20
    ************************************************
ERROR  setEntryPoint, Cannot find entry @mainOperation 'op2' in @mainClass 'testContainsInCollection::Main'
22611 [main] ERROR KMT.launcher  - Cannot find entry @mainOperation 'op2' in @mainClass 'testContainsInCollection::Main'
    ************************************************
    * Consumed memory : 198443008/832045056
    * #objects cached : 476
    * #ro created     : 867
    * #ro total       : 200420
    * time (ms)       : 21
    ************************************************
ERROR  setEntryPoint, Cannot find entry @mainOperation 'op2' in @mainClass 'testContainsInCollection::Main'
22634 [main] ERROR KMT.launcher  - Cannot find entry @mainOperation 'op2' in @mainClass 'testContainsInCollection::Main'
    ************************************************
    * Consumed memory : 198443008/832045056
    * #objects cached : 474
    * #ro created     : 869
    * #ro total       : 201293
    * time (ms)       : 23
    ************************************************
5    ************************************************
    * Consumed memory : 198443008/832045056
    * #objects cached : 494
    * #ro created     : 902
    * #ro total       : 202199
    * time (ms)       : 16
    ************************************************
    ************************************************
    * Consumed memory : 198443008/832045056
    * #objects cached : 495
    * #ro created     : 863
    * #ro total       : 203062
    * time (ms)       : 17
    ************************************************
    ************************************************
    * Consumed memory : 198443008/832045056
    * #objects cached : 494
    * #ro created     : 854
    * #ro total       : 203918
    * time (ms)       : 15
    ************************************************
    ************************************************
    * Consumed memory : 198443008/832045056
    * #objects cached : 495
    * #ro created     : 837
    * #ro total       : 204757
    * time (ms)       : 16
    ************************************************
    ************************************************
    * Consumed memory : 198443008/832045056
    * #objects cached : 494
    * #ro created     : 763
    * #ro total       : 205520
    * time (ms)       : 14
    ************************************************
    ************************************************
    * Consumed memory : 198443008/832045056
    * #objects cached : 494
    * #ro created     : 774
    * #ro total       : 206294
    * time (ms)       : 14
    ************************************************
    ************************************************
    * Consumed memory : 198443008/832045056
    * #objects cached : 495
    * #ro created     : 876
    * #ro total       : 207171
    * time (ms)       : 16
    ************************************************
    ************************************************
    * Consumed memory : 198443008/832045056
    * #objects cached : 495
    * #ro created     : 905
    * #ro total       : 208080
    * time (ms)       : 17
    ************************************************
    ************************************************
    * Consumed memory : 198443008/832045056
    * #objects cached : 495
    * #ro created     : 899
    * #ro total       : 208979
    * time (ms)       : 16
    ************************************************
    ************************************************
    * Consumed memory : 198443008/832045056
    * #objects cached : 495
    * #ro created     : 777
    * #ro total       : 209756
    * time (ms)       : 16
    ************************************************
    ************************************************
    * Consumed memory : 198443008/832045056
    * #objects cached : 495
    * #ro created     : 794
    * #ro total       : 210550
    * time (ms)       : 19
    ************************************************
    ************************************************
    * Consumed memory : 198443008/832045056
    * #objects cached : 495
    * #ro created     : 791
    * #ro total       : 211341
    * time (ms)       : 20
    ************************************************
    ************************************************
    * Consumed memory : 198443008/832045056
    * #objects cached : 495
    * #ro created     : 793
    * #ro total       : 212134
    * time (ms)       : 20
    ************************************************
    ************************************************
    * Consumed memory : 198443008/832045056
    * #objects cached : 495
    * #ro created     : 796
    * #ro total       : 212930
    * time (ms)       : 21
    ************************************************
    ************************************************
    * Consumed memory : 198443008/832045056
    * #objects cached : 495
    * #ro created     : 779
    * #ro total       : 213709
    * time (ms)       : 17
    ************************************************
    ************************************************
    * Consumed memory : 198443008/832045056
    * #objects cached : 495
    * #ro created     : 779
    * #ro total       : 214488
    * time (ms)       : 16
    ************************************************
    ************************************************
    * Consumed memory : 202702848/832045056
    * #objects cached : 495
    * #ro created     : 1428
    * #ro total       : 215916
    * time (ms)       : 183
    ************************************************
    ************************************************
    * Consumed memory : 202702848/832045056
    * #objects cached : 495
    * #ro created     : 1037
    * #ro total       : 216953
    * time (ms)       : 35
    ************************************************
    ************************************************
    * Consumed memory : 202702848/832045056
    * #objects cached : 495
    * #ro created     : 840
    * #ro total       : 217793
    * time (ms)       : 36
    ************************************************
    ************************************************
    * Consumed memory : 202702848/832045056
    * #objects cached : 495
    * #ro created     : 782
    * #ro total       : 218822
    * time (ms)       : 15
    ************************************************
    ************************************************
    * Consumed memory : 202702848/832045056
    * #objects cached : 495
    * #ro created     : 788
    * #ro total       : 219610
    * time (ms)       : 18
    ************************************************
*** First column (u) ***
Up
Up
Up
Compilation error
Up
Up
Compilation error: u.ctv(t)
Compilation error: u.ctv(m)
Up
*** Second column (d) ***
Compilation error: d.cv(t)
Down
Down
Down
Compilation error: d.inv(t)
Down
Down
Compilation error: d.ctv(t)
Compilation error: d.ctv(m)
Down
*** Third column (ud) ***
Down
Down
Down
Compilation error
Down
Down
Compilation error
Compilation error
Down
    ************************************************
    * Consumed memory : 202702848/832045056
    * #objects cached : 471
    * #ro created     : 1259
    * #ro total       : 220869
    * time (ms)       : 128
    ************************************************
This program counts types in UML2
getting UML2 package...got uml2 package
counting...done
There are 243 types in UML2
    ************************************************
    * Consumed memory : 203685888/832045056
    * #objects cached : 1824
    * #ro created     : 7679
    * #ro total       : 228548
    * time (ms)       : 504
    ************************************************
hello world!
    ************************************************
    * Consumed memory : 203685888/832045056
    * #objects cached : 505
    * #ro created     : 921
    * #ro total       : 229472
    * time (ms)       : 26
    ************************************************
4
    ************************************************
    * Consumed memory : 203685888/832045056
    * #objects cached : 505
    * #ro created     : 1182
    * #ro total       : 230657
    * time (ms)       : 26
    ************************************************
    ************************************************
    * Consumed memory : 203685888/832045056
    * #objects cached : 491
    * #ro created     : 780
    * #ro total       : 231438
    * time (ms)       : 16
    ************************************************
    ************************************************
    * Consumed memory : 203685888/832045056
    * #objects cached : 491
    * #ro created     : 1020
    * #ro total       : 232465
    * time (ms)       : 20
    ************************************************
    ************************************************
    * Consumed memory : 203685888/832045056
    * #objects cached : 491
    * #ro created     : 841
    * #ro total       : 233309
    * time (ms)       : 19
    ************************************************
    ************************************************
    * Consumed memory : 203685888/832045056
    * #objects cached : 491
    * #ro created     : 900
    * #ro total       : 234211
    * time (ms)       : 19
    ************************************************
    ************************************************
    * Consumed memory : 203685888/832045056
    * #objects cached : 498
    * #ro created     : 856
    * #ro total       : 235069
    * time (ms)       : 17
    ************************************************
    ************************************************
    * Consumed memory : 203685888/832045056
    * #objects cached : 492
    * #ro created     : 904
    * #ro total       : 235974
    * time (ms)       : 17
    ************************************************
    ************************************************
    * Consumed memory : 203685888/832045056
    * #objects cached : 491
    * #ro created     : 967
    * #ro total       : 236945
    * time (ms)       : 19
    ************************************************
    ************************************************
    * Consumed memory : 203685888/832045056
    * #objects cached : 491
    * #ro created     : 832
    * #ro total       : 237780
    * time (ms)       : 25
    ************************************************
    ************************************************
    * Consumed memory : 203685888/832045056
    * #objects cached : 491
    * #ro created     : 1030
    * #ro total       : 238817
    * time (ms)       : 24
    ************************************************
    ************************************************
    * Consumed memory : 203685888/832045056
    * #objects cached : 491
    * #ro created     : 807
    * #ro total       : 239627
    * time (ms)       : 21
    ************************************************
    ************************************************
    * Consumed memory : 203685888/832045056
    * #objects cached : 495
    * #ro created     : 1150
    * #ro total       : 240780
    * time (ms)       : 61
    ************************************************
1237
    ************************************************
    * Consumed memory : 203489280/832045056
    * #objects cached : 460
    * #ro created     : 790
    * #ro total       : 241589
    * time (ms)       : 121
    ************************************************
ERROR  setEntryPoint, Cannot find entry @mainOperation 'createMyObject' in @mainClass 'testOpCallObject::MyObjectCreation'
24311 [main] ERROR KMT.launcher  - Cannot find entry @mainOperation 'createMyObject' in @mainClass 'testOpCallObject::MyObjectCreation'
testifvoid is false
testif metaclass void is false
test  class [kermeta::language::structure::ClassDefinition:241591]
[testOpCallObject::MyObject:242383]
    ************************************************
    * Consumed memory : 203489280/832045056
    * #objects cached : 478
    * #ro created     : 1278
    * #ro total       : 242868
    * time (ms)       : 46
    ************************************************
    ************************************************
    * Consumed memory : 203489280/832045056
    * #objects cached : 472
    * #ro created     : 758
    * #ro total       : 243626
    * time (ms)       : 16
    ************************************************
    ************************************************
    * Consumed memory : 203489280/832045056
    * #objects cached : 472
    * #ro created     : 938
    * #ro total       : 244564
    * time (ms)       : 16
    ************************************************
ERROR  setEntryPoint, Cannot find entry @mainOperation 'createMyObjects' in @mainClass 'testAttributes::MyObjectsCreation'
24389 [main] ERROR KMT.launcher  - Cannot find entry @mainOperation 'createMyObjects' in @mainClass 'testAttributes::MyObjectsCreation'
    ************************************************
    * Consumed memory : 203489280/832045056
    * #objects cached : 471
    * #ro created     : 882
    * #ro total       : 245450
    * time (ms)       : 19
    ************************************************
    ************************************************
    * Consumed memory : 203489280/832045056
    * #objects cached : 483
    * #ro created     : 1452
    * #ro total       : 246902
    * time (ms)       : 82
    ************************************************
    ************************************************
    * Consumed memory : 203489280/832045056
    * #objects cached : 483
    * #ro created     : 1184
    * #ro total       : 248089
    * time (ms)       : 60
    ************************************************
    ************************************************
    * Consumed memory : 203489280/832045056
    * #objects cached : 483
    * #ro created     : 1403
    * #ro total       : 249495
    * time (ms)       : 81
    ************************************************
    ************************************************
    * Consumed memory : 203489280/832045056
    * #objects cached : 483
    * #ro created     : 1642
    * #ro total       : 251140
    * time (ms)       : 103
    ************************************************
    ************************************************
    * Consumed memory : 204144640/832045056
    * #objects cached : 483
    * #ro created     : 958
    * #ro total       : 252098
    * time (ms)       : 121
    ************************************************
    ************************************************
    * Consumed memory : 204144640/832045056
    * #objects cached : 483
    * #ro created     : 1195
    * #ro total       : 253293
    * time (ms)       : 108
    ************************************************
    ************************************************
    * Consumed memory : 204144640/832045056
    * #objects cached : 494
    * #ro created     : 2326
    * #ro total       : 255622
    * time (ms)       : 241
    ************************************************
    ************************************************
    * Consumed memory : 204931072/832045056
    * #objects cached : 484
    * #ro created     : 1145
    * #ro total       : 256785
    * time (ms)       : 209
    ************************************************
    ************************************************
    * Consumed memory : 204931072/832045056
    * #objects cached : 484
    * #ro created     : 931
    * #ro total       : 257716
    * time (ms)       : 172
    ************************************************
    ************************************************
    * Consumed memory : 204931072/832045056
    * #objects cached : 482
    * #ro created     : 801
    * #ro total       : 258517
    * time (ms)       : 19
    ************************************************
    ************************************************
    * Consumed memory : 204931072/832045056
    * #objects cached : 483
    * #ro created     : 810
    * #ro total       : 259327
    * time (ms)       : 46
    ************************************************
    ************************************************
    * Consumed memory : 204931072/832045056
    * #objects cached : 485
    * #ro created     : 902
    * #ro total       : 260229
    * time (ms)       : 112
    ************************************************
    ************************************************
    * Consumed memory : 204931072/832045056
    * #objects cached : 485
    * #ro created     : 891
    * #ro total       : 261120
    * time (ms)       : 85
    ************************************************
    ************************************************
    * Consumed memory : 204931072/832045056
    * #objects cached : 485
    * #ro created     : 921
    * #ro total       : 262041
    * time (ms)       : 65
    ************************************************
12
    ************************************************
    * Consumed memory : 204931072/832045056
    * #objects cached : 462
    * #ro created     : 703
    * #ro total       : 262744
    * time (ms)       : 9
    ************************************************
setUp called
param of callParametred1Param is : I am the test 1
    ************************************************
    * Consumed memory : 204931072/832045056
    * #objects cached : 483
    * #ro created     : 772
    * #ro total       : 263516
    * time (ms)       : 15
    ************************************************
setUp called
param of callParametred2param :I am first param of test 2 and 3
    ************************************************
    * Consumed memory : 204931072/832045056
    * #objects cached : 483
    * #ro created     : 777
    * #ro total       : 264293
    * time (ms)       : 16
    ************************************************
setUp called
    ************************************************
    * Consumed memory : 204931072/832045056
    * #objects cached : 487
    * #ro created     : 762
    * #ro total       : 265055
    * time (ms)       : 29
    ************************************************
setUp called
    ************************************************
    * Consumed memory : 204931072/832045056
    * #objects cached : 479
    * #ro created     : 736
    * #ro total       : 265791
    * time (ms)       : 11
    ************************************************
setUp called
    ************************************************
    * Consumed memory : 198705152/832045056
    * #objects cached : 500
    * #ro created     : 852
    * #ro total       : 266643
    * time (ms)       : 51
    ************************************************
setUp called
    ************************************************
    * Consumed memory : 198705152/832045056
    * #objects cached : 494
    * #ro created     : 854
    * #ro total       : 267497
    * time (ms)       : 23
    ************************************************
    ************************************************
    * Consumed memory : 198705152/832045056
    * #objects cached : 476
    * #ro created     : 761
    * #ro total       : 268258
    * time (ms)       : 15
    ************************************************
    ************************************************
    * Consumed memory : 198705152/832045056
    * #objects cached : 477
    * #ro created     : 762
    * #ro total       : 269020
    * time (ms)       : 14
    ************************************************
    ************************************************
    * Consumed memory : 198705152/832045056
    * #objects cached : 471
    * #ro created     : 714
    * #ro total       : 269734
    * time (ms)       : 9
    ************************************************
    ************************************************
    * Consumed memory : 198705152/832045056
    * #objects cached : 477
    * #ro created     : 797
    * #ro total       : 270531
    * time (ms)       : 27
    ************************************************
    ************************************************
    * Consumed memory : 198705152/832045056
    * #objects cached : 494
    * #ro created     : 834
    * #ro total       : 271365
    * time (ms)       : 15
    ************************************************
    ************************************************
    * Consumed memory : 198705152/832045056
    * #objects cached : 488
    * #ro created     : 837
    * #ro total       : 272202
    * time (ms)       : 22
    ************************************************
[testHashtableObjectKey::MyKeyType:272941]
[testHashtableObjectKey::MyKeyType:272943]
[testHashtableObjectKey::MyKeyType:272933]
    ************************************************
    * Consumed memory : 198705152/832045056
    * #objects cached : 491
    * #ro created     : 958
    * #ro total       : 273160
    * time (ms)       : 49
    ************************************************
one
three
two
    ************************************************
    * Consumed memory : 198705152/832045056
    * #objects cached : 485
    * #ro created     : 848
    * #ro total       : 274008
    * time (ms)       : 38
    ************************************************
    ************************************************
    * Consumed memory : 198705152/832045056
    * #objects cached : 485
    * #ro created     : 875
    * #ro total       : 274883
    * time (ms)       : 46
    ************************************************
    ************************************************
    * Consumed memory : 198705152/832045056
    * #objects cached : 485
    * #ro created     : 884
    * #ro total       : 275767
    * time (ms)       : 48
    ************************************************
    ************************************************
    * Consumed memory : 198705152/832045056
    * #objects cached : 485
    * #ro created     : 860
    * #ro total       : 276627
    * time (ms)       : 38
    ************************************************
    ************************************************
    * Consumed memory : 198705152/832045056
    * #objects cached : 485
    * #ro created     : 862
    * #ro total       : 277489
    * time (ms)       : 39
    ************************************************
    ************************************************
    * Consumed memory : 198705152/832045056
    * #objects cached : 488
    * #ro created     : 995
    * #ro total       : 278484
    * time (ms)       : 87
    ************************************************
    ************************************************
    * Consumed memory : 204931072/832045056
    * #objects cached : 487
    * #ro created     : 970
    * #ro total       : 279454
    * time (ms)       : 125
    ************************************************
    ************************************************
    * Consumed memory : 204931072/832045056
    * #objects cached : 466
    * #ro created     : 699
    * #ro total       : 280153
    * time (ms)       : 9
    ************************************************
  ----- setup ---
hashcode on MyKeytype = 3737
hashcode on MyKeytype = 3079908
hashcode on MyKeytype = 110634651
[testHashtableObjectEqualsKey::MyKeyType:280887]
[testHashtableObjectEqualsKey::MyKeyType:280895]
[testHashtableObjectEqualsKey::MyKeyType:280897]
    ************************************************
    * Consumed memory : 204931072/832045056
    * #objects cached : 495
    * #ro created     : 945
    * #ro total       : 281098
    * time (ms)       : 48
    ************************************************
  ----- setup ---
hashcode on MyKeytype = 3737
hashcode on MyKeytype = 3079908
hashcode on MyKeytype = 110634651
one
two
three
    ************************************************
    * Consumed memory : 204931072/832045056
    * #objects cached : 487
    * #ro created     : 833
    * #ro total       : 281931
    * time (ms)       : 37
    ************************************************
  ----- setup ---
hashcode on MyKeytype = 3737
hashcode on MyKeytype = 3079908
hashcode on MyKeytype = 110634651
hashcode on MyKeytype = 3737
hashcode on MyKeytype = 3079908
hashcode on MyKeytype = 110634651
    ************************************************
    * Consumed memory : 204931072/832045056
    * #objects cached : 487
    * #ro created     : 872
    * #ro total       : 282803
    * time (ms)       : 51
    ************************************************
  ----- setup ---
hashcode on MyKeytype = 3737
hashcode on MyKeytype = 3079908
hashcode on MyKeytype = 110634651
hashcode on MyKeytype = 3737
hashcode on MyKeytype = 3079908
hashcode on MyKeytype = 110634651
    ************************************************
    * Consumed memory : 204931072/832045056
    * #objects cached : 487
    * #ro created     : 884
    * #ro total       : 283687
    * time (ms)       : 58
    ************************************************
  ----- setup ---
hashcode on MyKeytype = 3737
hashcode on MyKeytype = 3079908
hashcode on MyKeytype = 110634651
hashcode on MyKeytype = 3737
hashcode on MyKeytype = 3737
hashcode on MyKeytype = 3079908
hashcode on MyKeytype = -948816438
    ************************************************
    * Consumed memory : 204931072/832045056
    * #objects cached : 487
    * #ro created     : 885
    * #ro total       : 284572
    * time (ms)       : 55
    ************************************************
  ----- setup ---
hashcode on MyKeytype = 3737
hashcode on MyKeytype = 3079908
hashcode on MyKeytype = 110634651
hashcode on MyKeytype = 3079908
    ************************************************
    * Consumed memory : 204931072/832045056
    * #objects cached : 487
    * #ro created     : 849
    * #ro total       : 285421
    * time (ms)       : 40
    ************************************************
  ----- setup ---
hashcode on MyKeytype = 3737
hashcode on MyKeytype = 3079908
hashcode on MyKeytype = 110634651
hashcode on MyKeytype = 3737
    ************************************************
    * Consumed memory : 204931072/832045056
    * #objects cached : 487
    * #ro created     : 851
    * #ro total       : 286272
    * time (ms)       : 39
    ************************************************
  ----- setup ---
hashcode on MyKeytype = 3737
hashcode on MyKeytype = 3079908
hashcode on MyKeytype = 110634651
hashcode on MyKeytype = 3737
hashcode on MyKeytype = 3079908
hashcode on MyKeytype = 110634651
hashcode on MyKeytype = 3737
hashcode on MyKeytype = 3079908
hashcode on MyKeytype = 110634651
hashcode on MyKeytype = 3737
hashcode on MyKeytype = 3079908
hashcode on MyKeytype = 110634651
hashcode on MyKeytype = 3737
hashcode on MyKeytype = 3079908
hashcode on MyKeytype = 110634651
    ************************************************
    * Consumed memory : 204931072/832045056
    * #objects cached : 490
    * #ro created     : 1028
    * #ro total       : 287300
    * time (ms)       : 176
    ************************************************
  ----- setup ---
hashcode on MyKeytype = 3737
hashcode on MyKeytype = 3079908
hashcode on MyKeytype = 110634651
    ************************************************
    * Consumed memory : 204931072/832045056
    * #objects cached : 489
    * #ro created     : 1232
    * #ro total       : 288535
    * time (ms)       : 223
    ************************************************
  ----- setup ---
hashcode on MyKeytype = 3737
hashcode on MyKeytype = 3079908
hashcode on MyKeytype = 110634651
    ************************************************
    * Consumed memory : 204931072/832045056
    * #objects cached : 489
    * #ro created     : 1869
    * #ro total       : 290410
    * time (ms)       : 208
    ************************************************
5
    ************************************************
    * Consumed memory : 204931072/832045056
    * #objects cached : 461
    * #ro created     : 697
    * #ro total       : 291107
    * time (ms)       : 9
    ************************************************
-----------------------------------------------------------
TEST SIMPLE CLONE
Construction d'un message m1 
Message OID : 291832
 - body : Bonjour les amis
 - size : 10
 - isRead : true
 - priority : [kermeta::language::structure::EnumerationLiteral:291835]
 - receivers : []
 - owner : 291748
Clonage du message m1 (-> m2)
Message OID : 292032
 - body : Bonjour les amis
 - size : 10
 - isRead : true
 - priority : [kermeta::language::structure::EnumerationLiteral:291835]
 - receivers : []
 - owner : 291748
-----------------------------------------------------------
TEST CLONE ON REFERENCE [0..*]
Construction d'un message m3 
Message OID : 292102
 - body : Damn right, I've got the Blues
 - size : 10
 - isRead : true
 - priority : [kermeta::language::structure::EnumerationLiteral:291835]
 - receivers : []
 - owner : 291748
Construction d'un utilisateur u1
User OID : 292150
 - firstname : Franck
 - lastname : Chauvel
 - message box : [291832 292102 ]
Construction d'un utilisateur u2
User OID : 292200
 - firstname : Robert
 - lastname : Johnson
 - message box : [291832 292102 ]
Construction d'un utilisateur u3, clone de u1
User OID : 292228
 - firstname : Franck
 - lastname : Chauvel
 - message box : []
-----------------------------------------------------------
TEST CLONE ON ATTRIBUTE [0..*]
Construction d'un pool de messages mp1 
Message Pool OID : 292257
Message OID : 291832
 - body : Bonjour les amis
 - size : 10
 - isRead : true
 - priority : [kermeta::language::structure::EnumerationLiteral:291835]
 - receivers : [292150 292200 ]
 - owner : 292257
Message OID : 292102
 - body : Damn right, I've got the Blues
 - size : 10
 - isRead : true
 - priority : [kermeta::language::structure::EnumerationLiteral:291835]
 - receivers : [292150 292200 ]
 - owner : 292257
Construction d'un pool de messages mp2 clone de mp1 
Message Pool OID : 292377
Message OID : 292379
 - body : Bonjour les amis
 - size : 10
 - isRead : true
 - priority : [kermeta::language::structure::EnumerationLiteral:291835]
 - receivers : []
 - owner : 292377
Message OID : 292384
 - body : Damn right, I've got the Blues
 - size : 10
 - isRead : true
 - priority : [kermeta::language::structure::EnumerationLiteral:291835]
 - receivers : []
 - owner : 292377
-----------------------------------------------------------
TEST UPDATE OPPOSITE REFERENCE
Have u1, a new message in its messagebox ?
User OID : 292150
 - firstname : Franck
 - lastname : Chauvel
 - message box : [291832 292102 ]
-----------------------------------------------------------
That's all folks ! 
    ************************************************
    * Consumed memory : 204931072/832045056
    * #objects cached : 500
    * #ro created     : 1440
    * #ro total       : 292547
    * time (ms)       : 364
    ************************************************
    ************************************************
    * Consumed memory : 204931072/832045056
    * #objects cached : 479
    * #ro created     : 773
    * #ro total       : 293320
    * time (ms)       : 16
    ************************************************
    ************************************************
    * Consumed memory : 204931072/832045056
    * #objects cached : 490
    * #ro created     : 870
    * #ro total       : 294190
    * time (ms)       : 87
    ************************************************
    ************************************************
    * Consumed memory : 204931072/832045056
    * #objects cached : 480
    * #ro created     : 782
    * #ro total       : 294972
    * time (ms)       : 18
    ************************************************
    ************************************************
    * Consumed memory : 204931072/832045056
    * #objects cached : 489
    * #ro created     : 839
    * #ro total       : 295811
    * time (ms)       : 61
    ************************************************
    ************************************************
    * Consumed memory : 204931072/832045056
    * #objects cached : 477
    * #ro created     : 767
    * #ro total       : 296578
    * time (ms)       : 15
    ************************************************
    ************************************************
    * Consumed memory : 204931072/832045056
    * #objects cached : 477
    * #ro created     : 757
    * #ro total       : 297335
    * time (ms)       : 13
    ************************************************
38
    ************************************************
    * Consumed memory : 204931072/832045056
    * #objects cached : 466
    * #ro created     : 760
    * #ro total       : 298095
    * time (ms)       : 17
    ************************************************
12
    ************************************************
    * Consumed memory : 204931072/832045056
    * #objects cached : 464
    * #ro created     : 705
    * #ro total       : 298800
    * time (ms)       : 9
    ************************************************
    ************************************************
    * Consumed memory : 204931072/832045056
    * #objects cached : 488
    * #ro created     : 766
    * #ro total       : 299566
    * time (ms)       : 73
    ************************************************
    ************************************************
    * Consumed memory : 205193216/832045056
    * #objects cached : 488
    * #ro created     : 766
    * #ro total       : 300332
    * time (ms)       : 45
    ************************************************
    ************************************************
    * Consumed memory : 205193216/832045056
    * #objects cached : 488
    * #ro created     : 1270
    * #ro total       : 301604
    * time (ms)       : 54
    ************************************************
    ************************************************
    * Consumed memory : 205193216/832045056
    * #objects cached : 488
    * #ro created     : 803
    * #ro total       : 302411
    * time (ms)       : 13
    ************************************************
    ************************************************
    * Consumed memory : 205193216/832045056
    * #objects cached : 488
    * #ro created     : 921
    * #ro total       : 303337
    * time (ms)       : 14
    ************************************************
    ************************************************
    * Consumed memory : 205193216/832045056
    * #objects cached : 488
    * #ro created     : 841
    * #ro total       : 304179
    * time (ms)       : 14
    ************************************************
    ************************************************
    * Consumed memory : 205193216/832045056
    * #objects cached : 488
    * #ro created     : 869
    * #ro total       : 305052
    * time (ms)       : 14
    ************************************************
    ************************************************
    * Consumed memory : 205193216/832045056
    * #objects cached : 488
    * #ro created     : 1429
    * #ro total       : 306486
    * time (ms)       : 74
    ************************************************
    ************************************************
    * Consumed memory : 205193216/832045056
    * #objects cached : 488
    * #ro created     : 778
    * #ro total       : 307264
    * time (ms)       : 14
    ************************************************
    ************************************************
    * Consumed memory : 205193216/832045056
    * #objects cached : 488
    * #ro created     : 1277
    * #ro total       : 308542
    * time (ms)       : 54
    ************************************************
    ************************************************
    * Consumed memory : 205193216/832045056
    * #objects cached : 488
    * #ro created     : 833
    * #ro total       : 309378
    * time (ms)       : 14
    ************************************************
    ************************************************
    * Consumed memory : 205193216/832045056
    * #objects cached : 488
    * #ro created     : 952
    * #ro total       : 310333
    * time (ms)       : 14
    ************************************************
    ************************************************
    * Consumed memory : 205193216/832045056
    * #objects cached : 488
    * #ro created     : 773
    * #ro total       : 311106
    * time (ms)       : 14
    ************************************************
    ************************************************
    * Consumed memory : 205193216/832045056
    * #objects cached : 488
    * #ro created     : 822
    * #ro total       : 311931
    * time (ms)       : 14
    ************************************************
    ************************************************
    * Consumed memory : 205193216/832045056
    * #objects cached : 488
    * #ro created     : 1182
    * #ro total       : 313116
    * time (ms)       : 73
    ************************************************
    ************************************************
    * Consumed memory : 205193216/832045056
    * #objects cached : 488
    * #ro created     : 766
    * #ro total       : 313882
    * time (ms)       : 13
    ************************************************
    ************************************************
    * Consumed memory : 205193216/832045056
    * #objects cached : 488
    * #ro created     : 766
    * #ro total       : 314648
    * time (ms)       : 13
    ************************************************
    ************************************************
    * Consumed memory : 205193216/832045056
    * #objects cached : 488
    * #ro created     : 766
    * #ro total       : 315414
    * time (ms)       : 53
    ************************************************
    ************************************************
    * Consumed memory : 205193216/832045056
    * #objects cached : 488
    * #ro created     : 766
    * #ro total       : 316180
    * time (ms)       : 13
    ************************************************
    ************************************************
    * Consumed memory : 205193216/832045056
    * #objects cached : 488
    * #ro created     : 766
    * #ro total       : 316946
    * time (ms)       : 14
    ************************************************
    ************************************************
    * Consumed memory : 205193216/832045056
    * #objects cached : 488
    * #ro created     : 766
    * #ro total       : 317712
    * time (ms)       : 13
    ************************************************
    ************************************************
    * Consumed memory : 205193216/832045056
    * #objects cached : 488
    * #ro created     : 766
    * #ro total       : 318478
    * time (ms)       : 13
    ************************************************
    ************************************************
    * Consumed memory : 205193216/832045056
    * #objects cached : 488
    * #ro created     : 766
    * #ro total       : 319244
    * time (ms)       : 13
    ************************************************
12
    ************************************************
    * Consumed memory : 205193216/832045056
    * #objects cached : 461
    * #ro created     : 699
    * #ro total       : 319943
    * time (ms)       : 9
    ************************************************
0
-6
    ************************************************
    * Consumed memory : 205258752/832045056
    * #objects cached : 482
    * #ro created     : 785
    * #ro total       : 320728
    * time (ms)       : 75
    ************************************************
0-6    ************************************************
    * Consumed memory : 205258752/832045056
    * #objects cached : 482
    * #ro created     : 949
    * #ro total       : 321679
    * time (ms)       : 16
    ************************************************
Prepend_Append
    ************************************************
    * Consumed memory : 205258752/832045056
    * #objects cached : 482
    * #ro created     : 845
    * #ro total       : 322526
    * time (ms)       : 13
    ************************************************
Prependwithplus_Append
    ************************************************
    * Consumed memory : 205258752/832045056
    * #objects cached : 482
    * #ro created     : 795
    * #ro total       : 323322
    * time (ms)       : 14
    ************************************************
    ************************************************
    * Consumed memory : 205258752/832045056
    * #objects cached : 482
    * #ro created     : 935
    * #ro total       : 324263
    * time (ms)       : 13
    ************************************************
    ************************************************
    * Consumed memory : 205258752/832045056
    * #objects cached : 482
    * #ro created     : 790
    * #ro total       : 325055
    * time (ms)       : 13
    ************************************************
<void>
    ************************************************
    * Consumed memory : 205258752/832045056
    * #objects cached : 481
    * #ro created     : 842
    * #ro total       : 325899
    * time (ms)       : 12
    ************************************************
tititoto    ************************************************
    * Consumed memory : 205258752/832045056
    * #objects cached : 482
    * #ro created     : 934
    * #ro total       : 326837
    * time (ms)       : 14
    ************************************************
    ************************************************
    * Consumed memory : 205258752/832045056
    * #objects cached : 486
    * #ro created     : 827
    * #ro total       : 327667
    * time (ms)       : 18
    ************************************************
    ************************************************
    * Consumed memory : 205258752/832045056
    * #objects cached : 482
    * #ro created     : 914
    * #ro total       : 328586
    * time (ms)       : 14
    ************************************************
onj    ************************************************
    * Consumed memory : 205258752/832045056
    * #objects cached : 482
    * #ro created     : 918
    * #ro total       : 329508
    * time (ms)       : 19
    ************************************************
    ************************************************
    * Consumed memory : 205258752/832045056
    * #objects cached : 482
    * #ro created     : 828
    * #ro total       : 330341
    * time (ms)       : 14
    ************************************************
    ************************************************
    * Consumed memory : 205258752/832045056
    * #objects cached : 482
    * #ro created     : 920
    * #ro total       : 331265
    * time (ms)       : 14
    ************************************************
    ************************************************
    * Consumed memory : 205258752/832045056
    * #objects cached : 482
    * #ro created     : 840
    * #ro total       : 332106
    * time (ms)       : 20
    ************************************************
3
    ************************************************
    * Consumed memory : 205258752/832045056
    * #objects cached : 482
    * #ro created     : 914
    * #ro total       : 333023
    * time (ms)       : 14
    ************************************************
testBackslashes s1


testBackslashes s2
\n
testBackslashes s3
\

testBackslashes s4
"
    ************************************************
    * Consumed memory : 205258752/832045056
    * #objects cached : 486
    * #ro created     : 1025
    * #ro total       : 334057
    * time (ms)       : 31
    ************************************************
    ************************************************
    * Consumed memory : 205258752/832045056
    * #objects cached : 486
    * #ro created     : 1339
    * #ro total       : 335400
    * time (ms)       : 59
    ************************************************
    ************************************************
    * Consumed memory : 205062144/832045056
    * #objects cached : 486
    * #ro created     : 5778
    * #ro total       : 341187
    * time (ms)       : 619
    ************************************************
    ************************************************
    * Consumed memory : 205062144/832045056
    * #objects cached : 486
    * #ro created     : 1029
    * #ro total       : 342221
    * time (ms)       : 29
    ************************************************
    ************************************************
    * Consumed memory : 205062144/832045056
    * #objects cached : 486
    * #ro created     : 952
    * #ro total       : 343177
    * time (ms)       : 23
    ************************************************
    ************************************************
    * Consumed memory : 205062144/832045056
    * #objects cached : 486
    * #ro created     : 1020
    * #ro total       : 344200
    * time (ms)       : 23
    ************************************************
    ************************************************
    * Consumed memory : 205062144/832045056
    * #objects cached : 486
    * #ro created     : 883
    * #ro total       : 345083
    * time (ms)       : 20
    ************************************************
    ************************************************
    * Consumed memory : 205062144/832045056
    * #objects cached : 486
    * #ro created     : 941
    * #ro total       : 346024
    * time (ms)       : 24
    ************************************************
    ************************************************
    * Consumed memory : 205062144/832045056
    * #objects cached : 486
    * #ro created     : 805
    * #ro total       : 346829
    * time (ms)       : 21
    ************************************************
    ************************************************
    * Consumed memory : 205062144/832045056
    * #objects cached : 486
    * #ro created     : 796
    * #ro total       : 347625
    * time (ms)       : 20
    ************************************************
    ************************************************
    * Consumed memory : 205062144/832045056
    * #objects cached : 477
    * #ro created     : 788
    * #ro total       : 348413
    * time (ms)       : 16
    ************************************************
    ************************************************
    * Consumed memory : 205062144/832045056
    * #objects cached : 484
    * #ro created     : 856
    * #ro total       : 349269
    * time (ms)       : 20
    ************************************************
    ************************************************
    * Consumed memory : 199557120/832045056
    * #objects cached : 494
    * #ro created     : 922
    * #ro total       : 350191
    * time (ms)       : 91
    ************************************************
exceptionA rescued
27 propagated
exceptionA rescued
exceptionA rescued
27 propagated
    ************************************************
    * Consumed memory : 199557120/832045056
    * #objects cached : 485
    * #ro created     : 2242
    * #ro total       : 352439
    * time (ms)       : 218
    ************************************************
]]></system-out>
  <system-err><![CDATA[Memory before interpreter : 133234688
Memory after interpreter : 133234688
Memory before interpreter : 133234688
Memory after interpreter : 133234688
Memory before interpreter : 133234688
Memory after interpreter : 133234688
Memory before interpreter : 133234688
Memory after interpreter : 133234688
Memory before interpreter : 133234688
Memory after interpreter : 133234688
Memory before interpreter : 133234688
Memory after interpreter : 132382720
Memory before interpreter : 132382720
Memory after interpreter : 132382720
Memory before interpreter : 132382720
Memory after interpreter : 132382720
Memory before interpreter : 132382720
Memory after interpreter : 132382720
Memory before interpreter : 132382720
Memory after interpreter : 132382720
Memory before interpreter : 132382720
Memory after interpreter : 132382720
Memory before interpreter : 132382720
Memory after interpreter : 132382720
Memory before interpreter : 132382720
Memory after interpreter : 132382720
Memory before interpreter : 132382720
Memory after interpreter : 132382720
Memory before interpreter : 132382720
Memory after interpreter : 132382720
Memory before interpreter : 132382720
Memory after interpreter : 132382720
Memory before interpreter : 132382720
Memory after interpreter : 132382720
Memory before interpreter : 132382720
Memory after interpreter : 132382720
Memory before interpreter : 132382720
Memory after interpreter : 132382720
Memory before interpreter : 132382720
Memory after interpreter : 132382720
Memory before interpreter : 132382720
Memory after interpreter : 132382720
Memory before interpreter : 132382720
Memory after interpreter : 132382720
Memory before interpreter : 132382720
Memory after interpreter : 132382720
Memory before interpreter : 132382720
Memory after interpreter : 132382720
Memory before interpreter : 132382720
Memory after interpreter : 132382720
Memory before interpreter : 132382720
Memory after interpreter : 132382720
Memory before interpreter : 132382720
Memory after interpreter : 132382720
Memory before interpreter : 132382720
Memory after interpreter : 132382720
Memory before interpreter : 132382720
Memory after interpreter : 132382720
Memory before interpreter : 132382720
Memory after interpreter : 132382720
Memory before interpreter : 132382720
Memory after interpreter : 132382720
Memory before interpreter : 132382720
Memory after interpreter : 132382720
Memory before interpreter : 202833920
Memory after interpreter : 202833920
Memory before interpreter : 202833920
Memory after interpreter : 202833920
Memory before interpreter : 202833920
Memory after interpreter : 202833920
Memory before interpreter : 202833920
Memory after interpreter : 202833920
Memory before interpreter : 202833920
Memory after interpreter : 202833920
Memory before interpreter : 202833920
Memory after interpreter : 202833920
Memory before interpreter : 202833920
Memory after interpreter : 202833920
Memory before interpreter : 202833920
Memory after interpreter : 202833920
Memory before interpreter : 202833920
Memory after interpreter : 202833920
Memory before interpreter : 202833920
Memory after interpreter : 202833920
Memory before interpreter : 202833920
Memory after interpreter : 202833920
Memory before interpreter : 202833920
Memory after interpreter : 202833920
Memory before interpreter : 202833920
Memory after interpreter : 202833920
Memory before interpreter : 202833920
Memory after interpreter : 202833920
Memory before interpreter : 199688192
Memory after interpreter : 199688192
Memory before interpreter : 199688192
Memory after interpreter : 199688192
Memory before interpreter : 199688192
Memory after interpreter : 199688192
Memory before interpreter : 199688192
Memory after interpreter : 199688192
Memory before interpreter : 199688192
Memory after interpreter : 199688192
Memory before interpreter : 199688192
Memory after interpreter : 199688192
Memory before interpreter : 199688192
Memory after interpreter : 199688192
Memory before interpreter : 199688192
Memory after interpreter : 199688192
Memory before interpreter : 199688192
Memory after interpreter : 199688192
Memory before interpreter : 199688192
Memory after interpreter : 199688192
Memory before interpreter : 199688192
Memory after interpreter : 199688192
Memory before interpreter : 199688192
Memory after interpreter : 199688192
Memory before interpreter : 199688192
Memory after interpreter : 199688192
Memory before interpreter : 199688192
Memory after interpreter : 199688192
Memory before interpreter : 199688192
Memory after interpreter : 199688192
Memory before interpreter : 199688192
Memory after interpreter : 199688192
Memory before interpreter : 199688192
Memory after interpreter : 199688192
Memory before interpreter : 203816960
Memory after interpreter : 203816960
Memory before interpreter : 203816960
Memory after interpreter : 203816960
Memory before interpreter : 203816960
Memory after interpreter : 203816960
Memory before interpreter : 203816960
Memory after interpreter : 203816960
Memory before interpreter : 203816960
Memory after interpreter : 203816960
Memory before interpreter : 203816960
Memory after interpreter : 203816960
Memory before interpreter : 203816960
Memory after interpreter : 203816960
Memory before interpreter : 203816960
Memory after interpreter : 203816960
Memory before interpreter : 203816960
Memory after interpreter : 203816960
Memory before interpreter : 203816960
Memory after interpreter : 203816960
Memory before interpreter : 203816960
Memory after interpreter : 203816960
Memory before interpreter : 203816960
Memory after interpreter : 203816960
Memory before interpreter : 203816960
Memory after interpreter : 203816960
Memory before interpreter : 203816960
Memory after interpreter : 203816960
Memory before interpreter : 197722112
Memory after interpreter : 197722112
Memory before interpreter : 197722112
Memory after interpreter : 197722112
Memory before interpreter : 197722112
Memory after interpreter : 197722112
Memory before interpreter : 197722112
Memory after interpreter : 197722112
Memory before interpreter : 197722112
Memory after interpreter : 197722112
Memory before interpreter : 197722112
Memory after interpreter : 197722112
Memory before interpreter : 197722112
Memory after interpreter : 197722112
Memory before interpreter : 197722112
Memory after interpreter : 197722112
Memory before interpreter : 197722112
Memory after interpreter : 197722112
Memory before interpreter : 197722112
Memory after interpreter : 197722112
Memory before interpreter : 197722112
Memory after interpreter : 197722112
Memory before interpreter : 197722112
Memory after interpreter : 197722112
Memory before interpreter : 197722112
Memory after interpreter : 197722112
Memory before interpreter : 197722112
Memory after interpreter : 197722112
Memory before interpreter : 197722112
Memory after interpreter : 197722112
Memory before interpreter : 197722112
Memory after interpreter : 197722112
Memory before interpreter : 197722112
Memory after interpreter : 197722112
Memory before interpreter : 197722112
Memory after interpreter : 197722112
Memory before interpreter : 197722112
Memory after interpreter : 197722112
Memory before interpreter : 197722112
Memory after interpreter : 197722112
Memory before interpreter : 197722112
Memory after interpreter : 197722112
Memory before interpreter : 197722112
Memory after interpreter : 197722112
Memory before interpreter : 197722112
Memory after interpreter : 197722112
Memory before interpreter : 197722112
Memory after interpreter : 197722112
Memory before interpreter : 197722112
Memory after interpreter : 202702848
Memory before interpreter : 202702848
Memory after interpreter : 202702848
Memory before interpreter : 202702848
Memory after interpreter : 202702848
Memory before interpreter : 202702848
Memory after interpreter : 202702848
Memory before interpreter : 202702848
Memory after interpreter : 202702848
Memory before interpreter : 202702848
Memory after interpreter : 202702848
Memory before interpreter : 202702848
Memory after interpreter : 202702848
Memory before interpreter : 202702848
Memory after interpreter : 202702848
Memory before interpreter : 202702848
Memory after interpreter : 202702848
Memory before interpreter : 202702848
Memory after interpreter : 202702848
Memory before interpreter : 202702848
Memory after interpreter : 202702848
Memory before interpreter : 202702848
Memory after interpreter : 202702848
Memory before interpreter : 202702848
Memory after interpreter : 202702848
Memory before interpreter : 202702848
Memory after interpreter : 202702848
Memory before interpreter : 202702848
Memory after interpreter : 202702848
Memory before interpreter : 203620352
Memory after interpreter : 203620352
Memory before interpreter : 203620352
Memory after interpreter : 203620352
Memory before interpreter : 203620352
Memory after interpreter : 203620352
Memory before interpreter : 203620352
Memory after interpreter : 203620352
Memory before interpreter : 203620352
Memory after interpreter : 203620352
Memory before interpreter : 203620352
Memory after interpreter : 203620352
Memory before interpreter : 203620352
Memory after interpreter : 203620352
Memory before interpreter : 203620352
Memory after interpreter : 203620352
Memory before interpreter : 203620352
Memory after interpreter : 203620352
Memory before interpreter : 203620352
Memory after interpreter : 203620352
Memory before interpreter : 203620352
Memory after interpreter : 203620352
Memory before interpreter : 203620352
Memory after interpreter : 203620352
Memory before interpreter : 203620352
Memory after interpreter : 203620352
Memory before interpreter : 203620352
Memory after interpreter : 203620352
Memory before interpreter : 203620352
Memory after interpreter : 203620352
Memory before interpreter : 203620352
Memory after interpreter : 203620352
Memory before interpreter : 203620352
Memory after interpreter : 203620352
Memory before interpreter : 203620352
Memory after interpreter : 203161600
Memory before interpreter : 203161600
Memory after interpreter : 203161600
Memory before interpreter : 203161600
Memory after interpreter : 203161600
Memory before interpreter : 203161600
Memory after interpreter : 203161600
Memory before interpreter : 203161600
Memory after interpreter : 203161600
Memory before interpreter : 203161600
Memory after interpreter : 203161600
Memory before interpreter : 203161600
Memory after interpreter : 203161600
Memory before interpreter : 203161600
Memory after interpreter : 203161600
Memory before interpreter : 203161600
Memory after interpreter : 203161600
Memory before interpreter : 203161600
Memory after interpreter : 203161600
Memory before interpreter : 203161600
Memory after interpreter : 203161600
Memory before interpreter : 203161600
Memory after interpreter : 203161600
Memory before interpreter : 203620352
Memory after interpreter : 203620352
Memory before interpreter : 203620352
Memory after interpreter : 203620352
Memory before interpreter : 203620352
Memory after interpreter : 203620352
Memory before interpreter : 203620352
Memory after interpreter : 203620352
Memory before interpreter : 203620352
Memory after interpreter : 203620352
Memory before interpreter : 203620352
Memory after interpreter : 203620352
Memory before interpreter : 203620352
Memory after interpreter : 203620352
Memory before interpreter : 203620352
Memory after interpreter : 203620352
Memory before interpreter : 203620352
Memory after interpreter : 203620352
Memory before interpreter : 203620352
Memory after interpreter : 203620352
Memory before interpreter : 203358208
Memory after interpreter : 203358208
Memory before interpreter : 203358208
Memory after interpreter : 203358208
Memory before interpreter : 203358208
Memory after interpreter : 203358208
Memory before interpreter : 203358208
Memory after interpreter : 203358208
Memory before interpreter : 203358208
Memory after interpreter : 203358208
Memory before interpreter : 203358208
Memory after interpreter : 203358208
Memory before interpreter : 203358208
Memory after interpreter : 203358208
Memory before interpreter : 203358208
Memory after interpreter : 203358208
Memory before interpreter : 203358208
Memory after interpreter : 203358208
Memory before interpreter : 203358208
Memory after interpreter : 203358208
Memory before interpreter : 203358208
Memory after interpreter : 203358208
Memory before interpreter : 203358208
Memory after interpreter : 203358208
Memory before interpreter : 203358208
Memory after interpreter : 203358208
Memory before interpreter : 203358208
Memory after interpreter : 203358208
Memory before interpreter : 203358208
Memory after interpreter : 203358208
Memory before interpreter : 203358208
Memory after interpreter : 203358208
Memory before interpreter : 203358208
Memory after interpreter : 203358208
Memory before interpreter : 203358208
Memory after interpreter : 203358208
Memory before interpreter : 203358208
Memory after interpreter : 203358208
Memory before interpreter : 203358208
Memory after interpreter : 203358208
Memory before interpreter : 203358208
Memory after interpreter : 203358208
Memory before interpreter : 203685888
Memory after interpreter : 203685888
Memory before interpreter : 203685888
Memory after interpreter : 203685888
Memory before interpreter : 193593344
Memory after interpreter : 193593344
Memory before interpreter : 193593344
Memory after interpreter : 193593344
Memory before interpreter : 193593344
Memory after interpreter : 193593344
Memory before interpreter : 193593344
Memory after interpreter : 193593344
Memory before interpreter : 193593344
Memory after interpreter : 193593344
Memory before interpreter : 193593344
Memory after interpreter : 193593344
Memory before interpreter : 193593344
Memory after interpreter : 193593344
Memory before interpreter : 193593344
Memory after interpreter : 193593344
Memory before interpreter : 193593344
Memory after interpreter : 193593344
Memory before interpreter : 193593344
Memory after interpreter : 193593344
Memory before interpreter : 193593344
Memory after interpreter : 193593344
Memory before interpreter : 193593344
Memory after interpreter : 193593344
Memory before interpreter : 204800000
Memory after interpreter : 204800000
Memory before interpreter : 204800000
Memory after interpreter : 204800000
Memory before interpreter : 204800000
Memory after interpreter : 204800000
Memory before interpreter : 204800000
Memory after interpreter : 204800000
Memory before interpreter : 204800000
Memory after interpreter : 204800000
Memory before interpreter : 204800000
Memory after interpreter : 204800000
Memory before interpreter : 204800000
Memory after interpreter : 204800000
Memory before interpreter : 204800000
Memory after interpreter : 204800000
Memory before interpreter : 204800000
Memory after interpreter : 204800000
Memory before interpreter : 204800000
Memory after interpreter : 204800000
Memory before interpreter : 204800000
Memory after interpreter : 204800000
Memory before interpreter : 204800000
Memory after interpreter : 204800000
Memory before interpreter : 204800000
Memory after interpreter : 204800000
Memory before interpreter : 204800000
Memory after interpreter : 204800000
Memory before interpreter : 198443008
Memory after interpreter : 198443008
Memory before interpreter : 198443008
Memory after interpreter : 198443008
Memory before interpreter : 198443008
Memory after interpreter : 198443008
Memory before interpreter : 198443008
Memory after interpreter : 198443008
Memory before interpreter : 198443008
Memory after interpreter : 198443008
Memory before interpreter : 198443008
Memory after interpreter : 198443008
Memory before interpreter : 198443008
Memory after interpreter : 198443008
Memory before interpreter : 198443008
Memory after interpreter : 198443008
Memory before interpreter : 198443008
Memory after interpreter : 198443008
Memory before interpreter : 198443008
Memory after interpreter : 198443008
Memory before interpreter : 198443008
Memory after interpreter : 198443008
Memory before interpreter : 198443008
Memory after interpreter : 198443008
Memory before interpreter : 198443008
Memory after interpreter : 198443008
Memory before interpreter : 198443008
Memory after interpreter : 198443008
Memory before interpreter : 198443008
Memory after interpreter : 198443008
Memory before interpreter : 198443008
Memory after interpreter : 198443008
Memory before interpreter : 198443008
Memory after interpreter : 198443008
Memory before interpreter : 198443008
Memory after interpreter : 198443008
Memory before interpreter : 198443008
Memory after interpreter : 198443008
Memory before interpreter : 198443008
Memory after interpreter : 198443008
Memory before interpreter : 198443008
Memory after interpreter : 198443008
Memory before interpreter : 198443008
Memory after interpreter : 198443008
Memory before interpreter : 198443008
Memory after interpreter : 198443008
Memory before interpreter : 198443008
Memory after interpreter : 198443008
Memory before interpreter : 202702848
Memory after interpreter : 202702848
Memory before interpreter : 202702848
Memory after interpreter : 202702848
Memory before interpreter : 202702848
Memory after interpreter : 202702848
Memory before interpreter : 202702848
Memory after interpreter : 202702848
Memory before interpreter : 202702848
Memory after interpreter : 202702848
Memory before interpreter : 202702848
Memory after interpreter : 202702848
Memory before interpreter : 203685888
Memory after interpreter : 203685888
Memory before interpreter : 203685888
Memory after interpreter : 203685888
Memory before interpreter : 203685888
Memory after interpreter : 203685888
Memory before interpreter : 203685888
Memory after interpreter : 203685888
Memory before interpreter : 203685888
Memory after interpreter : 203685888
Memory before interpreter : 203685888
Memory after interpreter : 203685888
Memory before interpreter : 203685888
Memory after interpreter : 203685888
Memory before interpreter : 203685888
Memory after interpreter : 203685888
Memory before interpreter : 203685888
Memory after interpreter : 203685888
Memory before interpreter : 203685888
Memory after interpreter : 203685888
Memory before interpreter : 203685888
Memory after interpreter : 203685888
Memory before interpreter : 203685888
Memory after interpreter : 203685888
Memory before interpreter : 203685888
Memory after interpreter : 203685888
Memory before interpreter : 203685888
Memory after interpreter : 203489280
Memory before interpreter : 203489280
Memory after interpreter : 203489280
Memory before interpreter : 203489280
Memory after interpreter : 203489280
Memory before interpreter : 203489280
Memory after interpreter : 203489280
Memory before interpreter : 203489280
Memory after interpreter : 203489280
Memory before interpreter : 203489280
Memory after interpreter : 203489280
Memory before interpreter : 203489280
Memory after interpreter : 203489280
Memory before interpreter : 203489280
Memory after interpreter : 203489280
Memory before interpreter : 203489280
Memory after interpreter : 203489280
Memory before interpreter : 203489280
Memory after interpreter : 203489280
Memory before interpreter : 204144640
Memory after interpreter : 204144640
Memory before interpreter : 204144640
Memory after interpreter : 204144640
Memory before interpreter : 204144640
Memory after interpreter : 204144640
Memory before interpreter : 204931072
Memory after interpreter : 204931072
Memory before interpreter : 204931072
Memory after interpreter : 204931072
Memory before interpreter : 204931072
Memory after interpreter : 204931072
Memory before interpreter : 204931072
Memory after interpreter : 204931072
Memory before interpreter : 204931072
Memory after interpreter : 204931072
Memory before interpreter : 204931072
Memory after interpreter : 204931072
Memory before interpreter : 204931072
Memory after interpreter : 204931072
Memory before interpreter : 204931072
Memory after interpreter : 204931072
Memory before interpreter : 204931072
Memory after interpreter : 204931072
Memory before interpreter : 204931072
Memory after interpreter : 204931072
Memory before interpreter : 204931072
Memory after interpreter : 204931072
Memory before interpreter : 204931072
Memory after interpreter : 198705152
Memory before interpreter : 198705152
Memory after interpreter : 198705152
Memory before interpreter : 198705152
Memory after interpreter : 198705152
Memory before interpreter : 198705152
Memory after interpreter : 198705152
Memory before interpreter : 198705152
Memory after interpreter : 198705152
Memory before interpreter : 198705152
Memory after interpreter : 198705152
Memory before interpreter : 198705152
Memory after interpreter : 198705152
Memory before interpreter : 198705152
Memory after interpreter : 198705152
Memory before interpreter : 198705152
Memory after interpreter : 198705152
Memory before interpreter : 198705152
Memory after interpreter : 198705152
Memory before interpreter : 198705152
Memory after interpreter : 198705152
Memory before interpreter : 198705152
Memory after interpreter : 198705152
Memory before interpreter : 198705152
Memory after interpreter : 198705152
Memory before interpreter : 198705152
Memory after interpreter : 198705152
Memory before interpreter : 198705152
Memory after interpreter : 198705152
Memory before interpreter : 198705152
Memory after interpreter : 198705152
Memory before interpreter : 204931072
Memory after interpreter : 204931072
Memory before interpreter : 204931072
Memory after interpreter : 204931072
Memory before interpreter : 204931072
Memory after interpreter : 204931072
Memory before interpreter : 204931072
Memory after interpreter : 204931072
Memory before interpreter : 204931072
Memory after interpreter : 204931072
Memory before interpreter : 204931072
Memory after interpreter : 204931072
Memory before interpreter : 204931072
Memory after interpreter : 204931072
Memory before interpreter : 204931072
Memory after interpreter : 204931072
Memory before interpreter : 204931072
Memory after interpreter : 204931072
Memory before interpreter : 204931072
Memory after interpreter : 204931072
Memory before interpreter : 204931072
Memory after interpreter : 204931072
Memory before interpreter : 204931072
Memory after interpreter : 204931072
Memory before interpreter : 204931072
Memory after interpreter : 204931072
Memory before interpreter : 204931072
Memory after interpreter : 204931072
Memory before interpreter : 204931072
Memory after interpreter : 204931072
Memory before interpreter : 204931072
Memory after interpreter : 204931072
Memory before interpreter : 204931072
Memory after interpreter : 204931072
Memory before interpreter : 204931072
Memory after interpreter : 204931072
Memory before interpreter : 204931072
Memory after interpreter : 204931072
Memory before interpreter : 204931072
Memory after interpreter : 204931072
Memory before interpreter : 204931072
Memory after interpreter : 204931072
Memory before interpreter : 204931072
Memory after interpreter : 204931072
Memory before interpreter : 204931072
Memory after interpreter : 204931072
Memory before interpreter : 205193216
Memory after interpreter : 205193216
Memory before interpreter : 205193216
Memory after interpreter : 205193216
Memory before interpreter : 205193216
Memory after interpreter : 205193216
Memory before interpreter : 205193216
Memory after interpreter : 205193216
Memory before interpreter : 205193216
Memory after interpreter : 205193216
Memory before interpreter : 205193216
Memory after interpreter : 205193216
Memory before interpreter : 205193216
Memory after interpreter : 205193216
Memory before interpreter : 205193216
Memory after interpreter : 205193216
Memory before interpreter : 205193216
Memory after interpreter : 205193216
Memory before interpreter : 205193216
Memory after interpreter : 205193216
Memory before interpreter : 205193216
Memory after interpreter : 205193216
Memory before interpreter : 205193216
Memory after interpreter : 205193216
Memory before interpreter : 205193216
Memory after interpreter : 205193216
Memory before interpreter : 205193216
Memory after interpreter : 205193216
Memory before interpreter : 205193216
Memory after interpreter : 205193216
Memory before interpreter : 205193216
Memory after interpreter : 205193216
Memory before interpreter : 205193216
Memory after interpreter : 205193216
Memory before interpreter : 205193216
Memory after interpreter : 205193216
Memory before interpreter : 205193216
Memory after interpreter : 205193216
Memory before interpreter : 205193216
Memory after interpreter : 205193216
Memory before interpreter : 205193216
Memory after interpreter : 205193216
Memory before interpreter : 205193216
Memory after interpreter : 205193216
Memory before interpreter : 205193216
Memory after interpreter : 205193216
Memory before interpreter : 205258752
Memory after interpreter : 205258752
Memory before interpreter : 205258752
Memory after interpreter : 205258752
Memory before interpreter : 205258752
Memory after interpreter : 205258752
Memory before interpreter : 205258752
Memory after interpreter : 205258752
Memory before interpreter : 205258752
Memory after interpreter : 205258752
Memory before interpreter : 205258752
Memory after interpreter : 205258752
Memory before interpreter : 205258752
Memory after interpreter : 205258752
Memory before interpreter : 205258752
Memory after interpreter : 205258752
Memory before interpreter : 205258752
Memory after interpreter : 205258752
Memory before interpreter : 205258752
Memory after interpreter : 205258752
Memory before interpreter : 205258752
Memory after interpreter : 205258752
Memory before interpreter : 205258752
Memory after interpreter : 205258752
Memory before interpreter : 205258752
Memory after interpreter : 205258752
Memory before interpreter : 205258752
Memory after interpreter : 205258752
Memory before interpreter : 205258752
Memory after interpreter : 205258752
Memory before interpreter : 205258752
Memory after interpreter : 205258752
Memory before interpreter : 205258752
Memory after interpreter : 205258752
Memory before interpreter : 205062144
Memory after interpreter : 205062144
Memory before interpreter : 205062144
Memory after interpreter : 205062144
Memory before interpreter : 205062144
Memory after interpreter : 205062144
Memory before interpreter : 205062144
Memory after interpreter : 205062144
Memory before interpreter : 205062144
Memory after interpreter : 205062144
Memory before interpreter : 205062144
Memory after interpreter : 205062144
Memory before interpreter : 205062144
Memory after interpreter : 205062144
Memory before interpreter : 205062144
Memory after interpreter : 205062144
Memory before interpreter : 205062144
Memory after interpreter : 205062144
Memory before interpreter : 205062144
Memory after interpreter : 205062144
Memory before interpreter : 199557120
Memory after interpreter : 199557120
]]></system-err>
</testsuite>
