<?xml version="1.0" encoding="UTF-8" ?>
<testsuite errors="0" failures="5" name="kermeta_io.test.JunitTestSuite" tests="76" time="142.456">
  <properties>
    <property name="java.vendor" value="Sun Microsystems Inc."></property>
    <property name="sun.java.launcher" value="SUN_STANDARD"></property>
    <property name="sun.management.compiler" value="HotSpot Server Compiler"></property>
    <property name="os.name" value="Linux"></property>
    <property name="sun.boot.class.path" value="/soft/jdk_hd/Linux/jdk1.5.0_11/jre/lib/rt.jar:/soft/jdk_hd/Linux/jdk1.5.0_11/jre/lib/i18n.jar:/soft/jdk_hd/Linux/jdk1.5.0_11/jre/lib/sunrsasign.jar:/soft/jdk_hd/Linux/jdk1.5.0_11/jre/lib/jsse.jar:/soft/jdk_hd/Linux/jdk1.5.0_11/jre/lib/jce.jar:/soft/jdk_hd/Linux/jdk1.5.0_11/jre/lib/charsets.jar:/soft/jdk_hd/Linux/jdk1.5.0_11/jre/classes"></property>
    <property name="triskell.eclipse.util.jar" value="/tmp/kermeta_build/src/plugins/fr.irisa.triskell.eclipse.util/@dot"></property>
    <property name="java.vm.specification.vendor" value="Sun Microsystems Inc."></property>
    <property name="ant.home" value="/udd/triskell/bin/multiplatform/apache-ant-1.5.4"></property>
    <property name="java.runtime.version" value="1.5.0_11-b03"></property>
    <property name="cobertura.dir" value="/udd/triskell/bin/multiplatform/cobertura-1.7/"></property>
    <property name="user.name" value="dvojtise"></property>
    <property name="emfatic-core.jar" value="/tmp/kermeta_build/src/plugins/fr.irisa.triskell.kermeta/lib/thirdparty/emfatic-core.jar"></property>
    <property name="user.language" value="en"></property>
    <property name="sun.boot.library.path" value="/soft/jdk_hd/Linux/jdk1.5.0_11/jre/lib/i386"></property>
    <property name="ant.project.name" value="run interpreter tests"></property>
    <property name="java.version" value="1.5.0_11"></property>
    <property name="build.bin" value="/tmp/kermeta_build/src/plugins/fr.irisa.triskell.kermeta.io/@dot"></property>
    <property name="coverage.html.dir" value="/tmp/kermeta_build/unittestreports/coverage/html"></property>
    <property name="user.timezone" value="Europe/Paris"></property>
    <property name="sun.arch.data.model" value="32"></property>
    <property name="java.endorsed.dirs" value="/soft/jdk_hd/Linux/jdk1.5.0_11/jre/lib/endorsed"></property>
    <property name="sun.cpu.isalist" value=""></property>
    <property name="sun.jnu.encoding" value="ISO-8859-15"></property>
    <property name="file.encoding.pkg" value="sun.io"></property>
    <property name="file.separator" value="/"></property>
    <property name="java.specification.name" value="Java Platform API Specification"></property>
    <property name="java.class.version" value="49.0"></property>
    <property name="src" value="/tmp/kermeta_build/src/plugins/fr.irisa.triskell.kermeta.io/src/java"></property>
    <property name="user.country" value="US"></property>
    <property name="ldt-core.jar" value="/tmp/kermeta_build/src/plugins/fr.irisa.triskell.kermeta/lib/thirdparty/ldt-core.jar"></property>
    <property name="java.home" value="/soft/jdk_hd/Linux/jdk1.5.0_11/jre"></property>
    <property name="java.vm.info" value="mixed mode"></property>
    <property name="ant.file" value="/tmp/kermeta_build/src/plugins/fr.irisa.triskell.kermeta.io/test/junit/test_build.xml"></property>
    <property name="os.version" value="2.6.19-1.2911.6.4.fc6"></property>
    <property name="path.separator" value=":"></property>
    <property name="eclipse.home" value="/local/daily_build/eclipse3.2_with_topcased/eclipse"></property>
    <property name="java.vm.version" value="1.5.0_11-b03"></property>
    <property name="report.dir" value="/tmp/kermeta_build/unittestreports"></property>
    <property name="emf.ecore.jar" value="/local/daily_build/eclipse3.2_with_topcased/eclipse/plugins/org.eclipse.emf.ecore_2.2.1.v200609210005.jar"></property>
    <property name="java.awt.printerjob" value="sun.print.PSPrinterJob"></property>
    <property name="sun.io.unicode.encoding" value="UnicodeLittle"></property>
    <property name="kermeta.model.jar" value="/tmp/kermeta_build/src/plugins/fr.irisa.triskell.kermeta.model/@dot"></property>
    <property name="coverage.dir" value="/tmp/kermeta_build/unittestreports/coverage"></property>
    <property name="user.home" value="/udd/dvojtise"></property>
    <property name="java.specification.vendor" value="Sun Microsystems Inc."></property>
    <property name="coverage.xml.dir" value="/tmp/kermeta_build/unittestreports/coverage/xml"></property>
    <property name="java.library.path" value="/soft/jdk_hd/Linux/jdk1.5.0_11/jre/lib/i386/server:/soft/jdk_hd/Linux/jdk1.5.0_11/jre/lib/i386:/soft/jdk_hd/Linux/jdk1.5.0_11/jre/../lib/i386"></property>
    <property name="java.vendor.url" value="http://java.sun.com/"></property>
    <property name="java.vm.vendor" value="Sun Microsystems Inc."></property>
    <property name="cobertura.lib.dir" value="/udd/triskell/bin/multiplatform/cobertura-1.7/lib"></property>
    <property name="java.runtime.name" value="Java(TM) 2 Runtime Environment, Standard Edition"></property>
    <property name="java.class.path" value="/udd/triskell/bin/multiplatform/apache-ant-1.5.4/lib/xml-apis.jar:/udd/triskell/bin/multiplatform/apache-ant-1.5.4/lib/xercesImpl.jar:/udd/triskell/bin/multiplatform/apache-ant-1.5.4/lib/xalan.jar:/udd/triskell/bin/multiplatform/apache-ant-1.5.4/lib/optional.jar:/udd/triskell/bin/multiplatform/apache-ant-1.5.4/lib/junit.jar:/udd/triskell/bin/multiplatform/apache-ant-1.5.4/lib/ant.jar:/udd/triskell/bin/multiplatform/apache-ant-1.5.4/lib/junit.jar:/udd/triskell/bin/multiplatform/apache-ant-1.5.4/lib/optional.jar:/soft/jdk_hd/Linux/jdk1.5.0_11/lib/tools.jar"></property>
    <property name="ant.version" value="Apache Ant version 1.5.4 compiled on August 12 2003"></property>
    <property name="traceability.jar" value="/tmp/kermeta_build/src/plugins/fr.irisa.triskell.traceability.model/@dot"></property>
    <property name="emf.common.jar" value="/local/daily_build/eclipse3.2_with_topcased/eclipse/plugins/org.eclipse.emf.common_2.2.1.v200609210005.jar"></property>
    <property name="java.vm.specification.name" value="Java Virtual Machine Specification"></property>
    <property name="java.vm.specification.version" value="1.0"></property>
    <property name="sun.cpu.endian" value="little"></property>
    <property name="sun.os.patch.level" value="unknown"></property>
    <property name="log4j.jar" value="/tmp/kermeta_build/src/plugins/fr.irisa.triskell.kermeta/lib/thirdparty/log4j.jar"></property>
    <property name="java.io.tmpdir" value="/tmp"></property>
    <property name="test.src" value="/tmp/kermeta_build/src/plugins/fr.irisa.triskell.kermeta.io/test/junit"></property>
    <property name="java.vendor.url.bug" value="http://java.sun.com/cgi-bin/bugreport.cgi"></property>
    <property name="emf.ecore.xmi.jar" value="/local/daily_build/eclipse3.2_with_topcased/eclipse/plugins/org.eclipse.emf.ecore.xmi_2.2.1.v200609210005.jar"></property>
    <property name="os.arch" value="i386"></property>
    <property name="java.awt.graphicsenv" value="sun.awt.X11GraphicsEnvironment"></property>
    <property name="instrumented.dir" value="/tmp/kermeta_build/src/plugins/fr.irisa.triskell.kermeta.io/test/junit/instrumented"></property>
    <property name="kermeta.io.class" value="/tmp/kermeta_build/src/plugins/fr.irisa.triskell.kermeta.io/@dot"></property>
    <property name="java.ext.dirs" value="/soft/jdk_hd/Linux/jdk1.5.0_11/jre/lib/ext"></property>
    <property name="user.dir" value="/tmp/kermeta_build/src/plugins/fr.irisa.triskell.kermeta.io"></property>
    <property name="line.separator" value="
"></property>
    <property name="java.vm.name" value="Java HotSpot(TM) Server VM"></property>
    <property name="basedir" value="/tmp/kermeta_build/src/plugins/fr.irisa.triskell.kermeta.io/test/junit"></property>
    <property name="ant.java.version" value="1.4"></property>
    <property name="file.encoding" value="ISO-8859-15"></property>
    <property name="antlr.jar" value="/tmp/kermeta_build/src/plugins/fr.irisa.triskell.kermeta.io/lib/thirdparty/antlr.jar"></property>
    <property name="java.specification.version" value="1.5"></property>
  </properties>
  <testcase name="testSimple" time="4.006"></testcase>
  <testcase name="testUML2" time="4.092"></testcase>
  <testcase name="testpuzzle" time="2.258"></testcase>
  <testcase name="testemof" time="1.111">
    <failure message="Unexpected load error : java.lang.ClassCastException com.ibm.eclipse.emfatic.core.ast.PackageDecl
  -&gt;   file:/tmp/kermeta_build/src/plugins/fr.irisa.triskell.kermeta.io/test/emfatic_testcases/emof.emf
" type="junit.framework.AssertionFailedError">junit.framework.AssertionFailedError: Unexpected load error : java.lang.ClassCastException com.ibm.eclipse.emfatic.core.ast.PackageDecl
  -&gt;   file:/tmp/kermeta_build/src/plugins/fr.irisa.triskell.kermeta.io/test/emfatic_testcases/emof.emf

	at kermeta_io.test.JunitTestSuite.testWithFile(JunitTestSuite.java:388)
	at kermeta_io.test.JunitTestSuite.testemof(JunitTestSuite.java:79)
	at sun.reflect.NativeMethodAccessorImpl.invoke0(Native Method)
	at sun.reflect.NativeMethodAccessorImpl.invoke(NativeMethodAccessorImpl.java:39)
	at sun.reflect.DelegatingMethodAccessorImpl.invoke(DelegatingMethodAccessorImpl.java:25)
</failure>
  </testcase>
  <testcase name="testmetacore" time="0.98">
    <failure message="Unexpected load error : java.lang.ClassCastException com.ibm.eclipse.emfatic.core.ast.PackageDecl
  -&gt;   file:/tmp/kermeta_build/src/plugins/fr.irisa.triskell.kermeta.io/test/emfatic_testcases/metacore.emf
" type="junit.framework.AssertionFailedError">junit.framework.AssertionFailedError: Unexpected load error : java.lang.ClassCastException com.ibm.eclipse.emfatic.core.ast.PackageDecl
  -&gt;   file:/tmp/kermeta_build/src/plugins/fr.irisa.triskell.kermeta.io/test/emfatic_testcases/metacore.emf

	at kermeta_io.test.JunitTestSuite.testWithFile(JunitTestSuite.java:388)
	at kermeta_io.test.JunitTestSuite.testmetacore(JunitTestSuite.java:83)
	at sun.reflect.NativeMethodAccessorImpl.invoke0(Native Method)
	at sun.reflect.NativeMethodAccessorImpl.invoke(NativeMethodAccessorImpl.java:39)
	at sun.reflect.DelegatingMethodAccessorImpl.invoke(DelegatingMethodAccessorImpl.java:25)
</failure>
  </testcase>
  <testcase name="test10_testEnum" time="2.082"></testcase>
  <testcase name="test1_testAssignment" time="2.053"></testcase>
  <testcase name="test2_testArithm" time="2.052"></testcase>
  <testcase name="test3_testOpCall" time="2.045"></testcase>
  <testcase name="test4_testOpOpCall" time="2.044"></testcase>
  <testcase name="test5_testExternPackageCall" time="2.008"></testcase>
  <testcase name="test5_testOpPkgCall" time="2.024"></testcase>
  <testcase name="test6_failtestExternPackageCall" time="2.021"></testcase>
  <testcase name="test6_testExternPackageCall" time="2.008"></testcase>
  <testcase name="test6_testExternPackageCall2" time="2.007"></testcase>
  <testcase name="test6_testOpPkgCall" time="1.997"></testcase>
  <testcase name="test7_testInterPackageCall" time="0.941"></testcase>
  <testcase name="test7_testOpPkgCall" time="0.942"></testcase>
  <testcase name="test8_testOpInternPkgCall" time="2.013"></testcase>
  <testcase name="test9_testOpCallObject" time="2.006"></testcase>
  <testcase name="testtestBlock" time="2.004"></testcase>
  <testcase name="testtestBlocksSequence" time="2.016"></testcase>
  <testcase name="testtestCallExp" time="2.02"></testcase>
  <testcase name="testtestClass" time="2.011"></testcase>
  <testcase name="testtestConditional" time="2.002"></testcase>
  <testcase name="testtestCycleA" time="0.932"></testcase>
  <testcase name="testtestCycleB" time="0.931"></testcase>
  <testcase name="testtestCycleC" time="0.935"></testcase>
  <testcase name="testtestCycleD" time="0.932"></testcase>
  <testcase name="testtestCycleE" time="0.931"></testcase>
  <testcase name="testtestEnum" time="1.988"></testcase>
  <testcase name="testtestExpression" time="2.005"></testcase>
  <testcase name="testtestExtractOperation" time="1.982"></testcase>
  <testcase name="testtestGenericClass" time="1.99"></testcase>
  <testcase name="testtestImportAlias" time="1.985"></testcase>
  <testcase name="testtestInjectOperation" time="1.983"></testcase>
  <testcase name="testtestInterDependA" time="0.932"></testcase>
  <testcase name="testtestInterDependB" time="0.926"></testcase>
  <testcase name="testtestLambdaExpressionAsCallFeature" time="1.985"></testcase>
  <testcase name="testtestLoadStdLibSource" time="1.44">
    <failure message="PASS 2 : A type definition for DataType &apos;kermeta::standard::Object&apos; already exists.
  -&gt;   file:/tmp/kermeta_build/src/plugins/fr.irisa.triskell.kermeta.framework/src/kermeta/standard/collections.kmt
PASS 2 : A type definition for &apos;kermeta::standard::Collection&apos; already exists. (while loading file:/tmp/kermeta_build/src/plugins/fr.irisa.triskell.kermeta.framework/src/kermeta/standard/collections.kmt)
  -&gt;   file:/tmp/kermeta_build/src/plugins/fr.irisa.triskell.kermeta.framework/src/kermeta/standard/collections.kmt
PASS 2 : A type definition for &apos;kermeta::standard::Set&apos; already exists. (while loading file:/tmp/kermeta_build/src/plugins/fr.irisa.triskell.kermeta.framework/src/kermeta/standard/collections.kmt)
  -&gt;   file:/tmp/kermeta_build/src/plugins/fr.irisa.triskell.kermeta.framework/src/kermeta/standard/collections.kmt
PASS 2 : A type definition for &apos;kermeta::standard::Bag&apos; already exists. (while loading file:/tmp/kermeta_build/src/plugins/fr.irisa.triskell.kermeta.framework/src/kermeta/standard/collections.kmt)
  -&gt;   file:/tmp/kermeta_build/src/plugins/fr.irisa.triskell.kermeta.framework/src/kermeta/standard/collections.kmt
PASS 2 : A type definition for &apos;kermeta::standard::OrderedCollection&apos; already exists. (while loading file:/tmp/kermeta_build/src/plugins/fr.irisa.triskell.kermeta.framework/src/kermeta/standard/collections.kmt)
  -&gt;   file:/tmp/kermeta_build/src/plugins/fr.irisa.triskell.kermeta.framework/src/kermeta/standard/collections.kmt
PASS 2 : A type definition for &apos;kermeta::standard::OrderedSet&apos; already exists. (while loading file:/tmp/kermeta_build/src/plugins/fr.irisa.triskell.kermeta.framework/src/kermeta/standard/collections.kmt)
  -&gt;   file:/tmp/kermeta_build/src/plugins/fr.irisa.triskell.kermeta.framework/src/kermeta/standard/collections.kmt
PASS 2 : A type definition for &apos;kermeta::standard::Sequence&apos; already exists. (while loading file:/tmp/kermeta_build/src/plugins/fr.irisa.triskell.kermeta.framework/src/kermeta/standard/collections.kmt)
  -&gt;   file:/tmp/kermeta_build/src/plugins/fr.irisa.triskell.kermeta.framework/src/kermeta/standard/collections.kmt
PASS 2 : A type definition for &apos;kermeta::standard::Iterator&apos; already exists. (while loading file:/tmp/kermeta_build/src/plugins/fr.irisa.triskell.kermeta.framework/src/kermeta/standard/collections.kmt)
  -&gt;   file:/tmp/kermeta_build/src/plugins/fr.irisa.triskell.kermeta.framework/src/kermeta/standard/collections.kmt
PASS 2 : A type definition for &apos;kermeta::standard::Void&apos; already exists. (while loading file:/tmp/kermeta_build/src/plugins/fr.irisa.triskell.kermeta.framework/src/kermeta/standard/primitive_types.kmt)
  -&gt;   file:/tmp/kermeta_build/src/plugins/fr.irisa.triskell.kermeta.framework/src/kermeta/standard/primitive_types.kmt
PASS 2 : A type definition for &apos;kermeta::standard::PrimitiveType&apos; already exists. (while loading file:/tmp/kermeta_build/src/plugins/fr.irisa.triskell.kermeta.framework/src/kermeta/standard/primitive_types.kmt)
  -&gt;   file:/tmp/kermeta_build/src/plugins/fr.irisa.triskell.kermeta.framework/src/kermeta/standard/primitive_types.kmt
PASS 2 : A type definition for &apos;kermeta::standard::ValueType&apos; already exists. (while loading file:/tmp/kermeta_build/src/plugins/fr.irisa.triskell.kermeta.framework/src/kermeta/standard/primitive_types.kmt)
  -&gt;   file:/tmp/kermeta_build/src/plugins/fr.irisa.triskell.kermeta.framework/src/kermeta/standard/primitive_types.kmt
PASS 2 : A type definition for &apos;kermeta::standard::Comparable&apos; already exists. (while loading file:/tmp/kermeta_build/src/plugins/fr.irisa.triskell.kermeta.framework/src/kermeta/standard/primitive_types.kmt)
  -&gt;   file:/tmp/kermeta_build/src/plugins/fr.irisa.triskell.kermeta.framework/src/kermeta/standard/primitive_types.kmt
PASS 2 : A type definition for &apos;kermeta::standard::Summable&apos; already exists. (while loading file:/tmp/kermeta_build/src/plugins/fr.irisa.triskell.kermeta.framework/src/kermeta/standard/primitive_types.kmt)
  -&gt;   file:/tmp/kermeta_build/src/plugins/fr.irisa.triskell.kermeta.framework/src/kermeta/standard/primitive_types.kmt
PASS 2 : A type definition for &apos;kermeta::standard::NotComparableException&apos; already exists. (while loading file:/tmp/kermeta_build/src/plugins/fr.irisa.triskell.kermeta.framework/src/kermeta/standard/primitive_types.kmt)
  -&gt;   file:/tmp/kermeta_build/src/plugins/fr.irisa.triskell.kermeta.framework/src/kermeta/standard/primitive_types.kmt
PASS 2 : A type definition for &apos;kermeta::standard::Boolean&apos; already exists. (while loading file:/tmp/kermeta_build/src/plugins/fr.irisa.triskell.kermeta.framework/src/kermeta/standard/primitive_types.kmt)
  -&gt;   file:/tmp/kermeta_build/src/plugins/fr.irisa.triskell.kermeta.framework/src/kermeta/standard/primitive_types.kmt
PASS 2 : A type definition for &apos;kermeta::standard::Numeric&apos; already exists. (while loading file:/tmp/kermeta_build/src/plugins/fr.irisa.triskell.kermeta.framework/src/kermeta/standard/primitive_types.kmt)
  -&gt;   file:/tmp/kermeta_build/src/plugins/fr.irisa.triskell.kermeta.framework/src/kermeta/standard/primitive_types.kmt
PASS 2 : A type definition for &apos;kermeta::standard::Integer&apos; already exists. (while loading file:/tmp/kermeta_build/src/plugins/fr.irisa.triskell.kermeta.framework/src/kermeta/standard/primitive_types.kmt)
  -&gt;   file:/tmp/kermeta_build/src/plugins/fr.irisa.triskell.kermeta.framework/src/kermeta/standard/primitive_types.kmt
PASS 2 : A type definition for &apos;kermeta::standard::Real&apos; already exists. (while loading file:/tmp/kermeta_build/src/plugins/fr.irisa.triskell.kermeta.framework/src/kermeta/standard/primitive_types.kmt)
  -&gt;   file:/tmp/kermeta_build/src/plugins/fr.irisa.triskell.kermeta.framework/src/kermeta/standard/primitive_types.kmt
PASS 2 : A type definition for &apos;kermeta::standard::Character&apos; already exists. (while loading file:/tmp/kermeta_build/src/plugins/fr.irisa.triskell.kermeta.framework/src/kermeta/standard/primitive_types.kmt)
  -&gt;   file:/tmp/kermeta_build/src/plugins/fr.irisa.triskell.kermeta.framework/src/kermeta/standard/primitive_types.kmt
PASS 2 : A type definition for &apos;kermeta::standard::String&apos; already exists. (while loading file:/tmp/kermeta_build/src/plugins/fr.irisa.triskell.kermeta.framework/src/kermeta/standard/primitive_types.kmt)
  -&gt;   file:/tmp/kermeta_build/src/plugins/fr.irisa.triskell.kermeta.framework/src/kermeta/standard/primitive_types.kmt
PASS 2 : A type definition for DataType &apos;kermeta::standard::UnlimitedNatural&apos; already exists.
  -&gt;   file:/tmp/kermeta_build/src/plugins/fr.irisa.triskell.kermeta.framework/src/kermeta/standard/primitive_types.kmt
PASS 2 : A type definition for &apos;kermeta::language::behavior::CallExpression&apos; already exists. (while loading file:/tmp/kermeta_build/src/plugins/fr.irisa.triskell.kermeta.framework/src/kermeta/language/behavior.kmt)
  -&gt;   file:/tmp/kermeta_build/src/plugins/fr.irisa.triskell.kermeta.framework/src/kermeta/language/behavior.kmt
PASS 2 : A type definition for &apos;kermeta::language::behavior::Expression&apos; already exists. (while loading file:/tmp/kermeta_build/src/plugins/fr.irisa.triskell.kermeta.framework/src/kermeta/language/behavior.kmt)
  -&gt;   file:/tmp/kermeta_build/src/plugins/fr.irisa.triskell.kermeta.framework/src/kermeta/language/behavior.kmt
PASS 2 : A type definition for &apos;kermeta::language::behavior::CallVariable&apos; already exists. (while loading file:/tmp/kermeta_build/src/plugins/fr.irisa.triskell.kermeta.framework/src/kermeta/language/behavior.kmt)
  -&gt;   file:/tmp/kermeta_build/src/plugins/fr.irisa.triskell.kermeta.framework/src/kermeta/language/behavior.kmt
PASS 2 : A type definition for &apos;kermeta::language::behavior::CallFeature&apos; already exists. (while loading file:/tmp/kermeta_build/src/plugins/fr.irisa.triskell.kermeta.framework/src/kermeta/language/behavior.kmt)
  -&gt;   file:/tmp/kermeta_build/src/plugins/fr.irisa.triskell.kermeta.framework/src/kermeta/language/behavior.kmt
PASS 2 : A type definition for &apos;kermeta::language::behavior::CallSuperOperation&apos; already exists. (while loading file:/tmp/kermeta_build/src/plugins/fr.irisa.triskell.kermeta.framework/src/kermeta/language/behavior.kmt)
  -&gt;   file:/tmp/kermeta_build/src/plugins/fr.irisa.triskell.kermeta.framework/src/kermeta/language/behavior.kmt
PASS 2 : A type definition for &apos;kermeta::language::behavior::CallResult&apos; already exists. (while loading file:/tmp/kermeta_build/src/plugins/fr.irisa.triskell.kermeta.framework/src/kermeta/language/behavior.kmt)
  -&gt;   file:/tmp/kermeta_build/src/plugins/fr.irisa.triskell.kermeta.framework/src/kermeta/language/behavior.kmt
PASS 2 : A type definition for &apos;kermeta::language::behavior::CallValue&apos; already exists. (while loading file:/tmp/kermeta_build/src/plugins/fr.irisa.triskell.kermeta.framework/src/kermeta/language/behavior.kmt)
  -&gt;   file:/tmp/kermeta_build/src/plugins/fr.irisa.triskell.kermeta.framework/src/kermeta/language/behavior.kmt
PASS 2 : A type definition for &apos;kermeta::language::behavior::Assignment&apos; already exists. (while loading file:/tmp/kermeta_build/src/plugins/fr.irisa.triskell.kermeta.framework/src/kermeta/language/behavior.kmt)
  -&gt;   file:/tmp/kermeta_build/src/plugins/fr.irisa.triskell.kermeta.framework/src/kermeta/language/behavior.kmt
PASS 2 : A type definition for &apos;kermeta::language::behavior::Block&apos; already exists. (while loading file:/tmp/kermeta_build/src/plugins/fr.irisa.triskell.kermeta.framework/src/kermeta/language/behavior.kmt)
  -&gt;   file:/tmp/kermeta_build/src/plugins/fr.irisa.triskell.kermeta.framework/src/kermeta/language/behavior.kmt
PASS 2 : A type definition for &apos;kermeta::language::behavior::Conditional&apos; already exists. (while loading file:/tmp/kermeta_build/src/plugins/fr.irisa.triskell.kermeta.framework/src/kermeta/language/behavior.kmt)
  -&gt;   file:/tmp/kermeta_build/src/plugins/fr.irisa.triskell.kermeta.framework/src/kermeta/language/behavior.kmt
PASS 2 : A type definition for &apos;kermeta::language::behavior::Literal&apos; already exists. (while loading file:/tmp/kermeta_build/src/plugins/fr.irisa.triskell.kermeta.framework/src/kermeta/language/behavior.kmt)
  -&gt;   file:/tmp/kermeta_build/src/plugins/fr.irisa.triskell.kermeta.framework/src/kermeta/language/behavior.kmt
PASS 2 : A type definition for &apos;kermeta::language::behavior::EmptyExpression&apos; already exists. (while loading file:/tmp/kermeta_build/src/plugins/fr.irisa.triskell.kermeta.framework/src/kermeta/language/behavior.kmt)
  -&gt;   file:/tmp/kermeta_build/src/plugins/fr.irisa.triskell.kermeta.framework/src/kermeta/language/behavior.kmt
PASS 2 : A type definition for &apos;kermeta::language::behavior::IntegerLiteral&apos; already exists. (while loading file:/tmp/kermeta_build/src/plugins/fr.irisa.triskell.kermeta.framework/src/kermeta/language/behavior.kmt)
  -&gt;   file:/tmp/kermeta_build/src/plugins/fr.irisa.triskell.kermeta.framework/src/kermeta/language/behavior.kmt
PASS 2 : A type definition for &apos;kermeta::language::behavior::StringLiteral&apos; already exists. (while loading file:/tmp/kermeta_build/src/plugins/fr.irisa.triskell.kermeta.framework/src/kermeta/language/behavior.kmt)
  -&gt;   file:/tmp/kermeta_build/src/plugins/fr.irisa.triskell.kermeta.framework/src/kermeta/language/behavior.kmt
PASS 2 : A type definition for &apos;kermeta::language::behavior::BooleanLiteral&apos; already exists. (while loading file:/tmp/kermeta_build/src/plugins/fr.irisa.triskell.kermeta.framework/src/kermeta/language/behavior.kmt)
  -&gt;   file:/tmp/kermeta_build/src/plugins/fr.irisa.triskell.kermeta.framework/src/kermeta/language/behavior.kmt
PASS 2 : A type definition for &apos;kermeta::language::behavior::TypeLiteral&apos; already exists. (while loading file:/tmp/kermeta_build/src/plugins/fr.irisa.triskell.kermeta.framework/src/kermeta/language/behavior.kmt)
  -&gt;   file:/tmp/kermeta_build/src/plugins/fr.irisa.triskell.kermeta.framework/src/kermeta/language/behavior.kmt
PASS 2 : A type definition for &apos;kermeta::language::behavior::TypeReference&apos; already exists. (while loading file:/tmp/kermeta_build/src/plugins/fr.irisa.triskell.kermeta.framework/src/kermeta/language/behavior.kmt)
  -&gt;   file:/tmp/kermeta_build/src/plugins/fr.irisa.triskell.kermeta.framework/src/kermeta/language/behavior.kmt
PASS 2 : A type definition for &apos;kermeta::language::behavior::VoidLiteral&apos; already exists. (while loading file:/tmp/kermeta_build/src/plugins/fr.irisa.triskell.kermeta.framework/src/kermeta/language/behavior.kmt)
  -&gt;   file:/tmp/kermeta_build/src/plugins/fr.irisa.triskell.kermeta.framework/src/kermeta/language/behavior.kmt
PASS 2 : A type definition for &apos;kermeta::language::behavior::Loop&apos; already exists. (while loading file:/tmp/kermeta_build/src/plugins/fr.irisa.triskell.kermeta.framework/src/kermeta/language/behavior.kmt)
  -&gt;   file:/tmp/kermeta_build/src/plugins/fr.irisa.triskell.kermeta.framework/src/kermeta/language/behavior.kmt
PASS 2 : A type definition for &apos;kermeta::language::behavior::SelfExpression&apos; already exists. (while loading file:/tmp/kermeta_build/src/plugins/fr.irisa.triskell.kermeta.framework/src/kermeta/language/behavior.kmt)
  -&gt;   file:/tmp/kermeta_build/src/plugins/fr.irisa.triskell.kermeta.framework/src/kermeta/language/behavior.kmt
PASS 2 : A type definition for &apos;kermeta::language::behavior::VariableDecl&apos; already exists. (while loading file:/tmp/kermeta_build/src/plugins/fr.irisa.triskell.kermeta.framework/src/kermeta/language/behavior.kmt)
  -&gt;   file:/tmp/kermeta_build/src/plugins/fr.irisa.triskell.kermeta.framework/src/kermeta/language/behavior.kmt
PASS 2 : A type definition for &apos;kermeta::language::behavior::Raise&apos; already exists. (while loading file:/tmp/kermeta_build/src/plugins/fr.irisa.triskell.kermeta.framework/src/kermeta/language/behavior.kmt)
  -&gt;   file:/tmp/kermeta_build/src/plugins/fr.irisa.triskell.kermeta.framework/src/kermeta/language/behavior.kmt
PASS 2 : A type definition for &apos;kermeta::language::behavior::Rescue&apos; already exists. (while loading file:/tmp/kermeta_build/src/plugins/fr.irisa.triskell.kermeta.framework/src/kermeta/language/behavior.kmt)
  -&gt;   file:/tmp/kermeta_build/src/plugins/fr.irisa.triskell.kermeta.framework/src/kermeta/language/behavior.kmt
PASS 2 : A type definition for &apos;kermeta::language::behavior::JavaStaticCall&apos; already exists. (while loading file:/tmp/kermeta_build/src/plugins/fr.irisa.triskell.kermeta.framework/src/kermeta/language/behavior.kmt)
  -&gt;   file:/tmp/kermeta_build/src/plugins/fr.irisa.triskell.kermeta.framework/src/kermeta/language/behavior.kmt
PASS 2 : A type definition for &apos;kermeta::language::behavior::LambdaExpression&apos; already exists. (while loading file:/tmp/kermeta_build/src/plugins/fr.irisa.triskell.kermeta.framework/src/kermeta/language/behavior.kmt)
  -&gt;   file:/tmp/kermeta_build/src/plugins/fr.irisa.triskell.kermeta.framework/src/kermeta/language/behavior.kmt
PASS 2 : A type definition for &apos;kermeta::language::behavior::LambdaParameter&apos; already exists. (while loading file:/tmp/kermeta_build/src/plugins/fr.irisa.triskell.kermeta.framework/src/kermeta/language/behavior.kmt)
  -&gt;   file:/tmp/kermeta_build/src/plugins/fr.irisa.triskell.kermeta.framework/src/kermeta/language/behavior.kmt
PASS 2 : A type definition for &apos;kermeta::language::behavior::KMExpressionVisitor&apos; already exists. (while loading file:/tmp/kermeta_build/src/plugins/fr.irisa.triskell.kermeta.framework/src/kermeta/language/behavior.kmt)
  -&gt;   file:/tmp/kermeta_build/src/plugins/fr.irisa.triskell.kermeta.framework/src/kermeta/language/behavior.kmt
PASS 2 : A type definition for &apos;kermeta::language::behavior::KMExpressionVisitable&apos; already exists. (while loading file:/tmp/kermeta_build/src/plugins/fr.irisa.triskell.kermeta.framework/src/kermeta/language/behavior.kmt)
  -&gt;   file:/tmp/kermeta_build/src/plugins/fr.irisa.triskell.kermeta.framework/src/kermeta/language/behavior.kmt
PASS 2 : A type definition for DataType &apos;kermeta::language::structure::String&apos; already exists.
  -&gt;   file:/tmp/kermeta_build/src/plugins/fr.irisa.triskell.kermeta.framework/src/kermeta/language/structure.kmt
PASS 2 : A type definition for &apos;kermeta::language::structure::Object&apos; already exists. (while loading file:/tmp/kermeta_build/src/plugins/fr.irisa.triskell.kermeta.framework/src/kermeta/language/structure.kmt)
  -&gt;   file:/tmp/kermeta_build/src/plugins/fr.irisa.triskell.kermeta.framework/src/kermeta/language/structure.kmt
PASS 2 : A type definition for DataType &apos;kermeta::language::structure::Boolean&apos; already exists.
  -&gt;   file:/tmp/kermeta_build/src/plugins/fr.irisa.triskell.kermeta.framework/src/kermeta/language/structure.kmt
PASS 2 : A type definition for DataType &apos;kermeta::language::structure::Integer&apos; already exists.
  -&gt;   file:/tmp/kermeta_build/src/plugins/fr.irisa.triskell.kermeta.framework/src/kermeta/language/structure.kmt
PASS 2 : A type definition for &apos;kermeta::language::structure::ParameterizedType&apos; already exists. (while loading file:/tmp/kermeta_build/src/plugins/fr.irisa.triskell.kermeta.framework/src/kermeta/language/structure.kmt)
  -&gt;   file:/tmp/kermeta_build/src/plugins/fr.irisa.triskell.kermeta.framework/src/kermeta/language/structure.kmt
PASS 2 : A type definition for &apos;kermeta::language::structure::ModelType&apos; already exists. (while loading file:/tmp/kermeta_build/src/plugins/fr.irisa.triskell.kermeta.framework/src/kermeta/language/structure.kmt)
  -&gt;   file:/tmp/kermeta_build/src/plugins/fr.irisa.triskell.kermeta.framework/src/kermeta/language/structure.kmt
PASS 2 : A type definition for &apos;kermeta::language::structure::Class&apos; already exists. (while loading file:/tmp/kermeta_build/src/plugins/fr.irisa.triskell.kermeta.framework/src/kermeta/language/structure.kmt)
  -&gt;   file:/tmp/kermeta_build/src/plugins/fr.irisa.triskell.kermeta.framework/src/kermeta/language/structure.kmt
PASS 2 : A type definition for &apos;kermeta::language::structure::MultiplicityElement&apos; already exists. (while loading file:/tmp/kermeta_build/src/plugins/fr.irisa.triskell.kermeta.framework/src/kermeta/language/structure.kmt)
  -&gt;   file:/tmp/kermeta_build/src/plugins/fr.irisa.triskell.kermeta.framework/src/kermeta/language/structure.kmt
PASS 2 : A type definition for &apos;kermeta::language::structure::Constraint&apos; already exists. (while loading file:/tmp/kermeta_build/src/plugins/fr.irisa.triskell.kermeta.framework/src/kermeta/language/structure.kmt)
  -&gt;   file:/tmp/kermeta_build/src/plugins/fr.irisa.triskell.kermeta.framework/src/kermeta/language/structure.kmt
PASS 2 : A type definition for Enum &apos;kermeta::language::structure::ConstraintLanguage&apos; already exists.
  -&gt;   file:/tmp/kermeta_build/src/plugins/fr.irisa.triskell.kermeta.framework/src/kermeta/language/structure.kmt
PASS 2 : A type definition for Enum &apos;kermeta::language::structure::ConstraintType&apos; already exists.
  -&gt;   file:/tmp/kermeta_build/src/plugins/fr.irisa.triskell.kermeta.framework/src/kermeta/language/structure.kmt
PASS 2 : A type definition for &apos;kermeta::language::structure::Operation&apos; already exists. (while loading file:/tmp/kermeta_build/src/plugins/fr.irisa.triskell.kermeta.framework/src/kermeta/language/structure.kmt)
  -&gt;   file:/tmp/kermeta_build/src/plugins/fr.irisa.triskell.kermeta.framework/src/kermeta/language/structure.kmt
PASS 2 : A type definition for &apos;kermeta::language::structure::Tag&apos; already exists. (while loading file:/tmp/kermeta_build/src/plugins/fr.irisa.triskell.kermeta.framework/src/kermeta/language/structure.kmt)
  -&gt;   file:/tmp/kermeta_build/src/plugins/fr.irisa.triskell.kermeta.framework/src/kermeta/language/structure.kmt
PASS 2 : A type definition for &apos;kermeta::language::structure::Property&apos; already exists. (while loading file:/tmp/kermeta_build/src/plugins/fr.irisa.triskell.kermeta.framework/src/kermeta/language/structure.kmt)
  -&gt;   file:/tmp/kermeta_build/src/plugins/fr.irisa.triskell.kermeta.framework/src/kermeta/language/structure.kmt
PASS 2 : A type definition for &apos;kermeta::language::structure::TypeContainer&apos; already exists. (while loading file:/tmp/kermeta_build/src/plugins/fr.irisa.triskell.kermeta.framework/src/kermeta/language/structure.kmt)
  -&gt;   file:/tmp/kermeta_build/src/plugins/fr.irisa.triskell.kermeta.framework/src/kermeta/language/structure.kmt
PASS 2 : A type definition for &apos;kermeta::language::structure::VirtualTypeContainer&apos; already exists. (while loading file:/tmp/kermeta_build/src/plugins/fr.irisa.triskell.kermeta.framework/src/kermeta/language/structure.kmt)
  -&gt;   file:/tmp/kermeta_build/src/plugins/fr.irisa.triskell.kermeta.framework/src/kermeta/language/structure.kmt
PASS 2 : A type definition for &apos;kermeta::language::structure::GenericTypeDefinition&apos; already exists. (while loading file:/tmp/kermeta_build/src/plugins/fr.irisa.triskell.kermeta.framework/src/kermeta/language/structure.kmt)
  -&gt;   file:/tmp/kermeta_build/src/plugins/fr.irisa.triskell.kermeta.framework/src/kermeta/language/structure.kmt
PASS 2 : A type definition for &apos;kermeta::language::structure::ClassDefinition&apos; already exists. (while loading file:/tmp/kermeta_build/src/plugins/fr.irisa.triskell.kermeta.framework/src/kermeta/language/structure.kmt)
  -&gt;   file:/tmp/kermeta_build/src/plugins/fr.irisa.triskell.kermeta.framework/src/kermeta/language/structure.kmt
PASS 2 : A type definition for &apos;kermeta::language::structure::TypedElement&apos; already exists. (while loading file:/tmp/kermeta_build/src/plugins/fr.irisa.triskell.kermeta.framework/src/kermeta/language/structure.kmt)
  -&gt;   file:/tmp/kermeta_build/src/plugins/fr.irisa.triskell.kermeta.framework/src/kermeta/language/structure.kmt
PASS 2 : A type definition for &apos;kermeta::language::structure::TypeVariable&apos; already exists. (while loading file:/tmp/kermeta_build/src/plugins/fr.irisa.triskell.kermeta.framework/src/kermeta/language/structure.kmt)
  -&gt;   file:/tmp/kermeta_build/src/plugins/fr.irisa.triskell.kermeta.framework/src/kermeta/language/structure.kmt
PASS 2 : A type definition for &apos;kermeta::language::structure::ObjectTypeVariable&apos; already exists. (while loading file:/tmp/kermeta_build/src/plugins/fr.irisa.triskell.kermeta.framework/src/kermeta/language/structure.kmt)
  -&gt;   file:/tmp/kermeta_build/src/plugins/fr.irisa.triskell.kermeta.framework/src/kermeta/language/structure.kmt
PASS 2 : A type definition for &apos;kermeta::language::structure::VirtualType&apos; already exists. (while loading file:/tmp/kermeta_build/src/plugins/fr.irisa.triskell.kermeta.framework/src/kermeta/language/structure.kmt)
  -&gt;   file:/tmp/kermeta_build/src/plugins/fr.irisa.triskell.kermeta.framework/src/kermeta/language/structure.kmt
PASS 2 : A type definition for &apos;kermeta::language::structure::ModelTypeVariable&apos; already exists. (while loading file:/tmp/kermeta_build/src/plugins/fr.irisa.triskell.kermeta.framework/src/kermeta/language/structure.kmt)
  -&gt;   file:/tmp/kermeta_build/src/plugins/fr.irisa.triskell.kermeta.framework/src/kermeta/language/structure.kmt
PASS 2 : A type definition for &apos;kermeta::language::structure::Model&apos; already exists. (while loading file:/tmp/kermeta_build/src/plugins/fr.irisa.triskell.kermeta.framework/src/kermeta/language/structure.kmt)
  -&gt;   file:/tmp/kermeta_build/src/plugins/fr.irisa.triskell.kermeta.framework/src/kermeta/language/structure.kmt
PASS 2 : A type definition for &apos;kermeta::language::structure::ProductType&apos; already exists. (while loading file:/tmp/kermeta_build/src/plugins/fr.irisa.triskell.kermeta.framework/src/kermeta/language/structure.kmt)
  -&gt;   file:/tmp/kermeta_build/src/plugins/fr.irisa.triskell.kermeta.framework/src/kermeta/language/structure.kmt
PASS 2 : A type definition for &apos;kermeta::language::structure::FunctionType&apos; already exists. (while loading file:/tmp/kermeta_build/src/plugins/fr.irisa.triskell.kermeta.framework/src/kermeta/language/structure.kmt)
  -&gt;   file:/tmp/kermeta_build/src/plugins/fr.irisa.triskell.kermeta.framework/src/kermeta/language/structure.kmt
PASS 2 : A type definition for &apos;kermeta::language::structure::Type&apos; already exists. (while loading file:/tmp/kermeta_build/src/plugins/fr.irisa.triskell.kermeta.framework/src/kermeta/language/structure.kmt)
  -&gt;   file:/tmp/kermeta_build/src/plugins/fr.irisa.triskell.kermeta.framework/src/kermeta/language/structure.kmt
PASS 2 : A type definition for &apos;kermeta::language::structure::TypeVariableBinding&apos; already exists. (while loading file:/tmp/kermeta_build/src/plugins/fr.irisa.triskell.kermeta.framework/src/kermeta/language/structure.kmt)
  -&gt;   file:/tmp/kermeta_build/src/plugins/fr.irisa.triskell.kermeta.framework/src/kermeta/language/structure.kmt
PASS 2 : A type definition for &apos;kermeta::language::structure::PrimitiveType&apos; already exists. (while loading file:/tmp/kermeta_build/src/plugins/fr.irisa.triskell.kermeta.framework/src/kermeta/language/structure.kmt)
  -&gt;   file:/tmp/kermeta_build/src/plugins/fr.irisa.triskell.kermeta.framework/src/kermeta/language/structure.kmt
PASS 2 : A type definition for &apos;kermeta::language::structure::NamedElement&apos; already exists. (while loading file:/tmp/kermeta_build/src/plugins/fr.irisa.triskell.kermeta.framework/src/kermeta/language/structure.kmt)
  -&gt;   file:/tmp/kermeta_build/src/plugins/fr.irisa.triskell.kermeta.framework/src/kermeta/language/structure.kmt
PASS 2 : A type definition for &apos;kermeta::language::structure::TypeDefinitionContainer&apos; already exists. (while loading file:/tmp/kermeta_build/src/plugins/fr.irisa.triskell.kermeta.framework/src/kermeta/language/structure.kmt)
  -&gt;   file:/tmp/kermeta_build/src/plugins/fr.irisa.triskell.kermeta.framework/src/kermeta/language/structure.kmt
PASS 2 : A type definition for &apos;kermeta::language::structure::Package&apos; already exists. (while loading file:/tmp/kermeta_build/src/plugins/fr.irisa.triskell.kermeta.framework/src/kermeta/language/structure.kmt)
  -&gt;   file:/tmp/kermeta_build/src/plugins/fr.irisa.triskell.kermeta.framework/src/kermeta/language/structure.kmt
PASS 2 : A type definition for &apos;kermeta::language::structure::TypeDefinition&apos; already exists. (while loading file:/tmp/kermeta_build/src/plugins/fr.irisa.triskell.kermeta.framework/src/kermeta/language/structure.kmt)
  -&gt;   file:/tmp/kermeta_build/src/plugins/fr.irisa.triskell.kermeta.framework/src/kermeta/language/structure.kmt
PASS 2 : A type definition for &apos;kermeta::language::structure::VoidType&apos; already exists. (while loading file:/tmp/kermeta_build/src/plugins/fr.irisa.triskell.kermeta.framework/src/kermeta/language/structure.kmt)
  -&gt;   file:/tmp/kermeta_build/src/plugins/fr.irisa.triskell.kermeta.framework/src/kermeta/language/structure.kmt
PASS 2 : A type definition for &apos;kermeta::language::structure::DataType&apos; already exists. (while loading file:/tmp/kermeta_build/src/plugins/fr.irisa.triskell.kermeta.framework/src/kermeta/language/structure.kmt)
  -&gt;   file:/tmp/kermeta_build/src/plugins/fr.irisa.triskell.kermeta.framework/src/kermeta/language/structure.kmt
PASS 2 : A type definition for &apos;kermeta::language::structure::Enumeration&apos; already exists. (while loading file:/tmp/kermeta_build/src/plugins/fr.irisa.triskell.kermeta.framework/src/kermeta/language/structure.kmt)
  -&gt;   file:/tmp/kermeta_build/src/plugins/fr.irisa.triskell.kermeta.framework/src/kermeta/language/structure.kmt
PASS 2 : A type definition for &apos;kermeta::language::structure::EnumerationLiteral&apos; already exists. (while loading file:/tmp/kermeta_build/src/plugins/fr.irisa.triskell.kermeta.framework/src/kermeta/language/structure.kmt)
  -&gt;   file:/tmp/kermeta_build/src/plugins/fr.irisa.triskell.kermeta.framework/src/kermeta/language/structure.kmt
PASS 2 : A type definition for &apos;kermeta::language::structure::Parameter&apos; already exists. (while loading file:/tmp/kermeta_build/src/plugins/fr.irisa.triskell.kermeta.framework/src/kermeta/language/structure.kmt)
  -&gt;   file:/tmp/kermeta_build/src/plugins/fr.irisa.triskell.kermeta.framework/src/kermeta/language/structure.kmt
PASS 2 : A type definition for DataType &apos;kermeta::language::structure::UnlimitedNatural&apos; already exists.
  -&gt;   file:/tmp/kermeta_build/src/plugins/fr.irisa.triskell.kermeta.framework/src/kermeta/language/structure.kmt
PASS 2 : A type definition for &apos;kermeta::language::structure::KMStructureVisitor&apos; already exists. (while loading file:/tmp/kermeta_build/src/plugins/fr.irisa.triskell.kermeta.framework/src/kermeta/language/structure.kmt)
  -&gt;   file:/tmp/kermeta_build/src/plugins/fr.irisa.triskell.kermeta.framework/src/kermeta/language/structure.kmt
PASS 2 : A type definition for &apos;kermeta::language::structure::KMStructureVisitable&apos; already exists. (while loading file:/tmp/kermeta_build/src/plugins/fr.irisa.triskell.kermeta.framework/src/kermeta/language/structure.kmt)
  -&gt;   file:/tmp/kermeta_build/src/plugins/fr.irisa.triskell.kermeta.framework/src/kermeta/language/structure.kmt
PASS 2 : A type definition for DataType &apos;kermeta::reflection::String&apos; already exists.
  -&gt;   file:/tmp/kermeta_build/src/plugins/fr.irisa.triskell.kermeta.framework/src/kermeta/reflection/reflection.kmt
PASS 2 : A type definition for &apos;kermeta::reflection::Object&apos; already exists. (while loading file:/tmp/kermeta_build/src/plugins/fr.irisa.triskell.kermeta.framework/src/kermeta/reflection/reflection.kmt)
  -&gt;   file:/tmp/kermeta_build/src/plugins/fr.irisa.triskell.kermeta.framework/src/kermeta/reflection/reflection.kmt
PASS 2 : A type definition for DataType &apos;kermeta::reflection::Boolean&apos; already exists.
  -&gt;   file:/tmp/kermeta_build/src/plugins/fr.irisa.triskell.kermeta.framework/src/kermeta/reflection/reflection.kmt
PASS 2 : A type definition for DataType &apos;kermeta::reflection::Integer&apos; already exists.
  -&gt;   file:/tmp/kermeta_build/src/plugins/fr.irisa.triskell.kermeta.framework/src/kermeta/reflection/reflection.kmt
PASS 2 : A type definition for &apos;kermeta::reflection::ParameterizedType&apos; already exists. (while loading file:/tmp/kermeta_build/src/plugins/fr.irisa.triskell.kermeta.framework/src/kermeta/reflection/reflection.kmt)
  -&gt;   file:/tmp/kermeta_build/src/plugins/fr.irisa.triskell.kermeta.framework/src/kermeta/reflection/reflection.kmt
PASS 2 : A type definition for &apos;kermeta::reflection::Class&apos; already exists. (while loading file:/tmp/kermeta_build/src/plugins/fr.irisa.triskell.kermeta.framework/src/kermeta/reflection/reflection.kmt)
  -&gt;   file:/tmp/kermeta_build/src/plugins/fr.irisa.triskell.kermeta.framework/src/kermeta/reflection/reflection.kmt
PASS 2 : A type definition for &apos;kermeta::reflection::ModelType&apos; already exists. (while loading file:/tmp/kermeta_build/src/plugins/fr.irisa.triskell.kermeta.framework/src/kermeta/reflection/reflection.kmt)
  -&gt;   file:/tmp/kermeta_build/src/plugins/fr.irisa.triskell.kermeta.framework/src/kermeta/reflection/reflection.kmt
PASS 2 : A type definition for &apos;kermeta::reflection::Model&apos; already exists. (while loading file:/tmp/kermeta_build/src/plugins/fr.irisa.triskell.kermeta.framework/src/kermeta/reflection/reflection.kmt)
  -&gt;   file:/tmp/kermeta_build/src/plugins/fr.irisa.triskell.kermeta.framework/src/kermeta/reflection/reflection.kmt
PASS 2 : A type definition for &apos;kermeta::reflection::MultiplicityElement&apos; already exists. (while loading file:/tmp/kermeta_build/src/plugins/fr.irisa.triskell.kermeta.framework/src/kermeta/reflection/reflection.kmt)
  -&gt;   file:/tmp/kermeta_build/src/plugins/fr.irisa.triskell.kermeta.framework/src/kermeta/reflection/reflection.kmt
PASS 2 : A type definition for &apos;kermeta::reflection::Constraint&apos; already exists. (while loading file:/tmp/kermeta_build/src/plugins/fr.irisa.triskell.kermeta.framework/src/kermeta/reflection/reflection.kmt)
  -&gt;   file:/tmp/kermeta_build/src/plugins/fr.irisa.triskell.kermeta.framework/src/kermeta/reflection/reflection.kmt
PASS 2 : A type definition for &apos;kermeta::reflection::Operation&apos; already exists. (while loading file:/tmp/kermeta_build/src/plugins/fr.irisa.triskell.kermeta.framework/src/kermeta/reflection/reflection.kmt)
  -&gt;   file:/tmp/kermeta_build/src/plugins/fr.irisa.triskell.kermeta.framework/src/kermeta/reflection/reflection.kmt
PASS 2 : A type definition for &apos;kermeta::reflection::Tag&apos; already exists. (while loading file:/tmp/kermeta_build/src/plugins/fr.irisa.triskell.kermeta.framework/src/kermeta/reflection/reflection.kmt)
  -&gt;   file:/tmp/kermeta_build/src/plugins/fr.irisa.triskell.kermeta.framework/src/kermeta/reflection/reflection.kmt
PASS 2 : A type definition for &apos;kermeta::reflection::Property&apos; already exists. (while loading file:/tmp/kermeta_build/src/plugins/fr.irisa.triskell.kermeta.framework/src/kermeta/reflection/reflection.kmt)
  -&gt;   file:/tmp/kermeta_build/src/plugins/fr.irisa.triskell.kermeta.framework/src/kermeta/reflection/reflection.kmt
PASS 2 : A type definition for &apos;kermeta::reflection::TypeContainer&apos; already exists. (while loading file:/tmp/kermeta_build/src/plugins/fr.irisa.triskell.kermeta.framework/src/kermeta/reflection/reflection.kmt)
  -&gt;   file:/tmp/kermeta_build/src/plugins/fr.irisa.triskell.kermeta.framework/src/kermeta/reflection/reflection.kmt
PASS 2 : A type definition for &apos;kermeta::reflection::VirtualTypeContainer&apos; already exists. (while loading file:/tmp/kermeta_build/src/plugins/fr.irisa.triskell.kermeta.framework/src/kermeta/reflection/reflection.kmt)
  -&gt;   file:/tmp/kermeta_build/src/plugins/fr.irisa.triskell.kermeta.framework/src/kermeta/reflection/reflection.kmt
PASS 2 : A type definition for &apos;kermeta::reflection::GenericTypeDefinition&apos; already exists. (while loading file:/tmp/kermeta_build/src/plugins/fr.irisa.triskell.kermeta.framework/src/kermeta/reflection/reflection.kmt)
  -&gt;   file:/tmp/kermeta_build/src/plugins/fr.irisa.triskell.kermeta.framework/src/kermeta/reflection/reflection.kmt
PASS 2 : A type definition for &apos;kermeta::reflection::ClassDefinition&apos; already exists. (while loading file:/tmp/kermeta_build/src/plugins/fr.irisa.triskell.kermeta.framework/src/kermeta/reflection/reflection.kmt)
  -&gt;   file:/tmp/kermeta_build/src/plugins/fr.irisa.triskell.kermeta.framework/src/kermeta/reflection/reflection.kmt
PASS 2 : A type definition for &apos;kermeta::reflection::TypedElement&apos; already exists. (while loading file:/tmp/kermeta_build/src/plugins/fr.irisa.triskell.kermeta.framework/src/kermeta/reflection/reflection.kmt)
  -&gt;   file:/tmp/kermeta_build/src/plugins/fr.irisa.triskell.kermeta.framework/src/kermeta/reflection/reflection.kmt
PASS 2 : A type definition for &apos;kermeta::reflection::TypeVariable&apos; already exists. (while loading file:/tmp/kermeta_build/src/plugins/fr.irisa.triskell.kermeta.framework/src/kermeta/reflection/reflection.kmt)
  -&gt;   file:/tmp/kermeta_build/src/plugins/fr.irisa.triskell.kermeta.framework/src/kermeta/reflection/reflection.kmt
PASS 2 : A type definition for &apos;kermeta::reflection::ObjectTypeVariable&apos; already exists. (while loading file:/tmp/kermeta_build/src/plugins/fr.irisa.triskell.kermeta.framework/src/kermeta/reflection/reflection.kmt)
  -&gt;   file:/tmp/kermeta_build/src/plugins/fr.irisa.triskell.kermeta.framework/src/kermeta/reflection/reflection.kmt
PASS 2 : A type definition for &apos;kermeta::reflection::VirtualType&apos; already exists. (while loading file:/tmp/kermeta_build/src/plugins/fr.irisa.triskell.kermeta.framework/src/kermeta/reflection/reflection.kmt)
  -&gt;   file:/tmp/kermeta_build/src/plugins/fr.irisa.triskell.kermeta.framework/src/kermeta/reflection/reflection.kmt
PASS 2 : A type definition for &apos;kermeta::reflection::ModelTypeVariable&apos; already exists. (while loading file:/tmp/kermeta_build/src/plugins/fr.irisa.triskell.kermeta.framework/src/kermeta/reflection/reflection.kmt)
  -&gt;   file:/tmp/kermeta_build/src/plugins/fr.irisa.triskell.kermeta.framework/src/kermeta/reflection/reflection.kmt
PASS 2 : A type definition for &apos;kermeta::reflection::ProductType&apos; already exists. (while loading file:/tmp/kermeta_build/src/plugins/fr.irisa.triskell.kermeta.framework/src/kermeta/reflection/reflection.kmt)
  -&gt;   file:/tmp/kermeta_build/src/plugins/fr.irisa.triskell.kermeta.framework/src/kermeta/reflection/reflection.kmt
PASS 2 : A type definition for &apos;kermeta::reflection::FunctionType&apos; already exists. (while loading file:/tmp/kermeta_build/src/plugins/fr.irisa.triskell.kermeta.framework/src/kermeta/reflection/reflection.kmt)
  -&gt;   file:/tmp/kermeta_build/src/plugins/fr.irisa.triskell.kermeta.framework/src/kermeta/reflection/reflection.kmt
PASS 2 : A type definition for &apos;kermeta::reflection::Type&apos; already exists. (while loading file:/tmp/kermeta_build/src/plugins/fr.irisa.triskell.kermeta.framework/src/kermeta/reflection/reflection.kmt)
  -&gt;   file:/tmp/kermeta_build/src/plugins/fr.irisa.triskell.kermeta.framework/src/kermeta/reflection/reflection.kmt
PASS 2 : A type definition for &apos;kermeta::reflection::TypeVariableBinding&apos; already exists. (while loading file:/tmp/kermeta_build/src/plugins/fr.irisa.triskell.kermeta.framework/src/kermeta/reflection/reflection.kmt)
  -&gt;   file:/tmp/kermeta_build/src/plugins/fr.irisa.triskell.kermeta.framework/src/kermeta/reflection/reflection.kmt
PASS 2 : A type definition for &apos;kermeta::reflection::PrimitiveType&apos; already exists. (while loading file:/tmp/kermeta_build/src/plugins/fr.irisa.triskell.kermeta.framework/src/kermeta/reflection/reflection.kmt)
  -&gt;   file:/tmp/kermeta_build/src/plugins/fr.irisa.triskell.kermeta.framework/src/kermeta/reflection/reflection.kmt
PASS 2 : A type definition for &apos;kermeta::reflection::NamedElement&apos; already exists. (while loading file:/tmp/kermeta_build/src/plugins/fr.irisa.triskell.kermeta.framework/src/kermeta/reflection/reflection.kmt)
  -&gt;   file:/tmp/kermeta_build/src/plugins/fr.irisa.triskell.kermeta.framework/src/kermeta/reflection/reflection.kmt
PASS 2 : A type definition for &apos;kermeta::reflection::SelfType&apos; already exists. (while loading file:/tmp/kermeta_build/src/plugins/fr.irisa.triskell.kermeta.framework/src/kermeta/reflection/reflection.kmt)
  -&gt;   file:/tmp/kermeta_build/src/plugins/fr.irisa.triskell.kermeta.framework/src/kermeta/reflection/reflection.kmt
PASS 2 : A type definition for &apos;kermeta::reflection::TypeDefinitionContainer&apos; already exists. (while loading file:/tmp/kermeta_build/src/plugins/fr.irisa.triskell.kermeta.framework/src/kermeta/reflection/reflection.kmt)
  -&gt;   file:/tmp/kermeta_build/src/plugins/fr.irisa.triskell.kermeta.framework/src/kermeta/reflection/reflection.kmt
PASS 2 : A type definition for &apos;kermeta::reflection::Package&apos; already exists. (while loading file:/tmp/kermeta_build/src/plugins/fr.irisa.triskell.kermeta.framework/src/kermeta/reflection/reflection.kmt)
  -&gt;   file:/tmp/kermeta_build/src/plugins/fr.irisa.triskell.kermeta.framework/src/kermeta/reflection/reflection.kmt
PASS 2 : A type definition for &apos;kermeta::reflection::TypeDefinition&apos; already exists. (while loading file:/tmp/kermeta_build/src/plugins/fr.irisa.triskell.kermeta.framework/src/kermeta/reflection/reflection.kmt)
  -&gt;   file:/tmp/kermeta_build/src/plugins/fr.irisa.triskell.kermeta.framework/src/kermeta/reflection/reflection.kmt
PASS 2 : A type definition for &apos;kermeta::reflection::VoidType&apos; already exists. (while loading file:/tmp/kermeta_build/src/plugins/fr.irisa.triskell.kermeta.framework/src/kermeta/reflection/reflection.kmt)
  -&gt;   file:/tmp/kermeta_build/src/plugins/fr.irisa.triskell.kermeta.framework/src/kermeta/reflection/reflection.kmt
PASS 2 : A type definition for &apos;kermeta::reflection::DataType&apos; already exists. (while loading file:/tmp/kermeta_build/src/plugins/fr.irisa.triskell.kermeta.framework/src/kermeta/reflection/reflection.kmt)
  -&gt;   file:/tmp/kermeta_build/src/plugins/fr.irisa.triskell.kermeta.framework/src/kermeta/reflection/reflection.kmt
PASS 2 : A type definition for &apos;kermeta::reflection::Enumeration&apos; already exists. (while loading file:/tmp/kermeta_build/src/plugins/fr.irisa.triskell.kermeta.framework/src/kermeta/reflection/reflection.kmt)
  -&gt;   file:/tmp/kermeta_build/src/plugins/fr.irisa.triskell.kermeta.framework/src/kermeta/reflection/reflection.kmt
PASS 2 : A type definition for &apos;kermeta::reflection::EnumerationLiteral&apos; already exists. (while loading file:/tmp/kermeta_build/src/plugins/fr.irisa.triskell.kermeta.framework/src/kermeta/reflection/reflection.kmt)
  -&gt;   file:/tmp/kermeta_build/src/plugins/fr.irisa.triskell.kermeta.framework/src/kermeta/reflection/reflection.kmt
PASS 2 : A type definition for &apos;kermeta::reflection::Parameter&apos; already exists. (while loading file:/tmp/kermeta_build/src/plugins/fr.irisa.triskell.kermeta.framework/src/kermeta/reflection/reflection.kmt)
  -&gt;   file:/tmp/kermeta_build/src/plugins/fr.irisa.triskell.kermeta.framework/src/kermeta/reflection/reflection.kmt
PASS 2 : A type definition for DataType &apos;kermeta::reflection::UnlimitedNatural&apos; already exists.
  -&gt;   file:/tmp/kermeta_build/src/plugins/fr.irisa.triskell.kermeta.framework/src/kermeta/reflection/reflection.kmt
PASS 2 : A type definition for &apos;kermeta::persistence::Resource&apos; already exists. (while loading file:/tmp/kermeta_build/src/plugins/fr.irisa.triskell.kermeta.framework/src/kermeta/persistence/resource.kmt)
  -&gt;   file:/tmp/kermeta_build/src/plugins/fr.irisa.triskell.kermeta.framework/src/kermeta/persistence/resource.kmt
PASS 2 : A type definition for &apos;kermeta::persistence::EMFResource&apos; already exists. (while loading file:/tmp/kermeta_build/src/plugins/fr.irisa.triskell.kermeta.framework/src/kermeta/persistence/resource.kmt)
  -&gt;   file:/tmp/kermeta_build/src/plugins/fr.irisa.triskell.kermeta.framework/src/kermeta/persistence/resource.kmt
PASS 2 : A type definition for &apos;kermeta::persistence::KMResource&apos; already exists. (while loading file:/tmp/kermeta_build/src/plugins/fr.irisa.triskell.kermeta.framework/src/kermeta/persistence/resource.kmt)
  -&gt;   file:/tmp/kermeta_build/src/plugins/fr.irisa.triskell.kermeta.framework/src/kermeta/persistence/resource.kmt
PASS 2 : A type definition for &apos;kermeta::persistence::Repository&apos; already exists. (while loading file:/tmp/kermeta_build/src/plugins/fr.irisa.triskell.kermeta.framework/src/kermeta/persistence/resource.kmt)
  -&gt;   file:/tmp/kermeta_build/src/plugins/fr.irisa.triskell.kermeta.framework/src/kermeta/persistence/resource.kmt
PASS 2 : A type definition for &apos;kermeta::persistence::EMFRepository&apos; already exists. (while loading file:/tmp/kermeta_build/src/plugins/fr.irisa.triskell.kermeta.framework/src/kermeta/persistence/resource.kmt)
  -&gt;   file:/tmp/kermeta_build/src/plugins/fr.irisa.triskell.kermeta.framework/src/kermeta/persistence/resource.kmt
PASS 2 : A type definition for &apos;kermeta::persistence::KMRepository&apos; already exists. (while loading file:/tmp/kermeta_build/src/plugins/fr.irisa.triskell.kermeta.framework/src/kermeta/persistence/resource.kmt)
  -&gt;   file:/tmp/kermeta_build/src/plugins/fr.irisa.triskell.kermeta.framework/src/kermeta/persistence/resource.kmt
PASS 2 : A type definition for &apos;kermeta::persistence::ResourceLoadException&apos; already exists. (while loading file:/tmp/kermeta_build/src/plugins/fr.irisa.triskell.kermeta.framework/src/kermeta/persistence/resource.kmt)
  -&gt;   file:/tmp/kermeta_build/src/plugins/fr.irisa.triskell.kermeta.framework/src/kermeta/persistence/resource.kmt
PASS 2 : A type definition for &apos;kermeta::persistence::ResourceSaveException&apos; already exists. (while loading file:/tmp/kermeta_build/src/plugins/fr.irisa.triskell.kermeta.framework/src/kermeta/persistence/resource.kmt)
  -&gt;   file:/tmp/kermeta_build/src/plugins/fr.irisa.triskell.kermeta.framework/src/kermeta/persistence/resource.kmt
PASS 2 : A type definition for &apos;kermeta::persistence::ResourceCreateException&apos; already exists. (while loading file:/tmp/kermeta_build/src/plugins/fr.irisa.triskell.kermeta.framework/src/kermeta/persistence/resource.kmt)
  -&gt;   file:/tmp/kermeta_build/src/plugins/fr.irisa.triskell.kermeta.framework/src/kermeta/persistence/resource.kmt
PASS 2 : A type definition for &apos;kermeta::persistence::ResourceUnconformityException&apos; already exists. (while loading file:/tmp/kermeta_build/src/plugins/fr.irisa.triskell.kermeta.framework/src/kermeta/persistence/resource.kmt)
  -&gt;   file:/tmp/kermeta_build/src/plugins/fr.irisa.triskell.kermeta.framework/src/kermeta/persistence/resource.kmt
PASS 2 : A type definition for &apos;kermeta::language::ReflectiveCollection&apos; already exists. (while loading file:/tmp/kermeta_build/src/plugins/fr.irisa.triskell.kermeta.framework/src/kermeta/language/reflective_collections.kmt)
  -&gt;   file:/tmp/kermeta_build/src/plugins/fr.irisa.triskell.kermeta.framework/src/kermeta/language/reflective_collections.kmt
PASS 2 : A type definition for &apos;kermeta::language::ReflectiveSequence&apos; already exists. (while loading file:/tmp/kermeta_build/src/plugins/fr.irisa.triskell.kermeta.framework/src/kermeta/language/reflective_collections.kmt)
  -&gt;   file:/tmp/kermeta_build/src/plugins/fr.irisa.triskell.kermeta.framework/src/kermeta/language/reflective_collections.kmt
PASS 2 : A type definition for &apos;kermeta::kunit::AssertionFailedError&apos; already exists. (while loading file:/tmp/kermeta_build/src/plugins/fr.irisa.triskell.kermeta.framework/src/kermeta/kunit/kunit.kmt)
  -&gt;   file:/tmp/kermeta_build/src/plugins/fr.irisa.triskell.kermeta.framework/src/kermeta/kunit/kunit.kmt
PASS 2 : A type definition for &apos;kermeta::kunit::Assert&apos; already exists. (while loading file:/tmp/kermeta_build/src/plugins/fr.irisa.triskell.kermeta.framework/src/kermeta/kunit/kunit.kmt)
  -&gt;   file:/tmp/kermeta_build/src/plugins/fr.irisa.triskell.kermeta.framework/src/kermeta/kunit/kunit.kmt
PASS 2 : A type definition for &apos;kermeta::kunit::Test&apos; already exists. (while loading file:/tmp/kermeta_build/src/plugins/fr.irisa.triskell.kermeta.framework/src/kermeta/kunit/kunit.kmt)
  -&gt;   file:/tmp/kermeta_build/src/plugins/fr.irisa.triskell.kermeta.framework/src/kermeta/kunit/kunit.kmt
PASS 2 : A type definition for &apos;kermeta::kunit::TestCase&apos; already exists. (while loading file:/tmp/kermeta_build/src/plugins/fr.irisa.triskell.kermeta.framework/src/kermeta/kunit/kunit.kmt)
  -&gt;   file:/tmp/kermeta_build/src/plugins/fr.irisa.triskell.kermeta.framework/src/kermeta/kunit/kunit.kmt
PASS 2 : A type definition for &apos;kermeta::kunit::TestResult&apos; already exists. (while loading file:/tmp/kermeta_build/src/plugins/fr.irisa.triskell.kermeta.framework/src/kermeta/kunit/kunit.kmt)
  -&gt;   file:/tmp/kermeta_build/src/plugins/fr.irisa.triskell.kermeta.framework/src/kermeta/kunit/kunit.kmt
PASS 2 : A type definition for &apos;kermeta::kunit::TestFailure&apos; already exists. (while loading file:/tmp/kermeta_build/src/plugins/fr.irisa.triskell.kermeta.framework/src/kermeta/kunit/kunit.kmt)
  -&gt;   file:/tmp/kermeta_build/src/plugins/fr.irisa.triskell.kermeta.framework/src/kermeta/kunit/kunit.kmt
PASS 2 : A type definition for &apos;kermeta::kunit::TestSuite&apos; already exists. (while loading file:/tmp/kermeta_build/src/plugins/fr.irisa.triskell.kermeta.framework/src/kermeta/kunit/kunit.kmt)
  -&gt;   file:/tmp/kermeta_build/src/plugins/fr.irisa.triskell.kermeta.framework/src/kermeta/kunit/kunit.kmt
PASS 2 : A type definition for &apos;kermeta::kunit::TestLoader&apos; already exists. (while loading file:/tmp/kermeta_build/src/plugins/fr.irisa.triskell.kermeta.framework/src/kermeta/kunit/kunit.kmt)
  -&gt;   file:/tmp/kermeta_build/src/plugins/fr.irisa.triskell.kermeta.framework/src/kermeta/kunit/kunit.kmt
PASS 2 : A type definition for &apos;kermeta::kunit::TestRunner&apos; already exists. (while loading file:/tmp/kermeta_build/src/plugins/fr.irisa.triskell.kermeta.framework/src/kermeta/kunit/kunit.kmt)
  -&gt;   file:/tmp/kermeta_build/src/plugins/fr.irisa.triskell.kermeta.framework/src/kermeta/kunit/kunit.kmt
PASS 2 : A type definition for &apos;kermeta::utils::Hashtable&apos; already exists. (while loading file:/tmp/kermeta_build/src/plugins/fr.irisa.triskell.kermeta.framework/src/kermeta/utils/hashtable.kmt)
  -&gt;   file:/tmp/kermeta_build/src/plugins/fr.irisa.triskell.kermeta.framework/src/kermeta/utils/hashtable.kmt
PASS 2 : A type definition for &apos;kermeta::utils::Stack&apos; already exists. (while loading file:/tmp/kermeta_build/src/plugins/fr.irisa.triskell.kermeta.framework/src/kermeta/utils/stack.kmt)
  -&gt;   file:/tmp/kermeta_build/src/plugins/fr.irisa.triskell.kermeta.framework/src/kermeta/utils/stack.kmt
PASS 2 : A type definition for &apos;kermeta::io::StdIO&apos; already exists. (while loading file:/tmp/kermeta_build/src/plugins/fr.irisa.triskell.kermeta.framework/src/kermeta/io/std_io.kmt)
  -&gt;   file:/tmp/kermeta_build/src/plugins/fr.irisa.triskell.kermeta.framework/src/kermeta/io/std_io.kmt
PASS 2 : A type definition for &apos;kermeta::io::FileIO&apos; already exists. (while loading file:/tmp/kermeta_build/src/plugins/fr.irisa.triskell.kermeta.framework/src/kermeta/io/file_io.kmt)
  -&gt;   file:/tmp/kermeta_build/src/plugins/fr.irisa.triskell.kermeta.framework/src/kermeta/io/file_io.kmt
PASS 2 : A type definition for &apos;kermeta::exceptions::Exception&apos; already exists. (while loading file:/tmp/kermeta_build/src/plugins/fr.irisa.triskell.kermeta.framework/src/kermeta/exceptions/exceptions.kmt)
  -&gt;   file:/tmp/kermeta_build/src/plugins/fr.irisa.triskell.kermeta.framework/src/kermeta/exceptions/exceptions.kmt
PASS 2 : A type definition for &apos;kermeta::exceptions::RuntimeError&apos; already exists. (while loading file:/tmp/kermeta_build/src/plugins/fr.irisa.triskell.kermeta.framework/src/kermeta/exceptions/exceptions.kmt)
  -&gt;   file:/tmp/kermeta_build/src/plugins/fr.irisa.triskell.kermeta.framework/src/kermeta/exceptions/exceptions.kmt
PASS 2 : A type definition for &apos;kermeta::exceptions::CallOnVoidTarget&apos; already exists. (while loading file:/tmp/kermeta_build/src/plugins/fr.irisa.triskell.kermeta.framework/src/kermeta/exceptions/exceptions.kmt)
  -&gt;   file:/tmp/kermeta_build/src/plugins/fr.irisa.triskell.kermeta.framework/src/kermeta/exceptions/exceptions.kmt
PASS 2 : A type definition for &apos;kermeta::exceptions::TypeCastError&apos; already exists. (while loading file:/tmp/kermeta_build/src/plugins/fr.irisa.triskell.kermeta.framework/src/kermeta/exceptions/exceptions.kmt)
  -&gt;   file:/tmp/kermeta_build/src/plugins/fr.irisa.triskell.kermeta.framework/src/kermeta/exceptions/exceptions.kmt
PASS 2 : A type definition for &apos;kermeta::exceptions::NotImplementedException&apos; already exists. (while loading file:/tmp/kermeta_build/src/plugins/fr.irisa.triskell.kermeta.framework/src/kermeta/exceptions/exceptions.kmt)
  -&gt;   file:/tmp/kermeta_build/src/plugins/fr.irisa.triskell.kermeta.framework/src/kermeta/exceptions/exceptions.kmt
PASS 2 : A type definition for &apos;kermeta::exceptions::UpperBoundReachedError&apos; already exists. (while loading file:/tmp/kermeta_build/src/plugins/fr.irisa.triskell.kermeta.framework/src/kermeta/exceptions/exceptions.kmt)
  -&gt;   file:/tmp/kermeta_build/src/plugins/fr.irisa.triskell.kermeta.framework/src/kermeta/exceptions/exceptions.kmt
PASS 2 : A type definition for &apos;kermeta::exceptions::AbstractClassInstantiationError&apos; already exists. (while loading file:/tmp/kermeta_build/src/plugins/fr.irisa.triskell.kermeta.framework/src/kermeta/exceptions/exceptions.kmt)
  -&gt;   file:/tmp/kermeta_build/src/plugins/fr.irisa.triskell.kermeta.framework/src/kermeta/exceptions/exceptions.kmt
PASS 2 : A type definition for &apos;kermeta::exceptions::IncompatibleTypeError&apos; already exists. (while loading file:/tmp/kermeta_build/src/plugins/fr.irisa.triskell.kermeta.framework/src/kermeta/exceptions/exceptions.kmt)
  -&gt;   file:/tmp/kermeta_build/src/plugins/fr.irisa.triskell.kermeta.framework/src/kermeta/exceptions/exceptions.kmt
PASS 2 : A type definition for &apos;kermeta::exceptions::DivisionByZero&apos; already exists. (while loading file:/tmp/kermeta_build/src/plugins/fr.irisa.triskell.kermeta.framework/src/kermeta/exceptions/exceptions.kmt)
  -&gt;   file:/tmp/kermeta_build/src/plugins/fr.irisa.triskell.kermeta.framework/src/kermeta/exceptions/exceptions.kmt
PASS 2 : A type definition for &apos;kermeta::exceptions::OverflowError&apos; already exists. (while loading file:/tmp/kermeta_build/src/plugins/fr.irisa.triskell.kermeta.framework/src/kermeta/exceptions/exceptions.kmt)
  -&gt;   file:/tmp/kermeta_build/src/plugins/fr.irisa.triskell.kermeta.framework/src/kermeta/exceptions/exceptions.kmt
PASS 2 : A type definition for &apos;kermeta::exceptions::VoidOperandError&apos; already exists. (while loading file:/tmp/kermeta_build/src/plugins/fr.irisa.triskell.kermeta.framework/src/kermeta/exceptions/exceptions.kmt)
  -&gt;   file:/tmp/kermeta_build/src/plugins/fr.irisa.triskell.kermeta.framework/src/kermeta/exceptions/exceptions.kmt
PASS 2 : A type definition for &apos;kermeta::exceptions::StringIndexOutOfBound&apos; already exists. (while loading file:/tmp/kermeta_build/src/plugins/fr.irisa.triskell.kermeta.framework/src/kermeta/exceptions/exceptions.kmt)
  -&gt;   file:/tmp/kermeta_build/src/plugins/fr.irisa.triskell.kermeta.framework/src/kermeta/exceptions/exceptions.kmt
PASS 2 : A type definition for &apos;kermeta::exceptions::StringFormatException&apos; already exists. (while loading file:/tmp/kermeta_build/src/plugins/fr.irisa.triskell.kermeta.framework/src/kermeta/exceptions/exceptions.kmt)
  -&gt;   file:/tmp/kermeta_build/src/plugins/fr.irisa.triskell.kermeta.framework/src/kermeta/exceptions/exceptions.kmt
PASS 2 : A type definition for &apos;kermeta::exceptions::IndexOutOfBound&apos; already exists. (while loading file:/tmp/kermeta_build/src/plugins/fr.irisa.triskell.kermeta.framework/src/kermeta/exceptions/exceptions.kmt)
  -&gt;   file:/tmp/kermeta_build/src/plugins/fr.irisa.triskell.kermeta.framework/src/kermeta/exceptions/exceptions.kmt
PASS 2 : A type definition for &apos;kermeta::exceptions::EmptyCollection&apos; already exists. (while loading file:/tmp/kermeta_build/src/plugins/fr.irisa.triskell.kermeta.framework/src/kermeta/exceptions/exceptions.kmt)
  -&gt;   file:/tmp/kermeta_build/src/plugins/fr.irisa.triskell.kermeta.framework/src/kermeta/exceptions/exceptions.kmt
PASS 2 : A type definition for &apos;kermeta::exceptions::IteratorIsOff&apos; already exists. (while loading file:/tmp/kermeta_build/src/plugins/fr.irisa.triskell.kermeta.framework/src/kermeta/exceptions/exceptions.kmt)
  -&gt;   file:/tmp/kermeta_build/src/plugins/fr.irisa.triskell.kermeta.framework/src/kermeta/exceptions/exceptions.kmt
PASS 2 : A type definition for &apos;kermeta::exceptions::IOException&apos; already exists. (while loading file:/tmp/kermeta_build/src/plugins/fr.irisa.triskell.kermeta.framework/src/kermeta/exceptions/exceptions.kmt)
  -&gt;   file:/tmp/kermeta_build/src/plugins/fr.irisa.triskell.kermeta.framework/src/kermeta/exceptions/exceptions.kmt
PASS 2 : A type definition for &apos;kermeta::exceptions::FileNotFoundException&apos; already exists. (while loading file:/tmp/kermeta_build/src/plugins/fr.irisa.triskell.kermeta.framework/src/kermeta/exceptions/exceptions.kmt)
  -&gt;   file:/tmp/kermeta_build/src/plugins/fr.irisa.triskell.kermeta.framework/src/kermeta/exceptions/exceptions.kmt
PASS 2 : A type definition for &apos;kermeta::exceptions::ConstraintViolatedPre&apos; already exists. (while loading file:/tmp/kermeta_build/src/plugins/fr.irisa.triskell.kermeta.framework/src/kermeta/exceptions/exceptions.kmt)
  -&gt;   file:/tmp/kermeta_build/src/plugins/fr.irisa.triskell.kermeta.framework/src/kermeta/exceptions/exceptions.kmt
PASS 2 : A type definition for &apos;kermeta::exceptions::ConstraintViolatedPost&apos; already exists. (while loading file:/tmp/kermeta_build/src/plugins/fr.irisa.triskell.kermeta.framework/src/kermeta/exceptions/exceptions.kmt)
  -&gt;   file:/tmp/kermeta_build/src/plugins/fr.irisa.triskell.kermeta.framework/src/kermeta/exceptions/exceptions.kmt
PASS 2 : A type definition for &apos;kermeta::exceptions::ConstraintViolatedInv&apos; already exists. (while loading file:/tmp/kermeta_build/src/plugins/fr.irisa.triskell.kermeta.framework/src/kermeta/exceptions/exceptions.kmt)
  -&gt;   file:/tmp/kermeta_build/src/plugins/fr.irisa.triskell.kermeta.framework/src/kermeta/exceptions/exceptions.kmt
PASS 2 : A type definition for &apos;kermeta::interpreter::DynamicExpression&apos; already exists. (while loading file:/tmp/kermeta_build/src/plugins/fr.irisa.triskell.kermeta.framework/src/kermeta/language/dynamic_expression.kmt)
  -&gt;   file:/tmp/kermeta_build/src/plugins/fr.irisa.triskell.kermeta.framework/src/kermeta/language/dynamic_expression.kmt
PASS 2 : A type definition for &apos;kermeta::interpreter::DynamicExpressionException&apos; already exists. (while loading file:/tmp/kermeta_build/src/plugins/fr.irisa.triskell.kermeta.framework/src/kermeta/language/dynamic_expression.kmt)
  -&gt;   file:/tmp/kermeta_build/src/plugins/fr.irisa.triskell.kermeta.framework/src/kermeta/language/dynamic_expression.kmt
PASS 2 : A type definition for &apos;kermeta::interpreter::KermetaError&apos; already exists. (while loading file:/tmp/kermeta_build/src/plugins/fr.irisa.triskell.kermeta.framework/src/kermeta/language/dynamic_expression.kmt)
  -&gt;   file:/tmp/kermeta_build/src/plugins/fr.irisa.triskell.kermeta.framework/src/kermeta/language/dynamic_expression.kmt
PASS 2 : A type definition for &apos;kermeta::interpreter::ParseError&apos; already exists. (while loading file:/tmp/kermeta_build/src/plugins/fr.irisa.triskell.kermeta.framework/src/kermeta/language/dynamic_expression.kmt)
  -&gt;   file:/tmp/kermeta_build/src/plugins/fr.irisa.triskell.kermeta.framework/src/kermeta/language/dynamic_expression.kmt
PASS 2 : A type definition for &apos;kermeta::interpreter::TypeError&apos; already exists. (while loading file:/tmp/kermeta_build/src/plugins/fr.irisa.triskell.kermeta.framework/src/kermeta/language/dynamic_expression.kmt)
  -&gt;   file:/tmp/kermeta_build/src/plugins/fr.irisa.triskell.kermeta.framework/src/kermeta/language/dynamic_expression.kmt
PASS 2 : A type definition for &apos;kermeta::standard::UnknownJavaObject&apos; already exists. (while loading file:/tmp/kermeta_build/src/plugins/fr.irisa.triskell.kermeta.framework/src/kermeta/standard/java.kmt)
  -&gt;   file:/tmp/kermeta_build/src/plugins/fr.irisa.triskell.kermeta.framework/src/kermeta/standard/java.kmt
" type="junit.framework.AssertionFailedError">junit.framework.AssertionFailedError: PASS 2 : A type definition for DataType &apos;kermeta::standard::Object&apos; already exists.
  -&gt;   file:/tmp/kermeta_build/src/plugins/fr.irisa.triskell.kermeta.framework/src/kermeta/standard/collections.kmt
PASS 2 : A type definition for &apos;kermeta::standard::Collection&apos; already exists. (while loading file:/tmp/kermeta_build/src/plugins/fr.irisa.triskell.kermeta.framework/src/kermeta/standard/collections.kmt)
  -&gt;   file:/tmp/kermeta_build/src/plugins/fr.irisa.triskell.kermeta.framework/src/kermeta/standard/collections.kmt
PASS 2 : A type definition for &apos;kermeta::standard::Set&apos; already exists. (while loading file:/tmp/kermeta_build/src/plugins/fr.irisa.triskell.kermeta.framework/src/kermeta/standard/collections.kmt)
  -&gt;   file:/tmp/kermeta_build/src/plugins/fr.irisa.triskell.kermeta.framework/src/kermeta/standard/collections.kmt
PASS 2 : A type definition for &apos;kermeta::standard::Bag&apos; already exists. (while loading file:/tmp/kermeta_build/src/plugins/fr.irisa.triskell.kermeta.framework/src/kermeta/standard/collections.kmt)
  -&gt;   file:/tmp/kermeta_build/src/plugins/fr.irisa.triskell.kermeta.framework/src/kermeta/standard/collections.kmt
PASS 2 : A type definition for &apos;kermeta::standard::OrderedCollection&apos; already exists. (while loading file:/tmp/kermeta_build/src/plugins/fr.irisa.triskell.kermeta.framework/src/kermeta/standard/collections.kmt)
  -&gt;   file:/tmp/kermeta_build/src/plugins/fr.irisa.triskell.kermeta.framework/src/kermeta/standard/collections.kmt
PASS 2 : A type definition for &apos;kermeta::standard::OrderedSet&apos; already exists. (while loading file:/tmp/kermeta_build/src/plugins/fr.irisa.triskell.kermeta.framework/src/kermeta/standard/collections.kmt)
  -&gt;   file:/tmp/kermeta_build/src/plugins/fr.irisa.triskell.kermeta.framework/src/kermeta/standard/collections.kmt
PASS 2 : A type definition for &apos;kermeta::standard::Sequence&apos; already exists. (while loading file:/tmp/kermeta_build/src/plugins/fr.irisa.triskell.kermeta.framework/src/kermeta/standard/collections.kmt)
  -&gt;   file:/tmp/kermeta_build/src/plugins/fr.irisa.triskell.kermeta.framework/src/kermeta/standard/collections.kmt
PASS 2 : A type definition for &apos;kermeta::standard::Iterator&apos; already exists. (while loading file:/tmp/kermeta_build/src/plugins/fr.irisa.triskell.kermeta.framework/src/kermeta/standard/collections.kmt)
  -&gt;   file:/tmp/kermeta_build/src/plugins/fr.irisa.triskell.kermeta.framework/src/kermeta/standard/collections.kmt
PASS 2 : A type definition for &apos;kermeta::standard::Void&apos; already exists. (while loading file:/tmp/kermeta_build/src/plugins/fr.irisa.triskell.kermeta.framework/src/kermeta/standard/primitive_types.kmt)
  -&gt;   file:/tmp/kermeta_build/src/plugins/fr.irisa.triskell.kermeta.framework/src/kermeta/standard/primitive_types.kmt
PASS 2 : A type definition for &apos;kermeta::standard::PrimitiveType&apos; already exists. (while loading file:/tmp/kermeta_build/src/plugins/fr.irisa.triskell.kermeta.framework/src/kermeta/standard/primitive_types.kmt)
  -&gt;   file:/tmp/kermeta_build/src/plugins/fr.irisa.triskell.kermeta.framework/src/kermeta/standard/primitive_types.kmt
PASS 2 : A type definition for &apos;kermeta::standard::ValueType&apos; already exists. (while loading file:/tmp/kermeta_build/src/plugins/fr.irisa.triskell.kermeta.framework/src/kermeta/standard/primitive_types.kmt)
  -&gt;   file:/tmp/kermeta_build/src/plugins/fr.irisa.triskell.kermeta.framework/src/kermeta/standard/primitive_types.kmt
PASS 2 : A type definition for &apos;kermeta::standard::Comparable&apos; already exists. (while loading file:/tmp/kermeta_build/src/plugins/fr.irisa.triskell.kermeta.framework/src/kermeta/standard/primitive_types.kmt)
  -&gt;   file:/tmp/kermeta_build/src/plugins/fr.irisa.triskell.kermeta.framework/src/kermeta/standard/primitive_types.kmt
PASS 2 : A type definition for &apos;kermeta::standard::Summable&apos; already exists. (while loading file:/tmp/kermeta_build/src/plugins/fr.irisa.triskell.kermeta.framework/src/kermeta/standard/primitive_types.kmt)
  -&gt;   file:/tmp/kermeta_build/src/plugins/fr.irisa.triskell.kermeta.framework/src/kermeta/standard/primitive_types.kmt
PASS 2 : A type definition for &apos;kermeta::standard::NotComparableException&apos; already exists. (while loading file:/tmp/kermeta_build/src/plugins/fr.irisa.triskell.kermeta.framework/src/kermeta/standard/primitive_types.kmt)
  -&gt;   file:/tmp/kermeta_build/src/plugins/fr.irisa.triskell.kermeta.framework/src/kermeta/standard/primitive_types.kmt
PASS 2 : A type definition for &apos;kermeta::standard::Boolean&apos; already exists. (while loading file:/tmp/kermeta_build/src/plugins/fr.irisa.triskell.kermeta.framework/src/kermeta/standard/primitive_types.kmt)
  -&gt;   file:/tmp/kermeta_build/src/plugins/fr.irisa.triskell.kermeta.framework/src/kermeta/standard/primitive_types.kmt
PASS 2 : A type definition for &apos;kermeta::standard::Numeric&apos; already exists. (while loading file:/tmp/kermeta_build/src/plugins/fr.irisa.triskell.kermeta.framework/src/kermeta/standard/primitive_types.kmt)
  -&gt;   file:/tmp/kermeta_build/src/plugins/fr.irisa.triskell.kermeta.framework/src/kermeta/standard/primitive_types.kmt
PASS 2 : A type definition for &apos;kermeta::standard::Integer&apos; already exists. (while loading file:/tmp/kermeta_build/src/plugins/fr.irisa.triskell.kermeta.framework/src/kermeta/standard/primitive_types.kmt)
  -&gt;   file:/tmp/kermeta_build/src/plugins/fr.irisa.triskell.kermeta.framework/src/kermeta/standard/primitive_types.kmt
PASS 2 : A type definition for &apos;kermeta::standard::Real&apos; already exists. (while loading file:/tmp/kermeta_build/src/plugins/fr.irisa.triskell.kermeta.framework/src/kermeta/standard/primitive_types.kmt)
  -&gt;   file:/tmp/kermeta_build/src/plugins/fr.irisa.triskell.kermeta.framework/src/kermeta/standard/primitive_types.kmt
PASS 2 : A type definition for &apos;kermeta::standard::Character&apos; already exists. (while loading file:/tmp/kermeta_build/src/plugins/fr.irisa.triskell.kermeta.framework/src/kermeta/standard/primitive_types.kmt)
  -&gt;   file:/tmp/kermeta_build/src/plugins/fr.irisa.triskell.kermeta.framework/src/kermeta/standard/primitive_types.kmt
PASS 2 : A type definition for &apos;kermeta::standard::String&apos; already exists. (while loading file:/tmp/kermeta_build/src/plugins/fr.irisa.triskell.kermeta.framework/src/kermeta/standard/primitive_types.kmt)
  -&gt;   file:/tmp/kermeta_build/src/plugins/fr.irisa.triskell.kermeta.framework/src/kermeta/standard/primitive_types.kmt
PASS 2 : A type definition for DataType &apos;kermeta::standard::UnlimitedNatural&apos; already exists.
  -&gt;   file:/tmp/kermeta_build/src/plugins/fr.irisa.triskell.kermeta.framework/src/kermeta/standard/primitive_types.kmt
PASS 2 : A type definition for &apos;kermeta::language::behavior::CallExpression&apos; already exists. (while loading file:/tmp/kermeta_build/src/plugins/fr.irisa.triskell.kermeta.framework/src/kermeta/language/behavior.kmt)
  -&gt;   file:/tmp/kermeta_build/src/plugins/fr.irisa.triskell.kermeta.framework/src/kermeta/language/behavior.kmt
PASS 2 : A type definition for &apos;kermeta::language::behavior::Expression&apos; already exists. (while loading file:/tmp/kermeta_build/src/plugins/fr.irisa.triskell.kermeta.framework/src/kermeta/language/behavior.kmt)
  -&gt;   file:/tmp/kermeta_build/src/plugins/fr.irisa.triskell.kermeta.framework/src/kermeta/language/behavior.kmt
PASS 2 : A type definition for &apos;kermeta::language::behavior::CallVariable&apos; already exists. (while loading file:/tmp/kermeta_build/src/plugins/fr.irisa.triskell.kermeta.framework/src/kermeta/language/behavior.kmt)
  -&gt;   file:/tmp/kermeta_build/src/plugins/fr.irisa.triskell.kermeta.framework/src/kermeta/language/behavior.kmt
PASS 2 : A type definition for &apos;kermeta::language::behavior::CallFeature&apos; already exists. (while loading file:/tmp/kermeta_build/src/plugins/fr.irisa.triskell.kermeta.framework/src/kermeta/language/behavior.kmt)
  -&gt;   file:/tmp/kermeta_build/src/plugins/fr.irisa.triskell.kermeta.framework/src/kermeta/language/behavior.kmt
PASS 2 : A type definition for &apos;kermeta::language::behavior::CallSuperOperation&apos; already exists. (while loading file:/tmp/kermeta_build/src/plugins/fr.irisa.triskell.kermeta.framework/src/kermeta/language/behavior.kmt)
  -&gt;   file:/tmp/kermeta_build/src/plugins/fr.irisa.triskell.kermeta.framework/src/kermeta/language/behavior.kmt
PASS 2 : A type definition for &apos;kermeta::language::behavior::CallResult&apos; already exists. (while loading file:/tmp/kermeta_build/src/plugins/fr.irisa.triskell.kermeta.framework/src/kermeta/language/behavior.kmt)
  -&gt;   file:/tmp/kermeta_build/src/plugins/fr.irisa.triskell.kermeta.framework/src/kermeta/language/behavior.kmt
PASS 2 : A type definition for &apos;kermeta::language::behavior::CallValue&apos; already exists. (while loading file:/tmp/kermeta_build/src/plugins/fr.irisa.triskell.kermeta.framework/src/kermeta/language/behavior.kmt)
  -&gt;   file:/tmp/kermeta_build/src/plugins/fr.irisa.triskell.kermeta.framework/src/kermeta/language/behavior.kmt
PASS 2 : A type definition for &apos;kermeta::language::behavior::Assignment&apos; already exists. (while loading file:/tmp/kermeta_build/src/plugins/fr.irisa.triskell.kermeta.framework/src/kermeta/language/behavior.kmt)
  -&gt;   file:/tmp/kermeta_build/src/plugins/fr.irisa.triskell.kermeta.framework/src/kermeta/language/behavior.kmt
PASS 2 : A type definition for &apos;kermeta::language::behavior::Block&apos; already exists. (while loading file:/tmp/kermeta_build/src/plugins/fr.irisa.triskell.kermeta.framework/src/kermeta/language/behavior.kmt)
  -&gt;   file:/tmp/kermeta_build/src/plugins/fr.irisa.triskell.kermeta.framework/src/kermeta/language/behavior.kmt
PASS 2 : A type definition for &apos;kermeta::language::behavior::Conditional&apos; already exists. (while loading file:/tmp/kermeta_build/src/plugins/fr.irisa.triskell.kermeta.framework/src/kermeta/language/behavior.kmt)
  -&gt;   file:/tmp/kermeta_build/src/plugins/fr.irisa.triskell.kermeta.framework/src/kermeta/language/behavior.kmt
PASS 2 : A type definition for &apos;kermeta::language::behavior::Literal&apos; already exists. (while loading file:/tmp/kermeta_build/src/plugins/fr.irisa.triskell.kermeta.framework/src/kermeta/language/behavior.kmt)
  -&gt;   file:/tmp/kermeta_build/src/plugins/fr.irisa.triskell.kermeta.framework/src/kermeta/language/behavior.kmt
PASS 2 : A type definition for &apos;kermeta::language::behavior::EmptyExpression&apos; already exists. (while loading file:/tmp/kermeta_build/src/plugins/fr.irisa.triskell.kermeta.framework/src/kermeta/language/behavior.kmt)
  -&gt;   file:/tmp/kermeta_build/src/plugins/fr.irisa.triskell.kermeta.framework/src/kermeta/language/behavior.kmt
PASS 2 : A type definition for &apos;kermeta::language::behavior::IntegerLiteral&apos; already exists. (while loading file:/tmp/kermeta_build/src/plugins/fr.irisa.triskell.kermeta.framework/src/kermeta/language/behavior.kmt)
  -&gt;   file:/tmp/kermeta_build/src/plugins/fr.irisa.triskell.kermeta.framework/src/kermeta/language/behavior.kmt
PASS 2 : A type definition for &apos;kermeta::language::behavior::StringLiteral&apos; already exists. (while loading file:/tmp/kermeta_build/src/plugins/fr.irisa.triskell.kermeta.framework/src/kermeta/language/behavior.kmt)
  -&gt;   file:/tmp/kermeta_build/src/plugins/fr.irisa.triskell.kermeta.framework/src/kermeta/language/behavior.kmt
PASS 2 : A type definition for &apos;kermeta::language::behavior::BooleanLiteral&apos; already exists. (while loading file:/tmp/kermeta_build/src/plugins/fr.irisa.triskell.kermeta.framework/src/kermeta/language/behavior.kmt)
  -&gt;   file:/tmp/kermeta_build/src/plugins/fr.irisa.triskell.kermeta.framework/src/kermeta/language/behavior.kmt
PASS 2 : A type definition for &apos;kermeta::language::behavior::TypeLiteral&apos; already exists. (while loading file:/tmp/kermeta_build/src/plugins/fr.irisa.triskell.kermeta.framework/src/kermeta/language/behavior.kmt)
  -&gt;   file:/tmp/kermeta_build/src/plugins/fr.irisa.triskell.kermeta.framework/src/kermeta/language/behavior.kmt
PASS 2 : A type definition for &apos;kermeta::language::behavior::TypeReference&apos; already exists. (while loading file:/tmp/kermeta_build/src/plugins/fr.irisa.triskell.kermeta.framework/src/kermeta/language/behavior.kmt)
  -&gt;   file:/tmp/kermeta_build/src/plugins/fr.irisa.triskell.kermeta.framework/src/kermeta/language/behavior.kmt
PASS 2 : A type definition for &apos;kermeta::language::behavior::VoidLiteral&apos; already exists. (while loading file:/tmp/kermeta_build/src/plugins/fr.irisa.triskell.kermeta.framework/src/kermeta/language/behavior.kmt)
  -&gt;   file:/tmp/kermeta_build/src/plugins/fr.irisa.triskell.kermeta.framework/src/kermeta/language/behavior.kmt
PASS 2 : A type definition for &apos;kermeta::language::behavior::Loop&apos; already exists. (while loading file:/tmp/kermeta_build/src/plugins/fr.irisa.triskell.kermeta.framework/src/kermeta/language/behavior.kmt)
  -&gt;   file:/tmp/kermeta_build/src/plugins/fr.irisa.triskell.kermeta.framework/src/kermeta/language/behavior.kmt
PASS 2 : A type definition for &apos;kermeta::language::behavior::SelfExpression&apos; already exists. (while loading file:/tmp/kermeta_build/src/plugins/fr.irisa.triskell.kermeta.framework/src/kermeta/language/behavior.kmt)
  -&gt;   file:/tmp/kermeta_build/src/plugins/fr.irisa.triskell.kermeta.framework/src/kermeta/language/behavior.kmt
PASS 2 : A type definition for &apos;kermeta::language::behavior::VariableDecl&apos; already exists. (while loading file:/tmp/kermeta_build/src/plugins/fr.irisa.triskell.kermeta.framework/src/kermeta/language/behavior.kmt)
  -&gt;   file:/tmp/kermeta_build/src/plugins/fr.irisa.triskell.kermeta.framework/src/kermeta/language/behavior.kmt
PASS 2 : A type definition for &apos;kermeta::language::behavior::Raise&apos; already exists. (while loading file:/tmp/kermeta_build/src/plugins/fr.irisa.triskell.kermeta.framework/src/kermeta/language/behavior.kmt)
  -&gt;   file:/tmp/kermeta_build/src/plugins/fr.irisa.triskell.kermeta.framework/src/kermeta/language/behavior.kmt
PASS 2 : A type definition for &apos;kermeta::language::behavior::Rescue&apos; already exists. (while loading file:/tmp/kermeta_build/src/plugins/fr.irisa.triskell.kermeta.framework/src/kermeta/language/behavior.kmt)
  -&gt;   file:/tmp/kermeta_build/src/plugins/fr.irisa.triskell.kermeta.framework/src/kermeta/language/behavior.kmt
PASS 2 : A type definition for &apos;kermeta::language::behavior::JavaStaticCall&apos; already exists. (while loading file:/tmp/kermeta_build/src/plugins/fr.irisa.triskell.kermeta.framework/src/kermeta/language/behavior.kmt)
  -&gt;   file:/tmp/kermeta_build/src/plugins/fr.irisa.triskell.kermeta.framework/src/kermeta/language/behavior.kmt
PASS 2 : A type definition for &apos;kermeta::language::behavior::LambdaExpression&apos; already exists. (while loading file:/tmp/kermeta_build/src/plugins/fr.irisa.triskell.kermeta.framework/src/kermeta/language/behavior.kmt)
  -&gt;   file:/tmp/kermeta_build/src/plugins/fr.irisa.triskell.kermeta.framework/src/kermeta/language/behavior.kmt
PASS 2 : A type definition for &apos;kermeta::language::behavior::LambdaParameter&apos; already exists. (while loading file:/tmp/kermeta_build/src/plugins/fr.irisa.triskell.kermeta.framework/src/kermeta/language/behavior.kmt)
  -&gt;   file:/tmp/kermeta_build/src/plugins/fr.irisa.triskell.kermeta.framework/src/kermeta/language/behavior.kmt
PASS 2 : A type definition for &apos;kermeta::language::behavior::KMExpressionVisitor&apos; already exists. (while loading file:/tmp/kermeta_build/src/plugins/fr.irisa.triskell.kermeta.framework/src/kermeta/language/behavior.kmt)
  -&gt;   file:/tmp/kermeta_build/src/plugins/fr.irisa.triskell.kermeta.framework/src/kermeta/language/behavior.kmt
PASS 2 : A type definition for &apos;kermeta::language::behavior::KMExpressionVisitable&apos; already exists. (while loading file:/tmp/kermeta_build/src/plugins/fr.irisa.triskell.kermeta.framework/src/kermeta/language/behavior.kmt)
  -&gt;   file:/tmp/kermeta_build/src/plugins/fr.irisa.triskell.kermeta.framework/src/kermeta/language/behavior.kmt
PASS 2 : A type definition for DataType &apos;kermeta::language::structure::String&apos; already exists.
  -&gt;   file:/tmp/kermeta_build/src/plugins/fr.irisa.triskell.kermeta.framework/src/kermeta/language/structure.kmt
PASS 2 : A type definition for &apos;kermeta::language::structure::Object&apos; already exists. (while loading file:/tmp/kermeta_build/src/plugins/fr.irisa.triskell.kermeta.framework/src/kermeta/language/structure.kmt)
  -&gt;   file:/tmp/kermeta_build/src/plugins/fr.irisa.triskell.kermeta.framework/src/kermeta/language/structure.kmt
PASS 2 : A type definition for DataType &apos;kermeta::language::structure::Boolean&apos; already exists.
  -&gt;   file:/tmp/kermeta_build/src/plugins/fr.irisa.triskell.kermeta.framework/src/kermeta/language/structure.kmt
PASS 2 : A type definition for DataType &apos;kermeta::language::structure::Integer&apos; already exists.
  -&gt;   file:/tmp/kermeta_build/src/plugins/fr.irisa.triskell.kermeta.framework/src/kermeta/language/structure.kmt
PASS 2 : A type definition for &apos;kermeta::language::structure::ParameterizedType&apos; already exists. (while loading file:/tmp/kermeta_build/src/plugins/fr.irisa.triskell.kermeta.framework/src/kermeta/language/structure.kmt)
  -&gt;   file:/tmp/kermeta_build/src/plugins/fr.irisa.triskell.kermeta.framework/src/kermeta/language/structure.kmt
PASS 2 : A type definition for &apos;kermeta::language::structure::ModelType&apos; already exists. (while loading file:/tmp/kermeta_build/src/plugins/fr.irisa.triskell.kermeta.framework/src/kermeta/language/structure.kmt)
  -&gt;   file:/tmp/kermeta_build/src/plugins/fr.irisa.triskell.kermeta.framework/src/kermeta/language/structure.kmt
PASS 2 : A type definition for &apos;kermeta::language::structure::Class&apos; already exists. (while loading file:/tmp/kermeta_build/src/plugins/fr.irisa.triskell.kermeta.framework/src/kermeta/language/structure.kmt)
  -&gt;   file:/tmp/kermeta_build/src/plugins/fr.irisa.triskell.kermeta.framework/src/kermeta/language/structure.kmt
PASS 2 : A type definition for &apos;kermeta::language::structure::MultiplicityElement&apos; already exists. (while loading file:/tmp/kermeta_build/src/plugins/fr.irisa.triskell.kermeta.framework/src/kermeta/language/structure.kmt)
  -&gt;   file:/tmp/kermeta_build/src/plugins/fr.irisa.triskell.kermeta.framework/src/kermeta/language/structure.kmt
PASS 2 : A type definition for &apos;kermeta::language::structure::Constraint&apos; already exists. (while loading file:/tmp/kermeta_build/src/plugins/fr.irisa.triskell.kermeta.framework/src/kermeta/language/structure.kmt)
  -&gt;   file:/tmp/kermeta_build/src/plugins/fr.irisa.triskell.kermeta.framework/src/kermeta/language/structure.kmt
PASS 2 : A type definition for Enum &apos;kermeta::language::structure::ConstraintLanguage&apos; already exists.
  -&gt;   file:/tmp/kermeta_build/src/plugins/fr.irisa.triskell.kermeta.framework/src/kermeta/language/structure.kmt
PASS 2 : A type definition for Enum &apos;kermeta::language::structure::ConstraintType&apos; already exists.
  -&gt;   file:/tmp/kermeta_build/src/plugins/fr.irisa.triskell.kermeta.framework/src/kermeta/language/structure.kmt
PASS 2 : A type definition for &apos;kermeta::language::structure::Operation&apos; already exists. (while loading file:/tmp/kermeta_build/src/plugins/fr.irisa.triskell.kermeta.framework/src/kermeta/language/structure.kmt)
  -&gt;   file:/tmp/kermeta_build/src/plugins/fr.irisa.triskell.kermeta.framework/src/kermeta/language/structure.kmt
PASS 2 : A type definition for &apos;kermeta::language::structure::Tag&apos; already exists. (while loading file:/tmp/kermeta_build/src/plugins/fr.irisa.triskell.kermeta.framework/src/kermeta/language/structure.kmt)
  -&gt;   file:/tmp/kermeta_build/src/plugins/fr.irisa.triskell.kermeta.framework/src/kermeta/language/structure.kmt
PASS 2 : A type definition for &apos;kermeta::language::structure::Property&apos; already exists. (while loading file:/tmp/kermeta_build/src/plugins/fr.irisa.triskell.kermeta.framework/src/kermeta/language/structure.kmt)
  -&gt;   file:/tmp/kermeta_build/src/plugins/fr.irisa.triskell.kermeta.framework/src/kermeta/language/structure.kmt
PASS 2 : A type definition for &apos;kermeta::language::structure::TypeContainer&apos; already exists. (while loading file:/tmp/kermeta_build/src/plugins/fr.irisa.triskell.kermeta.framework/src/kermeta/language/structure.kmt)
  -&gt;   file:/tmp/kermeta_build/src/plugins/fr.irisa.triskell.kermeta.framework/src/kermeta/language/structure.kmt
PASS 2 : A type definition for &apos;kermeta::language::structure::VirtualTypeContainer&apos; already exists. (while loading file:/tmp/kermeta_build/src/plugins/fr.irisa.triskell.kermeta.framework/src/kermeta/language/structure.kmt)
  -&gt;   file:/tmp/kermeta_build/src/plugins/fr.irisa.triskell.kermeta.framework/src/kermeta/language/structure.kmt
PASS 2 : A type definition for &apos;kermeta::language::structure::GenericTypeDefinition&apos; already exists. (while loading file:/tmp/kermeta_build/src/plugins/fr.irisa.triskell.kermeta.framework/src/kermeta/language/structure.kmt)
  -&gt;   file:/tmp/kermeta_build/src/plugins/fr.irisa.triskell.kermeta.framework/src/kermeta/language/structure.kmt
PASS 2 : A type definition for &apos;kermeta::language::structure::ClassDefinition&apos; already exists. (while loading file:/tmp/kermeta_build/src/plugins/fr.irisa.triskell.kermeta.framework/src/kermeta/language/structure.kmt)
  -&gt;   file:/tmp/kermeta_build/src/plugins/fr.irisa.triskell.kermeta.framework/src/kermeta/language/structure.kmt
PASS 2 : A type definition for &apos;kermeta::language::structure::TypedElement&apos; already exists. (while loading file:/tmp/kermeta_build/src/plugins/fr.irisa.triskell.kermeta.framework/src/kermeta/language/structure.kmt)
  -&gt;   file:/tmp/kermeta_build/src/plugins/fr.irisa.triskell.kermeta.framework/src/kermeta/language/structure.kmt
PASS 2 : A type definition for &apos;kermeta::language::structure::TypeVariable&apos; already exists. (while loading file:/tmp/kermeta_build/src/plugins/fr.irisa.triskell.kermeta.framework/src/kermeta/language/structure.kmt)
  -&gt;   file:/tmp/kermeta_build/src/plugins/fr.irisa.triskell.kermeta.framework/src/kermeta/language/structure.kmt
PASS 2 : A type definition for &apos;kermeta::language::structure::ObjectTypeVariable&apos; already exists. (while loading file:/tmp/kermeta_build/src/plugins/fr.irisa.triskell.kermeta.framework/src/kermeta/language/structure.kmt)
  -&gt;   file:/tmp/kermeta_build/src/plugins/fr.irisa.triskell.kermeta.framework/src/kermeta/language/structure.kmt
PASS 2 : A type definition for &apos;kermeta::language::structure::VirtualType&apos; already exists. (while loading file:/tmp/kermeta_build/src/plugins/fr.irisa.triskell.kermeta.framework/src/kermeta/language/structure.kmt)
  -&gt;   file:/tmp/kermeta_build/src/plugins/fr.irisa.triskell.kermeta.framework/src/kermeta/language/structure.kmt
PASS 2 : A type definition for &apos;kermeta::language::structure::ModelTypeVariable&apos; already exists. (while loading file:/tmp/kermeta_build/src/plugins/fr.irisa.triskell.kermeta.framework/src/kermeta/language/structure.kmt)
  -&gt;   file:/tmp/kermeta_build/src/plugins/fr.irisa.triskell.kermeta.framework/src/kermeta/language/structure.kmt
PASS 2 : A type definition for &apos;kermeta::language::structure::Model&apos; already exists. (while loading file:/tmp/kermeta_build/src/plugins/fr.irisa.triskell.kermeta.framework/src/kermeta/language/structure.kmt)
  -&gt;   file:/tmp/kermeta_build/src/plugins/fr.irisa.triskell.kermeta.framework/src/kermeta/language/structure.kmt
PASS 2 : A type definition for &apos;kermeta::language::structure::ProductType&apos; already exists. (while loading file:/tmp/kermeta_build/src/plugins/fr.irisa.triskell.kermeta.framework/src/kermeta/language/structure.kmt)
  -&gt;   file:/tmp/kermeta_build/src/plugins/fr.irisa.triskell.kermeta.framework/src/kermeta/language/structure.kmt
PASS 2 : A type definition for &apos;kermeta::language::structure::FunctionType&apos; already exists. (while loading file:/tmp/kermeta_build/src/plugins/fr.irisa.triskell.kermeta.framework/src/kermeta/language/structure.kmt)
  -&gt;   file:/tmp/kermeta_build/src/plugins/fr.irisa.triskell.kermeta.framework/src/kermeta/language/structure.kmt
PASS 2 : A type definition for &apos;kermeta::language::structure::Type&apos; already exists. (while loading file:/tmp/kermeta_build/src/plugins/fr.irisa.triskell.kermeta.framework/src/kermeta/language/structure.kmt)
  -&gt;   file:/tmp/kermeta_build/src/plugins/fr.irisa.triskell.kermeta.framework/src/kermeta/language/structure.kmt
PASS 2 : A type definition for &apos;kermeta::language::structure::TypeVariableBinding&apos; already exists. (while loading file:/tmp/kermeta_build/src/plugins/fr.irisa.triskell.kermeta.framework/src/kermeta/language/structure.kmt)
  -&gt;   file:/tmp/kermeta_build/src/plugins/fr.irisa.triskell.kermeta.framework/src/kermeta/language/structure.kmt
PASS 2 : A type definition for &apos;kermeta::language::structure::PrimitiveType&apos; already exists. (while loading file:/tmp/kermeta_build/src/plugins/fr.irisa.triskell.kermeta.framework/src/kermeta/language/structure.kmt)
  -&gt;   file:/tmp/kermeta_build/src/plugins/fr.irisa.triskell.kermeta.framework/src/kermeta/language/structure.kmt
PASS 2 : A type definition for &apos;kermeta::language::structure::NamedElement&apos; already exists. (while loading file:/tmp/kermeta_build/src/plugins/fr.irisa.triskell.kermeta.framework/src/kermeta/language/structure.kmt)
  -&gt;   file:/tmp/kermeta_build/src/plugins/fr.irisa.triskell.kermeta.framework/src/kermeta/language/structure.kmt
PASS 2 : A type definition for &apos;kermeta::language::structure::TypeDefinitionContainer&apos; already exists. (while loading file:/tmp/kermeta_build/src/plugins/fr.irisa.triskell.kermeta.framework/src/kermeta/language/structure.kmt)
  -&gt;   file:/tmp/kermeta_build/src/plugins/fr.irisa.triskell.kermeta.framework/src/kermeta/language/structure.kmt
PASS 2 : A type definition for &apos;kermeta::language::structure::Package&apos; already exists. (while loading file:/tmp/kermeta_build/src/plugins/fr.irisa.triskell.kermeta.framework/src/kermeta/language/structure.kmt)
  -&gt;   file:/tmp/kermeta_build/src/plugins/fr.irisa.triskell.kermeta.framework/src/kermeta/language/structure.kmt
PASS 2 : A type definition for &apos;kermeta::language::structure::TypeDefinition&apos; already exists. (while loading file:/tmp/kermeta_build/src/plugins/fr.irisa.triskell.kermeta.framework/src/kermeta/language/structure.kmt)
  -&gt;   file:/tmp/kermeta_build/src/plugins/fr.irisa.triskell.kermeta.framework/src/kermeta/language/structure.kmt
PASS 2 : A type definition for &apos;kermeta::language::structure::VoidType&apos; already exists. (while loading file:/tmp/kermeta_build/src/plugins/fr.irisa.triskell.kermeta.framework/src/kermeta/language/structure.kmt)
  -&gt;   file:/tmp/kermeta_build/src/plugins/fr.irisa.triskell.kermeta.framework/src/kermeta/language/structure.kmt
PASS 2 : A type definition for &apos;kermeta::language::structure::DataType&apos; already exists. (while loading file:/tmp/kermeta_build/src/plugins/fr.irisa.triskell.kermeta.framework/src/kermeta/language/structure.kmt)
  -&gt;   file:/tmp/kermeta_build/src/plugins/fr.irisa.triskell.kermeta.framework/src/kermeta/language/structure.kmt
PASS 2 : A type definition for &apos;kermeta::language::structure::Enumeration&apos; already exists. (while loading file:/tmp/kermeta_build/src/plugins/fr.irisa.triskell.kermeta.framework/src/kermeta/language/structure.kmt)
  -&gt;   file:/tmp/kermeta_build/src/plugins/fr.irisa.triskell.kermeta.framework/src/kermeta/language/structure.kmt
PASS 2 : A type definition for &apos;kermeta::language::structure::EnumerationLiteral&apos; already exists. (while loading file:/tmp/kermeta_build/src/plugins/fr.irisa.triskell.kermeta.framework/src/kermeta/language/structure.kmt)
  -&gt;   file:/tmp/kermeta_build/src/plugins/fr.irisa.triskell.kermeta.framework/src/kermeta/language/structure.kmt
PASS 2 : A type definition for &apos;kermeta::language::structure::Parameter&apos; already exists. (while loading file:/tmp/kermeta_build/src/plugins/fr.irisa.triskell.kermeta.framework/src/kermeta/language/structure.kmt)
  -&gt;   file:/tmp/kermeta_build/src/plugins/fr.irisa.triskell.kermeta.framework/src/kermeta/language/structure.kmt
PASS 2 : A type definition for DataType &apos;kermeta::language::structure::UnlimitedNatural&apos; already exists.
  -&gt;   file:/tmp/kermeta_build/src/plugins/fr.irisa.triskell.kermeta.framework/src/kermeta/language/structure.kmt
PASS 2 : A type definition for &apos;kermeta::language::structure::KMStructureVisitor&apos; already exists. (while loading file:/tmp/kermeta_build/src/plugins/fr.irisa.triskell.kermeta.framework/src/kermeta/language/structure.kmt)
  -&gt;   file:/tmp/kermeta_build/src/plugins/fr.irisa.triskell.kermeta.framework/src/kermeta/language/structure.kmt
PASS 2 : A type definition for &apos;kermeta::language::structure::KMStructureVisitable&apos; already exists. (while loading file:/tmp/kermeta_build/src/plugins/fr.irisa.triskell.kermeta.framework/src/kermeta/language/structure.kmt)
  -&gt;   file:/tmp/kermeta_build/src/plugins/fr.irisa.triskell.kermeta.framework/src/kermeta/language/structure.kmt
PASS 2 : A type definition for DataType &apos;kermeta::reflection::String&apos; already exists.
  -&gt;   file:/tmp/kermeta_build/src/plugins/fr.irisa.triskell.kermeta.framework/src/kermeta/reflection/reflection.kmt
PASS 2 : A type definition for &apos;kermeta::reflection::Object&apos; already exists. (while loading file:/tmp/kermeta_build/src/plugins/fr.irisa.triskell.kermeta.framework/src/kermeta/reflection/reflection.kmt)
  -&gt;   file:/tmp/kermeta_build/src/plugins/fr.irisa.triskell.kermeta.framework/src/kermeta/reflection/reflection.kmt
PASS 2 : A type definition for DataType &apos;kermeta::reflection::Boolean&apos; already exists.
  -&gt;   file:/tmp/kermeta_build/src/plugins/fr.irisa.triskell.kermeta.framework/src/kermeta/reflection/reflection.kmt
PASS 2 : A type definition for DataType &apos;kermeta::reflection::Integer&apos; already exists.
  -&gt;   file:/tmp/kermeta_build/src/plugins/fr.irisa.triskell.kermeta.framework/src/kermeta/reflection/reflection.kmt
PASS 2 : A type definition for &apos;kermeta::reflection::ParameterizedType&apos; already exists. (while loading file:/tmp/kermeta_build/src/plugins/fr.irisa.triskell.kermeta.framework/src/kermeta/reflection/reflection.kmt)
  -&gt;   file:/tmp/kermeta_build/src/plugins/fr.irisa.triskell.kermeta.framework/src/kermeta/reflection/reflection.kmt
PASS 2 : A type definition for &apos;kermeta::reflection::Class&apos; already exists. (while loading file:/tmp/kermeta_build/src/plugins/fr.irisa.triskell.kermeta.framework/src/kermeta/reflection/reflection.kmt)
  -&gt;   file:/tmp/kermeta_build/src/plugins/fr.irisa.triskell.kermeta.framework/src/kermeta/reflection/reflection.kmt
PASS 2 : A type definition for &apos;kermeta::reflection::ModelType&apos; already exists. (while loading file:/tmp/kermeta_build/src/plugins/fr.irisa.triskell.kermeta.framework/src/kermeta/reflection/reflection.kmt)
  -&gt;   file:/tmp/kermeta_build/src/plugins/fr.irisa.triskell.kermeta.framework/src/kermeta/reflection/reflection.kmt
PASS 2 : A type definition for &apos;kermeta::reflection::Model&apos; already exists. (while loading file:/tmp/kermeta_build/src/plugins/fr.irisa.triskell.kermeta.framework/src/kermeta/reflection/reflection.kmt)
  -&gt;   file:/tmp/kermeta_build/src/plugins/fr.irisa.triskell.kermeta.framework/src/kermeta/reflection/reflection.kmt
PASS 2 : A type definition for &apos;kermeta::reflection::MultiplicityElement&apos; already exists. (while loading file:/tmp/kermeta_build/src/plugins/fr.irisa.triskell.kermeta.framework/src/kermeta/reflection/reflection.kmt)
  -&gt;   file:/tmp/kermeta_build/src/plugins/fr.irisa.triskell.kermeta.framework/src/kermeta/reflection/reflection.kmt
PASS 2 : A type definition for &apos;kermeta::reflection::Constraint&apos; already exists. (while loading file:/tmp/kermeta_build/src/plugins/fr.irisa.triskell.kermeta.framework/src/kermeta/reflection/reflection.kmt)
  -&gt;   file:/tmp/kermeta_build/src/plugins/fr.irisa.triskell.kermeta.framework/src/kermeta/reflection/reflection.kmt
PASS 2 : A type definition for &apos;kermeta::reflection::Operation&apos; already exists. (while loading file:/tmp/kermeta_build/src/plugins/fr.irisa.triskell.kermeta.framework/src/kermeta/reflection/reflection.kmt)
  -&gt;   file:/tmp/kermeta_build/src/plugins/fr.irisa.triskell.kermeta.framework/src/kermeta/reflection/reflection.kmt
PASS 2 : A type definition for &apos;kermeta::reflection::Tag&apos; already exists. (while loading file:/tmp/kermeta_build/src/plugins/fr.irisa.triskell.kermeta.framework/src/kermeta/reflection/reflection.kmt)
  -&gt;   file:/tmp/kermeta_build/src/plugins/fr.irisa.triskell.kermeta.framework/src/kermeta/reflection/reflection.kmt
PASS 2 : A type definition for &apos;kermeta::reflection::Property&apos; already exists. (while loading file:/tmp/kermeta_build/src/plugins/fr.irisa.triskell.kermeta.framework/src/kermeta/reflection/reflection.kmt)
  -&gt;   file:/tmp/kermeta_build/src/plugins/fr.irisa.triskell.kermeta.framework/src/kermeta/reflection/reflection.kmt
PASS 2 : A type definition for &apos;kermeta::reflection::TypeContainer&apos; already exists. (while loading file:/tmp/kermeta_build/src/plugins/fr.irisa.triskell.kermeta.framework/src/kermeta/reflection/reflection.kmt)
  -&gt;   file:/tmp/kermeta_build/src/plugins/fr.irisa.triskell.kermeta.framework/src/kermeta/reflection/reflection.kmt
PASS 2 : A type definition for &apos;kermeta::reflection::VirtualTypeContainer&apos; already exists. (while loading file:/tmp/kermeta_build/src/plugins/fr.irisa.triskell.kermeta.framework/src/kermeta/reflection/reflection.kmt)
  -&gt;   file:/tmp/kermeta_build/src/plugins/fr.irisa.triskell.kermeta.framework/src/kermeta/reflection/reflection.kmt
PASS 2 : A type definition for &apos;kermeta::reflection::GenericTypeDefinition&apos; already exists. (while loading file:/tmp/kermeta_build/src/plugins/fr.irisa.triskell.kermeta.framework/src/kermeta/reflection/reflection.kmt)
  -&gt;   file:/tmp/kermeta_build/src/plugins/fr.irisa.triskell.kermeta.framework/src/kermeta/reflection/reflection.kmt
PASS 2 : A type definition for &apos;kermeta::reflection::ClassDefinition&apos; already exists. (while loading file:/tmp/kermeta_build/src/plugins/fr.irisa.triskell.kermeta.framework/src/kermeta/reflection/reflection.kmt)
  -&gt;   file:/tmp/kermeta_build/src/plugins/fr.irisa.triskell.kermeta.framework/src/kermeta/reflection/reflection.kmt
PASS 2 : A type definition for &apos;kermeta::reflection::TypedElement&apos; already exists. (while loading file:/tmp/kermeta_build/src/plugins/fr.irisa.triskell.kermeta.framework/src/kermeta/reflection/reflection.kmt)
  -&gt;   file:/tmp/kermeta_build/src/plugins/fr.irisa.triskell.kermeta.framework/src/kermeta/reflection/reflection.kmt
PASS 2 : A type definition for &apos;kermeta::reflection::TypeVariable&apos; already exists. (while loading file:/tmp/kermeta_build/src/plugins/fr.irisa.triskell.kermeta.framework/src/kermeta/reflection/reflection.kmt)
  -&gt;   file:/tmp/kermeta_build/src/plugins/fr.irisa.triskell.kermeta.framework/src/kermeta/reflection/reflection.kmt
PASS 2 : A type definition for &apos;kermeta::reflection::ObjectTypeVariable&apos; already exists. (while loading file:/tmp/kermeta_build/src/plugins/fr.irisa.triskell.kermeta.framework/src/kermeta/reflection/reflection.kmt)
  -&gt;   file:/tmp/kermeta_build/src/plugins/fr.irisa.triskell.kermeta.framework/src/kermeta/reflection/reflection.kmt
PASS 2 : A type definition for &apos;kermeta::reflection::VirtualType&apos; already exists. (while loading file:/tmp/kermeta_build/src/plugins/fr.irisa.triskell.kermeta.framework/src/kermeta/reflection/reflection.kmt)
  -&gt;   file:/tmp/kermeta_build/src/plugins/fr.irisa.triskell.kermeta.framework/src/kermeta/reflection/reflection.kmt
PASS 2 : A type definition for &apos;kermeta::reflection::ModelTypeVariable&apos; already exists. (while loading file:/tmp/kermeta_build/src/plugins/fr.irisa.triskell.kermeta.framework/src/kermeta/reflection/reflection.kmt)
  -&gt;   file:/tmp/kermeta_build/src/plugins/fr.irisa.triskell.kermeta.framework/src/kermeta/reflection/reflection.kmt
PASS 2 : A type definition for &apos;kermeta::reflection::ProductType&apos; already exists. (while loading file:/tmp/kermeta_build/src/plugins/fr.irisa.triskell.kermeta.framework/src/kermeta/reflection/reflection.kmt)
  -&gt;   file:/tmp/kermeta_build/src/plugins/fr.irisa.triskell.kermeta.framework/src/kermeta/reflection/reflection.kmt
PASS 2 : A type definition for &apos;kermeta::reflection::FunctionType&apos; already exists. (while loading file:/tmp/kermeta_build/src/plugins/fr.irisa.triskell.kermeta.framework/src/kermeta/reflection/reflection.kmt)
  -&gt;   file:/tmp/kermeta_build/src/plugins/fr.irisa.triskell.kermeta.framework/src/kermeta/reflection/reflection.kmt
PASS 2 : A type definition for &apos;kermeta::reflection::Type&apos; already exists. (while loading file:/tmp/kermeta_build/src/plugins/fr.irisa.triskell.kermeta.framework/src/kermeta/reflection/reflection.kmt)
  -&gt;   file:/tmp/kermeta_build/src/plugins/fr.irisa.triskell.kermeta.framework/src/kermeta/reflection/reflection.kmt
PASS 2 : A type definition for &apos;kermeta::reflection::TypeVariableBinding&apos; already exists. (while loading file:/tmp/kermeta_build/src/plugins/fr.irisa.triskell.kermeta.framework/src/kermeta/reflection/reflection.kmt)
  -&gt;   file:/tmp/kermeta_build/src/plugins/fr.irisa.triskell.kermeta.framework/src/kermeta/reflection/reflection.kmt
PASS 2 : A type definition for &apos;kermeta::reflection::PrimitiveType&apos; already exists. (while loading file:/tmp/kermeta_build/src/plugins/fr.irisa.triskell.kermeta.framework/src/kermeta/reflection/reflection.kmt)
  -&gt;   file:/tmp/kermeta_build/src/plugins/fr.irisa.triskell.kermeta.framework/src/kermeta/reflection/reflection.kmt
PASS 2 : A type definition for &apos;kermeta::reflection::NamedElement&apos; already exists. (while loading file:/tmp/kermeta_build/src/plugins/fr.irisa.triskell.kermeta.framework/src/kermeta/reflection/reflection.kmt)
  -&gt;   file:/tmp/kermeta_build/src/plugins/fr.irisa.triskell.kermeta.framework/src/kermeta/reflection/reflection.kmt
PASS 2 : A type definition for &apos;kermeta::reflection::SelfType&apos; already exists. (while loading file:/tmp/kermeta_build/src/plugins/fr.irisa.triskell.kermeta.framework/src/kermeta/reflection/reflection.kmt)
  -&gt;   file:/tmp/kermeta_build/src/plugins/fr.irisa.triskell.kermeta.framework/src/kermeta/reflection/reflection.kmt
PASS 2 : A type definition for &apos;kermeta::reflection::TypeDefinitionContainer&apos; already exists. (while loading file:/tmp/kermeta_build/src/plugins/fr.irisa.triskell.kermeta.framework/src/kermeta/reflection/reflection.kmt)
  -&gt;   file:/tmp/kermeta_build/src/plugins/fr.irisa.triskell.kermeta.framework/src/kermeta/reflection/reflection.kmt
PASS 2 : A type definition for &apos;kermeta::reflection::Package&apos; already exists. (while loading file:/tmp/kermeta_build/src/plugins/fr.irisa.triskell.kermeta.framework/src/kermeta/reflection/reflection.kmt)
  -&gt;   file:/tmp/kermeta_build/src/plugins/fr.irisa.triskell.kermeta.framework/src/kermeta/reflection/reflection.kmt
PASS 2 : A type definition for &apos;kermeta::reflection::TypeDefinition&apos; already exists. (while loading file:/tmp/kermeta_build/src/plugins/fr.irisa.triskell.kermeta.framework/src/kermeta/reflection/reflection.kmt)
  -&gt;   file:/tmp/kermeta_build/src/plugins/fr.irisa.triskell.kermeta.framework/src/kermeta/reflection/reflection.kmt
PASS 2 : A type definition for &apos;kermeta::reflection::VoidType&apos; already exists. (while loading file:/tmp/kermeta_build/src/plugins/fr.irisa.triskell.kermeta.framework/src/kermeta/reflection/reflection.kmt)
  -&gt;   file:/tmp/kermeta_build/src/plugins/fr.irisa.triskell.kermeta.framework/src/kermeta/reflection/reflection.kmt
PASS 2 : A type definition for &apos;kermeta::reflection::DataType&apos; already exists. (while loading file:/tmp/kermeta_build/src/plugins/fr.irisa.triskell.kermeta.framework/src/kermeta/reflection/reflection.kmt)
  -&gt;   file:/tmp/kermeta_build/src/plugins/fr.irisa.triskell.kermeta.framework/src/kermeta/reflection/reflection.kmt
PASS 2 : A type definition for &apos;kermeta::reflection::Enumeration&apos; already exists. (while loading file:/tmp/kermeta_build/src/plugins/fr.irisa.triskell.kermeta.framework/src/kermeta/reflection/reflection.kmt)
  -&gt;   file:/tmp/kermeta_build/src/plugins/fr.irisa.triskell.kermeta.framework/src/kermeta/reflection/reflection.kmt
PASS 2 : A type definition for &apos;kermeta::reflection::EnumerationLiteral&apos; already exists. (while loading file:/tmp/kermeta_build/src/plugins/fr.irisa.triskell.kermeta.framework/src/kermeta/reflection/reflection.kmt)
  -&gt;   file:/tmp/kermeta_build/src/plugins/fr.irisa.triskell.kermeta.framework/src/kermeta/reflection/reflection.kmt
PASS 2 : A type definition for &apos;kermeta::reflection::Parameter&apos; already exists. (while loading file:/tmp/kermeta_build/src/plugins/fr.irisa.triskell.kermeta.framework/src/kermeta/reflection/reflection.kmt)
  -&gt;   file:/tmp/kermeta_build/src/plugins/fr.irisa.triskell.kermeta.framework/src/kermeta/reflection/reflection.kmt
PASS 2 : A type definition for DataType &apos;kermeta::reflection::UnlimitedNatural&apos; already exists.
  -&gt;   file:/tmp/kermeta_build/src/plugins/fr.irisa.triskell.kermeta.framework/src/kermeta/reflection/reflection.kmt
PASS 2 : A type definition for &apos;kermeta::persistence::Resource&apos; already exists. (while loading file:/tmp/kermeta_build/src/plugins/fr.irisa.triskell.kermeta.framework/src/kermeta/persistence/resource.kmt)
  -&gt;   file:/tmp/kermeta_build/src/plugins/fr.irisa.triskell.kermeta.framework/src/kermeta/persistence/resource.kmt
PASS 2 : A type definition for &apos;kermeta::persistence::EMFResource&apos; already exists. (while loading file:/tmp/kermeta_build/src/plugins/fr.irisa.triskell.kermeta.framework/src/kermeta/persistence/resource.kmt)
  -&gt;   file:/tmp/kermeta_build/src/plugins/fr.irisa.triskell.kermeta.framework/src/kermeta/persistence/resource.kmt
PASS 2 : A type definition for &apos;kermeta::persistence::KMResource&apos; already exists. (while loading file:/tmp/kermeta_build/src/plugins/fr.irisa.triskell.kermeta.framework/src/kermeta/persistence/resource.kmt)
  -&gt;   file:/tmp/kermeta_build/src/plugins/fr.irisa.triskell.kermeta.framework/src/kermeta/persistence/resource.kmt
PASS 2 : A type definition for &apos;kermeta::persistence::Repository&apos; already exists. (while loading file:/tmp/kermeta_build/src/plugins/fr.irisa.triskell.kermeta.framework/src/kermeta/persistence/resource.kmt)
  -&gt;   file:/tmp/kermeta_build/src/plugins/fr.irisa.triskell.kermeta.framework/src/kermeta/persistence/resource.kmt
PASS 2 : A type definition for &apos;kermeta::persistence::EMFRepository&apos; already exists. (while loading file:/tmp/kermeta_build/src/plugins/fr.irisa.triskell.kermeta.framework/src/kermeta/persistence/resource.kmt)
  -&gt;   file:/tmp/kermeta_build/src/plugins/fr.irisa.triskell.kermeta.framework/src/kermeta/persistence/resource.kmt
PASS 2 : A type definition for &apos;kermeta::persistence::KMRepository&apos; already exists. (while loading file:/tmp/kermeta_build/src/plugins/fr.irisa.triskell.kermeta.framework/src/kermeta/persistence/resource.kmt)
  -&gt;   file:/tmp/kermeta_build/src/plugins/fr.irisa.triskell.kermeta.framework/src/kermeta/persistence/resource.kmt
PASS 2 : A type definition for &apos;kermeta::persistence::ResourceLoadException&apos; already exists. (while loading file:/tmp/kermeta_build/src/plugins/fr.irisa.triskell.kermeta.framework/src/kermeta/persistence/resource.kmt)
  -&gt;   file:/tmp/kermeta_build/src/plugins/fr.irisa.triskell.kermeta.framework/src/kermeta/persistence/resource.kmt
PASS 2 : A type definition for &apos;kermeta::persistence::ResourceSaveException&apos; already exists. (while loading file:/tmp/kermeta_build/src/plugins/fr.irisa.triskell.kermeta.framework/src/kermeta/persistence/resource.kmt)
  -&gt;   file:/tmp/kermeta_build/src/plugins/fr.irisa.triskell.kermeta.framework/src/kermeta/persistence/resource.kmt
PASS 2 : A type definition for &apos;kermeta::persistence::ResourceCreateException&apos; already exists. (while loading file:/tmp/kermeta_build/src/plugins/fr.irisa.triskell.kermeta.framework/src/kermeta/persistence/resource.kmt)
  -&gt;   file:/tmp/kermeta_build/src/plugins/fr.irisa.triskell.kermeta.framework/src/kermeta/persistence/resource.kmt
PASS 2 : A type definition for &apos;kermeta::persistence::ResourceUnconformityException&apos; already exists. (while loading file:/tmp/kermeta_build/src/plugins/fr.irisa.triskell.kermeta.framework/src/kermeta/persistence/resource.kmt)
  -&gt;   file:/tmp/kermeta_build/src/plugins/fr.irisa.triskell.kermeta.framework/src/kermeta/persistence/resource.kmt
PASS 2 : A type definition for &apos;kermeta::language::ReflectiveCollection&apos; already exists. (while loading file:/tmp/kermeta_build/src/plugins/fr.irisa.triskell.kermeta.framework/src/kermeta/language/reflective_collections.kmt)
  -&gt;   file:/tmp/kermeta_build/src/plugins/fr.irisa.triskell.kermeta.framework/src/kermeta/language/reflective_collections.kmt
PASS 2 : A type definition for &apos;kermeta::language::ReflectiveSequence&apos; already exists. (while loading file:/tmp/kermeta_build/src/plugins/fr.irisa.triskell.kermeta.framework/src/kermeta/language/reflective_collections.kmt)
  -&gt;   file:/tmp/kermeta_build/src/plugins/fr.irisa.triskell.kermeta.framework/src/kermeta/language/reflective_collections.kmt
PASS 2 : A type definition for &apos;kermeta::kunit::AssertionFailedError&apos; already exists. (while loading file:/tmp/kermeta_build/src/plugins/fr.irisa.triskell.kermeta.framework/src/kermeta/kunit/kunit.kmt)
  -&gt;   file:/tmp/kermeta_build/src/plugins/fr.irisa.triskell.kermeta.framework/src/kermeta/kunit/kunit.kmt
PASS 2 : A type definition for &apos;kermeta::kunit::Assert&apos; already exists. (while loading file:/tmp/kermeta_build/src/plugins/fr.irisa.triskell.kermeta.framework/src/kermeta/kunit/kunit.kmt)
  -&gt;   file:/tmp/kermeta_build/src/plugins/fr.irisa.triskell.kermeta.framework/src/kermeta/kunit/kunit.kmt
PASS 2 : A type definition for &apos;kermeta::kunit::Test&apos; already exists. (while loading file:/tmp/kermeta_build/src/plugins/fr.irisa.triskell.kermeta.framework/src/kermeta/kunit/kunit.kmt)
  -&gt;   file:/tmp/kermeta_build/src/plugins/fr.irisa.triskell.kermeta.framework/src/kermeta/kunit/kunit.kmt
PASS 2 : A type definition for &apos;kermeta::kunit::TestCase&apos; already exists. (while loading file:/tmp/kermeta_build/src/plugins/fr.irisa.triskell.kermeta.framework/src/kermeta/kunit/kunit.kmt)
  -&gt;   file:/tmp/kermeta_build/src/plugins/fr.irisa.triskell.kermeta.framework/src/kermeta/kunit/kunit.kmt
PASS 2 : A type definition for &apos;kermeta::kunit::TestResult&apos; already exists. (while loading file:/tmp/kermeta_build/src/plugins/fr.irisa.triskell.kermeta.framework/src/kermeta/kunit/kunit.kmt)
  -&gt;   file:/tmp/kermeta_build/src/plugins/fr.irisa.triskell.kermeta.framework/src/kermeta/kunit/kunit.kmt
PASS 2 : A type definition for &apos;kermeta::kunit::TestFailure&apos; already exists. (while loading file:/tmp/kermeta_build/src/plugins/fr.irisa.triskell.kermeta.framework/src/kermeta/kunit/kunit.kmt)
  -&gt;   file:/tmp/kermeta_build/src/plugins/fr.irisa.triskell.kermeta.framework/src/kermeta/kunit/kunit.kmt
PASS 2 : A type definition for &apos;kermeta::kunit::TestSuite&apos; already exists. (while loading file:/tmp/kermeta_build/src/plugins/fr.irisa.triskell.kermeta.framework/src/kermeta/kunit/kunit.kmt)
  -&gt;   file:/tmp/kermeta_build/src/plugins/fr.irisa.triskell.kermeta.framework/src/kermeta/kunit/kunit.kmt
PASS 2 : A type definition for &apos;kermeta::kunit::TestLoader&apos; already exists. (while loading file:/tmp/kermeta_build/src/plugins/fr.irisa.triskell.kermeta.framework/src/kermeta/kunit/kunit.kmt)
  -&gt;   file:/tmp/kermeta_build/src/plugins/fr.irisa.triskell.kermeta.framework/src/kermeta/kunit/kunit.kmt
PASS 2 : A type definition for &apos;kermeta::kunit::TestRunner&apos; already exists. (while loading file:/tmp/kermeta_build/src/plugins/fr.irisa.triskell.kermeta.framework/src/kermeta/kunit/kunit.kmt)
  -&gt;   file:/tmp/kermeta_build/src/plugins/fr.irisa.triskell.kermeta.framework/src/kermeta/kunit/kunit.kmt
PASS 2 : A type definition for &apos;kermeta::utils::Hashtable&apos; already exists. (while loading file:/tmp/kermeta_build/src/plugins/fr.irisa.triskell.kermeta.framework/src/kermeta/utils/hashtable.kmt)
  -&gt;   file:/tmp/kermeta_build/src/plugins/fr.irisa.triskell.kermeta.framework/src/kermeta/utils/hashtable.kmt
PASS 2 : A type definition for &apos;kermeta::utils::Stack&apos; already exists. (while loading file:/tmp/kermeta_build/src/plugins/fr.irisa.triskell.kermeta.framework/src/kermeta/utils/stack.kmt)
  -&gt;   file:/tmp/kermeta_build/src/plugins/fr.irisa.triskell.kermeta.framework/src/kermeta/utils/stack.kmt
PASS 2 : A type definition for &apos;kermeta::io::StdIO&apos; already exists. (while loading file:/tmp/kermeta_build/src/plugins/fr.irisa.triskell.kermeta.framework/src/kermeta/io/std_io.kmt)
  -&gt;   file:/tmp/kermeta_build/src/plugins/fr.irisa.triskell.kermeta.framework/src/kermeta/io/std_io.kmt
PASS 2 : A type definition for &apos;kermeta::io::FileIO&apos; already exists. (while loading file:/tmp/kermeta_build/src/plugins/fr.irisa.triskell.kermeta.framework/src/kermeta/io/file_io.kmt)
  -&gt;   file:/tmp/kermeta_build/src/plugins/fr.irisa.triskell.kermeta.framework/src/kermeta/io/file_io.kmt
PASS 2 : A type definition for &apos;kermeta::exceptions::Exception&apos; already exists. (while loading file:/tmp/kermeta_build/src/plugins/fr.irisa.triskell.kermeta.framework/src/kermeta/exceptions/exceptions.kmt)
  -&gt;   file:/tmp/kermeta_build/src/plugins/fr.irisa.triskell.kermeta.framework/src/kermeta/exceptions/exceptions.kmt
PASS 2 : A type definition for &apos;kermeta::exceptions::RuntimeError&apos; already exists. (while loading file:/tmp/kermeta_build/src/plugins/fr.irisa.triskell.kermeta.framework/src/kermeta/exceptions/exceptions.kmt)
  -&gt;   file:/tmp/kermeta_build/src/plugins/fr.irisa.triskell.kermeta.framework/src/kermeta/exceptions/exceptions.kmt
PASS 2 : A type definition for &apos;kermeta::exceptions::CallOnVoidTarget&apos; already exists. (while loading file:/tmp/kermeta_build/src/plugins/fr.irisa.triskell.kermeta.framework/src/kermeta/exceptions/exceptions.kmt)
  -&gt;   file:/tmp/kermeta_build/src/plugins/fr.irisa.triskell.kermeta.framework/src/kermeta/exceptions/exceptions.kmt
PASS 2 : A type definition for &apos;kermeta::exceptions::TypeCastError&apos; already exists. (while loading file:/tmp/kermeta_build/src/plugins/fr.irisa.triskell.kermeta.framework/src/kermeta/exceptions/exceptions.kmt)
  -&gt;   file:/tmp/kermeta_build/src/plugins/fr.irisa.triskell.kermeta.framework/src/kermeta/exceptions/exceptions.kmt
PASS 2 : A type definition for &apos;kermeta::exceptions::NotImplementedException&apos; already exists. (while loading file:/tmp/kermeta_build/src/plugins/fr.irisa.triskell.kermeta.framework/src/kermeta/exceptions/exceptions.kmt)
  -&gt;   file:/tmp/kermeta_build/src/plugins/fr.irisa.triskell.kermeta.framework/src/kermeta/exceptions/exceptions.kmt
PASS 2 : A type definition for &apos;kermeta::exceptions::UpperBoundReachedError&apos; already exists. (while loading file:/tmp/kermeta_build/src/plugins/fr.irisa.triskell.kermeta.framework/src/kermeta/exceptions/exceptions.kmt)
  -&gt;   file:/tmp/kermeta_build/src/plugins/fr.irisa.triskell.kermeta.framework/src/kermeta/exceptions/exceptions.kmt
PASS 2 : A type definition for &apos;kermeta::exceptions::AbstractClassInstantiationError&apos; already exists. (while loading file:/tmp/kermeta_build/src/plugins/fr.irisa.triskell.kermeta.framework/src/kermeta/exceptions/exceptions.kmt)
  -&gt;   file:/tmp/kermeta_build/src/plugins/fr.irisa.triskell.kermeta.framework/src/kermeta/exceptions/exceptions.kmt
PASS 2 : A type definition for &apos;kermeta::exceptions::IncompatibleTypeError&apos; already exists. (while loading file:/tmp/kermeta_build/src/plugins/fr.irisa.triskell.kermeta.framework/src/kermeta/exceptions/exceptions.kmt)
  -&gt;   file:/tmp/kermeta_build/src/plugins/fr.irisa.triskell.kermeta.framework/src/kermeta/exceptions/exceptions.kmt
PASS 2 : A type definition for &apos;kermeta::exceptions::DivisionByZero&apos; already exists. (while loading file:/tmp/kermeta_build/src/plugins/fr.irisa.triskell.kermeta.framework/src/kermeta/exceptions/exceptions.kmt)
  -&gt;   file:/tmp/kermeta_build/src/plugins/fr.irisa.triskell.kermeta.framework/src/kermeta/exceptions/exceptions.kmt
PASS 2 : A type definition for &apos;kermeta::exceptions::OverflowError&apos; already exists. (while loading file:/tmp/kermeta_build/src/plugins/fr.irisa.triskell.kermeta.framework/src/kermeta/exceptions/exceptions.kmt)
  -&gt;   file:/tmp/kermeta_build/src/plugins/fr.irisa.triskell.kermeta.framework/src/kermeta/exceptions/exceptions.kmt
PASS 2 : A type definition for &apos;kermeta::exceptions::VoidOperandError&apos; already exists. (while loading file:/tmp/kermeta_build/src/plugins/fr.irisa.triskell.kermeta.framework/src/kermeta/exceptions/exceptions.kmt)
  -&gt;   file:/tmp/kermeta_build/src/plugins/fr.irisa.triskell.kermeta.framework/src/kermeta/exceptions/exceptions.kmt
PASS 2 : A type definition for &apos;kermeta::exceptions::StringIndexOutOfBound&apos; already exists. (while loading file:/tmp/kermeta_build/src/plugins/fr.irisa.triskell.kermeta.framework/src/kermeta/exceptions/exceptions.kmt)
  -&gt;   file:/tmp/kermeta_build/src/plugins/fr.irisa.triskell.kermeta.framework/src/kermeta/exceptions/exceptions.kmt
PASS 2 : A type definition for &apos;kermeta::exceptions::StringFormatException&apos; already exists. (while loading file:/tmp/kermeta_build/src/plugins/fr.irisa.triskell.kermeta.framework/src/kermeta/exceptions/exceptions.kmt)
  -&gt;   file:/tmp/kermeta_build/src/plugins/fr.irisa.triskell.kermeta.framework/src/kermeta/exceptions/exceptions.kmt
PASS 2 : A type definition for &apos;kermeta::exceptions::IndexOutOfBound&apos; already exists. (while loading file:/tmp/kermeta_build/src/plugins/fr.irisa.triskell.kermeta.framework/src/kermeta/exceptions/exceptions.kmt)
  -&gt;   file:/tmp/kermeta_build/src/plugins/fr.irisa.triskell.kermeta.framework/src/kermeta/exceptions/exceptions.kmt
PASS 2 : A type definition for &apos;kermeta::exceptions::EmptyCollection&apos; already exists. (while loading file:/tmp/kermeta_build/src/plugins/fr.irisa.triskell.kermeta.framework/src/kermeta/exceptions/exceptions.kmt)
  -&gt;   file:/tmp/kermeta_build/src/plugins/fr.irisa.triskell.kermeta.framework/src/kermeta/exceptions/exceptions.kmt
PASS 2 : A type definition for &apos;kermeta::exceptions::IteratorIsOff&apos; already exists. (while loading file:/tmp/kermeta_build/src/plugins/fr.irisa.triskell.kermeta.framework/src/kermeta/exceptions/exceptions.kmt)
  -&gt;   file:/tmp/kermeta_build/src/plugins/fr.irisa.triskell.kermeta.framework/src/kermeta/exceptions/exceptions.kmt
PASS 2 : A type definition for &apos;kermeta::exceptions::IOException&apos; already exists. (while loading file:/tmp/kermeta_build/src/plugins/fr.irisa.triskell.kermeta.framework/src/kermeta/exceptions/exceptions.kmt)
  -&gt;   file:/tmp/kermeta_build/src/plugins/fr.irisa.triskell.kermeta.framework/src/kermeta/exceptions/exceptions.kmt
PASS 2 : A type definition for &apos;kermeta::exceptions::FileNotFoundException&apos; already exists. (while loading file:/tmp/kermeta_build/src/plugins/fr.irisa.triskell.kermeta.framework/src/kermeta/exceptions/exceptions.kmt)
  -&gt;   file:/tmp/kermeta_build/src/plugins/fr.irisa.triskell.kermeta.framework/src/kermeta/exceptions/exceptions.kmt
PASS 2 : A type definition for &apos;kermeta::exceptions::ConstraintViolatedPre&apos; already exists. (while loading file:/tmp/kermeta_build/src/plugins/fr.irisa.triskell.kermeta.framework/src/kermeta/exceptions/exceptions.kmt)
  -&gt;   file:/tmp/kermeta_build/src/plugins/fr.irisa.triskell.kermeta.framework/src/kermeta/exceptions/exceptions.kmt
PASS 2 : A type definition for &apos;kermeta::exceptions::ConstraintViolatedPost&apos; already exists. (while loading file:/tmp/kermeta_build/src/plugins/fr.irisa.triskell.kermeta.framework/src/kermeta/exceptions/exceptions.kmt)
  -&gt;   file:/tmp/kermeta_build/src/plugins/fr.irisa.triskell.kermeta.framework/src/kermeta/exceptions/exceptions.kmt
PASS 2 : A type definition for &apos;kermeta::exceptions::ConstraintViolatedInv&apos; already exists. (while loading file:/tmp/kermeta_build/src/plugins/fr.irisa.triskell.kermeta.framework/src/kermeta/exceptions/exceptions.kmt)
  -&gt;   file:/tmp/kermeta_build/src/plugins/fr.irisa.triskell.kermeta.framework/src/kermeta/exceptions/exceptions.kmt
PASS 2 : A type definition for &apos;kermeta::interpreter::DynamicExpression&apos; already exists. (while loading file:/tmp/kermeta_build/src/plugins/fr.irisa.triskell.kermeta.framework/src/kermeta/language/dynamic_expression.kmt)
  -&gt;   file:/tmp/kermeta_build/src/plugins/fr.irisa.triskell.kermeta.framework/src/kermeta/language/dynamic_expression.kmt
PASS 2 : A type definition for &apos;kermeta::interpreter::DynamicExpressionException&apos; already exists. (while loading file:/tmp/kermeta_build/src/plugins/fr.irisa.triskell.kermeta.framework/src/kermeta/language/dynamic_expression.kmt)
  -&gt;   file:/tmp/kermeta_build/src/plugins/fr.irisa.triskell.kermeta.framework/src/kermeta/language/dynamic_expression.kmt
PASS 2 : A type definition for &apos;kermeta::interpreter::KermetaError&apos; already exists. (while loading file:/tmp/kermeta_build/src/plugins/fr.irisa.triskell.kermeta.framework/src/kermeta/language/dynamic_expression.kmt)
  -&gt;   file:/tmp/kermeta_build/src/plugins/fr.irisa.triskell.kermeta.framework/src/kermeta/language/dynamic_expression.kmt
PASS 2 : A type definition for &apos;kermeta::interpreter::ParseError&apos; already exists. (while loading file:/tmp/kermeta_build/src/plugins/fr.irisa.triskell.kermeta.framework/src/kermeta/language/dynamic_expression.kmt)
  -&gt;   file:/tmp/kermeta_build/src/plugins/fr.irisa.triskell.kermeta.framework/src/kermeta/language/dynamic_expression.kmt
PASS 2 : A type definition for &apos;kermeta::interpreter::TypeError&apos; already exists. (while loading file:/tmp/kermeta_build/src/plugins/fr.irisa.triskell.kermeta.framework/src/kermeta/language/dynamic_expression.kmt)
  -&gt;   file:/tmp/kermeta_build/src/plugins/fr.irisa.triskell.kermeta.framework/src/kermeta/language/dynamic_expression.kmt
PASS 2 : A type definition for &apos;kermeta::standard::UnknownJavaObject&apos; already exists. (while loading file:/tmp/kermeta_build/src/plugins/fr.irisa.triskell.kermeta.framework/src/kermeta/standard/java.kmt)
  -&gt;   file:/tmp/kermeta_build/src/plugins/fr.irisa.triskell.kermeta.framework/src/kermeta/standard/java.kmt

	at kermeta_io.test.JunitTestSuite.testWithFile(JunitTestSuite.java:388)
	at kermeta_io.test.JunitTestSuite.testtestLoadStdLibSource(JunitTestSuite.java:223)
	at sun.reflect.NativeMethodAccessorImpl.invoke0(Native Method)
	at sun.reflect.NativeMethodAccessorImpl.invoke(NativeMethodAccessorImpl.java:39)
	at sun.reflect.DelegatingMethodAccessorImpl.invoke(DelegatingMethodAccessorImpl.java:25)
</failure>
  </testcase>
  <testcase name="testtestMCommentAlone" time="2.01"></testcase>
  <testcase name="testtestMCommentBegin" time="1.987"></testcase>
  <testcase name="testtestMCommentEmptyOp" time="2.022"></testcase>
  <testcase name="testtestMCommentInline" time="2.022"></testcase>
  <testcase name="testtestMCommentMany" time="2.028"></testcase>
  <testcase name="testtestMCommentMiddleOfLoop" time="1.987"></testcase>
  <testcase name="testtestModelType" time="1.983"></testcase>
  <testcase name="testtestModelTypesStateMachines" time="2.014"></testcase>
  <testcase name="testtestOperation" time="2.03"></testcase>
  <testcase name="testtestOperationOnObject" time="2.016"></testcase>
  <testcase name="testtestPackage" time="0.933">
    <error message="PASS 1 : Either &apos;using&apos; declaration is misplaced (should be put after &apos;require&apos;), or there is a &apos;using&apos; declaration, but no element defined in your file.
  -&gt;   file:/tmp/kermeta_build/src/plugins/fr.irisa.triskell.kermeta.io/test/kmt_testcases/testPackage.kmt
PASS 1 : Either &apos;using&apos; declaration is misplaced (should be put after &apos;require&apos;), or there is a &apos;using&apos; declaration, but no element defined in your file.
  -&gt;   file:/tmp/kermeta_build/src/plugins/fr.irisa.triskell.kermeta.io/test/kmt_testcases/testPackage.kmt
PASS 1 : Either &apos;using&apos; declaration is misplaced (should be put after &apos;require&apos;), or there is a &apos;using&apos; declaration, but no element defined in your file.
  -&gt;   file:/tmp/kermeta_build/src/plugins/fr.irisa.triskell.kermeta.io/test/kmt_testcases/testPackage.kmt
PASS 1 : Either &apos;using&apos; declaration is misplaced (should be put after &apos;require&apos;), or there is a &apos;using&apos; declaration, but no element defined in your file.
  -&gt;   file:/tmp/kermeta_build/src/plugins/fr.irisa.triskell.kermeta.io/test/kmt_testcases/testPackage.kmt
PASS 3 : Wrong using - package &apos;metacore::standard&apos; does not exist
  -&gt;   file:/tmp/kermeta_build/src/plugins/fr.irisa.triskell.kermeta.io/test/kmt_testcases/testPackage.kmt
" type="junit.framework.AssertionFailedError">junit.framework.AssertionFailedError: PASS 1 : Either &apos;using&apos; declaration is misplaced (should be put after &apos;require&apos;), or there is a &apos;using&apos; declaration, but no element defined in your file.
  -&gt;   file:/tmp/kermeta_build/src/plugins/fr.irisa.triskell.kermeta.io/test/kmt_testcases/testPackage.kmt
PASS 1 : Either &apos;using&apos; declaration is misplaced (should be put after &apos;require&apos;), or there is a &apos;using&apos; declaration, but no element defined in your file.
  -&gt;   file:/tmp/kermeta_build/src/plugins/fr.irisa.triskell.kermeta.io/test/kmt_testcases/testPackage.kmt
PASS 1 : Either &apos;using&apos; declaration is misplaced (should be put after &apos;require&apos;), or there is a &apos;using&apos; declaration, but no element defined in your file.
  -&gt;   file:/tmp/kermeta_build/src/plugins/fr.irisa.triskell.kermeta.io/test/kmt_testcases/testPackage.kmt
PASS 1 : Either &apos;using&apos; declaration is misplaced (should be put after &apos;require&apos;), or there is a &apos;using&apos; declaration, but no element defined in your file.
  -&gt;   file:/tmp/kermeta_build/src/plugins/fr.irisa.triskell.kermeta.io/test/kmt_testcases/testPackage.kmt
PASS 3 : Wrong using - package &apos;metacore::standard&apos; does not exist
  -&gt;   file:/tmp/kermeta_build/src/plugins/fr.irisa.triskell.kermeta.io/test/kmt_testcases/testPackage.kmt

	at kermeta_io.test.JunitTestSuite.testWithFile(JunitTestSuite.java:388)
	at kermeta_io.test.JunitTestSuite.testtestPackage(JunitTestSuite.java:267)
	at sun.reflect.NativeMethodAccessorImpl.invoke0(Native Method)
	at sun.reflect.NativeMethodAccessorImpl.invoke(NativeMethodAccessorImpl.java:39)
	at sun.reflect.DelegatingMethodAccessorImpl.invoke(DelegatingMethodAccessorImpl.java:25)
</error>
  </testcase>
  <testcase name="testtestPackageDepA" time="2.017"></testcase>
  <testcase name="testtestPackageDepA2" time="1.995"></testcase>
  <testcase name="testtestPackageDepB" time="1.992"></testcase>
  <testcase name="testtestPackageDepB2" time="1.989"></testcase>
  <testcase name="testtestPackageDepC" time="1.98"></testcase>
  <testcase name="testtestPackageDepC2" time="1.978"></testcase>
  <testcase name="testtestPackageDepD" time="1.978"></testcase>
  <testcase name="testtestPackageDepD2" time="1.983"></testcase>
  <testcase name="testtestPrimitiveType" time="1.989"></testcase>
  <testcase name="testtestProperty" time="2.002"></testcase>
  <testcase name="testtestResult" time="1.99"></testcase>
  <testcase name="testtestSCommentAlone" time="1.983"></testcase>
  <testcase name="testtestSCommentBegin" time="1.988"></testcase>
  <testcase name="testtestSCommentEmptyOp" time="1.982"></testcase>
  <testcase name="testtestSCommentEndOfFile" time="1.984"></testcase>
  <testcase name="testtestSCommentInline" time="1.988"></testcase>
  <testcase name="testtestSCommentMany" time="1.983"></testcase>
  <testcase name="testtestSCommentMiddleOfLoop" time="1.993"></testcase>
  <testcase name="testtestSimpleAnnotations" time="1.983"></testcase>
  <testcase name="testtestSimpleAnnotations2" time="1.98"></testcase>
  <testcase name="testtestSimpleCond" time="1.982"></testcase>
  <testcase name="testtestSimpleExpression" time="1.98"></testcase>
  <testcase name="testtestSimpleLoop" time="1.992"></testcase>
  <testcase name="testtestVariable" time="1.995"></testcase>
  <testcase name="testtestExtOperation" time="0.929">
    <failure message="Unexpected load error : java.lang.NullPointerException null
  -&gt;   file:/tmp/kermeta_build/src/plugins/fr.irisa.triskell.kermeta.io/test/kmtbodies_testcases/testExtOperation.kmt
" type="junit.framework.AssertionFailedError">junit.framework.AssertionFailedError: Unexpected load error : java.lang.NullPointerException null
  -&gt;   file:/tmp/kermeta_build/src/plugins/fr.irisa.triskell.kermeta.io/test/kmtbodies_testcases/testExtOperation.kmt

	at kermeta_io.test.JunitTestSuite.testWithFile(JunitTestSuite.java:388)
	at kermeta_io.test.JunitTestSuite.testtestExtOperation(JunitTestSuite.java:367)
	at sun.reflect.NativeMethodAccessorImpl.invoke0(Native Method)
	at sun.reflect.NativeMethodAccessorImpl.invoke(NativeMethodAccessorImpl.java:39)
	at sun.reflect.DelegatingMethodAccessorImpl.invoke(DelegatingMethodAccessorImpl.java:25)
</failure>
  </testcase>
  <system-out><![CDATA[creating directory test/ecore_testcases/output ...
WARN   configureLogger, not able to retrieve log4jconfiguration file; check the system property kermeta.log4j.configurationfile.name="../fr.irisa.triskell.kermeta.texteditor/kermeta_log4j_configuration.xml"
0 [main] WARN root  - not able to retrieve log4jconfiguration file; check the system property kermeta.log4j.configurationfile.name="../fr.irisa.triskell.kermeta.texteditor/kermeta_log4j_configuration.xml"
WARN   configureLogger, using default configuration (ie. all messages on the console)
3 [main] WARN root  - using default configuration (ie. all messages on the console)
free memory before running gc(): 67347688
free memory after running gc(): 122124544
Need to export importedUnit :http://www.eclipse.org/emf/2002/Ecore ecore.km
creating directory  ...
creating file /tmp/kermeta_build/src/plugins/fr.irisa.triskell.kermeta.io/test/ecore_testcases/output/Simple_ecore.kmt...
free memory before running gc(): 107459520
free memory after running gc(): 123606056
free memory before running gc(): 112822632
free memory after running gc(): 121853200
free memory before running gc(): 105689520
free memory after running gc(): 121378032
Need to export importedUnit :http://www.eclipse.org/emf/2002/Ecore ecore.km
creating directory  ...
creating file /tmp/kermeta_build/src/plugins/fr.irisa.triskell.kermeta.io/test/ecore_testcases/output/UML2_ecore.kmt...
free memory before running gc(): 50328896
free memory after running gc(): 120392296
free memory before running gc(): 108621248
free memory after running gc(): 120942208
free memory before running gc(): 66709544
free memory after running gc(): 118444664
Need to export importedUnit :http://www.eclipse.org/emf/2002/Ecore ecore.km
creating directory  ...
creating file /tmp/kermeta_build/src/plugins/fr.irisa.triskell.kermeta.io/test/ecore_testcases/output/puzzle_ecore.kmt...
free memory before running gc(): 110811960
free memory after running gc(): 119978056
free memory before running gc(): 105047816
free memory after running gc(): 113476184
creating directory test/emfatic_testcases/output ...
free memory before running gc(): 98679264
free memory after running gc(): 121388376
ERROR  loadAllTypeDefinitions, Unexpected load error (loadAllTypeDefinitions)
java.lang.ClassCastException: com.ibm.eclipse.emfatic.core.ast.PackageDecl
	at fr.irisa.triskell.kermeta.loader.KermetaUnit.storeTrace(KermetaUnit.java:287)
	at fr.irisa.triskell.kermeta.loader.emfatic.ECore2KMPass2.beginVisit(ECore2KMPass2.java:48)
	at com.ibm.eclipse.emfatic.core.ast.PackageDecl.acceptImpl(PackageDecl.java:103)
	at com.ibm.eclipse.emfatic.core.ast.EmfaticASTNode.accept(EmfaticASTNode.java:47)
	at com.ibm.eclipse.emfatic.core.ast.EmfaticASTNode.visitChildren(EmfaticASTNode.java:74)
	at com.ibm.eclipse.emfatic.core.ast.CompUnit.acceptImpl(CompUnit.java:89)
	at com.ibm.eclipse.emfatic.core.ast.EmfaticASTNode.accept(EmfaticASTNode.java:47)
	at fr.irisa.triskell.kermeta.loader.emfatic.EmfaticUnit.loadTypeDefinitions(EmfaticUnit.java:92)
	at fr.irisa.triskell.kermeta.loader.KermetaUnit.loadAllTypeDefinitions(KermetaUnit.java:864)
	at fr.irisa.triskell.kermeta.loader.KermetaUnit.load(KermetaUnit.java:812)
	at kermeta_io.test.JunitTestSuite.testWithFile(JunitTestSuite.java:384)
	at kermeta_io.test.JunitTestSuite.testemof(JunitTestSuite.java:79)
	at sun.reflect.NativeMethodAccessorImpl.invoke0(Native Method)
	at sun.reflect.NativeMethodAccessorImpl.invoke(NativeMethodAccessorImpl.java:39)
	at sun.reflect.DelegatingMethodAccessorImpl.invoke(DelegatingMethodAccessorImpl.java:25)
	at java.lang.reflect.Method.invoke(Method.java:585)
	at junit.framework.TestCase.runTest(TestCase.java:154)
	at junit.framework.TestCase.runBare(TestCase.java:127)
	at junit.framework.TestResult$1.protect(TestResult.java:106)
	at junit.framework.TestResult.runProtected(TestResult.java:124)
	at junit.framework.TestResult.run(TestResult.java:109)
	at junit.framework.TestCase.run(TestCase.java:118)
	at junit.framework.TestSuite.runTest(TestSuite.java:208)
	at junit.framework.TestSuite.run(TestSuite.java:203)
	at org.apache.tools.ant.taskdefs.optional.junit.JUnitTestRunner.run(JUnitTestRunner.java:325)
	at org.apache.tools.ant.taskdefs.optional.junit.JUnitTask.executeInVM(JUnitTask.java:848)
	at org.apache.tools.ant.taskdefs.optional.junit.JUnitTask.execute(JUnitTask.java:556)
	at org.apache.tools.ant.taskdefs.optional.junit.JUnitTask.execute(JUnitTask.java:532)
	at org.apache.tools.ant.Task.perform(Task.java:341)
	at org.apache.tools.ant.Target.execute(Target.java:309)
	at org.apache.tools.ant.Target.performTasks(Target.java:336)
	at org.apache.tools.ant.Project.executeTarget(Project.java:1339)
	at org.apache.tools.ant.Project.executeTargets(Project.java:1255)
	at org.apache.tools.ant.Main.runBuild(Main.java:609)
	at org.apache.tools.ant.Main.start(Main.java:196)
	at org.apache.tools.ant.Main.main(Main.java:235)
11403 [main] ERROR KermetaUnit  - Unexpected load error (loadAllTypeDefinitions)
java.lang.ClassCastException: com.ibm.eclipse.emfatic.core.ast.PackageDecl
	at fr.irisa.triskell.kermeta.loader.KermetaUnit.storeTrace(KermetaUnit.java:287)
	at fr.irisa.triskell.kermeta.loader.emfatic.ECore2KMPass2.beginVisit(ECore2KMPass2.java:48)
	at com.ibm.eclipse.emfatic.core.ast.PackageDecl.acceptImpl(PackageDecl.java:103)
	at com.ibm.eclipse.emfatic.core.ast.EmfaticASTNode.accept(EmfaticASTNode.java:47)
	at com.ibm.eclipse.emfatic.core.ast.EmfaticASTNode.visitChildren(EmfaticASTNode.java:74)
	at com.ibm.eclipse.emfatic.core.ast.CompUnit.acceptImpl(CompUnit.java:89)
	at com.ibm.eclipse.emfatic.core.ast.EmfaticASTNode.accept(EmfaticASTNode.java:47)
	at fr.irisa.triskell.kermeta.loader.emfatic.EmfaticUnit.loadTypeDefinitions(EmfaticUnit.java:92)
	at fr.irisa.triskell.kermeta.loader.KermetaUnit.loadAllTypeDefinitions(KermetaUnit.java:864)
	at fr.irisa.triskell.kermeta.loader.KermetaUnit.load(KermetaUnit.java:812)
	at kermeta_io.test.JunitTestSuite.testWithFile(JunitTestSuite.java:384)
	at kermeta_io.test.JunitTestSuite.testemof(JunitTestSuite.java:79)
	at sun.reflect.NativeMethodAccessorImpl.invoke0(Native Method)
	at sun.reflect.NativeMethodAccessorImpl.invoke(NativeMethodAccessorImpl.java:39)
	at sun.reflect.DelegatingMethodAccessorImpl.invoke(DelegatingMethodAccessorImpl.java:25)
	at java.lang.reflect.Method.invoke(Method.java:585)
	at junit.framework.TestCase.runTest(TestCase.java:154)
	at junit.framework.TestCase.runBare(TestCase.java:127)
	at junit.framework.TestResult$1.protect(TestResult.java:106)
	at junit.framework.TestResult.runProtected(TestResult.java:124)
	at junit.framework.TestResult.run(TestResult.java:109)
	at junit.framework.TestCase.run(TestCase.java:118)
	at junit.framework.TestSuite.runTest(TestSuite.java:208)
	at junit.framework.TestSuite.run(TestSuite.java:203)
	at org.apache.tools.ant.taskdefs.optional.junit.JUnitTestRunner.run(JUnitTestRunner.java:325)
	at org.apache.tools.ant.taskdefs.optional.junit.JUnitTask.executeInVM(JUnitTask.java:848)
	at org.apache.tools.ant.taskdefs.optional.junit.JUnitTask.execute(JUnitTask.java:556)
	at org.apache.tools.ant.taskdefs.optional.junit.JUnitTask.execute(JUnitTask.java:532)
	at org.apache.tools.ant.Task.perform(Task.java:341)
	at org.apache.tools.ant.Target.execute(Target.java:309)
	at org.apache.tools.ant.Target.performTasks(Target.java:336)
	at org.apache.tools.ant.Project.executeTarget(Project.java:1339)
	at org.apache.tools.ant.Project.executeTargets(Project.java:1255)
	at org.apache.tools.ant.Main.runBuild(Main.java:609)
	at org.apache.tools.ant.Main.start(Main.java:196)
	at org.apache.tools.ant.Main.main(Main.java:235)
free memory before running gc(): 104515944
free memory after running gc(): 115427464
ERROR  loadAllTypeDefinitions, Unexpected load error (loadAllTypeDefinitions)
java.lang.ClassCastException: com.ibm.eclipse.emfatic.core.ast.PackageDecl
	at fr.irisa.triskell.kermeta.loader.KermetaUnit.storeTrace(KermetaUnit.java:287)
	at fr.irisa.triskell.kermeta.loader.emfatic.ECore2KMPass2.beginVisit(ECore2KMPass2.java:48)
	at com.ibm.eclipse.emfatic.core.ast.PackageDecl.acceptImpl(PackageDecl.java:103)
	at com.ibm.eclipse.emfatic.core.ast.EmfaticASTNode.accept(EmfaticASTNode.java:47)
	at com.ibm.eclipse.emfatic.core.ast.EmfaticASTNode.visitChildren(EmfaticASTNode.java:74)
	at com.ibm.eclipse.emfatic.core.ast.CompUnit.acceptImpl(CompUnit.java:89)
	at com.ibm.eclipse.emfatic.core.ast.EmfaticASTNode.accept(EmfaticASTNode.java:47)
	at fr.irisa.triskell.kermeta.loader.emfatic.EmfaticUnit.loadTypeDefinitions(EmfaticUnit.java:92)
	at fr.irisa.triskell.kermeta.loader.KermetaUnit.loadAllTypeDefinitions(KermetaUnit.java:864)
	at fr.irisa.triskell.kermeta.loader.KermetaUnit.load(KermetaUnit.java:812)
	at kermeta_io.test.JunitTestSuite.testWithFile(JunitTestSuite.java:384)
	at kermeta_io.test.JunitTestSuite.testmetacore(JunitTestSuite.java:83)
	at sun.reflect.NativeMethodAccessorImpl.invoke0(Native Method)
	at sun.reflect.NativeMethodAccessorImpl.invoke(NativeMethodAccessorImpl.java:39)
	at sun.reflect.DelegatingMethodAccessorImpl.invoke(DelegatingMethodAccessorImpl.java:25)
	at java.lang.reflect.Method.invoke(Method.java:585)
	at junit.framework.TestCase.runTest(TestCase.java:154)
	at junit.framework.TestCase.runBare(TestCase.java:127)
	at junit.framework.TestResult$1.protect(TestResult.java:106)
	at junit.framework.TestResult.runProtected(TestResult.java:124)
	at junit.framework.TestResult.run(TestResult.java:109)
	at junit.framework.TestCase.run(TestCase.java:118)
	at junit.framework.TestSuite.runTest(TestSuite.java:208)
	at junit.framework.TestSuite.run(TestSuite.java:203)
	at org.apache.tools.ant.taskdefs.optional.junit.JUnitTestRunner.run(JUnitTestRunner.java:325)
	at org.apache.tools.ant.taskdefs.optional.junit.JUnitTask.executeInVM(JUnitTask.java:848)
	at org.apache.tools.ant.taskdefs.optional.junit.JUnitTask.execute(JUnitTask.java:556)
	at org.apache.tools.ant.taskdefs.optional.junit.JUnitTask.execute(JUnitTask.java:532)
	at org.apache.tools.ant.Task.perform(Task.java:341)
	at org.apache.tools.ant.Target.execute(Target.java:309)
	at org.apache.tools.ant.Target.performTasks(Target.java:336)
	at org.apache.tools.ant.Project.executeTarget(Project.java:1339)
	at org.apache.tools.ant.Project.executeTargets(Project.java:1255)
	at org.apache.tools.ant.Main.runBuild(Main.java:609)
	at org.apache.tools.ant.Main.start(Main.java:196)
	at org.apache.tools.ant.Main.main(Main.java:235)
12393 [main] ERROR KermetaUnit  - Unexpected load error (loadAllTypeDefinitions)
java.lang.ClassCastException: com.ibm.eclipse.emfatic.core.ast.PackageDecl
	at fr.irisa.triskell.kermeta.loader.KermetaUnit.storeTrace(KermetaUnit.java:287)
	at fr.irisa.triskell.kermeta.loader.emfatic.ECore2KMPass2.beginVisit(ECore2KMPass2.java:48)
	at com.ibm.eclipse.emfatic.core.ast.PackageDecl.acceptImpl(PackageDecl.java:103)
	at com.ibm.eclipse.emfatic.core.ast.EmfaticASTNode.accept(EmfaticASTNode.java:47)
	at com.ibm.eclipse.emfatic.core.ast.EmfaticASTNode.visitChildren(EmfaticASTNode.java:74)
	at com.ibm.eclipse.emfatic.core.ast.CompUnit.acceptImpl(CompUnit.java:89)
	at com.ibm.eclipse.emfatic.core.ast.EmfaticASTNode.accept(EmfaticASTNode.java:47)
	at fr.irisa.triskell.kermeta.loader.emfatic.EmfaticUnit.loadTypeDefinitions(EmfaticUnit.java:92)
	at fr.irisa.triskell.kermeta.loader.KermetaUnit.loadAllTypeDefinitions(KermetaUnit.java:864)
	at fr.irisa.triskell.kermeta.loader.KermetaUnit.load(KermetaUnit.java:812)
	at kermeta_io.test.JunitTestSuite.testWithFile(JunitTestSuite.java:384)
	at kermeta_io.test.JunitTestSuite.testmetacore(JunitTestSuite.java:83)
	at sun.reflect.NativeMethodAccessorImpl.invoke0(Native Method)
	at sun.reflect.NativeMethodAccessorImpl.invoke(NativeMethodAccessorImpl.java:39)
	at sun.reflect.DelegatingMethodAccessorImpl.invoke(DelegatingMethodAccessorImpl.java:25)
	at java.lang.reflect.Method.invoke(Method.java:585)
	at junit.framework.TestCase.runTest(TestCase.java:154)
	at junit.framework.TestCase.runBare(TestCase.java:127)
	at junit.framework.TestResult$1.protect(TestResult.java:106)
	at junit.framework.TestResult.runProtected(TestResult.java:124)
	at junit.framework.TestResult.run(TestResult.java:109)
	at junit.framework.TestCase.run(TestCase.java:118)
	at junit.framework.TestSuite.runTest(TestSuite.java:208)
	at junit.framework.TestSuite.run(TestSuite.java:203)
	at org.apache.tools.ant.taskdefs.optional.junit.JUnitTestRunner.run(JUnitTestRunner.java:325)
	at org.apache.tools.ant.taskdefs.optional.junit.JUnitTask.executeInVM(JUnitTask.java:848)
	at org.apache.tools.ant.taskdefs.optional.junit.JUnitTask.execute(JUnitTask.java:556)
	at org.apache.tools.ant.taskdefs.optional.junit.JUnitTask.execute(JUnitTask.java:532)
	at org.apache.tools.ant.Task.perform(Task.java:341)
	at org.apache.tools.ant.Target.execute(Target.java:309)
	at org.apache.tools.ant.Target.performTasks(Target.java:336)
	at org.apache.tools.ant.Project.executeTarget(Project.java:1339)
	at org.apache.tools.ant.Project.executeTargets(Project.java:1255)
	at org.apache.tools.ant.Main.runBuild(Main.java:609)
	at org.apache.tools.ant.Main.start(Main.java:196)
	at org.apache.tools.ant.Main.main(Main.java:235)
creating directory test/kmt_testcases/output ...
free memory before running gc(): 105981208
free memory after running gc(): 119683064
Need to export importedUnit :file:/tmp/kermeta_build/src/plugins/fr.irisa.triskell.kermeta/lib/framework.km kermeta.km
creating directory  ...
creating file /tmp/kermeta_build/src/plugins/fr.irisa.triskell.kermeta.io/test/kmt_testcases/output/10_testEnum_kmt.kmt...
free memory before running gc(): 119683064
free memory after running gc(): 120312088
free memory before running gc(): 105615024
free memory after running gc(): 120061568
free memory before running gc(): 107912992
free memory after running gc(): 120831752
Need to export importedUnit :file:/tmp/kermeta_build/src/plugins/fr.irisa.triskell.kermeta/lib/framework.km kermeta.km
creating directory  ...
creating file /tmp/kermeta_build/src/plugins/fr.irisa.triskell.kermeta.io/test/kmt_testcases/output/1_testAssignment_kmt.kmt...
free memory before running gc(): 120831752
free memory after running gc(): 120671024
free memory before running gc(): 103735968
free memory after running gc(): 112402152
free memory before running gc(): 96442488
free memory after running gc(): 113157456
Need to export importedUnit :file:/tmp/kermeta_build/src/plugins/fr.irisa.triskell.kermeta/lib/framework.km kermeta.km
creating directory  ...
creating file /tmp/kermeta_build/src/plugins/fr.irisa.triskell.kermeta.io/test/kmt_testcases/output/2_testArithm_kmt.kmt...
free memory before running gc(): 113157456
free memory after running gc(): 116323936
free memory before running gc(): 94488960
free memory after running gc(): 111341320
free memory before running gc(): 87704552
free memory after running gc(): 109029496
Need to export importedUnit :file:/tmp/kermeta_build/src/plugins/fr.irisa.triskell.kermeta/lib/framework.km kermeta.km
creating directory  ...
creating file /tmp/kermeta_build/src/plugins/fr.irisa.triskell.kermeta.io/test/kmt_testcases/output/3_testOpCall_kmt.kmt...
free memory before running gc(): 109029496
free memory after running gc(): 108162984
free memory before running gc(): 84607696
free memory after running gc(): 104155360
free memory before running gc(): 78393704
free memory after running gc(): 101978936
Need to export importedUnit :file:/tmp/kermeta_build/src/plugins/fr.irisa.triskell.kermeta/lib/framework.km kermeta.km
creating directory  ...
creating file /tmp/kermeta_build/src/plugins/fr.irisa.triskell.kermeta.io/test/kmt_testcases/output/4_testOpOpCall_kmt.kmt...
free memory before running gc(): 101978936
free memory after running gc(): 104888512
free memory before running gc(): 74140368
free memory after running gc(): 102180944
free memory before running gc(): 70117264
free memory after running gc(): 100294000
Need to export importedUnit :file:/tmp/kermeta_build/src/plugins/fr.irisa.triskell.kermeta/lib/framework.km kermeta.km
creating directory  ...
creating file /tmp/kermeta_build/src/plugins/fr.irisa.triskell.kermeta.io/test/kmt_testcases/output/5_testExternPackageCall_kmt.kmt...
free memory before running gc(): 100294000
free memory after running gc(): 97780784
free memory before running gc(): 66280512
free memory after running gc(): 94162552
free memory before running gc(): 59691888
free memory after running gc(): 95685712
Need to export importedUnit :file:/tmp/kermeta_build/src/plugins/fr.irisa.triskell.kermeta.io/test/kmt_testcases/5_testExternPackageCall.kmt testExternPackage.km
creating directory  ...
creating file /tmp/kermeta_build/src/plugins/fr.irisa.triskell.kermeta.io/test/kmt_testcases/output/5_testOpPkgCall_kmt.kmt...
free memory before running gc(): 95685712
free memory after running gc(): 98426848
free memory before running gc(): 63048320
free memory after running gc(): 110864320
free memory before running gc(): 90158696
free memory after running gc(): 121517408
Need to export importedUnit :file:/tmp/kermeta_build/src/plugins/fr.irisa.triskell.kermeta.io/test/kmt_testcases/6_testExternPackageCall2.kmt testExternPackage2.km
creating directory  ...
creating file /tmp/kermeta_build/src/plugins/fr.irisa.triskell.kermeta.io/test/kmt_testcases/output/6_failtestExternPackageCall_kmt.kmt...
free memory before running gc(): 121517408
free memory after running gc(): 123044368
free memory before running gc(): 108438992
free memory after running gc(): 115512240
free memory before running gc(): 100989016
free memory after running gc(): 112876608
Need to export importedUnit :file:/tmp/kermeta_build/src/plugins/fr.irisa.triskell.kermeta.io/test/kmt_testcases/6_testExternPackageCall2.kmt testExternPackage2.km
creating directory  ...
creating file /tmp/kermeta_build/src/plugins/fr.irisa.triskell.kermeta.io/test/kmt_testcases/output/6_testExternPackageCall_kmt.kmt...
free memory before running gc(): 112876608
free memory after running gc(): 115586352
free memory before running gc(): 95510256
free memory after running gc(): 111905008
free memory before running gc(): 90306208
free memory after running gc(): 109562144
Need to export importedUnit :file:/tmp/kermeta_build/src/plugins/fr.irisa.triskell.kermeta/lib/framework.km kermeta.km
creating directory  ...
creating file /tmp/kermeta_build/src/plugins/fr.irisa.triskell.kermeta.io/test/kmt_testcases/output/6_testExternPackageCall2_kmt.kmt...
free memory before running gc(): 109562144
free memory after running gc(): 107769792
free memory before running gc(): 85457496
free memory after running gc(): 103697776
free memory before running gc(): 79123048
free memory after running gc(): 104841640
Need to export importedUnit :file:/tmp/kermeta_build/src/plugins/fr.irisa.triskell.kermeta.io/test/kmt_testcases/6_testExternPackageCall.kmt testExternPackage.km
creating directory  ...
creating file /tmp/kermeta_build/src/plugins/fr.irisa.triskell.kermeta.io/test/kmt_testcases/output/6_testOpPkgCall_kmt.kmt...
free memory before running gc(): 104841640
free memory after running gc(): 107530656
free memory before running gc(): 78021520
free memory after running gc(): 102930408
free memory before running gc(): 72186376
free memory after running gc(): 101158224
Need to export importedUnit :file:/tmp/kermeta_build/src/plugins/fr.irisa.triskell.kermeta.io/test/kmt_testcases/7_testOpPkgCall.kmt testOpPackage.km
creating directory  ...
creating file /tmp/kermeta_build/src/plugins/fr.irisa.triskell.kermeta.io/test/kmt_testcases/output/7_testInterPackageCall_kmt.kmt...
Ignoring phase 3bis of file:/tmp/kermeta_build/src/plugins/fr.irisa.triskell.kermeta.io/test/kmt_testcases/7_testInterPackageCall.kmt, due to a cycle in its require statements. 
 (in this case a per file basis test cannot be applied)
free memory before running gc(): 66995368
free memory after running gc(): 100965752
Need to export importedUnit :file:/tmp/kermeta_build/src/plugins/fr.irisa.triskell.kermeta/lib/framework.km kermeta.km
Need to export importedUnit :file:/tmp/kermeta_build/src/plugins/fr.irisa.triskell.kermeta.io/test/kmt_testcases/7_testInterPackageCall.kmt testInterPackage.km
creating directory  ...
creating file /tmp/kermeta_build/src/plugins/fr.irisa.triskell.kermeta.io/test/kmt_testcases/output/7_testOpPkgCall_kmt.kmt...
Ignoring phase 3bis of file:/tmp/kermeta_build/src/plugins/fr.irisa.triskell.kermeta.io/test/kmt_testcases/7_testOpPkgCall.kmt, due to a cycle in its require statements. 
 (in this case a per file basis test cannot be applied)
free memory before running gc(): 68631368
free memory after running gc(): 113184056
Need to export importedUnit :file:/tmp/kermeta_build/src/plugins/fr.irisa.triskell.kermeta/lib/framework.km kermeta.km
creating directory  ...
creating file /tmp/kermeta_build/src/plugins/fr.irisa.triskell.kermeta.io/test/kmt_testcases/output/8_testOpInternPkgCall_kmt.kmt...
free memory before running gc(): 113184056
free memory after running gc(): 110127472
free memory before running gc(): 93317336
free memory after running gc(): 111381000
free memory before running gc(): 88384632
free memory after running gc(): 109327768
Need to export importedUnit :file:/tmp/kermeta_build/src/plugins/fr.irisa.triskell.kermeta/lib/framework.km kermeta.km
creating directory  ...
creating file /tmp/kermeta_build/src/plugins/fr.irisa.triskell.kermeta.io/test/kmt_testcases/output/9_testOpCallObject_kmt.kmt...
free memory before running gc(): 109327768
free memory after running gc(): 109298992
free memory before running gc(): 86905968
free memory after running gc(): 105165528
free memory before running gc(): 80629808
free memory after running gc(): 103031104
creating directory  ...
creating file /tmp/kermeta_build/src/plugins/fr.irisa.triskell.kermeta.io/test/kmt_testcases/output/testBlock_kmt.kmt...
free memory before running gc(): 103031104
free memory after running gc(): 107759520
free memory before running gc(): 78016736
free memory after running gc(): 100799976
free memory before running gc(): 72186456
free memory after running gc(): 98791136
creating directory  ...
creating file /tmp/kermeta_build/src/plugins/fr.irisa.triskell.kermeta.io/test/kmt_testcases/output/testBlocksSequence_kmt.kmt...
free memory before running gc(): 98791136
free memory after running gc(): 99862664
free memory before running gc(): 68211648
free memory after running gc(): 98949576
free memory before running gc(): 63208584
free memory after running gc(): 97260872
creating directory  ...
creating file /tmp/kermeta_build/src/plugins/fr.irisa.triskell.kermeta.io/test/kmt_testcases/output/testCallExp_kmt.kmt...
free memory before running gc(): 97260872
free memory after running gc(): 94888752
free memory before running gc(): 63002600
free memory after running gc(): 96019808
free memory before running gc(): 73925136
free memory after running gc(): 109194728
creating directory  ...
creating file /tmp/kermeta_build/src/plugins/fr.irisa.triskell.kermeta.io/test/kmt_testcases/output/testClass_kmt.kmt...
free memory before running gc(): 109194728
free memory after running gc(): 111920824
free memory before running gc(): 89895488
free memory after running gc(): 121536656
free memory before running gc(): 106898264
free memory after running gc(): 117120560
creating directory  ...
creating file /tmp/kermeta_build/src/plugins/fr.irisa.triskell.kermeta.io/test/kmt_testcases/output/testConditional_kmt.kmt...
free memory before running gc(): 117120560
free memory after running gc(): 117342448
free memory before running gc(): 102769528
free memory after running gc(): 112887792
free memory before running gc(): 95562712
free memory after running gc(): 110410824
Need to export importedUnit :file:/tmp/kermeta_build/src/plugins/fr.irisa.triskell.kermeta.io/test/kmt_testcases/testCycleE.kmt testCycle.km
creating directory  ...
creating file /tmp/kermeta_build/src/plugins/fr.irisa.triskell.kermeta.io/test/kmt_testcases/output/testCycleA_kmt.kmt...
Ignoring phase 3bis of file:/tmp/kermeta_build/src/plugins/fr.irisa.triskell.kermeta.io/test/kmt_testcases/testCycleA.kmt, due to a cycle in its require statements. 
 (in this case a per file basis test cannot be applied)
free memory before running gc(): 90497336
free memory after running gc(): 107898776
Need to export importedUnit :file:/tmp/kermeta_build/src/plugins/fr.irisa.triskell.kermeta.io/test/kmt_testcases/testCycleA.kmt testCycle.km
creating directory  ...
creating file /tmp/kermeta_build/src/plugins/fr.irisa.triskell.kermeta.io/test/kmt_testcases/output/testCycleB_kmt.kmt...
Ignoring phase 3bis of file:/tmp/kermeta_build/src/plugins/fr.irisa.triskell.kermeta.io/test/kmt_testcases/testCycleB.kmt, due to a cycle in its require statements. 
 (in this case a per file basis test cannot be applied)
free memory before running gc(): 85533088
free memory after running gc(): 107195032
Need to export importedUnit :file:/tmp/kermeta_build/src/plugins/fr.irisa.triskell.kermeta.io/test/kmt_testcases/testCycleA.kmt testCycle.km
creating directory  ...
creating file /tmp/kermeta_build/src/plugins/fr.irisa.triskell.kermeta.io/test/kmt_testcases/output/testCycleC_kmt.kmt...
Ignoring phase 3bis of file:/tmp/kermeta_build/src/plugins/fr.irisa.triskell.kermeta.io/test/kmt_testcases/testCycleC.kmt, due to a cycle in its require statements. 
 (in this case a per file basis test cannot be applied)
free memory before running gc(): 82630336
free memory after running gc(): 103187528
Need to export importedUnit :file:/tmp/kermeta_build/src/plugins/fr.irisa.triskell.kermeta.io/test/kmt_testcases/testCycleB.kmt testCycle.km
creating directory  ...
creating file /tmp/kermeta_build/src/plugins/fr.irisa.triskell.kermeta.io/test/kmt_testcases/output/testCycleD_kmt.kmt...
Ignoring phase 3bis of file:/tmp/kermeta_build/src/plugins/fr.irisa.triskell.kermeta.io/test/kmt_testcases/testCycleD.kmt, due to a cycle in its require statements. 
 (in this case a per file basis test cannot be applied)
free memory before running gc(): 76472464
free memory after running gc(): 100945344
Need to export importedUnit :file:/tmp/kermeta_build/src/plugins/fr.irisa.triskell.kermeta.io/test/kmt_testcases/testCycleC.kmt testCycle.km
Need to export importedUnit :file:/tmp/kermeta_build/src/plugins/fr.irisa.triskell.kermeta.io/test/kmt_testcases/testCycleD.kmt testCycle.km
creating directory  ...
creating file /tmp/kermeta_build/src/plugins/fr.irisa.triskell.kermeta.io/test/kmt_testcases/output/testCycleE_kmt.kmt...
Ignoring phase 3bis of file:/tmp/kermeta_build/src/plugins/fr.irisa.triskell.kermeta.io/test/kmt_testcases/testCycleE.kmt, due to a cycle in its require statements. 
 (in this case a per file basis test cannot be applied)
free memory before running gc(): 72272184
free memory after running gc(): 98815464
creating directory  ...
creating file /tmp/kermeta_build/src/plugins/fr.irisa.triskell.kermeta.io/test/kmt_testcases/output/testEnum_kmt.kmt...
free memory before running gc(): 98815464
free memory after running gc(): 103624264
free memory before running gc(): 70071592
free memory after running gc(): 99613936
free memory before running gc(): 67135328
free memory after running gc(): 113479896
creating directory  ...
creating file /tmp/kermeta_build/src/plugins/fr.irisa.triskell.kermeta.io/test/kmt_testcases/output/testExpression_kmt.kmt...
free memory before running gc(): 113479896
free memory after running gc(): 110410112
free memory before running gc(): 90316248
free memory after running gc(): 107803352
free memory before running gc(): 85454576
free memory after running gc(): 105545360
creating directory  ...
creating file /tmp/kermeta_build/src/plugins/fr.irisa.triskell.kermeta.io/test/kmt_testcases/output/testExtractOperation_kmt.kmt...
free memory before running gc(): 105545360
free memory after running gc(): 108466376
free memory before running gc(): 85355304
free memory after running gc(): 119813632
free memory before running gc(): 105122752
free memory after running gc(): 118776288
Need to export importedUnit :file:/tmp/kermeta_build/src/plugins/fr.irisa.triskell.kermeta/lib/framework.km kermeta.km
creating directory  ...
creating file /tmp/kermeta_build/src/plugins/fr.irisa.triskell.kermeta.io/test/kmt_testcases/output/testGenericClass_kmt.kmt...
free memory before running gc(): 118776288
free memory after running gc(): 117215808
free memory before running gc(): 102612192
free memory after running gc(): 112761152
free memory before running gc(): 95475880
free memory after running gc(): 110248184
Need to export importedUnit :file:/tmp/kermeta_build/src/plugins/fr.irisa.triskell.kermeta.io/test/kmt_testcases/testClass.kmt testClass.km
creating directory  ...
creating file /tmp/kermeta_build/src/plugins/fr.irisa.triskell.kermeta.io/test/kmt_testcases/output/testImportAlias_kmt.kmt...
free memory before running gc(): 110248184
free memory after running gc(): 114637640
free memory before running gc(): 91951312
free memory after running gc(): 109392616
free memory before running gc(): 85373624
free memory after running gc(): 107280168
creating directory  ...
creating file /tmp/kermeta_build/src/plugins/fr.irisa.triskell.kermeta.io/test/kmt_testcases/output/testInjectOperation_kmt.kmt...
free memory before running gc(): 107280168
free memory after running gc(): 105353608
free memory before running gc(): 80779576
free memory after running gc(): 103135832
free memory before running gc(): 76465784
free memory after running gc(): 100975792
Need to export importedUnit :file:/tmp/kermeta_build/src/plugins/fr.irisa.triskell.kermeta.io/test/kmt_testcases/testInterDependB.kmt testInterDepend.km
creating directory  ...
creating file /tmp/kermeta_build/src/plugins/fr.irisa.triskell.kermeta.io/test/kmt_testcases/output/testInterDependA_kmt.kmt...
Ignoring phase 3bis of file:/tmp/kermeta_build/src/plugins/fr.irisa.triskell.kermeta.io/test/kmt_testcases/testInterDependA.kmt, due to a cycle in its require statements. 
 (in this case a per file basis test cannot be applied)
free memory before running gc(): 72336000
free memory after running gc(): 98917704
Need to export importedUnit :file:/tmp/kermeta_build/src/plugins/fr.irisa.triskell.kermeta.io/test/kmt_testcases/testInterDependA.kmt testInterDepend.km
creating directory  ...
creating file /tmp/kermeta_build/src/plugins/fr.irisa.triskell.kermeta.io/test/kmt_testcases/output/testInterDependB_kmt.kmt...
Ignoring phase 3bis of file:/tmp/kermeta_build/src/plugins/fr.irisa.triskell.kermeta.io/test/kmt_testcases/testInterDependB.kmt, due to a cycle in its require statements. 
 (in this case a per file basis test cannot be applied)
free memory before running gc(): 67061304
free memory after running gc(): 96924104
creating directory  ...
creating file /tmp/kermeta_build/src/plugins/fr.irisa.triskell.kermeta.io/test/kmt_testcases/output/testLambdaExpressionAsCallFeature_kmt.kmt...
free memory before running gc(): 96924104
free memory after running gc(): 101354344
free memory before running gc(): 64926184
free memory after running gc(): 97344888
free memory before running gc(): 63291856
free memory after running gc(): 110761792
free memory before running gc(): 89542880
free memory after running gc(): 119547688
creating directory  ...
creating file /tmp/kermeta_build/src/plugins/fr.irisa.triskell.kermeta.io/test/kmt_testcases/output/testMCommentAlone_kmt.kmt...
free memory before running gc(): 119547688
free memory after running gc(): 117192928
free memory before running gc(): 107572632
free memory after running gc(): 119475744
free memory before running gc(): 105937368
free memory after running gc(): 116199072
creating directory  ...
creating file /tmp/kermeta_build/src/plugins/fr.irisa.triskell.kermeta.io/test/kmt_testcases/output/testMCommentBegin_kmt.kmt...
free memory before running gc(): 116199072
free memory after running gc(): 119596320
free memory before running gc(): 107527280
free memory after running gc(): 120534032
free memory before running gc(): 107967656
free memory after running gc(): 120202144
creating directory  ...
creating file /tmp/kermeta_build/src/plugins/fr.irisa.triskell.kermeta.io/test/kmt_testcases/output/testMCommentEmptyOp_kmt.kmt...
free memory before running gc(): 120202144
free memory after running gc(): 116845776
free memory before running gc(): 107725392
free memory after running gc(): 118497720
free memory before running gc(): 106411328
free memory after running gc(): 118885288
creating directory  ...
creating file /tmp/kermeta_build/src/plugins/fr.irisa.triskell.kermeta.io/test/kmt_testcases/output/testMCommentInline_kmt.kmt...
free memory before running gc(): 118885288
free memory after running gc(): 121927072
free memory before running gc(): 111389200
free memory after running gc(): 120814488
free memory before running gc(): 109948520
free memory after running gc(): 120743832
creating directory  ...
creating file /tmp/kermeta_build/src/plugins/fr.irisa.triskell.kermeta.io/test/kmt_testcases/output/testMCommentMany_kmt.kmt...
free memory before running gc(): 120743832
free memory after running gc(): 119329480
free memory before running gc(): 111395576
free memory after running gc(): 120519896
free memory before running gc(): 109847952
free memory after running gc(): 120760088
creating directory  ...
creating file /tmp/kermeta_build/src/plugins/fr.irisa.triskell.kermeta.io/test/kmt_testcases/output/testMCommentMiddleOfLoop_kmt.kmt...
free memory before running gc(): 120760088
free memory after running gc(): 120522264
free memory before running gc(): 106085240
free memory after running gc(): 116429992
free memory before running gc(): 100361864
free memory after running gc(): 113964416
creating directory  ...
creating file /tmp/kermeta_build/src/plugins/fr.irisa.triskell.kermeta.io/test/kmt_testcases/output/testModelType_kmt.kmt...
free memory before running gc(): 113964416
free memory after running gc(): 112231408
free memory before running gc(): 94860928
free memory after running gc(): 107971032
free memory before running gc(): 88005344
free memory after running gc(): 108827456
creating directory  ...
creating file /tmp/kermeta_build/src/plugins/fr.irisa.triskell.kermeta.io/test/kmt_testcases/output/testModelTypesStateMachines_kmt.kmt...
free memory before running gc(): 108827456
free memory after running gc(): 111508264
free memory before running gc(): 86332296
free memory after running gc(): 106523032
free memory before running gc(): 80044536
free memory after running gc(): 104562744
creating directory  ...
creating file /tmp/kermeta_build/src/plugins/fr.irisa.triskell.kermeta.io/test/kmt_testcases/output/testOperation_kmt.kmt...
free memory before running gc(): 104562744
free memory after running gc(): 104199408
free memory before running gc(): 77301896
free memory after running gc(): 100258792
free memory before running gc(): 71482008
free memory after running gc(): 98291496
Need to export importedUnit :file:/tmp/kermeta_build/src/plugins/fr.irisa.triskell.kermeta/lib/framework.km kermeta.km
creating directory  ...
creating file /tmp/kermeta_build/src/plugins/fr.irisa.triskell.kermeta.io/test/kmt_testcases/output/testOperationOnObject_kmt.kmt...
free memory before running gc(): 98291496
free memory after running gc(): 101006368
free memory before running gc(): 67576296
free memory after running gc(): 98492768
free memory before running gc(): 62528312
free memory after running gc(): 96735376
free memory before running gc(): 59148208
free memory after running gc(): 94509704
Need to export importedUnit :file:/tmp/kermeta_build/src/plugins/fr.irisa.triskell.kermeta.io/test/kmt_testcases/testPackageDepB.kmt testPackDep.km
Need to export importedUnit :file:/tmp/kermeta_build/src/plugins/fr.irisa.triskell.kermeta.io/test/kmt_testcases/testPackageDepC.kmt testPackDep.km
creating directory  ...
creating file /tmp/kermeta_build/src/plugins/fr.irisa.triskell.kermeta.io/test/kmt_testcases/output/testPackageDepA_kmt.kmt...
free memory before running gc(): 94509704
free memory after running gc(): 92038960
free memory before running gc(): 58756848
free memory after running gc(): 95396048
free memory before running gc(): 70777296
free memory after running gc(): 104749504
Need to export importedUnit :file:/tmp/kermeta_build/src/plugins/fr.irisa.triskell.kermeta.io/test/kmt_testcases/testPackageDepB2.kmt testPackDep.km
Need to export importedUnit :file:/tmp/kermeta_build/src/plugins/fr.irisa.triskell.kermeta.io/test/kmt_testcases/testPackageDepC2.kmt testPackDep.km
creating directory  ...
creating file /tmp/kermeta_build/src/plugins/fr.irisa.triskell.kermeta.io/test/kmt_testcases/output/testPackageDepA2_kmt.kmt...
free memory before running gc(): 104749504
free memory after running gc(): 107584056
free memory before running gc(): 84539632
free memory after running gc(): 118996664
free memory before running gc(): 106836736
free memory after running gc(): 122315840
Need to export importedUnit :file:/tmp/kermeta_build/src/plugins/fr.irisa.triskell.kermeta.io/test/kmt_testcases/testPackageDepD.kmt testPackDep.km
creating directory  ...
creating file /tmp/kermeta_build/src/plugins/fr.irisa.triskell.kermeta.io/test/kmt_testcases/output/testPackageDepB_kmt.kmt...
free memory before running gc(): 122315840
free memory after running gc(): 122158840
free memory before running gc(): 111355568
free memory after running gc(): 120464712
free memory before running gc(): 109710608
free memory after running gc(): 120562880
Need to export importedUnit :file:/tmp/kermeta_build/src/plugins/fr.irisa.triskell.kermeta.io/test/kmt_testcases/testPackageDepC2.kmt testPackDep.km
Need to export importedUnit :file:/tmp/kermeta_build/src/plugins/fr.irisa.triskell.kermeta.io/test/kmt_testcases/testPackageDepD2.kmt testPackDep.km
creating directory  ...
creating file /tmp/kermeta_build/src/plugins/fr.irisa.triskell.kermeta.io/test/kmt_testcases/output/testPackageDepB2_kmt.kmt...
free memory before running gc(): 120562880
free memory after running gc(): 122009664
free memory before running gc(): 107666440
free memory after running gc(): 116113472
free memory before running gc(): 100230736
free memory after running gc(): 113673328
creating directory  ...
creating file /tmp/kermeta_build/src/plugins/fr.irisa.triskell.kermeta.io/test/kmt_testcases/output/testPackageDepC_kmt.kmt...
free memory before running gc(): 113673328
free memory after running gc(): 112088656
free memory before running gc(): 94764696
free memory after running gc(): 109549128
free memory before running gc(): 89637568
free memory after running gc(): 107054104
Need to export importedUnit :file:/tmp/kermeta_build/src/plugins/fr.irisa.triskell.kermeta.io/test/kmt_testcases/testPackageDepD2.kmt testPackDep.km
creating directory  ...
creating file /tmp/kermeta_build/src/plugins/fr.irisa.triskell.kermeta.io/test/kmt_testcases/output/testPackageDepC2_kmt.kmt...
free memory before running gc(): 107054104
free memory after running gc(): 109782056
free memory before running gc(): 84666896
free memory after running gc(): 104796592
free memory before running gc(): 78401096
free memory after running gc(): 106102160
creating directory  ...
creating file /tmp/kermeta_build/src/plugins/fr.irisa.triskell.kermeta.io/test/kmt_testcases/output/testPackageDepD_kmt.kmt...
free memory before running gc(): 106102160
free memory after running gc(): 104058736
free memory before running gc(): 77299656
free memory after running gc(): 100183448
free memory before running gc(): 71517104
free memory after running gc(): 98159528
creating directory  ...
creating file /tmp/kermeta_build/src/plugins/fr.irisa.triskell.kermeta.io/test/kmt_testcases/output/testPackageDepD2_kmt.kmt...
free memory before running gc(): 98159528
free memory after running gc(): 102636760
free memory before running gc(): 69271232
free memory after running gc(): 98294680
free memory before running gc(): 66102096
free memory after running gc(): 112410584
creating directory  ...
creating file /tmp/kermeta_build/src/plugins/fr.irisa.triskell.kermeta.io/test/kmt_testcases/output/testPrimitiveType_kmt.kmt...
free memory before running gc(): 112410584
free memory after running gc(): 109450312
free memory before running gc(): 89553376
free memory after running gc(): 106974960
free memory before running gc(): 87574488
free memory after running gc(): 109926184
creating directory  ...
creating file /tmp/kermeta_build/src/plugins/fr.irisa.triskell.kermeta.io/test/kmt_testcases/output/testProperty_kmt.kmt...
free memory before running gc(): 109926184
free memory after running gc(): 120786536
free memory before running gc(): 106161608
free memory after running gc(): 114628200
free memory before running gc(): 98685192
free memory after running gc(): 115527312
creating directory  ...
creating file /tmp/kermeta_build/src/plugins/fr.irisa.triskell.kermeta.io/test/kmt_testcases/output/testResult_kmt.kmt...
free memory before running gc(): 115527312
free memory after running gc(): 113924864
free memory before running gc(): 96614464
free memory after running gc(): 109661816
free memory before running gc(): 89690656
free memory after running gc(): 107204464
creating directory  ...
creating file /tmp/kermeta_build/src/plugins/fr.irisa.triskell.kermeta.io/test/kmt_testcases/output/testSCommentAlone_kmt.kmt...
free memory before running gc(): 107204464
free memory after running gc(): 111592640
free memory before running gc(): 86475336
free memory after running gc(): 106539224
free memory before running gc(): 80133728
free memory after running gc(): 104612328
creating directory  ...
creating file /tmp/kermeta_build/src/plugins/fr.irisa.triskell.kermeta.io/test/kmt_testcases/output/testSCommentBegin_kmt.kmt...
free memory before running gc(): 104612328
free memory after running gc(): 102543600
free memory before running gc(): 75717272
free memory after running gc(): 100389248
free memory before running gc(): 71592408
free memory after running gc(): 98304600
creating directory  ...
creating file /tmp/kermeta_build/src/plugins/fr.irisa.triskell.kermeta.io/test/kmt_testcases/output/testSCommentEmptyOp_kmt.kmt...
free memory before running gc(): 98304600
free memory after running gc(): 101043080
free memory before running gc(): 67638920
free memory after running gc(): 96832072
free memory before running gc(): 62248744
free memory after running gc(): 98255368
creating directory  ...
creating file /tmp/kermeta_build/src/plugins/fr.irisa.triskell.kermeta.io/test/kmt_testcases/output/testSCommentEndOfFile_kmt.kmt...
free memory before running gc(): 98255368
free memory after running gc(): 96055488
free memory before running gc(): 60672016
free memory after running gc(): 92436600
free memory before running gc(): 58939464
free memory after running gc(): 95445080
creating directory  ...
creating file /tmp/kermeta_build/src/plugins/fr.irisa.triskell.kermeta.io/test/kmt_testcases/output/testSCommentInline_kmt.kmt...
free memory before running gc(): 95445080
free memory after running gc(): 109533272
free memory before running gc(): 81946512
free memory after running gc(): 104478488
free memory before running gc(): 75874592
free memory after running gc(): 102550048
creating directory  ...
creating file /tmp/kermeta_build/src/plugins/fr.irisa.triskell.kermeta.io/test/kmt_testcases/output/testSCommentMany_kmt.kmt...
free memory before running gc(): 102550048
free memory after running gc(): 100546896
free memory before running gc(): 71670144
free memory after running gc(): 98456912
free memory before running gc(): 71496432
free memory after running gc(): 101443448
creating directory  ...
creating file /tmp/kermeta_build/src/plugins/fr.irisa.triskell.kermeta.io/test/kmt_testcases/output/testSCommentMiddleOfLoop_kmt.kmt...
free memory before running gc(): 101443448
free memory after running gc(): 115080736
free memory before running gc(): 94918712
free memory after running gc(): 109502816
free memory before running gc(): 88042400
free memory after running gc(): 110504592
creating directory  ...
creating file /tmp/kermeta_build/src/plugins/fr.irisa.triskell.kermeta.io/test/kmt_testcases/output/testSimpleAnnotations_kmt.kmt...
free memory before running gc(): 110504592
free memory after running gc(): 108845680
free memory before running gc(): 86452832
free memory after running gc(): 104781768
free memory before running gc(): 80169256
free memory after running gc(): 102569344
creating directory  ...
creating file /tmp/kermeta_build/src/plugins/fr.irisa.triskell.kermeta.io/test/kmt_testcases/output/testSimpleAnnotations2_kmt.kmt...
free memory before running gc(): 102569344
free memory after running gc(): 107035816
free memory before running gc(): 77417256
free memory after running gc(): 102374048
free memory before running gc(): 71573248
free memory after running gc(): 100293472
creating directory  ...
creating file /tmp/kermeta_build/src/plugins/fr.irisa.triskell.kermeta.io/test/kmt_testcases/output/testSimpleCond_kmt.kmt...
free memory before running gc(): 100293472
free memory after running gc(): 98236224
free memory before running gc(): 67614992
free memory after running gc(): 96275936
free memory before running gc(): 63935832
free memory after running gc(): 94372440
creating directory  ...
creating file /tmp/kermeta_build/src/plugins/fr.irisa.triskell.kermeta.io/test/kmt_testcases/output/testSimpleExpression_kmt.kmt...
free memory before running gc(): 94372440
free memory after running gc(): 97166544
free memory before running gc(): 59065920
free memory after running gc(): 93149824
free memory before running gc(): 57375680
free memory after running gc(): 109687856
creating directory  ...
creating file /tmp/kermeta_build/src/plugins/fr.irisa.triskell.kermeta.io/test/kmt_testcases/output/testSimpleLoop_kmt.kmt...
free memory before running gc(): 109687856
free memory after running gc(): 106701760
free memory before running gc(): 86240176
free memory after running gc(): 107896256
free memory before running gc(): 97158944
free memory after running gc(): 120606296
creating directory  ...
creating file /tmp/kermeta_build/src/plugins/fr.irisa.triskell.kermeta.io/test/kmt_testcases/output/testVariable_kmt.kmt...
free memory before running gc(): 120606296
free memory after running gc(): 122161688
free memory before running gc(): 111519480
free memory after running gc(): 120666584
creating directory test/kmtbodies_testcases/output ...
free memory before running gc(): 106077464
free memory after running gc(): 116316704
ERROR  loadAllImportedUnits, Unexpected load error
java.lang.NullPointerException
	at java.util.Hashtable.put(Hashtable.java:401)
	at fr.irisa.triskell.kermeta.loader.kmt.KMT2KMPass1.beginVisit(KMT2KMPass1.java:65)
	at fr.irisa.triskell.kermeta.ast.ImportStmt.acceptImpl(ImportStmt.java:102)
	at fr.irisa.triskell.kermeta.ast.KermetaASTNode.accept(KermetaASTNode.java:46)
	at fr.irisa.triskell.kermeta.ast.KermetaASTNode.visitChildren(KermetaASTNode.java:73)
	at fr.irisa.triskell.kermeta.ast.ImportStmts.acceptImpl(ImportStmts.java:66)
	at fr.irisa.triskell.kermeta.ast.KermetaASTNode.accept(KermetaASTNode.java:46)
	at fr.irisa.triskell.kermeta.ast.KermetaASTNode.visitChildren(KermetaASTNode.java:73)
	at fr.irisa.triskell.kermeta.ast.ScompUnit.acceptImpl(ScompUnit.java:114)
	at fr.irisa.triskell.kermeta.ast.KermetaASTNode.accept(KermetaASTNode.java:46)
	at fr.irisa.triskell.kermeta.loader.kmt.KMTUnit.loadImportedUnits(KMTUnit.java:151)
	at fr.irisa.triskell.kermeta.loader.KermetaUnit.loadAllImportedUnits(KermetaUnit.java:837)
	at fr.irisa.triskell.kermeta.loader.KermetaUnit.load(KermetaUnit.java:811)
	at kermeta_io.test.JunitTestSuite.testWithFile(JunitTestSuite.java:384)
	at kermeta_io.test.JunitTestSuite.testtestExtOperation(JunitTestSuite.java:367)
	at sun.reflect.NativeMethodAccessorImpl.invoke0(Native Method)
	at sun.reflect.NativeMethodAccessorImpl.invoke(NativeMethodAccessorImpl.java:39)
	at sun.reflect.DelegatingMethodAccessorImpl.invoke(DelegatingMethodAccessorImpl.java:25)
	at java.lang.reflect.Method.invoke(Method.java:585)
	at junit.framework.TestCase.runTest(TestCase.java:154)
	at junit.framework.TestCase.runBare(TestCase.java:127)
	at junit.framework.TestResult$1.protect(TestResult.java:106)
	at junit.framework.TestResult.runProtected(TestResult.java:124)
	at junit.framework.TestResult.run(TestResult.java:109)
	at junit.framework.TestCase.run(TestCase.java:118)
	at junit.framework.TestSuite.runTest(TestSuite.java:208)
	at junit.framework.TestSuite.run(TestSuite.java:203)
	at org.apache.tools.ant.taskdefs.optional.junit.JUnitTestRunner.run(JUnitTestRunner.java:325)
	at org.apache.tools.ant.taskdefs.optional.junit.JUnitTask.executeInVM(JUnitTask.java:848)
	at org.apache.tools.ant.taskdefs.optional.junit.JUnitTask.execute(JUnitTask.java:556)
	at org.apache.tools.ant.taskdefs.optional.junit.JUnitTask.execute(JUnitTask.java:532)
	at org.apache.tools.ant.Task.perform(Task.java:341)
	at org.apache.tools.ant.Target.execute(Target.java:309)
	at org.apache.tools.ant.Target.performTasks(Target.java:336)
	at org.apache.tools.ant.Project.executeTarget(Project.java:1339)
	at org.apache.tools.ant.Project.executeTargets(Project.java:1255)
	at org.apache.tools.ant.Main.runBuild(Main.java:609)
	at org.apache.tools.ant.Main.start(Main.java:196)
	at org.apache.tools.ant.Main.main(Main.java:235)
142237 [main] ERROR KermetaUnit  - Unexpected load error
java.lang.NullPointerException
	at java.util.Hashtable.put(Hashtable.java:401)
	at fr.irisa.triskell.kermeta.loader.kmt.KMT2KMPass1.beginVisit(KMT2KMPass1.java:65)
	at fr.irisa.triskell.kermeta.ast.ImportStmt.acceptImpl(ImportStmt.java:102)
	at fr.irisa.triskell.kermeta.ast.KermetaASTNode.accept(KermetaASTNode.java:46)
	at fr.irisa.triskell.kermeta.ast.KermetaASTNode.visitChildren(KermetaASTNode.java:73)
	at fr.irisa.triskell.kermeta.ast.ImportStmts.acceptImpl(ImportStmts.java:66)
	at fr.irisa.triskell.kermeta.ast.KermetaASTNode.accept(KermetaASTNode.java:46)
	at fr.irisa.triskell.kermeta.ast.KermetaASTNode.visitChildren(KermetaASTNode.java:73)
	at fr.irisa.triskell.kermeta.ast.ScompUnit.acceptImpl(ScompUnit.java:114)
	at fr.irisa.triskell.kermeta.ast.KermetaASTNode.accept(KermetaASTNode.java:46)
	at fr.irisa.triskell.kermeta.loader.kmt.KMTUnit.loadImportedUnits(KMTUnit.java:151)
	at fr.irisa.triskell.kermeta.loader.KermetaUnit.loadAllImportedUnits(KermetaUnit.java:837)
	at fr.irisa.triskell.kermeta.loader.KermetaUnit.load(KermetaUnit.java:811)
	at kermeta_io.test.JunitTestSuite.testWithFile(JunitTestSuite.java:384)
	at kermeta_io.test.JunitTestSuite.testtestExtOperation(JunitTestSuite.java:367)
	at sun.reflect.NativeMethodAccessorImpl.invoke0(Native Method)
	at sun.reflect.NativeMethodAccessorImpl.invoke(NativeMethodAccessorImpl.java:39)
	at sun.reflect.DelegatingMethodAccessorImpl.invoke(DelegatingMethodAccessorImpl.java:25)
	at java.lang.reflect.Method.invoke(Method.java:585)
	at junit.framework.TestCase.runTest(TestCase.java:154)
	at junit.framework.TestCase.runBare(TestCase.java:127)
	at junit.framework.TestResult$1.protect(TestResult.java:106)
	at junit.framework.TestResult.runProtected(TestResult.java:124)
	at junit.framework.TestResult.run(TestResult.java:109)
	at junit.framework.TestCase.run(TestCase.java:118)
	at junit.framework.TestSuite.runTest(TestSuite.java:208)
	at junit.framework.TestSuite.run(TestSuite.java:203)
	at org.apache.tools.ant.taskdefs.optional.junit.JUnitTestRunner.run(JUnitTestRunner.java:325)
	at org.apache.tools.ant.taskdefs.optional.junit.JUnitTask.executeInVM(JUnitTask.java:848)
	at org.apache.tools.ant.taskdefs.optional.junit.JUnitTask.execute(JUnitTask.java:556)
	at org.apache.tools.ant.taskdefs.optional.junit.JUnitTask.execute(JUnitTask.java:532)
	at org.apache.tools.ant.Task.perform(Task.java:341)
	at org.apache.tools.ant.Target.execute(Target.java:309)
	at org.apache.tools.ant.Target.performTasks(Target.java:336)
	at org.apache.tools.ant.Project.executeTarget(Project.java:1339)
	at org.apache.tools.ant.Project.executeTargets(Project.java:1255)
	at org.apache.tools.ant.Main.runBuild(Main.java:609)
	at org.apache.tools.ant.Main.start(Main.java:196)
	at org.apache.tools.ant.Main.main(Main.java:235)
]]></system-out>
  <system-err><![CDATA[java.lang.ClassCastException: com.ibm.eclipse.emfatic.core.ast.PackageDecl
	at fr.irisa.triskell.kermeta.loader.KermetaUnit.storeTrace(KermetaUnit.java:287)
	at fr.irisa.triskell.kermeta.loader.emfatic.ECore2KMPass2.beginVisit(ECore2KMPass2.java:48)
	at com.ibm.eclipse.emfatic.core.ast.PackageDecl.acceptImpl(PackageDecl.java:103)
	at com.ibm.eclipse.emfatic.core.ast.EmfaticASTNode.accept(EmfaticASTNode.java:47)
	at com.ibm.eclipse.emfatic.core.ast.EmfaticASTNode.visitChildren(EmfaticASTNode.java:74)
	at com.ibm.eclipse.emfatic.core.ast.CompUnit.acceptImpl(CompUnit.java:89)
	at com.ibm.eclipse.emfatic.core.ast.EmfaticASTNode.accept(EmfaticASTNode.java:47)
	at fr.irisa.triskell.kermeta.loader.emfatic.EmfaticUnit.loadTypeDefinitions(EmfaticUnit.java:92)
	at fr.irisa.triskell.kermeta.loader.KermetaUnit.loadAllTypeDefinitions(KermetaUnit.java:864)
	at fr.irisa.triskell.kermeta.loader.KermetaUnit.load(KermetaUnit.java:812)
	at kermeta_io.test.JunitTestSuite.testWithFile(JunitTestSuite.java:384)
	at kermeta_io.test.JunitTestSuite.testemof(JunitTestSuite.java:79)
	at sun.reflect.NativeMethodAccessorImpl.invoke0(Native Method)
	at sun.reflect.NativeMethodAccessorImpl.invoke(NativeMethodAccessorImpl.java:39)
	at sun.reflect.DelegatingMethodAccessorImpl.invoke(DelegatingMethodAccessorImpl.java:25)
	at java.lang.reflect.Method.invoke(Method.java:585)
	at junit.framework.TestCase.runTest(TestCase.java:154)
	at junit.framework.TestCase.runBare(TestCase.java:127)
	at junit.framework.TestResult$1.protect(TestResult.java:106)
	at junit.framework.TestResult.runProtected(TestResult.java:124)
	at junit.framework.TestResult.run(TestResult.java:109)
	at junit.framework.TestCase.run(TestCase.java:118)
	at junit.framework.TestSuite.runTest(TestSuite.java:208)
	at junit.framework.TestSuite.run(TestSuite.java:203)
	at org.apache.tools.ant.taskdefs.optional.junit.JUnitTestRunner.run(JUnitTestRunner.java:325)
	at org.apache.tools.ant.taskdefs.optional.junit.JUnitTask.executeInVM(JUnitTask.java:848)
	at org.apache.tools.ant.taskdefs.optional.junit.JUnitTask.execute(JUnitTask.java:556)
	at org.apache.tools.ant.taskdefs.optional.junit.JUnitTask.execute(JUnitTask.java:532)
	at org.apache.tools.ant.Task.perform(Task.java:341)
	at org.apache.tools.ant.Target.execute(Target.java:309)
	at org.apache.tools.ant.Target.performTasks(Target.java:336)
	at org.apache.tools.ant.Project.executeTarget(Project.java:1339)
	at org.apache.tools.ant.Project.executeTargets(Project.java:1255)
	at org.apache.tools.ant.Main.runBuild(Main.java:609)
	at org.apache.tools.ant.Main.start(Main.java:196)
	at org.apache.tools.ant.Main.main(Main.java:235)
java.lang.ClassCastException: com.ibm.eclipse.emfatic.core.ast.PackageDecl
	at fr.irisa.triskell.kermeta.loader.KermetaUnit.storeTrace(KermetaUnit.java:287)
	at fr.irisa.triskell.kermeta.loader.emfatic.ECore2KMPass2.beginVisit(ECore2KMPass2.java:48)
	at com.ibm.eclipse.emfatic.core.ast.PackageDecl.acceptImpl(PackageDecl.java:103)
	at com.ibm.eclipse.emfatic.core.ast.EmfaticASTNode.accept(EmfaticASTNode.java:47)
	at com.ibm.eclipse.emfatic.core.ast.EmfaticASTNode.visitChildren(EmfaticASTNode.java:74)
	at com.ibm.eclipse.emfatic.core.ast.CompUnit.acceptImpl(CompUnit.java:89)
	at com.ibm.eclipse.emfatic.core.ast.EmfaticASTNode.accept(EmfaticASTNode.java:47)
	at fr.irisa.triskell.kermeta.loader.emfatic.EmfaticUnit.loadTypeDefinitions(EmfaticUnit.java:92)
	at fr.irisa.triskell.kermeta.loader.KermetaUnit.loadAllTypeDefinitions(KermetaUnit.java:864)
	at fr.irisa.triskell.kermeta.loader.KermetaUnit.load(KermetaUnit.java:812)
	at kermeta_io.test.JunitTestSuite.testWithFile(JunitTestSuite.java:384)
	at kermeta_io.test.JunitTestSuite.testmetacore(JunitTestSuite.java:83)
	at sun.reflect.NativeMethodAccessorImpl.invoke0(Native Method)
	at sun.reflect.NativeMethodAccessorImpl.invoke(NativeMethodAccessorImpl.java:39)
	at sun.reflect.DelegatingMethodAccessorImpl.invoke(DelegatingMethodAccessorImpl.java:25)
	at java.lang.reflect.Method.invoke(Method.java:585)
	at junit.framework.TestCase.runTest(TestCase.java:154)
	at junit.framework.TestCase.runBare(TestCase.java:127)
	at junit.framework.TestResult$1.protect(TestResult.java:106)
	at junit.framework.TestResult.runProtected(TestResult.java:124)
	at junit.framework.TestResult.run(TestResult.java:109)
	at junit.framework.TestCase.run(TestCase.java:118)
	at junit.framework.TestSuite.runTest(TestSuite.java:208)
	at junit.framework.TestSuite.run(TestSuite.java:203)
	at org.apache.tools.ant.taskdefs.optional.junit.JUnitTestRunner.run(JUnitTestRunner.java:325)
	at org.apache.tools.ant.taskdefs.optional.junit.JUnitTask.executeInVM(JUnitTask.java:848)
	at org.apache.tools.ant.taskdefs.optional.junit.JUnitTask.execute(JUnitTask.java:556)
	at org.apache.tools.ant.taskdefs.optional.junit.JUnitTask.execute(JUnitTask.java:532)
	at org.apache.tools.ant.Task.perform(Task.java:341)
	at org.apache.tools.ant.Target.execute(Target.java:309)
	at org.apache.tools.ant.Target.performTasks(Target.java:336)
	at org.apache.tools.ant.Project.executeTarget(Project.java:1339)
	at org.apache.tools.ant.Project.executeTargets(Project.java:1255)
	at org.apache.tools.ant.Main.runBuild(Main.java:609)
	at org.apache.tools.ant.Main.start(Main.java:196)
	at org.apache.tools.ant.Main.main(Main.java:235)
java.lang.NullPointerException
	at java.util.Hashtable.put(Hashtable.java:401)
	at fr.irisa.triskell.kermeta.loader.kmt.KMT2KMPass1.beginVisit(KMT2KMPass1.java:65)
	at fr.irisa.triskell.kermeta.ast.ImportStmt.acceptImpl(ImportStmt.java:102)
	at fr.irisa.triskell.kermeta.ast.KermetaASTNode.accept(KermetaASTNode.java:46)
	at fr.irisa.triskell.kermeta.ast.KermetaASTNode.visitChildren(KermetaASTNode.java:73)
	at fr.irisa.triskell.kermeta.ast.ImportStmts.acceptImpl(ImportStmts.java:66)
	at fr.irisa.triskell.kermeta.ast.KermetaASTNode.accept(KermetaASTNode.java:46)
	at fr.irisa.triskell.kermeta.ast.KermetaASTNode.visitChildren(KermetaASTNode.java:73)
	at fr.irisa.triskell.kermeta.ast.ScompUnit.acceptImpl(ScompUnit.java:114)
	at fr.irisa.triskell.kermeta.ast.KermetaASTNode.accept(KermetaASTNode.java:46)
	at fr.irisa.triskell.kermeta.loader.kmt.KMTUnit.loadImportedUnits(KMTUnit.java:151)
	at fr.irisa.triskell.kermeta.loader.KermetaUnit.loadAllImportedUnits(KermetaUnit.java:837)
	at fr.irisa.triskell.kermeta.loader.KermetaUnit.load(KermetaUnit.java:811)
	at kermeta_io.test.JunitTestSuite.testWithFile(JunitTestSuite.java:384)
	at kermeta_io.test.JunitTestSuite.testtestExtOperation(JunitTestSuite.java:367)
	at sun.reflect.NativeMethodAccessorImpl.invoke0(Native Method)
	at sun.reflect.NativeMethodAccessorImpl.invoke(NativeMethodAccessorImpl.java:39)
	at sun.reflect.DelegatingMethodAccessorImpl.invoke(DelegatingMethodAccessorImpl.java:25)
	at java.lang.reflect.Method.invoke(Method.java:585)
	at junit.framework.TestCase.runTest(TestCase.java:154)
	at junit.framework.TestCase.runBare(TestCase.java:127)
	at junit.framework.TestResult$1.protect(TestResult.java:106)
	at junit.framework.TestResult.runProtected(TestResult.java:124)
	at junit.framework.TestResult.run(TestResult.java:109)
	at junit.framework.TestCase.run(TestCase.java:118)
	at junit.framework.TestSuite.runTest(TestSuite.java:208)
	at junit.framework.TestSuite.run(TestSuite.java:203)
	at org.apache.tools.ant.taskdefs.optional.junit.JUnitTestRunner.run(JUnitTestRunner.java:325)
	at org.apache.tools.ant.taskdefs.optional.junit.JUnitTask.executeInVM(JUnitTask.java:848)
	at org.apache.tools.ant.taskdefs.optional.junit.JUnitTask.execute(JUnitTask.java:556)
	at org.apache.tools.ant.taskdefs.optional.junit.JUnitTask.execute(JUnitTask.java:532)
	at org.apache.tools.ant.Task.perform(Task.java:341)
	at org.apache.tools.ant.Target.execute(Target.java:309)
	at org.apache.tools.ant.Target.performTasks(Target.java:336)
	at org.apache.tools.ant.Project.executeTarget(Project.java:1339)
	at org.apache.tools.ant.Project.executeTargets(Project.java:1255)
	at org.apache.tools.ant.Main.runBuild(Main.java:609)
	at org.apache.tools.ant.Main.start(Main.java:196)
	at org.apache.tools.ant.Main.main(Main.java:235)
]]></system-err>
</testsuite>
