<?xml version="1.0" encoding="UTF-8" ?>
<testsuite errors="9" failures="6" name="kermeta_interpreter.test.JunitTestSuite" tests="377" time="14.724">
  <properties>
    <property name="java.vendor" value="Sun Microsystems Inc."></property>
    <property name="kermeta.io.jar" value="/tmp/kermeta_build/src/plugins/fr.irisa.triskell.kermeta.io/@dot"></property>
    <property name="sun.java.launcher" value="SUN_STANDARD"></property>
    <property name="sun.management.compiler" value="HotSpot Server Compiler"></property>
    <property name="osgi.jar" value="/local/daily_build/eclipse3.2_with_topcased/eclipse/plugins/org.eclipse.osgi_3.2.1.R32x_v20060919.jar"></property>
    <property name="os.name" value="Linux"></property>
    <property name="sun.boot.class.path" value="/soft/jdk_hd/Linux/jdk1.5.0_11/jre/lib/rt.jar:/soft/jdk_hd/Linux/jdk1.5.0_11/jre/lib/i18n.jar:/soft/jdk_hd/Linux/jdk1.5.0_11/jre/lib/sunrsasign.jar:/soft/jdk_hd/Linux/jdk1.5.0_11/jre/lib/jsse.jar:/soft/jdk_hd/Linux/jdk1.5.0_11/jre/lib/jce.jar:/soft/jdk_hd/Linux/jdk1.5.0_11/jre/lib/charsets.jar:/soft/jdk_hd/Linux/jdk1.5.0_11/jre/classes"></property>
    <property name="triskell.eclipse.util.jar" value="/tmp/kermeta_build/src/plugins/fr.irisa.triskell.eclipse.util/@dot"></property>
    <property name="java.vm.specification.vendor" value="Sun Microsystems Inc."></property>
    <property name="ant.home" value="/udd/triskell/bin/multiplatform/apache-ant-1.5.4"></property>
    <property name="java.runtime.version" value="1.5.0_11-b03"></property>
    <property name="equinox.common.jar" value="/local/daily_build/eclipse3.2_with_topcased/eclipse/plugins/org.eclipse.equinox.common_3.2.0.v20060603.jar"></property>
    <property name="cobertura.dir" value="/udd/triskell/bin/multiplatform/cobertura-1.7/"></property>
    <property name="user.name" value="dvojtise"></property>
    <property name="core.runtime.jar" value="/local/daily_build/eclipse3.2_with_topcased/eclipse/plugins/org.eclipse.core.runtime_3.2.0.v20060603.jar"></property>
    <property name="user.language" value="en"></property>
    <property name="core.jobs.jar" value="/local/daily_build/eclipse3.2_with_topcased/eclipse/plugins/org.eclipse.core.jobs_3.2.0.v20060603.jar"></property>
    <property name="sun.boot.library.path" value="/soft/jdk_hd/Linux/jdk1.5.0_11/jre/lib/i386"></property>
    <property name="ant.project.name" value="run interpreter tests"></property>
    <property name="java.version" value="1.5.0_11"></property>
    <property name="build.bin" value="/tmp/kermeta_build/src/plugins/fr.irisa.triskell.kermeta.interpreter/build/class"></property>
    <property name="coverage.html.dir" value="/tmp/kermeta_build/unittestreports/coverage/html"></property>
    <property name="user.timezone" value="Europe/Paris"></property>
    <property name="sun.arch.data.model" value="32"></property>
    <property name="java.endorsed.dirs" value="/soft/jdk_hd/Linux/jdk1.5.0_11/jre/lib/endorsed"></property>
    <property name="sun.cpu.isalist" value=""></property>
    <property name="emf.validation.jar" value="/local/daily_build/eclipse3.2_with_topcased/eclipse/plugins/org.eclipse.emf.validation_1.0.1.v200609250852.jar"></property>
    <property name="sun.jnu.encoding" value="ISO-8859-15"></property>
    <property name="file.encoding.pkg" value="sun.io"></property>
    <property name="file.separator" value="/"></property>
    <property name="java.specification.name" value="Java Platform API Specification"></property>
    <property name="java.class.version" value="49.0"></property>
    <property name="src" value="/tmp/kermeta_build/src/plugins/fr.irisa.triskell.kermeta.interpreter/src/java"></property>
    <property name="user.country" value="US"></property>
    <property name="ldt-core.jar" value="/tmp/kermeta_build/src/plugins/fr.irisa.triskell.kermeta/lib/thirdparty/ldt-core.jar"></property>
    <property name="java.home" value="/soft/jdk_hd/Linux/jdk1.5.0_11/jre"></property>
    <property name="java.vm.info" value="mixed mode"></property>
    <property name="ant.file" value="/tmp/kermeta_build/src/plugins/fr.irisa.triskell.kermeta.interpreter/test/junit/test_build.xml"></property>
    <property name="os.version" value="2.6.19-1.2911.6.4.fc6"></property>
    <property name="path.separator" value=":"></property>
    <property name="eclipse.home" value="/local/daily_build/eclipse3.2_with_topcased/eclipse"></property>
    <property name="java.vm.version" value="1.5.0_11-b03"></property>
    <property name="report.dir" value="/tmp/kermeta_build/unittestreports"></property>
    <property name="emf.ecore.jar" value="/local/daily_build/eclipse3.2_with_topcased/eclipse/plugins/org.eclipse.emf.ecore_2.2.1.v200609210005.jar"></property>
    <property name="java.awt.printerjob" value="sun.print.PSPrinterJob"></property>
    <property name="sun.io.unicode.encoding" value="UnicodeLittle"></property>
    <property name="kermeta.model.jar" value="/tmp/kermeta_build/src/plugins/fr.irisa.triskell.kermeta.model/@dot"></property>
    <property name="kermeta.interpreter.jar" value="/tmp/kermeta_build/src/plugins/fr.irisa.triskell.kermeta/lib/interpreter_kermeta.jar"></property>
    <property name="coverage.dir" value="/tmp/kermeta_build/unittestreports/coverage"></property>
    <property name="user.home" value="/udd/dvojtise"></property>
    <property name="java.specification.vendor" value="Sun Microsystems Inc."></property>
    <property name="coverage.xml.dir" value="/tmp/kermeta_build/unittestreports/coverage/xml"></property>
    <property name="java.library.path" value="/soft/jdk_hd/Linux/jdk1.5.0_11/jre/lib/i386/server:/soft/jdk_hd/Linux/jdk1.5.0_11/jre/lib/i386:/soft/jdk_hd/Linux/jdk1.5.0_11/jre/../lib/i386"></property>
    <property name="java.vendor.url" value="http://java.sun.com/"></property>
    <property name="java.vm.vendor" value="Sun Microsystems Inc."></property>
    <property name="cobertura.lib.dir" value="/udd/triskell/bin/multiplatform/cobertura-1.7/lib"></property>
    <property name="java.runtime.name" value="Java(TM) 2 Runtime Environment, Standard Edition"></property>
    <property name="java.class.path" value="/udd/triskell/bin/multiplatform/apache-ant-1.5.4/lib/xml-apis.jar:/udd/triskell/bin/multiplatform/apache-ant-1.5.4/lib/xercesImpl.jar:/udd/triskell/bin/multiplatform/apache-ant-1.5.4/lib/xalan.jar:/udd/triskell/bin/multiplatform/apache-ant-1.5.4/lib/optional.jar:/udd/triskell/bin/multiplatform/apache-ant-1.5.4/lib/junit.jar:/udd/triskell/bin/multiplatform/apache-ant-1.5.4/lib/ant.jar:/udd/triskell/bin/multiplatform/apache-ant-1.5.4/lib/junit.jar:/udd/triskell/bin/multiplatform/apache-ant-1.5.4/lib/optional.jar:/soft/jdk_hd/Linux/jdk1.5.0_11/lib/tools.jar"></property>
    <property name="ant.version" value="Apache Ant version 1.5.4 compiled on August 12 2003"></property>
    <property name="traceability.jar" value="/tmp/kermeta_build/src/plugins/fr.irisa.triskell.traceability.model/@dot"></property>
    <property name="core.resources.jar" value="/local/daily_build/eclipse3.2_with_topcased/eclipse/plugins/org.eclipse.core.resources_3.2.1.R32x_v20060914.jar"></property>
    <property name="emf.common.jar" value="/local/daily_build/eclipse3.2_with_topcased/eclipse/plugins/org.eclipse.emf.common_2.2.1.v200609210005.jar"></property>
    <property name="java.vm.specification.name" value="Java Virtual Machine Specification"></property>
    <property name="java.vm.specification.version" value="1.0"></property>
    <property name="sun.cpu.endian" value="little"></property>
    <property name="sun.os.patch.level" value="unknown"></property>
    <property name="log4j.jar" value="/tmp/kermeta_build/src/plugins/fr.irisa.triskell.kermeta/lib/thirdparty/log4j.jar"></property>
    <property name="java.io.tmpdir" value="/tmp"></property>
    <property name="test.src" value="/tmp/kermeta_build/src/plugins/fr.irisa.triskell.kermeta.interpreter/test/junit"></property>
    <property name="java.vendor.url.bug" value="http://java.sun.com/cgi-bin/bugreport.cgi"></property>
    <property name="emf.ecore.xmi.jar" value="/local/daily_build/eclipse3.2_with_topcased/eclipse/plugins/org.eclipse.emf.ecore.xmi_2.2.1.v200609210005.jar"></property>
    <property name="instrumented.dir" value="/tmp/kermeta_build/src/plugins/fr.irisa.triskell.kermeta.interpreter/test/junit/instrumented"></property>
    <property name="java.awt.graphicsenv" value="sun.awt.X11GraphicsEnvironment"></property>
    <property name="os.arch" value="i386"></property>
    <property name="java.ext.dirs" value="/soft/jdk_hd/Linux/jdk1.5.0_11/jre/lib/ext"></property>
    <property name="user.dir" value="/tmp/kermeta_build/src/plugins/fr.irisa.triskell.kermeta.interpreter"></property>
    <property name="equinox.registry.jar" value="/local/daily_build/eclipse3.2_with_topcased/eclipse/plugins/org.eclipse.equinox.registry_3.2.1.R32x_v20060814.jar"></property>
    <property name="line.separator" value="
"></property>
    <property name="java.vm.name" value="Java HotSpot(TM) Server VM"></property>
    <property name="kermeta.interpreter.class" value="/tmp/kermeta_build/src/plugins/fr.irisa.triskell.kermeta.interpreter/build/class"></property>
    <property name="basedir" value="/tmp/kermeta_build/src/plugins/fr.irisa.triskell.kermeta.interpreter/test/junit"></property>
    <property name="ant.java.version" value="1.4"></property>
    <property name="file.encoding" value="ISO-8859-15"></property>
    <property name="antlr.jar" value="/tmp/kermeta_build/src/plugins/fr.irisa.triskell.kermeta.io/lib/thirdparty/antlr.jar"></property>
    <property name="java.specification.version" value="1.5"></property>
  </properties>
  <testcase name="testAssignment::Test_assignment.testoperation1" time="0.853"></testcase>
  <testcase name="testAssignment::Test_assignment.test1" time="1.177"></testcase>
  <testcase name="testAssignment::Test_assignment.test2" time="0.02"></testcase>
  <testcase name="testAssignment::Test_assignment.test3" time="0.025"></testcase>
  <testcase name="testAssignment::Test_assignment.testCast1" time="0.149"></testcase>
  <testcase name="testAssignment::Test_assignment.testCast2" time="0.65"></testcase>
  <testcase name="testArithm::Test_arithm.testOp10" time="0.184"></testcase>
  <testcase name="testArithm::Test_arithm.testOp18" time="0.012"></testcase>
  <testcase name="testArithm::Test_arithm.testOp1_8" time="0.492"></testcase>
  <testcase name="testArithm::Test_arithm.testOp20" time="0.012"></testcase>
  <testcase name="testArithm::Test_arithm.testOp28" time="0.0090"></testcase>
  <testcase name="testArithm::Test_arithm.testOp2_8" time="0.11"></testcase>
  <testcase name="testArithm::Test_arithm.testOp30" time="0.013"></testcase>
  <testcase name="testArithm::Test_arithm.testOp38" time="0.012"></testcase>
  <testcase name="testArithm::Test_arithm.testOp3_8" time="0.014"></testcase>
  <testcase name="testArithm::Test_arithm.testCompareToNumeric" time="0.013"></testcase>
  <testcase name="testArithm::Test_arithm.testop1" time="0.016"></testcase>
  <testcase name="testArithm::Test_arithm.testop2" time="0.017"></testcase>
  <testcase name="testArithm::Test_arithm.testop3" time="0.217"></testcase>
  <testcase name="testArithm::Test_arithm.testop4" time="0.018"></testcase>
  <testcase name="testArithm::Test_arithm.testoperationpplus" time="0.012"></testcase>
  <testcase name="testArithm::Test_arithm.testoperationpplusbis" time="0.012"></testcase>
  <testcase name="testArithm::Test_arithm.testoperationpminus" time="0.012"></testcase>
  <testcase name="testArithm::Test_arithm.testoperationpminusbis" time="0.012"></testcase>
  <testcase name="testArithm::Test_arithm.testoperationpdivtimes" time="0.013"></testcase>
  <testcase name="testArithm::Test_arithm.testoperationpdivtimesbis" time="0.013"></testcase>
  <testcase name="testArithm::Test_arithm.testoperation_ptm" time="0.115"></testcase>
  <testcase name="testOpCall::Test_opcall.operation1" time="0.011"></testcase>
  <testcase name="testOpOpCall::Test_opopcall.operation1" time="0.01"></testcase>
  <testcase name="testOpPkgCall::Test_opcall.operation1" time="0.011"></testcase>
  <testcase name="testOpPkgCall::Test_opcall1.operation1" time="0.011"></testcase>
  <testcase name="testOpPackage::Test_opcall.operation1" time="0.011"></testcase>
  <testcase name="testOpInternPkgCall::test_package1::Test_operation_pkg1.operation_pkg1" time="0.011"></testcase>
  <testcase name="testOpCallObject::MyObjectCreation.testcreateMyObject" time="0.135"></testcase>
  <testcase name="testLoop::TestLoop.testLoop1" time="0.015"></testcase>
  <testcase name="testBenchmark::Test_benchmark.testBenchmark" time="2.524"></testcase>
  <testcase name="testString::TestString.testfailCompareTo" time="0.011"></testcase>
  <testcase name="testString::TestString.testCompareTo" time="0.0090"></testcase>
  <testcase name="testString::TestString.testplus" time="0.0070"></testcase>
  <testcase name="testString::TestString.testplus_literal" time="0.0070"></testcase>
  <testcase name="testString::TestString.testfailop_equals" time="0.0070"></testcase>
  <testcase name="testString::TestString.testop_equals" time="0.0060"></testcase>
  <testcase name="testString::TestString.testWrite" time="0.0060"></testcase>
  <testcase name="testString::TestString.testappend" time="0.0070"></testcase>
  <testcase name="testString::TestString.testelementAt" time="0.01"></testcase>
  <testcase name="testString::TestString.testindexOf" time="0.058"></testcase>
  <testcase name="testString::TestString.testsubString" time="0.01"></testcase>
  <testcase name="testString::TestString.testsize" time="0.014"></testcase>
  <testcase name="testString::TestString.testIntegerToStr" time="0.0070"></testcase>
  <testcase name="testString::TestString.testIntegerToStr2" time="0.0080"></testcase>
  <testcase name="testString::TestString.testIntegerToStr3" time="0.0080"></testcase>
  <testcase name="testString::TestString.testBackslashes" time="0.019"></testcase>
  <testcase name="testExternJavaCall::Test_ExternJavaCall.test1" time="0.0080"></testcase>
  <testcase name="testExternJavaCall::Test_ExternJavaCall.testReturn1" time="0.0070"></testcase>
  <testcase name="testExternJavaCall::Test_ExternJavaCall.testReturn2" time="0.0080"></testcase>
  <testcase name="testExternJavaCall::Test_ExternJavaCall.testReturn3" time="0.0080"></testcase>
  <testcase name="testExternJavaCall::Test_ExternJavaCall.testOneParam1" time="0.0070"></testcase>
  <testcase name="testExternJavaCall::Test_ExternJavaCall.test2IntegersParams" time="0.011"></testcase>
  <testcase name="testExternJavaCall::Test_ExternJavaCall.test3IntegersParams" time="0.01"></testcase>
  <testcase name="testExternJavaCall::Test_ExternJavaCall.test3SameIntegersParams" time="0.0090"></testcase>
  <testcase name="testExternJavaCall::Test_ExternJavaCall.test3Integers2Strings1BooleanParams" time="0.012"></testcase>
  <testcase name="testExternJavaCall::Test_ExternJavaCall.testOneVarParam1" time="0.0080"></testcase>
  <testcase name="testExternJavaCall::Test_ExternJavaCall.testOneParamParam1" time="0.0080"></testcase>
  <testcase name="testAttributes::MyObjectsCreation.testcreateMyObjects" time="0.0090"></testcase>
  <testcase name="testPackageTestParametricClass::TestParametricClass.test1" time="0.0070"></testcase>
  <testcase name="testPackageTestParametricClass::TestParametricClass.test2" time="0.0070"></testcase>
  <testcase name="testPackageTestParametricClass::TestParametricClass.test3" time="0.033">
    <error message="Error in visitor:    (when visiting parent
    &apos;fr.irisa.triskell.kermeta.language.behavior.impl.CallFeatureImpl&apos;" type="java.lang.Error">java.lang.Error: Error in visitor:    (when visiting parent
    &apos;fr.irisa.triskell.kermeta.language.behavior.impl.CallFeatureImpl&apos;
	at fr.irisa.triskell.kermeta.visitor.KermetaOptimizedVisitor.accept(KermetaOptimizedVisitor.java:141)
	at fr.irisa.triskell.kermeta.interpreter.ExpressionInterpreter.getterDerivedProperty(ExpressionInterpreter.java:773)
	at fr.irisa.triskell.kermeta.interpreter.ExpressionInterpreter.visitCallFeature(ExpressionInterpreter.java:928)
	at fr.irisa.triskell.kermeta.visitor.CallFeatureAcceptCommand.accept(KermetaOptimizedVisitor.java:372)
	at fr.irisa.triskell.kermeta.visitor.KermetaOptimizedVisitor.accept(KermetaOptimizedVisitor.java:156)
	at fr.irisa.triskell.kermeta.interpreter.ExpressionInterpreter.visitList(ExpressionInterpreter.java:1423)
	at fr.irisa.triskell.kermeta.interpreter.ExpressionInterpreter.visitCallFeature(ExpressionInterpreter.java:866)
	at fr.irisa.triskell.kermeta.visitor.CallFeatureAcceptCommand.accept(KermetaOptimizedVisitor.java:372)
	at fr.irisa.triskell.kermeta.visitor.KermetaOptimizedVisitor.accept(KermetaOptimizedVisitor.java:156)
	at fr.irisa.triskell.kermeta.interpreter.ExpressionInterpreter.visitList(ExpressionInterpreter.java:1423)
	at fr.irisa.triskell.kermeta.interpreter.ExpressionInterpreter.visitCallFeature(ExpressionInterpreter.java:866)
	at fr.irisa.triskell.kermeta.visitor.CallFeatureAcceptCommand.accept(KermetaOptimizedVisitor.java:372)
	at fr.irisa.triskell.kermeta.visitor.KermetaOptimizedVisitor.accept(KermetaOptimizedVisitor.java:156)
	at fr.irisa.triskell.kermeta.interpreter.ExpressionInterpreter.visitStatementList(ExpressionInterpreter.java:1442)
	at fr.irisa.triskell.kermeta.interpreter.ExpressionInterpreter.visitBlock(ExpressionInterpreter.java:569)
	at fr.irisa.triskell.kermeta.visitor.BlockAcceptCommand.accept(KermetaOptimizedVisitor.java:360)
	at fr.irisa.triskell.kermeta.visitor.KermetaOptimizedVisitor.accept(KermetaOptimizedVisitor.java:156)
	at fr.irisa.triskell.kermeta.interpreter.ExpressionInterpreter.visitOperation(ExpressionInterpreter.java:745)
	at fr.irisa.triskell.kermeta.visitor.OperationAcceptCommand.accept(KermetaOptimizedVisitor.java:516)
	at fr.irisa.triskell.kermeta.visitor.KermetaOptimizedVisitor.accept(KermetaOptimizedVisitor.java:156)
	at fr.irisa.triskell.kermeta.interpreter.ExpressionInterpreter.invoke(ExpressionInterpreter.java:144)
	at fr.irisa.triskell.kermeta.launcher.KermetaInterpreter.launch(KermetaInterpreter.java:266)
	at fr.irisa.triskell.kermeta.launcher.RunTestCase.runTest(RunTestCase.java:109)
</error>
  </testcase>
  <testcase name="testPackageTestParametricClass::TestParametricClass.test_main_operation" time="0.014"></testcase>
  <testcase name="testPackageTestParametricClass::TestParametricClass.test_callNewOnTypeParameter" time="0.0080"></testcase>
  <testcase name="testPackageTestParametricClass::TestParametricClass.test_callCloneOnTypeParameter" time="0.115">
    <failure message="fr.irisa.triskell.kermeta.interpreter.KermetaRaisedException: kermeta exception : [kermeta::kunit::AssertionFailedError : 56552]
assert number 1 failed
Trace: 
      [testPackageTestParametricClass::TestParametricClass : 56526].fail
    file &apos;file:/tmp/kermeta_build/src/plugins/fr.irisa.triskell.kermeta.interpreter/test/kmt_testcases/016_testParametricClasses.main.kmt&apos;, line -2, in &apos;[testPackageTestParametricClass::TestParametricClass : 56526].assert&apos; ( assert(&quot;bla&quot;.equals(s2)) )
    file &apos;file:/tmp/kermeta_build/src/plugins/fr.irisa.triskell.kermeta.interpreter/test/kmt_testcases/016_testParametricClasses.main.kmt&apos;, line -2, in &apos;[testPackageTestParametricClass::TestParametricClass : 56526].test_callCloneOnTypeParameter&apos; ( /** Clone an instance of a type variable */ (...) )
------------END OF STACK TRACE------------
" type="junit.framework.AssertionFailedError">junit.framework.AssertionFailedError: fr.irisa.triskell.kermeta.interpreter.KermetaRaisedException: kermeta exception : [kermeta::kunit::AssertionFailedError : 56552]
assert number 1 failed
Trace: 
      [testPackageTestParametricClass::TestParametricClass : 56526].fail
    file &apos;file:/tmp/kermeta_build/src/plugins/fr.irisa.triskell.kermeta.interpreter/test/kmt_testcases/016_testParametricClasses.main.kmt&apos;, line -2, in &apos;[testPackageTestParametricClass::TestParametricClass : 56526].assert&apos; ( assert(&quot;bla&quot;.equals(s2)) )
    file &apos;file:/tmp/kermeta_build/src/plugins/fr.irisa.triskell.kermeta.interpreter/test/kmt_testcases/016_testParametricClasses.main.kmt&apos;, line -2, in &apos;[testPackageTestParametricClass::TestParametricClass : 56526].test_callCloneOnTypeParameter&apos; ( /** Clone an instance of a type variable */ (...) )
------------END OF STACK TRACE------------

	at fr.irisa.triskell.kermeta.launcher.RunTestCase.runTest(RunTestCase.java:117)
</failure>
  </testcase>
  <testcase name="testPackageTestSuperFeatures::TestSuperFeatures.testMain_operation" time="0.02"></testcase>
  <testcase name="testPackageTestExceptions::TestExceptions.testmain_operation" time="0.143"></testcase>
  <testcase name="testPackageTestReflection::TestReflection.testMetaClass" time="0.0070"></testcase>
  <testcase name="testPackageTestReflection::TestReflection.testMetaClass2" time="0.011">
    <error message="kermeta exception : [kermeta::exceptions::CallOnVoidTarget : 59230]" type="fr.irisa.triskell.kermeta.interpreter.KermetaRaisedException">fr.irisa.triskell.kermeta.interpreter.KermetaRaisedException: kermeta exception : [kermeta::exceptions::CallOnVoidTarget : 59230]
Trace: 
    file &apos;file:/tmp/kermeta_build/src/plugins/fr.irisa.triskell.kermeta.interpreter/test/kmt_testcases/019_ReflectionTest.main.kmt&apos;, line -2 ( kermeta::standard::String.getMetaClass.typeDefinition.name )
    file &apos;file:/tmp/kermeta_build/src/plugins/fr.irisa.triskell.kermeta.interpreter/test/kmt_testcases/019_ReflectionTest.main.kmt&apos;, line -2, in &apos;[testPackageTestReflection::TestReflection : 59212].testMetaClass2&apos; ( operation testMetaClass2() : kermeta::standard::~Void is (...) )
------------END OF STACK TRACE------------

	at fr.irisa.triskell.kermeta.interpreter.KermetaRaisedException.createKermetaException(KermetaRaisedException.java:230)
	at fr.irisa.triskell.kermeta.interpreter.KermetaRaisedException.createKermetaException(KermetaRaisedException.java:252)
	at fr.irisa.triskell.kermeta.interpreter.ExpressionInterpreter.raiseCallOnVoidTargetException(ExpressionInterpreter.java:1487)
	at fr.irisa.triskell.kermeta.interpreter.ExpressionInterpreter.visitCallFeature(ExpressionInterpreter.java:894)
	at fr.irisa.triskell.kermeta.visitor.CallFeatureAcceptCommand.accept(KermetaOptimizedVisitor.java:372)
	at fr.irisa.triskell.kermeta.visitor.KermetaOptimizedVisitor.accept(KermetaOptimizedVisitor.java:156)
	at fr.irisa.triskell.kermeta.interpreter.ExpressionInterpreter.visitCallFeature(ExpressionInterpreter.java:806)
	at fr.irisa.triskell.kermeta.visitor.CallFeatureAcceptCommand.accept(KermetaOptimizedVisitor.java:372)
	at fr.irisa.triskell.kermeta.visitor.KermetaOptimizedVisitor.accept(KermetaOptimizedVisitor.java:156)
	at fr.irisa.triskell.kermeta.interpreter.ExpressionInterpreter.visitList(ExpressionInterpreter.java:1423)
	at fr.irisa.triskell.kermeta.interpreter.ExpressionInterpreter.visitCallFeature(ExpressionInterpreter.java:866)
	at fr.irisa.triskell.kermeta.visitor.CallFeatureAcceptCommand.accept(KermetaOptimizedVisitor.java:372)
	at fr.irisa.triskell.kermeta.visitor.KermetaOptimizedVisitor.accept(KermetaOptimizedVisitor.java:156)
	at fr.irisa.triskell.kermeta.interpreter.ExpressionInterpreter.visitStatementList(ExpressionInterpreter.java:1442)
	at fr.irisa.triskell.kermeta.interpreter.ExpressionInterpreter.visitBlock(ExpressionInterpreter.java:569)
	at fr.irisa.triskell.kermeta.visitor.BlockAcceptCommand.accept(KermetaOptimizedVisitor.java:360)
	at fr.irisa.triskell.kermeta.visitor.KermetaOptimizedVisitor.accept(KermetaOptimizedVisitor.java:156)
	at fr.irisa.triskell.kermeta.interpreter.ExpressionInterpreter.visitOperation(ExpressionInterpreter.java:745)
	at fr.irisa.triskell.kermeta.visitor.OperationAcceptCommand.accept(KermetaOptimizedVisitor.java:516)
	at fr.irisa.triskell.kermeta.visitor.KermetaOptimizedVisitor.accept(KermetaOptimizedVisitor.java:156)
	at fr.irisa.triskell.kermeta.interpreter.ExpressionInterpreter.invoke(ExpressionInterpreter.java:144)
	at fr.irisa.triskell.kermeta.launcher.KermetaInterpreter.launch(KermetaInterpreter.java:266)
	at fr.irisa.triskell.kermeta.launcher.RunTestCase.runTest(RunTestCase.java:109)
</error>
  </testcase>
  <testcase name="testPackageTestReflection::TestReflection.testGet1" time="0.024"></testcase>
  <testcase name="testPackageTestReflection::TestReflection.testGet2" time="0.372"></testcase>
  <testcase name="testPackageTestReflection::TestReflection.testGet3" time="0.018"></testcase>
  <testcase name="testPackageTestReflection::TestReflection.testSet1" time="0.019"></testcase>
  <testcase name="testPackageTestReflection::TestReflection.testSet2" time="0.019"></testcase>
  <testcase name="testPackageTestReflection::TestReflection.testSet3" time="0.023"></testcase>
  <testcase name="testPackageTestReflection::TestReflection.testGetMetaClass1" time="0.0080"></testcase>
  <testcase name="testPackageTestReflection::TestReflection.testGetMetaClassNew" time="0.109"></testcase>
  <testcase name="testContainement::TestContainment.testSetOnAssign" time="0.0080"></testcase>
  <testcase name="testContainement::TestContainment.testSetOnAdd" time="0.0080"></testcase>
  <testcase name="testContainement::TestContainment.testUnsetSetOnAssign" time="0.0090"></testcase>
  <testcase name="testContainement::TestContainment.testUnsetSetOnRemove" time="0.0090"></testcase>
  <testcase name="testContainement::TestContainment.testAssignVoidWhenNewAssign0" time="0.0080"></testcase>
  <testcase name="testContainement::TestContainment.testAssignVoidWhenNewAssign" time="0.0090"></testcase>
  <testcase name="testContainement::TestContainment.testAssignVoidWhenNewAdd" time="0.0090"></testcase>
  <testcase name="testContainement::TestContainment.testRemoveWhenNewAdd" time="0.01"></testcase>
  <testcase name="testContainement::TestContainment.testRemoveWhenNewAssign" time="0.0090"></testcase>
  <testcase name="testOpposites::TestOpposites.test1_1Opposites1" time="0.011"></testcase>
  <testcase name="testOpposites::TestOpposites.test1_1Opposites2" time="0.11"></testcase>
  <testcase name="testOpposites::TestOpposites.test1_1Opposites3" time="0.0090"></testcase>
  <testcase name="testOpposites::TestOpposites.test1_1Opposites4" time="0.0090"></testcase>
  <testcase name="testOpposites::TestOpposites.test1_starOpposites1" time="0.013"></testcase>
  <testcase name="testOpposites::TestOpposites.test1_starOpposites2" time="0.014"></testcase>
  <testcase name="testOpposites::TestOpposites.test1_starOpposites3" time="0.013"></testcase>
  <testcase name="testOpposites::TestOpposites.test1_starOpposites4" time="0.015"></testcase>
  <testcase name="testOpposites::TestOpposites.test1_starOpposites5" time="0.015"></testcase>
  <testcase name="testOpposites::TestOpposites.test1_starOpposites6" time="0.11"></testcase>
  <testcase name="testOpposites::TestOpposites.test1_starOpposites7" time="0.014"></testcase>
  <testcase name="testOpposites::TestOpposites.teststar_starOpposites1" time="0.421"></testcase>
  <testcase name="testOpposites::TestOpposites.teststar_starOpposites2" time="0.017"></testcase>
  <testcase name="testOpposites::TestOpposites.teststar_starOpposites3" time="0.018"></testcase>
  <testcase name="testEnum::TestEnum.testCompareLiteral" time="0.0080"></testcase>
  <testcase name="testEnum::TestEnum.testAssignVar" time="0.201"></testcase>
  <testcase name="testEnum::TestEnum.testGeneric" time="0.0070"></testcase>
  <testcase name="testEnum::TestEnum.testGenericParameter" time="0.0070"></testcase>
  <testcase name="testEnum::TestEnum.testGenericOperation" time="0.0070"></testcase>
  <testcase name="testEnum::TestEnum.testCollection" time="0.046"></testcase>
  <testcase name="testEnum::TestEnum.testCast1" time="0.0070"></testcase>
  <testcase name="testEnum::TestEnum.testCast2" time="0.0090"></testcase>
  <testcase name="testEnum::TestEnum.testReflect" time="0.029"></testcase>
  <testcase name="testEnum::TestEnum.testOpCall" time="0.0070"></testcase>
  <testcase name="testEnum::TestEnum.testEnumAttributeContainment" time="0.021"></testcase>
  <testcase name="testSimpleExceptions::TestEx.test1" time="0.011"></testcase>
  <testcase name="testSimpleExceptions::TestEx.test2" time="0.019"></testcase>
  <testcase name="testSimpleExceptions::TestEx.test3" time="0.0070"></testcase>
  <testcase name="testSimpleExceptions::TestEx.test4" time="0.01"></testcase>
  <testcase name="testSimpleExceptions::TestEx.test5" time="0.397"></testcase>
  <testcase name="root_package::Main.testZeroDivision" time="0.0080"></testcase>
  <testcase name="root_package::Main.testUndeclared" time="0.0090">
    <error message="kermeta exception : [kermeta::exceptions::VoidOperandError : 99979]" type="fr.irisa.triskell.kermeta.interpreter.KermetaRaisedException">fr.irisa.triskell.kermeta.interpreter.KermetaRaisedException: kermeta exception : [kermeta::exceptions::VoidOperandError : 99979]
Trace: 
     file &apos;file:/tmp/kermeta_build/src/plugins/fr.irisa.triskell.kermeta.interpreter/test/kmt_testcases/024_testZeroDivision.main.kmt&apos;, line -2, in &apos;[kermeta::standard::Integer : 99975 = 5].div&apos; ( (5) / (divid) )
    file &apos;file:/tmp/kermeta_build/src/plugins/fr.irisa.triskell.kermeta.interpreter/test/kmt_testcases/024_testZeroDivision.main.kmt&apos;, line -2, in &apos;[root_package::Main : 99973].testUndeclared&apos; ( operation testUndeclared() : Void is (...) )
------------END OF STACK TRACE------------

	at fr.irisa.triskell.kermeta.interpreter.ExpressionInterpreter.raiseKermetaException(ExpressionInterpreter.java:1478)
	at fr.irisa.triskell.kermeta.interpreter.ExpressionInterpreter.visitRaise(ExpressionInterpreter.java:1376)
	at fr.irisa.triskell.kermeta.visitor.RaiseAcceptCommand.accept(KermetaOptimizedVisitor.java:402)
	at fr.irisa.triskell.kermeta.visitor.KermetaOptimizedVisitor.accept(KermetaOptimizedVisitor.java:156)
	at fr.irisa.triskell.kermeta.interpreter.ExpressionInterpreter.visitStatementList(ExpressionInterpreter.java:1442)
	at fr.irisa.triskell.kermeta.interpreter.ExpressionInterpreter.visitBlock(ExpressionInterpreter.java:569)
	at fr.irisa.triskell.kermeta.visitor.BlockAcceptCommand.accept(KermetaOptimizedVisitor.java:360)
	at fr.irisa.triskell.kermeta.visitor.KermetaOptimizedVisitor.accept(KermetaOptimizedVisitor.java:156)
	at fr.irisa.triskell.kermeta.interpreter.ExpressionInterpreter.visitConditional(ExpressionInterpreter.java:668)
	at fr.irisa.triskell.kermeta.visitor.ConditionalAcceptCommand.accept(KermetaOptimizedVisitor.java:396)
	at fr.irisa.triskell.kermeta.visitor.KermetaOptimizedVisitor.accept(KermetaOptimizedVisitor.java:156)
	at fr.irisa.triskell.kermeta.interpreter.ExpressionInterpreter.visitStatementList(ExpressionInterpreter.java:1442)
	at fr.irisa.triskell.kermeta.interpreter.ExpressionInterpreter.visitBlock(ExpressionInterpreter.java:569)
	at fr.irisa.triskell.kermeta.visitor.BlockAcceptCommand.accept(KermetaOptimizedVisitor.java:360)
	at fr.irisa.triskell.kermeta.visitor.KermetaOptimizedVisitor.accept(KermetaOptimizedVisitor.java:156)
	at fr.irisa.triskell.kermeta.interpreter.ExpressionInterpreter.visitOperation(ExpressionInterpreter.java:745)
	at fr.irisa.triskell.kermeta.visitor.OperationAcceptCommand.accept(KermetaOptimizedVisitor.java:516)
	at fr.irisa.triskell.kermeta.visitor.KermetaOptimizedVisitor.accept(KermetaOptimizedVisitor.java:156)
	at fr.irisa.triskell.kermeta.interpreter.ExpressionInterpreter.visitCallFeature(ExpressionInterpreter.java:876)
	at fr.irisa.triskell.kermeta.visitor.CallFeatureAcceptCommand.accept(KermetaOptimizedVisitor.java:372)
	at fr.irisa.triskell.kermeta.visitor.KermetaOptimizedVisitor.accept(KermetaOptimizedVisitor.java:156)
	at fr.irisa.triskell.kermeta.interpreter.ExpressionInterpreter.visitStatementList(ExpressionInterpreter.java:1442)
	at fr.irisa.triskell.kermeta.interpreter.ExpressionInterpreter.visitBlock(ExpressionInterpreter.java:569)
	at fr.irisa.triskell.kermeta.visitor.BlockAcceptCommand.accept(KermetaOptimizedVisitor.java:360)
	at fr.irisa.triskell.kermeta.visitor.KermetaOptimizedVisitor.accept(KermetaOptimizedVisitor.java:156)
	at fr.irisa.triskell.kermeta.interpreter.ExpressionInterpreter.visitOperation(ExpressionInterpreter.java:745)
	at fr.irisa.triskell.kermeta.visitor.OperationAcceptCommand.accept(KermetaOptimizedVisitor.java:516)
	at fr.irisa.triskell.kermeta.visitor.KermetaOptimizedVisitor.accept(KermetaOptimizedVisitor.java:156)
	at fr.irisa.triskell.kermeta.interpreter.ExpressionInterpreter.invoke(ExpressionInterpreter.java:144)
	at fr.irisa.triskell.kermeta.launcher.KermetaInterpreter.launch(KermetaInterpreter.java:266)
	at fr.irisa.triskell.kermeta.launcher.RunTestCase.runTest(RunTestCase.java:109)
</error>
  </testcase>
  <testcase name="root_package::Main.testBoolUndeclared" time="0.0080"></testcase>
  <testcase name="root_package::Main.testIllegalConditionalType" time="0.013"></testcase>
  <testcase name="root_package::TestParametricOperations.test_callParametred1Param" time="0.0070"></testcase>
  <testcase name="root_package::TestParametricOperations.test_callParametred2Param1" time="0.0070"></testcase>
  <testcase name="root_package::TestParametricOperations.testfail_callParametred2Param2" time="0.0080">
    <error message="kermeta exception : [kermeta::standard::String : 103310 = &quot;Test not able to be run correctly, due to bug #108&quot;]" type="fr.irisa.triskell.kermeta.interpreter.KermetaRaisedException">fr.irisa.triskell.kermeta.interpreter.KermetaRaisedException: kermeta exception : [kermeta::standard::String : 103310 = &quot;Test not able to be run correctly, due to bug #108&quot;]Test not able to be run correctly, due to bug #108
Trace: 
    file &apos;file:/tmp/kermeta_build/src/plugins/fr.irisa.triskell.kermeta.interpreter/test/kmt_testcases/025_testParametricOperations.main.kmt&apos;, line -2 ( raise &quot;Test not able to be run correctly, due to bug #108&quot; )
    file &apos;file:/tmp/kermeta_build/src/plugins/fr.irisa.triskell.kermeta.interpreter/test/kmt_testcases/025_testParametricOperations.main.kmt&apos;, line -2, in &apos;[root_package::TestParametricOperations : 103290].testfail_callParametred2Param2&apos; ( /** Should fail since return type is unbound (...) )
------------END OF STACK TRACE------------

	at fr.irisa.triskell.kermeta.interpreter.ExpressionInterpreter.raiseKermetaException(ExpressionInterpreter.java:1478)
	at fr.irisa.triskell.kermeta.interpreter.ExpressionInterpreter.visitRaise(ExpressionInterpreter.java:1376)
	at fr.irisa.triskell.kermeta.visitor.RaiseAcceptCommand.accept(KermetaOptimizedVisitor.java:402)
	at fr.irisa.triskell.kermeta.visitor.KermetaOptimizedVisitor.accept(KermetaOptimizedVisitor.java:156)
	at fr.irisa.triskell.kermeta.interpreter.ExpressionInterpreter.visitStatementList(ExpressionInterpreter.java:1442)
	at fr.irisa.triskell.kermeta.interpreter.ExpressionInterpreter.visitBlock(ExpressionInterpreter.java:569)
	at fr.irisa.triskell.kermeta.visitor.BlockAcceptCommand.accept(KermetaOptimizedVisitor.java:360)
	at fr.irisa.triskell.kermeta.visitor.KermetaOptimizedVisitor.accept(KermetaOptimizedVisitor.java:156)
	at fr.irisa.triskell.kermeta.interpreter.ExpressionInterpreter.visitOperation(ExpressionInterpreter.java:745)
	at fr.irisa.triskell.kermeta.visitor.OperationAcceptCommand.accept(KermetaOptimizedVisitor.java:516)
	at fr.irisa.triskell.kermeta.visitor.KermetaOptimizedVisitor.accept(KermetaOptimizedVisitor.java:156)
	at fr.irisa.triskell.kermeta.interpreter.ExpressionInterpreter.invoke(ExpressionInterpreter.java:144)
	at fr.irisa.triskell.kermeta.launcher.KermetaInterpreter.launch(KermetaInterpreter.java:266)
	at fr.irisa.triskell.kermeta.launcher.RunTestCase.runTest(RunTestCase.java:109)
</error>
  </testcase>
  <testcase name="root_package::TestParametricOperations.testfail_callParametred1UnboundParam" time="0.0090">
    <error message="INTERNAL ERROR : the type parameters of the operation should have been bound by the type checker." type="java.lang.Error">java.lang.Error: INTERNAL ERROR : the type parameters of the operation should have been bound by the type checker.
	at fr.irisa.triskell.kermeta.interpreter.OperationCallFrame.&lt;init&gt;(OperationCallFrame.java:81)
	at fr.irisa.triskell.kermeta.interpreter.InterpreterContext.pushOperationCallFrame(InterpreterContext.java:120)
	at fr.irisa.triskell.kermeta.interpreter.ExpressionInterpreter.visitCallFeature(ExpressionInterpreter.java:868)
	at fr.irisa.triskell.kermeta.visitor.CallFeatureAcceptCommand.accept(KermetaOptimizedVisitor.java:372)
	at fr.irisa.triskell.kermeta.visitor.KermetaOptimizedVisitor.accept(KermetaOptimizedVisitor.java:156)
	at fr.irisa.triskell.kermeta.interpreter.ExpressionInterpreter.visitStatementList(ExpressionInterpreter.java:1442)
	at fr.irisa.triskell.kermeta.interpreter.ExpressionInterpreter.visitBlock(ExpressionInterpreter.java:569)
	at fr.irisa.triskell.kermeta.visitor.BlockAcceptCommand.accept(KermetaOptimizedVisitor.java:360)
	at fr.irisa.triskell.kermeta.visitor.KermetaOptimizedVisitor.accept(KermetaOptimizedVisitor.java:156)
	at fr.irisa.triskell.kermeta.interpreter.ExpressionInterpreter.visitStatementList(ExpressionInterpreter.java:1442)
	at fr.irisa.triskell.kermeta.interpreter.ExpressionInterpreter.visitBlock(ExpressionInterpreter.java:569)
	at fr.irisa.triskell.kermeta.visitor.BlockAcceptCommand.accept(KermetaOptimizedVisitor.java:360)
	at fr.irisa.triskell.kermeta.visitor.KermetaOptimizedVisitor.accept(KermetaOptimizedVisitor.java:156)
	at fr.irisa.triskell.kermeta.interpreter.ExpressionInterpreter.visitOperation(ExpressionInterpreter.java:745)
	at fr.irisa.triskell.kermeta.visitor.OperationAcceptCommand.accept(KermetaOptimizedVisitor.java:516)
	at fr.irisa.triskell.kermeta.visitor.KermetaOptimizedVisitor.accept(KermetaOptimizedVisitor.java:156)
	at fr.irisa.triskell.kermeta.interpreter.ExpressionInterpreter.invoke(ExpressionInterpreter.java:144)
	at fr.irisa.triskell.kermeta.launcher.KermetaInterpreter.launch(KermetaInterpreter.java:266)
	at fr.irisa.triskell.kermeta.launcher.RunTestCase.runTest(RunTestCase.java:109)
</error>
  </testcase>
  <testcase name="root_package::TestParametricOperations.test_callParamNewInstance" time="0.0090"></testcase>
  <testcase name="root_package::TestParametricOperations.test_callParamCloneInstance" time="0.01">
    <failure message="fr.irisa.triskell.kermeta.interpreter.KermetaRaisedException: kermeta exception : [kermeta::kunit::AssertionFailedError : 105338]
assert number 1 failed
Trace: 
      [root_package::TestParametricOperations : 105303].fail
    file &apos;file:/tmp/kermeta_build/src/plugins/fr.irisa.triskell.kermeta.interpreter/test/kmt_testcases/025_testParametricOperations.main.kmt&apos;, line -2, in &apos;[root_package::TestParametricOperations : 105303].assert&apos; ( assert(s1.equals(s2)) )
    file &apos;file:/tmp/kermeta_build/src/plugins/fr.irisa.triskell.kermeta.interpreter/test/kmt_testcases/025_testParametricOperations.main.kmt&apos;, line -2, in &apos;[root_package::TestParametricOperations : 105303].test_callParamCloneInstance&apos; ( /** Clone an instance of a type variable */ (...) )
------------END OF STACK TRACE------------
" type="junit.framework.AssertionFailedError">junit.framework.AssertionFailedError: fr.irisa.triskell.kermeta.interpreter.KermetaRaisedException: kermeta exception : [kermeta::kunit::AssertionFailedError : 105338]
assert number 1 failed
Trace: 
      [root_package::TestParametricOperations : 105303].fail
    file &apos;file:/tmp/kermeta_build/src/plugins/fr.irisa.triskell.kermeta.interpreter/test/kmt_testcases/025_testParametricOperations.main.kmt&apos;, line -2, in &apos;[root_package::TestParametricOperations : 105303].assert&apos; ( assert(s1.equals(s2)) )
    file &apos;file:/tmp/kermeta_build/src/plugins/fr.irisa.triskell.kermeta.interpreter/test/kmt_testcases/025_testParametricOperations.main.kmt&apos;, line -2, in &apos;[root_package::TestParametricOperations : 105303].test_callParamCloneInstance&apos; ( /** Clone an instance of a type variable */ (...) )
------------END OF STACK TRACE------------

	at fr.irisa.triskell.kermeta.launcher.RunTestCase.runTest(RunTestCase.java:117)
</failure>
  </testcase>
  <testcase name="metaclass_package::TestMetaClass.testMetaClassOfClass" time="0.0060"></testcase>
  <testcase name="metaclass_package::TestMetaClass.testClassDefinitionOfMetaClass" time="0.108">
    <failure message="fr.irisa.triskell.kermeta.interpreter.KermetaRaisedException: kermeta exception : [kermeta::kunit::AssertionFailedError : 106623]
assert number 1 failed
Trace: 
      [metaclass_package::TestMetaClass : 106599].fail
    file &apos;file:/tmp/kermeta_build/src/plugins/fr.irisa.triskell.kermeta.interpreter/test/kmt_testcases/026_testMetaClass.main.kmt&apos;, line -2, in &apos;[metaclass_package::TestMetaClass : 106599].assert&apos; ( assert(type.getMetaClass.typeDefinition.isNotEqual(void)) )
    file &apos;file:/tmp/kermeta_build/src/plugins/fr.irisa.triskell.kermeta.interpreter/test/kmt_testcases/026_testMetaClass.main.kmt&apos;, line -2, in &apos;[metaclass_package::TestMetaClass : 106599].testClassDefinitionOfMetaClass&apos; ( operation testClassDefinitionOfMetaClass() : Void is (...) )
------------END OF STACK TRACE------------
" type="junit.framework.AssertionFailedError">junit.framework.AssertionFailedError: fr.irisa.triskell.kermeta.interpreter.KermetaRaisedException: kermeta exception : [kermeta::kunit::AssertionFailedError : 106623]
assert number 1 failed
Trace: 
      [metaclass_package::TestMetaClass : 106599].fail
    file &apos;file:/tmp/kermeta_build/src/plugins/fr.irisa.triskell.kermeta.interpreter/test/kmt_testcases/026_testMetaClass.main.kmt&apos;, line -2, in &apos;[metaclass_package::TestMetaClass : 106599].assert&apos; ( assert(type.getMetaClass.typeDefinition.isNotEqual(void)) )
    file &apos;file:/tmp/kermeta_build/src/plugins/fr.irisa.triskell.kermeta.interpreter/test/kmt_testcases/026_testMetaClass.main.kmt&apos;, line -2, in &apos;[metaclass_package::TestMetaClass : 106599].testClassDefinitionOfMetaClass&apos; ( operation testClassDefinitionOfMetaClass() : Void is (...) )
------------END OF STACK TRACE------------

	at fr.irisa.triskell.kermeta.launcher.RunTestCase.runTest(RunTestCase.java:117)
</failure>
  </testcase>
  <testcase name="metaclass_package::TestMetaClass.testClassDefinitionPropertiesOfMetaClass" time="0.0070">
    <error message="kermeta exception : [kermeta::exceptions::CallOnVoidTarget : 107282]" type="fr.irisa.triskell.kermeta.interpreter.KermetaRaisedException">fr.irisa.triskell.kermeta.interpreter.KermetaRaisedException: kermeta exception : [kermeta::exceptions::CallOnVoidTarget : 107282]
Trace: 
    file &apos;file:/tmp/kermeta_build/src/plugins/fr.irisa.triskell.kermeta.interpreter/test/kmt_testcases/026_testMetaClass.main.kmt&apos;, line -2 ( type.getMetaClass.typeDefinition.name )
    file &apos;file:/tmp/kermeta_build/src/plugins/fr.irisa.triskell.kermeta.interpreter/test/kmt_testcases/026_testMetaClass.main.kmt&apos;, line -2, in &apos;[metaclass_package::TestMetaClass : 107262].testClassDefinitionPropertiesOfMetaClass&apos; ( operation testClassDefinitionPropertiesOfMetaClass() : Void is (...) )
------------END OF STACK TRACE------------

	at fr.irisa.triskell.kermeta.interpreter.KermetaRaisedException.createKermetaException(KermetaRaisedException.java:230)
	at fr.irisa.triskell.kermeta.interpreter.KermetaRaisedException.createKermetaException(KermetaRaisedException.java:252)
	at fr.irisa.triskell.kermeta.interpreter.ExpressionInterpreter.raiseCallOnVoidTargetException(ExpressionInterpreter.java:1487)
	at fr.irisa.triskell.kermeta.interpreter.ExpressionInterpreter.visitCallFeature(ExpressionInterpreter.java:894)
	at fr.irisa.triskell.kermeta.visitor.CallFeatureAcceptCommand.accept(KermetaOptimizedVisitor.java:372)
	at fr.irisa.triskell.kermeta.visitor.KermetaOptimizedVisitor.accept(KermetaOptimizedVisitor.java:156)
	at fr.irisa.triskell.kermeta.interpreter.ExpressionInterpreter.visitCallFeature(ExpressionInterpreter.java:806)
	at fr.irisa.triskell.kermeta.visitor.CallFeatureAcceptCommand.accept(KermetaOptimizedVisitor.java:372)
	at fr.irisa.triskell.kermeta.visitor.KermetaOptimizedVisitor.accept(KermetaOptimizedVisitor.java:156)
	at fr.irisa.triskell.kermeta.interpreter.ExpressionInterpreter.visitList(ExpressionInterpreter.java:1423)
	at fr.irisa.triskell.kermeta.interpreter.ExpressionInterpreter.visitCallFeature(ExpressionInterpreter.java:866)
	at fr.irisa.triskell.kermeta.visitor.CallFeatureAcceptCommand.accept(KermetaOptimizedVisitor.java:372)
	at fr.irisa.triskell.kermeta.visitor.KermetaOptimizedVisitor.accept(KermetaOptimizedVisitor.java:156)
	at fr.irisa.triskell.kermeta.interpreter.ExpressionInterpreter.visitStatementList(ExpressionInterpreter.java:1442)
	at fr.irisa.triskell.kermeta.interpreter.ExpressionInterpreter.visitBlock(ExpressionInterpreter.java:569)
	at fr.irisa.triskell.kermeta.visitor.BlockAcceptCommand.accept(KermetaOptimizedVisitor.java:360)
	at fr.irisa.triskell.kermeta.visitor.KermetaOptimizedVisitor.accept(KermetaOptimizedVisitor.java:156)
	at fr.irisa.triskell.kermeta.interpreter.ExpressionInterpreter.visitOperation(ExpressionInterpreter.java:745)
	at fr.irisa.triskell.kermeta.visitor.OperationAcceptCommand.accept(KermetaOptimizedVisitor.java:516)
	at fr.irisa.triskell.kermeta.visitor.KermetaOptimizedVisitor.accept(KermetaOptimizedVisitor.java:156)
	at fr.irisa.triskell.kermeta.interpreter.ExpressionInterpreter.invoke(ExpressionInterpreter.java:144)
	at fr.irisa.triskell.kermeta.launcher.KermetaInterpreter.launch(KermetaInterpreter.java:266)
	at fr.irisa.triskell.kermeta.launcher.RunTestCase.runTest(RunTestCase.java:109)
</error>
  </testcase>
  <testcase name="metaclass_package::TestMetaClass.testClassProperties" time="0.012">
    <failure message="fr.irisa.triskell.kermeta.interpreter.KermetaRaisedException: kermeta exception : [kermeta::kunit::AssertionFailedError : 108035]
assert number 1 failed
Trace: 
      [metaclass_package::TestMetaClass : 107946].fail
    file &apos;file:/tmp/kermeta_build/src/plugins/fr.irisa.triskell.kermeta.interpreter/test/kmt_testcases/026_testMetaClass.main.kmt&apos;, line -2, in &apos;[metaclass_package::TestMetaClass : 107946].assert&apos; ( assert(type.container.isNotEqual(void)) )
    file &apos;file:/tmp/kermeta_build/src/plugins/fr.irisa.triskell.kermeta.interpreter/test/kmt_testcases/026_testMetaClass.main.kmt&apos;, line -2, in &apos;[metaclass_package::TestMetaClass : 107946].testClassProperties&apos; ( operation testClassProperties() : Void is (...) )
------------END OF STACK TRACE------------
" type="junit.framework.AssertionFailedError">junit.framework.AssertionFailedError: fr.irisa.triskell.kermeta.interpreter.KermetaRaisedException: kermeta exception : [kermeta::kunit::AssertionFailedError : 108035]
assert number 1 failed
Trace: 
      [metaclass_package::TestMetaClass : 107946].fail
    file &apos;file:/tmp/kermeta_build/src/plugins/fr.irisa.triskell.kermeta.interpreter/test/kmt_testcases/026_testMetaClass.main.kmt&apos;, line -2, in &apos;[metaclass_package::TestMetaClass : 107946].assert&apos; ( assert(type.container.isNotEqual(void)) )
    file &apos;file:/tmp/kermeta_build/src/plugins/fr.irisa.triskell.kermeta.interpreter/test/kmt_testcases/026_testMetaClass.main.kmt&apos;, line -2, in &apos;[metaclass_package::TestMetaClass : 107946].testClassProperties&apos; ( operation testClassProperties() : Void is (...) )
------------END OF STACK TRACE------------

	at fr.irisa.triskell.kermeta.launcher.RunTestCase.runTest(RunTestCase.java:117)
</failure>
  </testcase>
  <testcase name="metaclass_package::TestMetaClass.testClassContents" time="0.015"></testcase>
  <testcase name="test::Main.testmain" time="0.115"></testcase>
  <testcase name="testClone2::Main.testClone1" time="0.0070"></testcase>
  <testcase name="testClone2::Main.testClone2" time="0.019"></testcase>
  <testcase name="opsignature::Main.testSignature" time="0.09"></testcase>
  <testcase name="root::TestVariable.testop1" time="0.0060"></testcase>
  <testcase name="root::TestVariable.testop2" time="0.0060"></testcase>
  <testcase name="root::TestVariable.testop3" time="0.0070"></testcase>
  <testcase name="testBoolean::TestBoolean.testAssertTrue" time="0.0050"></testcase>
  <testcase name="testBoolean::TestBoolean.testoptat" time="0.0070"></testcase>
  <testcase name="testBoolean::TestBoolean.testnott" time="0.0070"></testcase>
  <testcase name="testBoolean::TestBoolean.testoptot" time="0.0060"></testcase>
  <testcase name="testBoolean::TestBoolean.testoptof" time="0.0060"></testcase>
  <testcase name="testBoolean::TestBoolean.testoptaf" time="0.0070"></testcase>
  <testcase name="testBoolean::TestBoolean.testopfof" time="0.0090"></testcase>
  <testcase name="testBoolean::TestBoolean.testopfot" time="0.0060"></testcase>
  <testcase name="testBoolean::TestBoolean.testoportotaf" time="0.0070"></testcase>
  <testcase name="testBoolean::TestBoolean.testoptatof" time="0.0060"></testcase>
  <testcase name="testBoolean::TestBoolean.testoptafaf" time="0.0070"></testcase>
  <testcase name="testBoolean::TestBoolean.testoptofaf" time="0.0070"></testcase>
  <testcase name="testBoolean::TestBoolean.testoptofafotot" time="0.0060"></testcase>
  <testcase name="testBoolean::TestBoolean.testoptofafototaf" time="0.0060"></testcase>
  <testcase name="testBoolean::TestBoolean.testoptofanf" time="0.0060"></testcase>
  <testcase name="testBoolean::TestBoolean.testtit" time="0.0060"></testcase>
  <testcase name="testBoolean::TestBoolean.testtif" time="0.0060"></testcase>
  <testcase name="testBoolean::TestBoolean.testfit" time="0.0060"></testcase>
  <testcase name="testBoolean::TestBoolean.testfif" time="0.0060"></testcase>
  <testcase name="testBoolean::TestBoolean.testtxort" time="0.0060"></testcase>
  <testcase name="testBoolean::TestBoolean.testtxorf" time="0.0060"></testcase>
  <testcase name="testBoolean::TestBoolean.testfxort" time="0.0060"></testcase>
  <testcase name="testBoolean::TestBoolean.testfxorf" time="0.0050"></testcase>
  <testcase name="root::TestBooleanResults.testop1" time="0.0050"></testcase>
  <testcase name="root::TestBooleanResults.testop2" time="0.0060"></testcase>
  <testcase name="root::TestBooleanResults.testop1i" time="0.0050"></testcase>
  <testcase name="root::TestBooleanResults.testop2i" time="0.0050"></testcase>
  <testcase name="root::TestBooleanResults.testop3i" time="0.0060"></testcase>
  <testcase name="testFrameworkToString::TestFrameworkToString.testOnString1" time="0.0060"></testcase>
  <testcase name="testFrameworkToString::TestFrameworkToString.testOnString2" time="0.0060"></testcase>
  <testcase name="testFrameworkToString::TestFrameworkToString.testOnString3Void" time="0.0060"></testcase>
  <testcase name="testFrameworkToString::TestFrameworkToString.testOnInteger1" time="0.0060"></testcase>
  <testcase name="testFrameworkToString::TestFrameworkToString.testOnInteger2" time="0.0060"></testcase>
  <testcase name="testFrameworkToString::TestFrameworkToString.testOnInteger3" time="0.0060"></testcase>
  <testcase name="testFrameworkToString::TestFrameworkToString.testOnBoolean1" time="0.09"></testcase>
  <testcase name="testFrameworkToString::TestFrameworkToString.testOnBoolean2" time="0.0090"></testcase>
  <testcase name="testFrameworkToString::TestFrameworkToString.testOnBoolean3" time="0.0070"></testcase>
  <testcase name="testFrameworkToString::TestFrameworkToString.testOnVoid" time="0.0070"></testcase>
  <testcase name="testHashtableIntegerKey::TestHashtable.testKeyIterator" time="0.01"></testcase>
  <testcase name="testHashtableIntegerKey::TestHashtable.testValueIterator" time="0.0080"></testcase>
  <testcase name="testHashtableIntegerKey::TestHashtable.testGet" time="0.0080"></testcase>
  <testcase name="testHashtableIntegerKey::TestHashtable.testPut" time="0.0090"></testcase>
  <testcase name="testHashtableIntegerKey::TestHashtable.testRemove" time="0.0070"></testcase>
  <testcase name="testHashtableIntegerKey::TestHashtable.testClear" time="0.0080"></testcase>
  <testcase name="testHashtableIntegerKey::TestHashtable.testValues" time="0.036"></testcase>
  <testcase name="testHashtableIntegerKey::TestHashtable.testKeys" time="0.031"></testcase>
  <testcase name="testHashtableObjectEqualsKey::TestHashtable.testKeyIterator" time="0.021"></testcase>
  <testcase name="testHashtableObjectEqualsKey::TestHashtable.testValueIterator" time="0.016"></testcase>
  <testcase name="testHashtableObjectEqualsKey::TestHashtable.testGetFromSame" time="0.026"></testcase>
  <testcase name="testHashtableObjectEqualsKey::TestHashtable.testGetFromEquals" time="0.024"></testcase>
  <testcase name="testHashtableObjectEqualsKey::TestHashtable.testPut" time="0.086"></testcase>
  <testcase name="testHashtableObjectEqualsKey::TestHashtable.testRemove" time="0.017"></testcase>
  <testcase name="testHashtableObjectEqualsKey::TestHashtable.testClear" time="0.017"></testcase>
  <testcase name="testHashtableObjectEqualsKey::TestHashtable.testValues" time="0.062"></testcase>
  <testcase name="testHashtableObjectEqualsKey::TestHashtable.testKeysFromSame" time="0.044"></testcase>
  <testcase name="testHashtableObjectEqualsKey::TestHashtable.testKeysFromEquals" time="0.096"></testcase>
  <testcase name="testHashtableObjectKey::TestHashtable.testKeyIterator" time="0.022"></testcase>
  <testcase name="testHashtableObjectKey::TestHashtable.testValueIterator" time="0.016"></testcase>
  <testcase name="testHashtableObjectKey::TestHashtable.testGet" time="0.018"></testcase>
  <testcase name="testHashtableObjectKey::TestHashtable.testPut" time="0.02"></testcase>
  <testcase name="testHashtableObjectKey::TestHashtable.testRemove" time="0.016"></testcase>
  <testcase name="testHashtableObjectKey::TestHashtable.testClear" time="0.016"></testcase>
  <testcase name="testHashtableObjectKey::TestHashtable.testValues" time="0.046"></testcase>
  <testcase name="testHashtableObjectKey::TestHashtable.testKeys" time="0.034"></testcase>
  <testcase name="testHashtableStringKey::TestHashtable.testKeyIterator" time="0.0080"></testcase>
  <testcase name="testHashtableStringKey::TestHashtable.testValueIterator" time="0.0080"></testcase>
  <testcase name="testHashtableStringKey::TestHashtable.testGet" time="0.0080"></testcase>
  <testcase name="testHashtableStringKey::TestHashtable.testPut" time="0.047"></testcase>
  <testcase name="testHashtableStringKey::TestHashtable.testRemove" time="0.0070"></testcase>
  <testcase name="testHashtableStringKey::TestHashtable.testClear" time="0.0070"></testcase>
  <testcase name="testHashtableStringKey::TestHashtable.testValues" time="0.046"></testcase>
  <testcase name="testHashtableStringKey::TestHashtable.testKeys" time="0.027"></testcase>
  <testcase name="testPackageTestIterator::TestIterator.testhasNext" time="0.0070"></testcase>
  <testcase name="testPackageTestIterator::TestIterator.testnext" time="0.0050"></testcase>
  <testcase name="testPackageTestIterator::TestIterator.testnextbis" time="0.0060"></testcase>
  <testcase name="testPackageTestIterator::TestIterator.testisOff" time="0.0070"></testcase>
  <testcase name="testPackageTestIterator::TestIterator.testisOffbis" time="0.0060"></testcase>
  <testcase name="testPackageTestIterator::TestIterator.testisOffter" time="0.0070"></testcase>
  <testcase name="testPackageTestIterator::TestIterator.testLoop" time="0.0090"></testcase>
  <testcase name="testLambda::TestLambda.testNoLambda" time="0.0060"></testcase>
  <testcase name="testLambda::TestLambda.testLambda1" time="0.0050"></testcase>
  <testcase name="testLambda::TestLambda.testLambdaWithDef" time="0.0060"></testcase>
  <testcase name="testLambda::TestLambda.testLambdaWithTwoParams" time="0.0060"></testcase>
  <testcase name="testLambda::TestLambda.testLambdaSimpleWithString" time="0.0050"></testcase>
  <testcase name="testLambda::TestLambda.testLambdaWithString" time="0.0070"></testcase>
  <testcase name="testLambda::TestLambda.testLambdaWithThreeParams" time="0.0060"></testcase>
  <testcase name="testLambda::TestLambda.testLambdaWithThreeParams2" time="0.0070"></testcase>
  <testcase name="testLambda::TestLambda.testNestedLambda" time="0.0070"></testcase>
  <testcase name="testLambda::TestLambda.testLambdaWithExtVar" time="0.0050"></testcase>
  <testcase name="testLambda::TestLambda.testLambdaVarPriority" time="0.0070"></testcase>
  <testcase name="testLambda::TestLambda.testLambdaInOperation" time="0.0080"></testcase>
  <testcase name="testLambda::TestLambda.testOpWithLambdaAsParam" time="0.0060"></testcase>
  <testcase name="testLambda::TestLambda.testintegerTimes" time="0.0070"></testcase>
  <testcase name="testLambda::TestLambda.testintegerTimesToString" time="0.0080"></testcase>
  <testcase name="testLambda::TestLambda.testFract" time="0.012"></testcase>
  <testcase name="testReferences::TestMyObjectCreation.testCreateMyObject" time="0.0070"></testcase>
  <testcase name="testSequence::TestSequence.teststradd" time="0.076"></testcase>
  <testcase name="testSequence::TestSequence.teststrremove" time="0.016"></testcase>
  <testcase name="testSequence::TestSequence.teststrclear" time="0.0070"></testcase>
  <testcase name="testSequence::TestSequence.testaddAllSet" time="0.015"></testcase>
  <testcase name="testSequence::TestSequence.testaddAllSequence" time="0.013"></testcase>
  <testcase name="testSequence::TestSequence.teststrcontains" time="0.01"></testcase>
  <testcase name="testSequence::TestSequence.teststrsize" time="0.0080"></testcase>
  <testcase name="testSequence::TestSequence.teststriterator" time="0.0090"></testcase>
  <testcase name="testSequence::TestSequence.testone" time="0.0080"></testcase>
  <testcase name="testSequence::TestSequence.teststreach" time="0.011"></testcase>
  <testcase name="testSequence::TestSequence.testinteach" time="0.0090"></testcase>
  <testcase name="testSequence::TestSequence.teststrcollect" time="0.012"></testcase>
  <testcase name="testSequence::TestSequence.testdetect" time="0.012"></testcase>
  <testcase name="testSequence::TestSequence.testselect" time="0.013"></testcase>
  <testcase name="testSequence::TestSequence.testreject" time="0.012"></testcase>
  <testcase name="testSequence::TestSequence.testForAll" time="0.014"></testcase>
  <testcase name="testSequence::TestSequence.testExists" time="0.016"></testcase>
  <testcase name="testSequence::TestSequence.testaddAt" time="0.011"></testcase>
  <testcase name="testSequence::TestSequence.testremoveAt" time="0.012"></testcase>
  <testcase name="testSequence::TestSequence.testelementAt" time="0.085"></testcase>
  <testcase name="testSequence::TestSequence.testfirst" time="0.0090"></testcase>
  <testcase name="testSequence::TestSequence.testlast" time="0.0090"></testcase>
  <testcase name="testPackageTestSet::TestSet.testVoid1" time="0.0060"></testcase>
  <testcase name="testPackageTestSet::TestSet.testVoid2" time="0.0060"></testcase>
  <testcase name="testPackageTestSet::TestSet.testVoid3" time="0.0060"></testcase>
  <testcase name="testPackageTestSet::TestSet.testVoid4" time="0.0070"></testcase>
  <testcase name="testPackageTestSet::TestSet.testVoid5" time="0.0060"></testcase>
  <testcase name="testPackageTestSet::TestSet.testMetaClass" time="0.018"></testcase>
  <testcase name="testPackageTestSet::TestSet.testCompareInt1" time="0.0070"></testcase>
  <testcase name="testPackageTestSet::TestSet.testCompareInt2" time="0.0060"></testcase>
  <testcase name="testPackageTestSet::TestSet.testCompareInt3" time="0.0060"></testcase>
  <testcase name="testPackageTestSet::TestSet.testCompareInt4" time="0.0070"></testcase>
  <testcase name="testPackageTestSet::TestSet.testCompareInt5" time="0.0060"></testcase>
  <testcase name="testPackageTestSet::TestSet.testCompareInt6" time="0.0060"></testcase>
  <testcase name="testPackageTestSet::TestSet.testCompareInt7" time="0.0060"></testcase>
  <testcase name="testPackageTestSet::TestSet.testCompareInt8" time="0.0060"></testcase>
  <testcase name="testPackageTestSet::TestSet.testCompareInt9" time="0.0060"></testcase>
  <testcase name="testPackageTestSet::TestSet.testCompareInt10" time="0.0070"></testcase>
  <testcase name="testPackageTestSet::TestSet.testAdd" time="0.0080"></testcase>
  <testcase name="testPackageTestSet::TestSet.testSize" time="0.012"></testcase>
  <testcase name="testPackageTestSet::TestSet.testRemove" time="0.013"></testcase>
  <testcase name="testPackageTestSet::TestSet.testRemovebis" time="0.011"></testcase>
  <testcase name="testPackageTestSet::TestSet.testClear" time="0.0090"></testcase>
  <testcase name="testPackageTestSet::TestSet.testAddAll" time="0.105"></testcase>
  <testcase name="testPackageTestSet::TestSet.testContains" time="0.017"></testcase>
  <testcase name="testPackageTestSet::TestSet.testEmpty" time="0.0090"></testcase>
  <testcase name="testPackageTestSet::TestSet.testIterator" time="0.0090"></testcase>
  <testcase name="testPackageTestSet::TestSet.testOne" time="0.0080"></testcase>
  <testcase name="testPackageTestSet::TestSet.testEach" time="0.017"></testcase>
  <testcase name="testPackageTestSet::TestSet.testCollect" time="0.016"></testcase>
  <testcase name="testPackageTestSet::TestSet.testDetect" time="0.013"></testcase>
  <testcase name="testPackageTestSet::TestSet.testSelect" time="0.018"></testcase>
  <testcase name="testPackageTestSet::TestSet.testReject" time="0.023"></testcase>
  <testcase name="testPackageTestSet::TestSet.testUnicityOfSet" time="0.02"></testcase>
  <testcase name="testPackageTestSet::TestSet.testNotUnicityOfBag" time="0.02"></testcase>
  <testcase name="testDynamicExpression::TestDynamicExpression.test1" time="0.179"></testcase>
  <testcase name="testDynamicExpression::TestDynamicExpression.test2" time="0.03">
    <error message="kermeta exception : [kermeta::interpreter::DynamicExpressionException : 239566]" type="fr.irisa.triskell.kermeta.interpreter.KermetaRaisedException">fr.irisa.triskell.kermeta.interpreter.KermetaRaisedException: kermeta exception : [kermeta::interpreter::DynamicExpressionException : 239566]
parse result - expression contains errors
Cannot resolve symbol : &apos;TestToto&apos;.
Trace: 
     file &apos;file:/tmp/kermeta_build/src/plugins/fr.irisa.triskell.kermeta.interpreter/test/kmt_testcases/041_testDynamicExpression.main.kmt&apos;, line -2, in &apos;[kermeta::interpreter::DynamicExpression : 238986].parse&apos; ( dynExpr.parse(opName) )
    file &apos;file:/tmp/kermeta_build/src/plugins/fr.irisa.triskell.kermeta.interpreter/test/kmt_testcases/041_testDynamicExpression.main.kmt&apos;, line -2, in &apos;[testDynamicExpression::TesterClass1 : 238983].testDynExpOnSelf2#function call&apos; ( {opName | do (...) )
    file &apos;file:/tmp/kermeta_build/src/plugins/fr.irisa.triskell.kermeta.interpreter/test/kmt_testcases/041_testDynamicExpression.main.kmt&apos;, line -2, in &apos;[kermeta::standard::Sequence : 239369].each&apos; ( self.getMetaClass.ownedOperation.~select{op | (not ((op.name.indexOf(&quot;Test&quot;)) == (1.uminus))) and ((op.name.indexOf(&quot;All&quot;)) == (1.uminus))}.collect{op | op.name}.each{opName | do (...) )
    file &apos;file:/tmp/kermeta_build/src/plugins/fr.irisa.triskell.kermeta.interpreter/test/kmt_testcases/041_testDynamicExpression.main.kmt&apos;, line -2, in &apos;[testDynamicExpression::TesterClass1 : 238983].testDynExpOnSelf2&apos; ( tester2.testDynExpOnSelf2 )
    file &apos;file:/tmp/kermeta_build/src/plugins/fr.irisa.triskell.kermeta.interpreter/test/kmt_testcases/041_testDynamicExpression.main.kmt&apos;, line -2, in &apos;[testDynamicExpression::TestDynamicExpression : 238971].test2&apos; ( operation test2() : Void is (...) )
------------END OF STACK TRACE------------

	at fr.irisa.triskell.kermeta.interpreter.ExpressionInterpreter.raiseKermetaException(ExpressionInterpreter.java:1478)
	at fr.irisa.triskell.kermeta.interpreter.ExpressionInterpreter.visitRaise(ExpressionInterpreter.java:1376)
	at fr.irisa.triskell.kermeta.visitor.RaiseAcceptCommand.accept(KermetaOptimizedVisitor.java:402)
	at fr.irisa.triskell.kermeta.visitor.KermetaOptimizedVisitor.accept(KermetaOptimizedVisitor.java:156)
	at fr.irisa.triskell.kermeta.interpreter.ExpressionInterpreter.visitStatementList(ExpressionInterpreter.java:1442)
	at fr.irisa.triskell.kermeta.interpreter.ExpressionInterpreter.visitBlock(ExpressionInterpreter.java:569)
	at fr.irisa.triskell.kermeta.visitor.BlockAcceptCommand.accept(KermetaOptimizedVisitor.java:360)
	at fr.irisa.triskell.kermeta.visitor.KermetaOptimizedVisitor.accept(KermetaOptimizedVisitor.java:156)
	at fr.irisa.triskell.kermeta.interpreter.ExpressionInterpreter.visitConditional(ExpressionInterpreter.java:668)
	at fr.irisa.triskell.kermeta.visitor.ConditionalAcceptCommand.accept(KermetaOptimizedVisitor.java:396)
	at fr.irisa.triskell.kermeta.visitor.KermetaOptimizedVisitor.accept(KermetaOptimizedVisitor.java:156)
	at fr.irisa.triskell.kermeta.interpreter.ExpressionInterpreter.visitStatementList(ExpressionInterpreter.java:1442)
	at fr.irisa.triskell.kermeta.interpreter.ExpressionInterpreter.visitBlock(ExpressionInterpreter.java:569)
	at fr.irisa.triskell.kermeta.visitor.BlockAcceptCommand.accept(KermetaOptimizedVisitor.java:360)
	at fr.irisa.triskell.kermeta.visitor.KermetaOptimizedVisitor.accept(KermetaOptimizedVisitor.java:156)
	at fr.irisa.triskell.kermeta.interpreter.ExpressionInterpreter.visitOperation(ExpressionInterpreter.java:745)
	at fr.irisa.triskell.kermeta.visitor.OperationAcceptCommand.accept(KermetaOptimizedVisitor.java:516)
	at fr.irisa.triskell.kermeta.visitor.KermetaOptimizedVisitor.accept(KermetaOptimizedVisitor.java:156)
	at fr.irisa.triskell.kermeta.interpreter.ExpressionInterpreter.visitCallFeature(ExpressionInterpreter.java:876)
	at fr.irisa.triskell.kermeta.visitor.CallFeatureAcceptCommand.accept(KermetaOptimizedVisitor.java:372)
	at fr.irisa.triskell.kermeta.visitor.KermetaOptimizedVisitor.accept(KermetaOptimizedVisitor.java:156)
	at fr.irisa.triskell.kermeta.interpreter.ExpressionInterpreter.visitVariableDecl(ExpressionInterpreter.java:171)
	at fr.irisa.triskell.kermeta.visitor.VariableDeclAcceptCommand.accept(KermetaOptimizedVisitor.java:486)
	at fr.irisa.triskell.kermeta.visitor.KermetaOptimizedVisitor.accept(KermetaOptimizedVisitor.java:156)
	at fr.irisa.triskell.kermeta.interpreter.ExpressionInterpreter.visitStatementList(ExpressionInterpreter.java:1442)
	at fr.irisa.triskell.kermeta.interpreter.ExpressionInterpreter.visitBlock(ExpressionInterpreter.java:569)
	at fr.irisa.triskell.kermeta.visitor.BlockAcceptCommand.accept(KermetaOptimizedVisitor.java:360)
	at fr.irisa.triskell.kermeta.visitor.KermetaOptimizedVisitor.accept(KermetaOptimizedVisitor.java:156)
	at fr.irisa.triskell.kermeta.runtime.RuntimeLambdaObject.call(RuntimeLambdaObject.java:63)
	at fr.irisa.triskell.kermeta.interpreter.ExpressionInterpreter.visitCallVariable(ExpressionInterpreter.java:540)
	at fr.irisa.triskell.kermeta.visitor.CallVariableAcceptCommand.accept(KermetaOptimizedVisitor.java:366)
	at fr.irisa.triskell.kermeta.visitor.KermetaOptimizedVisitor.accept(KermetaOptimizedVisitor.java:156)
	at fr.irisa.triskell.kermeta.interpreter.ExpressionInterpreter.visitStatementList(ExpressionInterpreter.java:1442)
	at fr.irisa.triskell.kermeta.interpreter.ExpressionInterpreter.visitBlock(ExpressionInterpreter.java:569)
	at fr.irisa.triskell.kermeta.visitor.BlockAcceptCommand.accept(KermetaOptimizedVisitor.java:360)
	at fr.irisa.triskell.kermeta.visitor.KermetaOptimizedVisitor.accept(KermetaOptimizedVisitor.java:156)
	at fr.irisa.triskell.kermeta.interpreter.ExpressionInterpreter.visitLoop(ExpressionInterpreter.java:717)
	at fr.irisa.triskell.kermeta.visitor.LoopAcceptCommand.accept(KermetaOptimizedVisitor.java:474)
	at fr.irisa.triskell.kermeta.visitor.KermetaOptimizedVisitor.accept(KermetaOptimizedVisitor.java:156)
	at fr.irisa.triskell.kermeta.interpreter.ExpressionInterpreter.visitStatementList(ExpressionInterpreter.java:1442)
	at fr.irisa.triskell.kermeta.interpreter.ExpressionInterpreter.visitBlock(ExpressionInterpreter.java:569)
	at fr.irisa.triskell.kermeta.visitor.BlockAcceptCommand.accept(KermetaOptimizedVisitor.java:360)
	at fr.irisa.triskell.kermeta.visitor.KermetaOptimizedVisitor.accept(KermetaOptimizedVisitor.java:156)
	at fr.irisa.triskell.kermeta.interpreter.ExpressionInterpreter.visitOperation(ExpressionInterpreter.java:745)
	at fr.irisa.triskell.kermeta.visitor.OperationAcceptCommand.accept(KermetaOptimizedVisitor.java:516)
	at fr.irisa.triskell.kermeta.visitor.KermetaOptimizedVisitor.accept(KermetaOptimizedVisitor.java:156)
	at fr.irisa.triskell.kermeta.interpreter.ExpressionInterpreter.visitCallFeature(ExpressionInterpreter.java:876)
	at fr.irisa.triskell.kermeta.visitor.CallFeatureAcceptCommand.accept(KermetaOptimizedVisitor.java:372)
	at fr.irisa.triskell.kermeta.visitor.KermetaOptimizedVisitor.accept(KermetaOptimizedVisitor.java:156)
	at fr.irisa.triskell.kermeta.interpreter.ExpressionInterpreter.visitStatementList(ExpressionInterpreter.java:1442)
	at fr.irisa.triskell.kermeta.interpreter.ExpressionInterpreter.visitBlock(ExpressionInterpreter.java:569)
	at fr.irisa.triskell.kermeta.visitor.BlockAcceptCommand.accept(KermetaOptimizedVisitor.java:360)
	at fr.irisa.triskell.kermeta.visitor.KermetaOptimizedVisitor.accept(KermetaOptimizedVisitor.java:156)
	at fr.irisa.triskell.kermeta.interpreter.ExpressionInterpreter.visitOperation(ExpressionInterpreter.java:745)
	at fr.irisa.triskell.kermeta.visitor.OperationAcceptCommand.accept(KermetaOptimizedVisitor.java:516)
	at fr.irisa.triskell.kermeta.visitor.KermetaOptimizedVisitor.accept(KermetaOptimizedVisitor.java:156)
	at fr.irisa.triskell.kermeta.interpreter.ExpressionInterpreter.visitCallFeature(ExpressionInterpreter.java:876)
	at fr.irisa.triskell.kermeta.visitor.CallFeatureAcceptCommand.accept(KermetaOptimizedVisitor.java:372)
	at fr.irisa.triskell.kermeta.visitor.KermetaOptimizedVisitor.accept(KermetaOptimizedVisitor.java:156)
	at fr.irisa.triskell.kermeta.interpreter.ExpressionInterpreter.visitStatementList(ExpressionInterpreter.java:1442)
	at fr.irisa.triskell.kermeta.interpreter.ExpressionInterpreter.visitBlock(ExpressionInterpreter.java:569)
	at fr.irisa.triskell.kermeta.visitor.BlockAcceptCommand.accept(KermetaOptimizedVisitor.java:360)
	at fr.irisa.triskell.kermeta.visitor.KermetaOptimizedVisitor.accept(KermetaOptimizedVisitor.java:156)
	at fr.irisa.triskell.kermeta.interpreter.ExpressionInterpreter.visitOperation(ExpressionInterpreter.java:745)
	at fr.irisa.triskell.kermeta.visitor.OperationAcceptCommand.accept(KermetaOptimizedVisitor.java:516)
	at fr.irisa.triskell.kermeta.visitor.KermetaOptimizedVisitor.accept(KermetaOptimizedVisitor.java:156)
	at fr.irisa.triskell.kermeta.interpreter.ExpressionInterpreter.invoke(ExpressionInterpreter.java:144)
	at fr.irisa.triskell.kermeta.launcher.KermetaInterpreter.launch(KermetaInterpreter.java:266)
	at fr.irisa.triskell.kermeta.launcher.RunTestCase.runTest(RunTestCase.java:109)
</error>
  </testcase>
  <testcase name="testDynamicExpression::TestDynamicExpression.test3" time="0.025"></testcase>
  <testcase name="testDynamicExpression::TestDynamicExpression.test5" time="0.012">
    <error message="kermeta exception : [kermeta::interpreter::DynamicExpressionException : 241980]" type="fr.irisa.triskell.kermeta.interpreter.KermetaRaisedException">fr.irisa.triskell.kermeta.interpreter.KermetaRaisedException: kermeta exception : [kermeta::interpreter::DynamicExpressionException : 241980]
parse result - expression contains errors
Cannot resolve symbol : &apos;anOperationthatdoesnexist&apos;.
Trace: 
     file &apos;file:/tmp/kermeta_build/src/plugins/fr.irisa.triskell.kermeta.interpreter/test/kmt_testcases/041_testDynamicExpression.main.kmt&apos;, line -2, in &apos;[kermeta::interpreter::DynamicExpression : 241887].parse&apos; ( dynExpr.parse(&quot;anOperationthatdoesnexist&quot;) )
    file &apos;file:/tmp/kermeta_build/src/plugins/fr.irisa.triskell.kermeta.interpreter/test/kmt_testcases/041_testDynamicExpression.main.kmt&apos;, line -2, in &apos;[testDynamicExpression::TestDynamicExpression : 241884].test5&apos; ( /** this test that a wrong dynamic expresion is correctly reported */ (...) )
------------END OF STACK TRACE------------

	at fr.irisa.triskell.kermeta.interpreter.ExpressionInterpreter.raiseKermetaException(ExpressionInterpreter.java:1478)
	at fr.irisa.triskell.kermeta.interpreter.ExpressionInterpreter.visitRaise(ExpressionInterpreter.java:1376)
	at fr.irisa.triskell.kermeta.visitor.RaiseAcceptCommand.accept(KermetaOptimizedVisitor.java:402)
	at fr.irisa.triskell.kermeta.visitor.KermetaOptimizedVisitor.accept(KermetaOptimizedVisitor.java:156)
	at fr.irisa.triskell.kermeta.interpreter.ExpressionInterpreter.visitStatementList(ExpressionInterpreter.java:1442)
	at fr.irisa.triskell.kermeta.interpreter.ExpressionInterpreter.visitBlock(ExpressionInterpreter.java:569)
	at fr.irisa.triskell.kermeta.visitor.BlockAcceptCommand.accept(KermetaOptimizedVisitor.java:360)
	at fr.irisa.triskell.kermeta.visitor.KermetaOptimizedVisitor.accept(KermetaOptimizedVisitor.java:156)
	at fr.irisa.triskell.kermeta.interpreter.ExpressionInterpreter.visitConditional(ExpressionInterpreter.java:668)
	at fr.irisa.triskell.kermeta.visitor.ConditionalAcceptCommand.accept(KermetaOptimizedVisitor.java:396)
	at fr.irisa.triskell.kermeta.visitor.KermetaOptimizedVisitor.accept(KermetaOptimizedVisitor.java:156)
	at fr.irisa.triskell.kermeta.interpreter.ExpressionInterpreter.visitStatementList(ExpressionInterpreter.java:1442)
	at fr.irisa.triskell.kermeta.interpreter.ExpressionInterpreter.visitBlock(ExpressionInterpreter.java:569)
	at fr.irisa.triskell.kermeta.visitor.BlockAcceptCommand.accept(KermetaOptimizedVisitor.java:360)
	at fr.irisa.triskell.kermeta.visitor.KermetaOptimizedVisitor.accept(KermetaOptimizedVisitor.java:156)
	at fr.irisa.triskell.kermeta.interpreter.ExpressionInterpreter.visitOperation(ExpressionInterpreter.java:745)
	at fr.irisa.triskell.kermeta.visitor.OperationAcceptCommand.accept(KermetaOptimizedVisitor.java:516)
	at fr.irisa.triskell.kermeta.visitor.KermetaOptimizedVisitor.accept(KermetaOptimizedVisitor.java:156)
	at fr.irisa.triskell.kermeta.interpreter.ExpressionInterpreter.visitCallFeature(ExpressionInterpreter.java:876)
	at fr.irisa.triskell.kermeta.visitor.CallFeatureAcceptCommand.accept(KermetaOptimizedVisitor.java:372)
	at fr.irisa.triskell.kermeta.visitor.KermetaOptimizedVisitor.accept(KermetaOptimizedVisitor.java:156)
	at fr.irisa.triskell.kermeta.interpreter.ExpressionInterpreter.visitVariableDecl(ExpressionInterpreter.java:171)
	at fr.irisa.triskell.kermeta.visitor.VariableDeclAcceptCommand.accept(KermetaOptimizedVisitor.java:486)
	at fr.irisa.triskell.kermeta.visitor.KermetaOptimizedVisitor.accept(KermetaOptimizedVisitor.java:156)
	at fr.irisa.triskell.kermeta.interpreter.ExpressionInterpreter.visitStatementList(ExpressionInterpreter.java:1442)
	at fr.irisa.triskell.kermeta.interpreter.ExpressionInterpreter.visitBlock(ExpressionInterpreter.java:569)
	at fr.irisa.triskell.kermeta.visitor.BlockAcceptCommand.accept(KermetaOptimizedVisitor.java:360)
	at fr.irisa.triskell.kermeta.visitor.KermetaOptimizedVisitor.accept(KermetaOptimizedVisitor.java:156)
	at fr.irisa.triskell.kermeta.interpreter.ExpressionInterpreter.visitOperation(ExpressionInterpreter.java:745)
	at fr.irisa.triskell.kermeta.visitor.OperationAcceptCommand.accept(KermetaOptimizedVisitor.java:516)
	at fr.irisa.triskell.kermeta.visitor.KermetaOptimizedVisitor.accept(KermetaOptimizedVisitor.java:156)
	at fr.irisa.triskell.kermeta.interpreter.ExpressionInterpreter.invoke(ExpressionInterpreter.java:144)
	at fr.irisa.triskell.kermeta.launcher.KermetaInterpreter.launch(KermetaInterpreter.java:266)
	at fr.irisa.triskell.kermeta.launcher.RunTestCase.runTest(RunTestCase.java:109)
</error>
  </testcase>
  <testcase name="testSimpleEval::TestEx.test1" time="0.011"></testcase>
  <testcase name="testSimpleEval::TestEx.test2" time="0.011"></testcase>
  <testcase name="root::testPackage::TestClass.testopsub" time="0.0060"></testcase>
  <testcase name="root::testPackage::TestClass.testopsubsub" time="0.0060"></testcase>
  <testcase name="testUML2km::Main.test" time="0.446"></testcase>
  <testcase name="testContainsInCollection::Main.testOp1Class" time="0.0090"></testcase>
  <testcase name="testContainsInCollection::Main.testOp2Integer" time="0.0080"></testcase>
  <testcase name="testContainsInCollection::Main.testOp3Type" time="0.0080"></testcase>
  <testcase name="testContainsInCollection::Main.testOp4Hashtable" time="0.0080"></testcase>
  <testcase name="testContainsInCollection::Main.testOp5String" time="0.014"></testcase>
  <testcase name="testClassEquals::TestClassEquals.testStringEquals" time="0.0060"></testcase>
  <testcase name="testClassEquals::TestClassEquals.testStringEquals2" time="0.0070"></testcase>
  <testcase name="scopeVisibility::Main.test2" time="0.0070"></testcase>
  <testcase name="scopeVisibility::Main.test3" time="0.0080"></testcase>
  <testcase name="scopeVisibility::Main.test4" time="0.0080"></testcase>
  <testcase name="readWriteParameterTests::Main.testBoolParameter" time="0.0060"></testcase>
  <testcase name="readWriteParameterTests::Main.testIntegerParameter" time="0.0070"></testcase>
  <testcase name="readWriteParameterTests::Main.testStringParameter" time="0.0070"></testcase>
  <testcase name="readWriteParameterTests::Main.testStringAppendParameter" time="0.0080"></testcase>
  <testcase name="readWriteParameterTests::Main.testEnumParameter" time="0.0070"></testcase>
  <testcase name="readWriteParameterTests::Main.testUserClassParameter" time="0.0060"></testcase>
  <testcase name="readWriteParameterTests::Main.test2BoolParameters" time="0.0080"></testcase>
  <testcase name="readWriteParameterTests::Main.test2IntegerParameters" time="0.0090"></testcase>
  <testcase name="readWriteParameterTests::Main.test2StringParameters" time="0.0080"></testcase>
  <testcase name="readWriteParameterTests::Main.test2StringAppendParameter" time="0.0070"></testcase>
  <testcase name="readWriteParameterTests::Main.test2EnumParameter" time="0.0070">
    <error message="kermeta exception : [kermeta::standard::String : 265304 = &quot;test temporarily disabled due to bug #108&quot;]" type="fr.irisa.triskell.kermeta.interpreter.KermetaRaisedException">fr.irisa.triskell.kermeta.interpreter.KermetaRaisedException: kermeta exception : [kermeta::standard::String : 265304 = &quot;test temporarily disabled due to bug #108&quot;]test temporarily disabled due to bug #108
Trace: 
    file &apos;file:/tmp/kermeta_build/src/plugins/fr.irisa.triskell.kermeta.interpreter/test/kmt_testcases/052_testReadWriteParameter.main.kmt&apos;, line -2 ( raise &quot;test temporarily disabled due to bug #108&quot; )
    file &apos;file:/tmp/kermeta_build/src/plugins/fr.irisa.triskell.kermeta.interpreter/test/kmt_testcases/052_testReadWriteParameter.main.kmt&apos;, line -2, in &apos;[readWriteParameterTests::Main : 265302].test2EnumParameter&apos; ( operation test2EnumParameter() : Void is (...) )
------------END OF STACK TRACE------------

	at fr.irisa.triskell.kermeta.interpreter.ExpressionInterpreter.raiseKermetaException(ExpressionInterpreter.java:1478)
	at fr.irisa.triskell.kermeta.interpreter.ExpressionInterpreter.visitRaise(ExpressionInterpreter.java:1376)
	at fr.irisa.triskell.kermeta.visitor.RaiseAcceptCommand.accept(KermetaOptimizedVisitor.java:402)
	at fr.irisa.triskell.kermeta.visitor.KermetaOptimizedVisitor.accept(KermetaOptimizedVisitor.java:156)
	at fr.irisa.triskell.kermeta.interpreter.ExpressionInterpreter.visitStatementList(ExpressionInterpreter.java:1442)
	at fr.irisa.triskell.kermeta.interpreter.ExpressionInterpreter.visitBlock(ExpressionInterpreter.java:569)
	at fr.irisa.triskell.kermeta.visitor.BlockAcceptCommand.accept(KermetaOptimizedVisitor.java:360)
	at fr.irisa.triskell.kermeta.visitor.KermetaOptimizedVisitor.accept(KermetaOptimizedVisitor.java:156)
	at fr.irisa.triskell.kermeta.interpreter.ExpressionInterpreter.visitOperation(ExpressionInterpreter.java:745)
	at fr.irisa.triskell.kermeta.visitor.OperationAcceptCommand.accept(KermetaOptimizedVisitor.java:516)
	at fr.irisa.triskell.kermeta.visitor.KermetaOptimizedVisitor.accept(KermetaOptimizedVisitor.java:156)
	at fr.irisa.triskell.kermeta.interpreter.ExpressionInterpreter.invoke(ExpressionInterpreter.java:144)
	at fr.irisa.triskell.kermeta.launcher.KermetaInterpreter.launch(KermetaInterpreter.java:266)
	at fr.irisa.triskell.kermeta.launcher.RunTestCase.runTest(RunTestCase.java:109)
</error>
  </testcase>
  <testcase name="root::TestCollection.testRemoveOnPrimitiveType" time="0.08"></testcase>
  <testcase name="root::TestCollection.testRemoveOnNonPrimitiveType" time="0.016"></testcase>
  <testcase name="root::TestCollection.testContainsOnPrimitiveType" time="0.038"></testcase>
  <testcase name="root::TestCollection.testContainsOnNonPrimitiveType" time="0.021"></testcase>
  <testcase name="Object::Test.testCorrectIsKindOf" time="0.0070"></testcase>
  <testcase name="Object::Test.testIncorrectIsKindOf" time="0.0060"></testcase>
  <testcase name="Object::Test.testCorrectIsKindOf2" time="0.0070"></testcase>
  <testcase name="Object::Test.testIncorrectIsKindOf2" time="0.0060"></testcase>
  <testcase name="Object::Test.testCorrectIsKindOf3" time="0.0070"></testcase>
  <testcase name="Object::Test.testIncorrectIsKindOf3" time="0.0060"></testcase>
  <testcase name="CollectionTest::TestEqualsOnCollection.test_try1" time="0.034"></testcase>
  <testcase name="CollectionTest::TestEqualsOnCollection.test_try2" time="0.025"></testcase>
  <testcase name="CollectionTest::TestEqualsOnCollection.test_try3" time="0.094"></testcase>
  <testcase name="CollectionTest::TestEqualsOnCollection.test_try4" time="0.041"></testcase>
  <testcase name="CollectionTest::TestEqualsOnCollection.test_try5" time="0.024"></testcase>
  <testcase name="CollectionTest::TestEqualsOnCollection.test_try6" time="0.034"></testcase>
  <testcase name="CollectionTest::TestEqualsOnCollection.test_try7" time="0.095">
    <failure message="fr.irisa.triskell.kermeta.interpreter.KermetaRaisedException: kermeta exception : [kermeta::kunit::AssertionFailedError : 282660]
assert number 1 failed
Trace: 
      [CollectionTest::TestEqualsOnCollection : 281207].fail
    file &apos;file:/tmp/kermeta_build/src/plugins/fr.irisa.triskell.kermeta.interpreter/test/kmt_testcases/058_testEqualsOnCollection.main.kmt&apos;, line -2, in &apos;[CollectionTest::TestEqualsOnCollection : 281207].assert&apos; ( assert(os.equals(os2)) )
    file &apos;file:/tmp/kermeta_build/src/plugins/fr.irisa.triskell.kermeta.interpreter/test/kmt_testcases/058_testEqualsOnCollection.main.kmt&apos;, line -2, in &apos;[CollectionTest::TestEqualsOnCollection : 281207].test_try7&apos; ( operation test_try7() : Void is (...) )
------------END OF STACK TRACE------------
" type="junit.framework.AssertionFailedError">junit.framework.AssertionFailedError: fr.irisa.triskell.kermeta.interpreter.KermetaRaisedException: kermeta exception : [kermeta::kunit::AssertionFailedError : 282660]
assert number 1 failed
Trace: 
      [CollectionTest::TestEqualsOnCollection : 281207].fail
    file &apos;file:/tmp/kermeta_build/src/plugins/fr.irisa.triskell.kermeta.interpreter/test/kmt_testcases/058_testEqualsOnCollection.main.kmt&apos;, line -2, in &apos;[CollectionTest::TestEqualsOnCollection : 281207].assert&apos; ( assert(os.equals(os2)) )
    file &apos;file:/tmp/kermeta_build/src/plugins/fr.irisa.triskell.kermeta.interpreter/test/kmt_testcases/058_testEqualsOnCollection.main.kmt&apos;, line -2, in &apos;[CollectionTest::TestEqualsOnCollection : 281207].test_try7&apos; ( operation test_try7() : Void is (...) )
------------END OF STACK TRACE------------

	at fr.irisa.triskell.kermeta.launcher.RunTestCase.runTest(RunTestCase.java:117)
</failure>
  </testcase>
  <testcase name="CollectionTest::TestEqualsOnCollection.test_try8" time="0.093"></testcase>
  <testcase name="CollectionTest::TestEqualsOnCollection.test_try9" time="0.073"></testcase>
  <testcase name="CollectionTest::TestEqualsOnCollection.test_try10" time="0.0080"></testcase>
  <testcase name="CollectionTest::TestEqualsOnCollection.test_try11" time="0.019"></testcase>
  <testcase name="CollectionTest::TestEqualsOnCollection.test_try12" time="0.047"></testcase>
  <testcase name="CollectionTest::TestEqualsOnCollection.test_try13" time="0.035"></testcase>
  <testcase name="CollectionTest::TestEqualsOnCollection.test_try14" time="0.05"></testcase>
  <testcase name="testFreezeOnNewClass::Test.test_simpleClass" time="0.0080"></testcase>
  <testcase name="testFreezeOnNewClass::Test.test_parametrizedClassOK" time="0.01"></testcase>
  <testcase name="testFreezeOnNewClass::Test.test_parametrizedClassFaultly" time="0.013">
    <failure message="fr.irisa.triskell.kermeta.interpreter.KermetaRaisedException: kermeta exception : [kermeta::kunit::AssertionFailedError : 292799]
assert number 1 failed
Trace: 
      [testFreezeOnNewClass::Test : 292689].fail
    file &apos;file:/tmp/kermeta_build/src/plugins/fr.irisa.triskell.kermeta.interpreter/test/kmt_testcases/059_testFreezeOnNewClass.main.kmt&apos;, line -2, in &apos;[testFreezeOnNewClass::Test : 292689].assert&apos; ( assert((is_OK) == (false)) )
    file &apos;file:/tmp/kermeta_build/src/plugins/fr.irisa.triskell.kermeta.interpreter/test/kmt_testcases/059_testFreezeOnNewClass.main.kmt&apos;, line -2, in &apos;[testFreezeOnNewClass::Test : 292689].test_parametrizedClassFaultly&apos; ( operation test_parametrizedClassFaultly() : Void is (...) )
------------END OF STACK TRACE------------
" type="junit.framework.AssertionFailedError">junit.framework.AssertionFailedError: fr.irisa.triskell.kermeta.interpreter.KermetaRaisedException: kermeta exception : [kermeta::kunit::AssertionFailedError : 292799]
assert number 1 failed
Trace: 
      [testFreezeOnNewClass::Test : 292689].fail
    file &apos;file:/tmp/kermeta_build/src/plugins/fr.irisa.triskell.kermeta.interpreter/test/kmt_testcases/059_testFreezeOnNewClass.main.kmt&apos;, line -2, in &apos;[testFreezeOnNewClass::Test : 292689].assert&apos; ( assert((is_OK) == (false)) )
    file &apos;file:/tmp/kermeta_build/src/plugins/fr.irisa.triskell.kermeta.interpreter/test/kmt_testcases/059_testFreezeOnNewClass.main.kmt&apos;, line -2, in &apos;[testFreezeOnNewClass::Test : 292689].test_parametrizedClassFaultly&apos; ( operation test_parametrizedClassFaultly() : Void is (...) )
------------END OF STACK TRACE------------

	at fr.irisa.triskell.kermeta.launcher.RunTestCase.runTest(RunTestCase.java:117)
</failure>
  </testcase>
  <testcase name="testNewOnModelType::Test.test_simple" time="0.017"></testcase>
  <testcase name="weavingtest::Main.main" time="0.0070"></testcase>
  <testcase name="Object::TestIsInstance.testIsInstanceOf1" time="0.0060"></testcase>
  <testcase name="Object::TestIsInstance.testIsInstanceOf2" time="0.0070"></testcase>
  <testcase name="Object::TestIsInstance.testIsInstanceOf3" time="0.0080"></testcase>
  <testcase name="Object::TestIsInstance.testIsInstanceOf4" time="0.0060"></testcase>
  <testcase name="Object::TestIsInstance.testIsInstanceOf5" time="0.0060"></testcase>
  <testcase name="Object::TestIsInstance.testIsInstanceOf6" time="0.0060"></testcase>
  <testcase name="Object::TestAsType.testAsType1" time="0.0050"></testcase>
  <testcase name="Object::TestAsType.testAsType2" time="0.0070"></testcase>
  <testcase name="Object::TestAsType.testAsType3" time="0.0070"></testcase>
  <testcase name="Object::TestAsType.testAsType4" time="0.0070"></testcase>
  <testcase name="Object::TestAsType.testAsType5" time="0.0040"></testcase>
  <testcase name="Object::TestAsType.testAsType6" time="0.0060"></testcase>
  <testcase name="test::TestReal.testRealInstanciation" time="0.0090"></testcase>
  <testcase name="test::TestReal.testRealCompare" time="0.04"></testcase>
  <testcase name="test::TestReal.testEquals" time="0.014"></testcase>
  <testcase name="test::TestReal.testRealPlus" time="0.011"></testcase>
  <testcase name="test::TestReal.testRealMinus" time="0.011"></testcase>
  <testcase name="test::TestReal.testRealMult" time="0.01"></testcase>
  <testcase name="test::TestReal.testRealDiv" time="0.012"></testcase>
  <testcase name="test::TestReal.testToString" time="0.01"></testcase>
  <testcase name="test::TestReal.testStringConvertions" time="0.01"></testcase>
  <testcase name="InheritFromCollection::Tester.testInheritFromSetOfString" time="0.01"></testcase>
  <testcase name="InheritFromCollection::Tester.testParametricInheritFromSet" time="0.064"></testcase>
  <testcase name="Object::TestHasSubtype.testHasSubtype" time="0.0080"></testcase>
  <system-out><![CDATA[4
    ************************************************
    * Consumed memory : 118030336/832045056
    * #objects cached : 433
    * #ro created     : 626
    * #ro total       : 626
    * time (ms)       : 851
    ************************************************
    ************************************************
    * Consumed memory : 118030336/832045056
    * #objects cached : 434
    * #ro created     : 635
    * #ro total       : 1261
    * time (ms)       : 1177
    ************************************************
    ************************************************
    * Consumed memory : 118030336/832045056
    * #objects cached : 434
    * #ro created     : 635
    * #ro total       : 1896
    * time (ms)       : 20
    ************************************************
    ************************************************
    * Consumed memory : 118030336/832045056
    * #objects cached : 434
    * #ro created     : 634
    * #ro total       : 2530
    * time (ms)       : 25
    ************************************************
    ************************************************
    * Consumed memory : 118030336/832045056
    * #objects cached : 434
    * #ro created     : 635
    * #ro total       : 3165
    * time (ms)       : 149
    ************************************************
    ************************************************
    * Consumed memory : 130285568/832045056
    * #objects cached : 434
    * #ro created     : 634
    * #ro total       : 3799
    * time (ms)       : 650
    ************************************************
5    ************************************************
    * Consumed memory : 130285568/832045056
    * #objects cached : 444
    * #ro created     : 897
    * #ro total       : 4696
    * time (ms)       : 183
    ************************************************
    ************************************************
    * Consumed memory : 130285568/832045056
    * #objects cached : 445
    * #ro created     : 648
    * #ro total       : 5344
    * time (ms)       : 12
    ************************************************
    ************************************************
    * Consumed memory : 130285568/832045056
    * #objects cached : 444
    * #ro created     : 635
    * #ro total       : 6771
    * time (ms)       : 11
    ************************************************
    ************************************************
    * Consumed memory : 130285568/832045056
    * #objects cached : 445
    * #ro created     : 648
    * #ro total       : 7419
    * time (ms)       : 12
    ************************************************
    ************************************************
    * Consumed memory : 130285568/832045056
    * #objects cached : 444
    * #ro created     : 635
    * #ro total       : 8054
    * time (ms)       : 9
    ************************************************
    ************************************************
    * Consumed memory : 130285568/832045056
    * #objects cached : 444
    * #ro created     : 635
    * #ro total       : 8689
    * time (ms)       : 110
    ************************************************
    ************************************************
    * Consumed memory : 130285568/832045056
    * #objects cached : 445
    * #ro created     : 648
    * #ro total       : 9337
    * time (ms)       : 12
    ************************************************
    ************************************************
    * Consumed memory : 130285568/832045056
    * #objects cached : 445
    * #ro created     : 648
    * #ro total       : 9985
    * time (ms)       : 12
    ************************************************
    ************************************************
    * Consumed memory : 130285568/832045056
    * #objects cached : 445
    * #ro created     : 652
    * #ro total       : 10637
    * time (ms)       : 13
    ************************************************
    ************************************************
    * Consumed memory : 130285568/832045056
    * #objects cached : 445
    * #ro created     : 648
    * #ro total       : 11285
    * time (ms)       : 12
    ************************************************
    ************************************************
    * Consumed memory : 130285568/832045056
    * #objects cached : 445
    * #ro created     : 664
    * #ro total       : 11949
    * time (ms)       : 16
    ************************************************
    ************************************************
    * Consumed memory : 130285568/832045056
    * #objects cached : 445
    * #ro created     : 662
    * #ro total       : 12611
    * time (ms)       : 16
    ************************************************
    ************************************************
    * Consumed memory : 130285568/832045056
    * #objects cached : 445
    * #ro created     : 664
    * #ro total       : 13275
    * time (ms)       : 216
    ************************************************
    ************************************************
    * Consumed memory : 130285568/832045056
    * #objects cached : 445
    * #ro created     : 667
    * #ro total       : 13942
    * time (ms)       : 17
    ************************************************
    ************************************************
    * Consumed memory : 130285568/832045056
    * #objects cached : 445
    * #ro created     : 650
    * #ro total       : 14592
    * time (ms)       : 11
    ************************************************
    ************************************************
    * Consumed memory : 130285568/832045056
    * #objects cached : 445
    * #ro created     : 650
    * #ro total       : 15242
    * time (ms)       : 11
    ************************************************
    ************************************************
    * Consumed memory : 130285568/832045056
    * #objects cached : 445
    * #ro created     : 652
    * #ro total       : 15894
    * time (ms)       : 12
    ************************************************
    ************************************************
    * Consumed memory : 130285568/832045056
    * #objects cached : 445
    * #ro created     : 650
    * #ro total       : 16544
    * time (ms)       : 11
    ************************************************
    ************************************************
    * Consumed memory : 130285568/832045056
    * #objects cached : 445
    * #ro created     : 653
    * #ro total       : 17197
    * time (ms)       : 12
    ************************************************
    ************************************************
    * Consumed memory : 130285568/832045056
    * #objects cached : 445
    * #ro created     : 653
    * #ro total       : 17850
    * time (ms)       : 12
    ************************************************
    ************************************************
    * Consumed memory : 130285568/832045056
    * #objects cached : 445
    * #ro created     : 659
    * #ro total       : 18509
    * time (ms)       : 115
    ************************************************
1237
    ************************************************
    * Consumed memory : 130285568/832045056
    * #objects cached : 415
    * #ro created     : 610
    * #ro total       : 19119
    * time (ms)       : 10
    ************************************************
5
    ************************************************
    * Consumed memory : 130285568/832045056
    * #objects cached : 416
    * #ro created     : 612
    * #ro total       : 19731
    * time (ms)       : 10
    ************************************************
12
    ************************************************
    * Consumed memory : 130285568/832045056
    * #objects cached : 416
    * #ro created     : 614
    * #ro total       : 20345
    * time (ms)       : 10
    ************************************************
12
    ************************************************
    * Consumed memory : 130285568/832045056
    * #objects cached : 419
    * #ro created     : 620
    * #ro total       : 20965
    * time (ms)       : 10
    ************************************************
12
    ************************************************
    * Consumed memory : 130285568/832045056
    * #objects cached : 417
    * #ro created     : 617
    * #ro total       : 21582
    * time (ms)       : 11
    ************************************************
4
    ************************************************
    * Consumed memory : 130285568/832045056
    * #objects cached : 417
    * #ro created     : 613
    * #ro total       : 22195
    * time (ms)       : 10
    ************************************************
ERROR  setEntryPoint, Cannot find entry @mainOperation 'createMyObject' in @mainClass 'testOpCallObject::MyObjectCreation'
10528 [main] ERROR KMT.launcher  - Cannot find entry @mainOperation 'createMyObject' in @mainClass 'testOpCallObject::MyObjectCreation'
testifvoid is false
testif metaclass void is false
test  class [kermeta::language::structure::ClassDefinition:22205]
[testOpCallObject::MyObject:22807]
    ************************************************
    * Consumed memory : 130285568/832045056
    * #objects cached : 433
    * #ro created     : 756
    * #ro total       : 22951
    * time (ms)       : 134
    ************************************************
38
    ************************************************
    * Consumed memory : 130285568/832045056
    * #objects cached : 416
    * #ro created     : 631
    * #ro total       : 23582
    * time (ms)       : 14
    ************************************************
1000
    ************************************************
    * Consumed memory : 130678784/832045056
    * #objects cached : 419
    * #ro created     : 9683
    * #ro total       : 33265
    * time (ms)       : 2523
    ************************************************
0
-6
    ************************************************
    * Consumed memory : 130678784/832045056
    * #objects cached : 432
    * #ro created     : 656
    * #ro total       : 33921
    * time (ms)       : 11
    ************************************************
0-6    ************************************************
    * Consumed memory : 130678784/832045056
    * #objects cached : 432
    * #ro created     : 643
    * #ro total       : 34564
    * time (ms)       : 8
    ************************************************
Prepend_Append
    ************************************************
    * Consumed memory : 130678784/832045056
    * #objects cached : 432
    * #ro created     : 637
    * #ro total       : 35201
    * time (ms)       : 7
    ************************************************
Prependwithplus_Append
    ************************************************
    * Consumed memory : 130678784/832045056
    * #objects cached : 432
    * #ro created     : 637
    * #ro total       : 35838
    * time (ms)       : 7
    ************************************************
    ************************************************
    * Consumed memory : 130678784/832045056
    * #objects cached : 432
    * #ro created     : 633
    * #ro total       : 36471
    * time (ms)       : 7
    ************************************************
    ************************************************
    * Consumed memory : 130678784/832045056
    * #objects cached : 432
    * #ro created     : 633
    * #ro total       : 37104
    * time (ms)       : 6
    ************************************************
<void>
    ************************************************
    * Consumed memory : 130678784/832045056
    * #objects cached : 431
    * #ro created     : 625
    * #ro total       : 37729
    * time (ms)       : 5
    ************************************************
tititoto    ************************************************
    * Consumed memory : 130678784/832045056
    * #objects cached : 432
    * #ro created     : 636
    * #ro total       : 38365
    * time (ms)       : 7
    ************************************************
    ************************************************
    * Consumed memory : 130678784/832045056
    * #objects cached : 436
    * #ro created     : 659
    * #ro total       : 39024
    * time (ms)       : 10
    ************************************************
    ************************************************
    * Consumed memory : 120979456/832045056
    * #objects cached : 432
    * #ro created     : 863
    * #ro total       : 39889
    * time (ms)       : 57
    ************************************************
onj    ************************************************
    * Consumed memory : 120979456/832045056
    * #objects cached : 432
    * #ro created     : 762
    * #ro total       : 40653
    * time (ms)       : 10
    ************************************************
    ************************************************
    * Consumed memory : 120979456/832045056
    * #objects cached : 432
    * #ro created     : 634
    * #ro total       : 41413
    * time (ms)       : 7
    ************************************************
    ************************************************
    * Consumed memory : 120979456/832045056
    * #objects cached : 432
    * #ro created     : 735
    * #ro total       : 42160
    * time (ms)       : 7
    ************************************************
    ************************************************
    * Consumed memory : 120979456/832045056
    * #objects cached : 432
    * #ro created     : 707
    * #ro total       : 42871
    * time (ms)       : 7
    ************************************************
3
    ************************************************
    * Consumed memory : 120979456/832045056
    * #objects cached : 432
    * #ro created     : 781
    * #ro total       : 43658
    * time (ms)       : 7
    ************************************************
testBackslashes s1


testBackslashes s2
\n
testBackslashes s3
\

testBackslashes s4
"
    ************************************************
    * Consumed memory : 120979456/832045056
    * #objects cached : 436
    * #ro created     : 928
    * #ro total       : 44586
    * time (ms)       : 19
    ************************************************
    ************************************************
    * Consumed memory : 120979456/832045056
    * #objects cached : 428
    * #ro created     : 758
    * #ro total       : 45349
    * time (ms)       : 8
    ************************************************
    ************************************************
    * Consumed memory : 120979456/832045056
    * #objects cached : 429
    * #ro created     : 705
    * #ro total       : 46061
    * time (ms)       : 7
    ************************************************
    ************************************************
    * Consumed memory : 120979456/832045056
    * #objects cached : 429
    * #ro created     : 690
    * #ro total       : 46757
    * time (ms)       : 7
    ************************************************
    ************************************************
    * Consumed memory : 120979456/832045056
    * #objects cached : 429
    * #ro created     : 763
    * #ro total       : 47525
    * time (ms)       : 7
    ************************************************
    ************************************************
    * Consumed memory : 120979456/832045056
    * #objects cached : 429
    * #ro created     : 652
    * #ro total       : 48181
    * time (ms)       : 7
    ************************************************
    ************************************************
    * Consumed memory : 120979456/832045056
    * #objects cached : 429
    * #ro created     : 640
    * #ro total       : 48821
    * time (ms)       : 11
    ************************************************
    ************************************************
    * Consumed memory : 120979456/832045056
    * #objects cached : 429
    * #ro created     : 645
    * #ro total       : 49466
    * time (ms)       : 10
    ************************************************
    ************************************************
    * Consumed memory : 120979456/832045056
    * #objects cached : 429
    * #ro created     : 639
    * #ro total       : 50105
    * time (ms)       : 9
    ************************************************
    ************************************************
    * Consumed memory : 120979456/832045056
    * #objects cached : 429
    * #ro created     : 661
    * #ro total       : 50766
    * time (ms)       : 11
    ************************************************
    ************************************************
    * Consumed memory : 120979456/832045056
    * #objects cached : 429
    * #ro created     : 633
    * #ro total       : 51399
    * time (ms)       : 7
    ************************************************
    ************************************************
    * Consumed memory : 120979456/832045056
    * #objects cached : 429
    * #ro created     : 633
    * #ro total       : 52032
    * time (ms)       : 7
    ************************************************
ERROR  setEntryPoint, Cannot find entry @mainOperation 'createMyObjects' in @mainClass 'testAttributes::MyObjectsCreation'
13489 [main] ERROR KMT.launcher  - Cannot find entry @mainOperation 'createMyObjects' in @mainClass 'testAttributes::MyObjectsCreation'
    ************************************************
    * Consumed memory : 120979456/832045056
    * #objects cached : 421
    * #ro created     : 634
    * #ro total       : 52666
    * time (ms)       : 8
    ************************************************
    ************************************************
    * Consumed memory : 120979456/832045056
    * #objects cached : 426
    * #ro created     : 632
    * #ro total       : 53298
    * time (ms)       : 7
    ************************************************
    ************************************************
    * Consumed memory : 120979456/832045056
    * #objects cached : 427
    * #ro created     : 633
    * #ro total       : 53931
    * time (ms)       : 7
    ************************************************
    ************************************************
    * Consumed memory : 120979456/832045056
    * #objects cached : 425
    * #ro created     : 619
    * #ro total       : 54550
    * time (ms)       : 14
    ************************************************
    ************************************************
    * Consumed memory : 120979456/832045056
    * #objects cached : 427
    * #ro created     : 666
    * #ro total       : 55216
    * time (ms)       : 14
    ************************************************
    ************************************************
    * Consumed memory : 120979456/832045056
    * #objects cached : 444
    * #ro created     : 696
    * #ro total       : 55912
    * time (ms)       : 7
    ************************************************
    ************************************************
    * Consumed memory : 120979456/832045056
    * #objects cached : 437
    * #ro created     : 668
    * #ro total       : 56580
    * time (ms)       : 114
    ************************************************
c.getAttribute()==2
    ************************************************
    * Consumed memory : 120979456/832045056
    * #objects cached : 426
    * #ro created     : 689
    * #ro total       : 57269
    * time (ms)       : 19
    ************************************************
exceptionA rescued
27 propagated
exceptionA rescued
exceptionA rescued
27 propagated
    ************************************************
    * Consumed memory : 120979456/832045056
    * #objects cached : 435
    * #ro created     : 687
    * #ro total       : 57956
    * time (ms)       : 143
    ************************************************
    ************************************************
    * Consumed memory : 120979456/832045056
    * #objects cached : 434
    * #ro created     : 633
    * #ro total       : 58589
    * time (ms)       : 7
    ************************************************
    ************************************************
    * Consumed memory : 120979456/832045056
    * #objects cached : 446
    * #ro created     : 694
    * #ro total       : 59283
    * time (ms)       : 9
    ************************************************
    ************************************************
    * Consumed memory : 120979456/832045056
    * #objects cached : 444
    * #ro created     : 715
    * #ro total       : 59998
    * time (ms)       : 24
    ************************************************
    ************************************************
    * Consumed memory : 128188416/832045056
    * #objects cached : 440
    * #ro created     : 883
    * #ro total       : 60881
    * time (ms)       : 372
    ************************************************
    ************************************************
    * Consumed memory : 128188416/832045056
    * #objects cached : 444
    * #ro created     : 726
    * #ro total       : 61607
    * time (ms)       : 18
    ************************************************
    ************************************************
    * Consumed memory : 128188416/832045056
    * #objects cached : 462
    * #ro created     : 794
    * #ro total       : 62401
    * time (ms)       : 19
    ************************************************
    ************************************************
    * Consumed memory : 128188416/832045056
    * #objects cached : 458
    * #ro created     : 790
    * #ro total       : 63191
    * time (ms)       : 19
    ************************************************
    ************************************************
    * Consumed memory : 128188416/832045056
    * #objects cached : 462
    * #ro created     : 801
    * #ro total       : 63992
    * time (ms)       : 22
    ************************************************
    ************************************************
    * Consumed memory : 128188416/832045056
    * #objects cached : 435
    * #ro created     : 736
    * #ro total       : 64734
    * time (ms)       : 8
    ************************************************
    ************************************************
    * Consumed memory : 128188416/832045056
    * #objects cached : 435
    * #ro created     : 765
    * #ro total       : 65505
    * time (ms)       : 109
    ************************************************
    ************************************************
    * Consumed memory : 128188416/832045056
    * #objects cached : 429
    * #ro created     : 642
    * #ro total       : 66147
    * time (ms)       : 8
    ************************************************
    ************************************************
    * Consumed memory : 128188416/832045056
    * #objects cached : 430
    * #ro created     : 836
    * #ro total       : 66986
    * time (ms)       : 8
    ************************************************
    ************************************************
    * Consumed memory : 128188416/832045056
    * #objects cached : 429
    * #ro created     : 653
    * #ro total       : 67644
    * time (ms)       : 8
    ************************************************
    ************************************************
    * Consumed memory : 128188416/832045056
    * #objects cached : 430
    * #ro created     : 786
    * #ro total       : 68436
    * time (ms)       : 8
    ************************************************
    ************************************************
    * Consumed memory : 128188416/832045056
    * #objects cached : 429
    * #ro created     : 686
    * #ro total       : 69128
    * time (ms)       : 8
    ************************************************
    ************************************************
    * Consumed memory : 128188416/832045056
    * #objects cached : 429
    * #ro created     : 724
    * #ro total       : 69852
    * time (ms)       : 8
    ************************************************
    ************************************************
    * Consumed memory : 128188416/832045056
    * #objects cached : 430
    * #ro created     : 748
    * #ro total       : 70602
    * time (ms)       : 9
    ************************************************
    ************************************************
    * Consumed memory : 128188416/832045056
    * #objects cached : 430
    * #ro created     : 720
    * #ro total       : 71322
    * time (ms)       : 9
    ************************************************
    ************************************************
    * Consumed memory : 128188416/832045056
    * #objects cached : 430
    * #ro created     : 783
    * #ro total       : 72114
    * time (ms)       : 9
    ************************************************
ERROR  setEntryPoint, Cannot find entry @mainOperation 'test1_1Opposites' in @mainClass 'testOpposites::TestOpposites'
14534 [main] ERROR KMT.launcher  - Cannot find entry @mainOperation 'test1_1Opposites' in @mainClass 'testOpposites::TestOpposites'
    ************************************************
    * Consumed memory : 128188416/832045056
    * #objects cached : 439
    * #ro created     : 744
    * #ro total       : 72860
    * time (ms)       : 11
    ************************************************
ERROR  setEntryPoint, Cannot find entry @mainOperation 'test1_1Opposites' in @mainClass 'testOpposites::TestOpposites'
14645 [main] ERROR KMT.launcher  - Cannot find entry @mainOperation 'test1_1Opposites' in @mainClass 'testOpposites::TestOpposites'
    ************************************************
    * Consumed memory : 128188416/832045056
    * #objects cached : 439
    * #ro created     : 802
    * #ro total       : 73665
    * time (ms)       : 109
    ************************************************
ERROR  setEntryPoint, Cannot find entry @mainOperation 'test1_1Opposites' in @mainClass 'testOpposites::TestOpposites'
14654 [main] ERROR KMT.launcher  - Cannot find entry @mainOperation 'test1_1Opposites' in @mainClass 'testOpposites::TestOpposites'
    ************************************************
    * Consumed memory : 128188416/832045056
    * #objects cached : 439
    * #ro created     : 659
    * #ro total       : 74324
    * time (ms)       : 9
    ************************************************
ERROR  setEntryPoint, Cannot find entry @mainOperation 'test1_1Opposites' in @mainClass 'testOpposites::TestOpposites'
14664 [main] ERROR KMT.launcher  - Cannot find entry @mainOperation 'test1_1Opposites' in @mainClass 'testOpposites::TestOpposites'
    ************************************************
    * Consumed memory : 128188416/832045056
    * #objects cached : 439
    * #ro created     : 659
    * #ro total       : 74983
    * time (ms)       : 9
    ************************************************
ERROR  setEntryPoint, Cannot find entry @mainOperation 'test1_1Opposites' in @mainClass 'testOpposites::TestOpposites'
14673 [main] ERROR KMT.launcher  - Cannot find entry @mainOperation 'test1_1Opposites' in @mainClass 'testOpposites::TestOpposites'
    ************************************************
    * Consumed memory : 128188416/832045056
    * #objects cached : 440
    * #ro created     : 675
    * #ro total       : 75658
    * time (ms)       : 13
    ************************************************
ERROR  setEntryPoint, Cannot find entry @mainOperation 'test1_1Opposites' in @mainClass 'testOpposites::TestOpposites'
14686 [main] ERROR KMT.launcher  - Cannot find entry @mainOperation 'test1_1Opposites' in @mainClass 'testOpposites::TestOpposites'
    ************************************************
    * Consumed memory : 128188416/832045056
    * #objects cached : 440
    * #ro created     : 678
    * #ro total       : 76336
    * time (ms)       : 14
    ************************************************
ERROR  setEntryPoint, Cannot find entry @mainOperation 'test1_1Opposites' in @mainClass 'testOpposites::TestOpposites'
14701 [main] ERROR KMT.launcher  - Cannot find entry @mainOperation 'test1_1Opposites' in @mainClass 'testOpposites::TestOpposites'
    ************************************************
    * Consumed memory : 128188416/832045056
    * #objects cached : 440
    * #ro created     : 672
    * #ro total       : 77008
    * time (ms)       : 12
    ************************************************
ERROR  setEntryPoint, Cannot find entry @mainOperation 'test1_1Opposites' in @mainClass 'testOpposites::TestOpposites'
14714 [main] ERROR KMT.launcher  - Cannot find entry @mainOperation 'test1_1Opposites' in @mainClass 'testOpposites::TestOpposites'
    ************************************************
    * Consumed memory : 128188416/832045056
    * #objects cached : 440
    * #ro created     : 684
    * #ro total       : 77692
    * time (ms)       : 15
    ************************************************
ERROR  setEntryPoint, Cannot find entry @mainOperation 'test1_1Opposites' in @mainClass 'testOpposites::TestOpposites'
14729 [main] ERROR KMT.launcher  - Cannot find entry @mainOperation 'test1_1Opposites' in @mainClass 'testOpposites::TestOpposites'
    ************************************************
    * Consumed memory : 128188416/832045056
    * #objects cached : 440
    * #ro created     : 678
    * #ro total       : 78370
    * time (ms)       : 14
    ************************************************
ERROR  setEntryPoint, Cannot find entry @mainOperation 'test1_1Opposites' in @mainClass 'testOpposites::TestOpposites'
14844 [main] ERROR KMT.launcher  - Cannot find entry @mainOperation 'test1_1Opposites' in @mainClass 'testOpposites::TestOpposites'
    ************************************************
    * Consumed memory : 128188416/832045056
    * #objects cached : 439
    * #ro created     : 661
    * #ro total       : 79031
    * time (ms)       : 109
    ************************************************
ERROR  setEntryPoint, Cannot find entry @mainOperation 'test1_1Opposites' in @mainClass 'testOpposites::TestOpposites'
14853 [main] ERROR KMT.launcher  - Cannot find entry @mainOperation 'test1_1Opposites' in @mainClass 'testOpposites::TestOpposites'
    ************************************************
    * Consumed memory : 128188416/832045056
    * #objects cached : 440
    * #ro created     : 684
    * #ro total       : 79715
    * time (ms)       : 14
    ************************************************
ERROR  setEntryPoint, Cannot find entry @mainOperation 'test1_1Opposites' in @mainClass 'testOpposites::TestOpposites'
14868 [main] ERROR KMT.launcher  - Cannot find entry @mainOperation 'test1_1Opposites' in @mainClass 'testOpposites::TestOpposites'
    ************************************************
    * Consumed memory : 183959552/832045056
    * #objects cached : 440
    * #ro created     : 1814
    * #ro total       : 81529
    * time (ms)       : 421
    ************************************************
ERROR  setEntryPoint, Cannot find entry @mainOperation 'test1_1Opposites' in @mainClass 'testOpposites::TestOpposites'
15289 [main] ERROR KMT.launcher  - Cannot find entry @mainOperation 'test1_1Opposites' in @mainClass 'testOpposites::TestOpposites'
    ************************************************
    * Consumed memory : 183959552/832045056
    * #objects cached : 440
    * #ro created     : 921
    * #ro total       : 82450
    * time (ms)       : 17
    ************************************************
ERROR  setEntryPoint, Cannot find entry @mainOperation 'test1_1Opposites' in @mainClass 'testOpposites::TestOpposites'
15306 [main] ERROR KMT.launcher  - Cannot find entry @mainOperation 'test1_1Opposites' in @mainClass 'testOpposites::TestOpposites'
    ************************************************
    * Consumed memory : 183959552/832045056
    * #objects cached : 440
    * #ro created     : 900
    * #ro total       : 83353
    * time (ms)       : 18
    ************************************************
    ************************************************
    * Consumed memory : 183959552/832045056
    * #objects cached : 444
    * #ro created     : 694
    * #ro total       : 84051
    * time (ms)       : 8
    ************************************************
    ************************************************
    * Consumed memory : 183959552/832045056
    * #objects cached : 444
    * #ro created     : 2810
    * #ro total       : 86861
    * time (ms)       : 200
    ************************************************
    ************************************************
    * Consumed memory : 183959552/832045056
    * #objects cached : 443
    * #ro created     : 672
    * #ro total       : 87533
    * time (ms)       : 6
    ************************************************
    ************************************************
    * Consumed memory : 183959552/832045056
    * #objects cached : 443
    * #ro created     : 674
    * #ro total       : 88207
    * time (ms)       : 7
    ************************************************
    ************************************************
    * Consumed memory : 183959552/832045056
    * #objects cached : 443
    * #ro created     : 667
    * #ro total       : 88874
    * time (ms)       : 7
    ************************************************
[kermeta::language::structure::EnumerationLiteral:89516]
rouge
vert
    ************************************************
    * Consumed memory : 183959552/832045056
    * #objects cached : 455
    * #ro created     : 809
    * #ro total       : 89683
    * time (ms)       : 46
    ************************************************
    ************************************************
    * Consumed memory : 183959552/832045056
    * #objects cached : 442
    * #ro created     : 662
    * #ro total       : 90345
    * time (ms)       : 6
    ************************************************
    ************************************************
    * Consumed memory : 183959552/832045056
    * #objects cached : 442
    * #ro created     : 662
    * #ro total       : 91007
    * time (ms)       : 8
    ************************************************
    ************************************************
    * Consumed memory : 183959552/832045056
    * #objects cached : 469
    * #ro created     : 841
    * #ro total       : 91848
    * time (ms)       : 28
    ************************************************
    ************************************************
    * Consumed memory : 183959552/832045056
    * #objects cached : 443
    * #ro created     : 667
    * #ro total       : 92515
    * time (ms)       : 6
    ************************************************
[kermeta::language::structure::EnumerationLiteral:93144][kermeta::language::structure::EnumerationLiteral:93144]
    ************************************************
    * Consumed memory : 183959552/832045056
    * #objects cached : 451
    * #ro created     : 783
    * #ro total       : 93298
    * time (ms)       : 21
    ************************************************
    ************************************************
    * Consumed memory : 183959552/832045056
    * #objects cached : 429
    * #ro created     : 642
    * #ro total       : 93940
    * time (ms)       : 10
    ************************************************
    ************************************************
    * Consumed memory : 183959552/832045056
    * #objects cached : 429
    * #ro created     : 650
    * #ro total       : 94590
    * time (ms)       : 16
    ************************************************
    ************************************************
    * Consumed memory : 183959552/832045056
    * #objects cached : 429
    * #ro created     : 642
    * #ro total       : 95232
    * time (ms)       : 7
    ************************************************
    ************************************************
    * Consumed memory : 183959552/832045056
    * #objects cached : 429
    * #ro created     : 642
    * #ro total       : 95874
    * time (ms)       : 10
    ************************************************
    ************************************************
    * Consumed memory : 188022784/832045056
    * #objects cached : 429
    * #ro created     : 2853
    * #ro total       : 98727
    * time (ms)       : 396
    ************************************************
Division par zero
    ************************************************
    * Consumed memory : 188022784/832045056
    * #objects cached : 427
    * #ro created     : 637
    * #ro total       : 99364
    * time (ms)       : 8
    ************************************************
Integer undeclared test
    ************************************************
    * Consumed memory : 188022784/832045056
    * #objects cached : 427
    * #ro created     : 636
    * #ro total       : 100000
    * time (ms)       : 7
    ************************************************
Bool undeclared test
    ************************************************
    * Consumed memory : 188022784/832045056
    * #objects cached : 436
    * #ro created     : 688
    * #ro total       : 100695
    * time (ms)       : 7
    ************************************************
Conditional exception
    ************************************************
    * Consumed memory : 188022784/832045056
    * #objects cached : 433
    * #ro created     : 685
    * #ro total       : 101380
    * time (ms)       : 13
    ************************************************
setUp called
param of callParametred1Param is : I am the test 1
    ************************************************
    * Consumed memory : 188022784/832045056
    * #objects cached : 433
    * #ro created     : 642
    * #ro total       : 102022
    * time (ms)       : 6
    ************************************************
setUp called
param of callParametred2param :I am first param of test 2 and 3
    ************************************************
    * Consumed memory : 188022784/832045056
    * #objects cached : 433
    * #ro created     : 647
    * #ro total       : 102669
    * time (ms)       : 7
    ************************************************
setUp called
    ************************************************
    * Consumed memory : 188022784/832045056
    * #objects cached : 441
    * #ro created     : 662
    * #ro total       : 103331
    * time (ms)       : 7
    ************************************************
setUp called
    ************************************************
    * Consumed memory : 188022784/832045056
    * #objects cached : 433
    * #ro created     : 639
    * #ro total       : 103970
    * time (ms)       : 6
    ************************************************
setUp called
    ************************************************
    * Consumed memory : 188022784/832045056
    * #objects cached : 450
    * #ro created     : 712
    * #ro total       : 104682
    * time (ms)       : 9
    ************************************************
setUp called
    ************************************************
    * Consumed memory : 188022784/832045056
    * #objects cached : 443
    * #ro created     : 683
    * #ro total       : 105365
    * time (ms)       : 10
    ************************************************
    ************************************************
    * Consumed memory : 188022784/832045056
    * #objects cached : 422
    * #ro created     : 623
    * #ro total       : 105988
    * time (ms)       : 6
    ************************************************
    ************************************************
    * Consumed memory : 188022784/832045056
    * #objects cached : 432
    * #ro created     : 663
    * #ro total       : 106651
    * time (ms)       : 107
    ************************************************
    ************************************************
    * Consumed memory : 188022784/832045056
    * #objects cached : 434
    * #ro created     : 684
    * #ro total       : 107335
    * time (ms)       : 6
    ************************************************
metaclass_package::TheClass
TheClass
    ************************************************
    * Consumed memory : 188022784/832045056
    * #objects cached : 442
    * #ro created     : 728
    * #ro total       : 108063
    * time (ms)       : 11
    ************************************************
    ************************************************
    * Consumed memory : 188022784/832045056
    * #objects cached : 424
    * #ro created     : 645
    * #ro total       : 108708
    * time (ms)       : 15
    ************************************************
-----------------------------------------------------------
TEST SIMPLE CLONE
Construction d'un message m1 
Message OID : 109338
 - body : Bonjour les amis
 - size : 10
 - isRead : true
 - priority : [kermeta::language::structure::EnumerationLiteral:109341]
 - receivers : []
 - owner : 109291
Clonage du message m1 (-> m2)
Message OID : 109519
 - body : Bonjour les amis
 - size : 10
 - isRead : true
 - priority : [kermeta::language::structure::EnumerationLiteral:109341]
 - receivers : []
 - owner : 109291
-----------------------------------------------------------
TEST CLONE ON REFERENCE [0..*]
Construction d'un message m3 
Message OID : 109588
 - body : Damn right, I've got the Blues
 - size : 10
 - isRead : true
 - priority : [kermeta::language::structure::EnumerationLiteral:109341]
 - receivers : []
 - owner : 109291
Construction d'un utilisateur u1
User OID : 109636
 - firstname : Franck
 - lastname : Chauvel
 - message box : [109338 109588 ]
Construction d'un utilisateur u2
User OID : 109683
 - firstname : Robert
 - lastname : Johnson
 - message box : [109338 109588 ]
Construction d'un utilisateur u3, clone de u1
User OID : 109711
 - firstname : Franck
 - lastname : Chauvel
 - message box : []
-----------------------------------------------------------
TEST CLONE ON ATTRIBUTE [0..*]
Construction d'un pool de messages mp1 
Message Pool OID : 109740
Message OID : 109338
 - body : Bonjour les amis
 - size : 10
 - isRead : true
 - priority : [kermeta::language::structure::EnumerationLiteral:109341]
 - receivers : [109636 109683 ]
 - owner : 109740
Message OID : 109588
 - body : Damn right, I've got the Blues
 - size : 10
 - isRead : true
 - priority : [kermeta::language::structure::EnumerationLiteral:109341]
 - receivers : [109636 109683 ]
 - owner : 109740
Construction d'un pool de messages mp2 clone de mp1 
Message Pool OID : 109859
Message OID : 109861
 - body : Bonjour les amis
 - size : 10
 - isRead : true
 - priority : [kermeta::language::structure::EnumerationLiteral:109341]
 - receivers : []
 - owner : 109859
Message OID : 109866
 - body : Damn right, I've got the Blues
 - size : 10
 - isRead : true
 - priority : [kermeta::language::structure::EnumerationLiteral:109341]
 - receivers : []
 - owner : 109859
-----------------------------------------------------------
TEST UPDATE OPPOSITE REFERENCE
Have u1, a new message in its messagebox ?
User OID : 109636
 - firstname : Franck
 - lastname : Chauvel
 - message box : [109338 109588 ]
-----------------------------------------------------------
That's all folks ! 
    ************************************************
    * Consumed memory : 188022784/832045056
    * #objects cached : 453
    * #ro created     : 1288
    * #ro total       : 109996
    * time (ms)       : 115
    ************************************************
    ************************************************
    * Consumed memory : 188022784/832045056
    * #objects cached : 426
    * #ro created     : 628
    * #ro total       : 110624
    * time (ms)       : 5
    ************************************************
starting test
Creating a first object b1 of type B
 - name : toto
 - size : 10
 - is empty : true
Creating b2, a clone of object b1 of type B
 - name : toto
 - size : 10
 - is empty : true
Updating b2
 - name : titi
 - size : 12
 - is empty : true
Object a1 is 
--------------------------------------------------
 + b is 
 - name : toto
 - size : 10
 - is empty : true
 + b2 is
 - name : titi
 - size : 12
 - is empty : true
--------------------------------------------------
--------------------------------------------------
 + b is 
 - name : toto
 - size : 10
 - is empty : true
 + b2 is
 - name : titi
 - size : 12
 - is empty : true
--------------------------------------------------
Object a2 is
That's all folks ! 
    ************************************************
    * Consumed memory : 188022784/832045056
    * #objects cached : 429
    * #ro created     : 736
    * #ro total       : 111360
    * time (ms)       : 19
    ************************************************
*** First column (u) ***
Up
Up
Up
Compilation error
Up
Up
Compilation error: u.ctv(t)
Compilation error: u.ctv(m)
Up
*** Second column (d) ***
Compilation error: d.cv(t)
Down
Down
Down
Compilation error: d.inv(t)
Down
Down
Compilation error: d.ctv(t)
Compilation error: d.ctv(m)
Down
*** Third column (ud) ***
Down
Down
Down
Compilation error
Down
Down
Compilation error
Compilation error
Down
    ************************************************
    * Consumed memory : 180748288/832045056
    * #objects cached : 421
    * #ro created     : 885
    * #ro total       : 112245
    * time (ms)       : 90
    ************************************************
    ************************************************
    * Consumed memory : 180748288/832045056
    * #objects cached : 419
    * #ro created     : 646
    * #ro total       : 112893
    * time (ms)       : 6
    ************************************************
    ************************************************
    * Consumed memory : 180748288/832045056
    * #objects cached : 419
    * #ro created     : 613
    * #ro total       : 113506
    * time (ms)       : 6
    ************************************************
    ************************************************
    * Consumed memory : 180748288/832045056
    * #objects cached : 419
    * #ro created     : 754
    * #ro total       : 114262
    * time (ms)       : 6
    ************************************************
    ************************************************
    * Consumed memory : 180748288/832045056
    * #objects cached : 438
    * #ro created     : 672
    * #ro total       : 114936
    * time (ms)       : 5
    ************************************************
    ************************************************
    * Consumed memory : 180748288/832045056
    * #objects cached : 438
    * #ro created     : 638
    * #ro total       : 115574
    * time (ms)       : 6
    ************************************************
    ************************************************
    * Consumed memory : 180748288/832045056
    * #objects cached : 438
    * #ro created     : 649
    * #ro total       : 116225
    * time (ms)       : 6
    ************************************************
    ************************************************
    * Consumed memory : 180748288/832045056
    * #objects cached : 438
    * #ro created     : 751
    * #ro total       : 116981
    * time (ms)       : 6
    ************************************************
    ************************************************
    * Consumed memory : 180748288/832045056
    * #objects cached : 438
    * #ro created     : 691
    * #ro total       : 117679
    * time (ms)       : 6
    ************************************************
    ************************************************
    * Consumed memory : 180748288/832045056
    * #objects cached : 438
    * #ro created     : 640
    * #ro total       : 118320
    * time (ms)       : 6
    ************************************************
    ************************************************
    * Consumed memory : 180748288/832045056
    * #objects cached : 438
    * #ro created     : 814
    * #ro total       : 119136
    * time (ms)       : 9
    ************************************************
    ************************************************
    * Consumed memory : 180748288/832045056
    * #objects cached : 438
    * #ro created     : 652
    * #ro total       : 119792
    * time (ms)       : 6
    ************************************************
    ************************************************
    * Consumed memory : 180748288/832045056
    * #objects cached : 438
    * #ro created     : 678
    * #ro total       : 120470
    * time (ms)       : 7
    ************************************************
    ************************************************
    * Consumed memory : 180748288/832045056
    * #objects cached : 438
    * #ro created     : 785
    * #ro total       : 121260
    * time (ms)       : 6
    ************************************************
    ************************************************
    * Consumed memory : 180748288/832045056
    * #objects cached : 438
    * #ro created     : 655
    * #ro total       : 121920
    * time (ms)       : 6
    ************************************************
    ************************************************
    * Consumed memory : 180748288/832045056
    * #objects cached : 438
    * #ro created     : 637
    * #ro total       : 122557
    * time (ms)       : 7
    ************************************************
    ************************************************
    * Consumed memory : 180748288/832045056
    * #objects cached : 438
    * #ro created     : 637
    * #ro total       : 123194
    * time (ms)       : 6
    ************************************************
    ************************************************
    * Consumed memory : 180748288/832045056
    * #objects cached : 438
    * #ro created     : 637
    * #ro total       : 123831
    * time (ms)       : 6
    ************************************************
    ************************************************
    * Consumed memory : 180748288/832045056
    * #objects cached : 438
    * #ro created     : 637
    * #ro total       : 124468
    * time (ms)       : 6
    ************************************************
    ************************************************
    * Consumed memory : 180748288/832045056
    * #objects cached : 438
    * #ro created     : 637
    * #ro total       : 125105
    * time (ms)       : 6
    ************************************************
    ************************************************
    * Consumed memory : 180748288/832045056
    * #objects cached : 438
    * #ro created     : 637
    * #ro total       : 125742
    * time (ms)       : 6
    ************************************************
    ************************************************
    * Consumed memory : 180748288/832045056
    * #objects cached : 438
    * #ro created     : 637
    * #ro total       : 126379
    * time (ms)       : 6
    ************************************************
    ************************************************
    * Consumed memory : 180748288/832045056
    * #objects cached : 438
    * #ro created     : 637
    * #ro total       : 127016
    * time (ms)       : 6
    ************************************************
    ************************************************
    * Consumed memory : 180748288/832045056
    * #objects cached : 438
    * #ro created     : 637
    * #ro total       : 127653
    * time (ms)       : 5
    ************************************************
    ************************************************
    * Consumed memory : 180748288/832045056
    * #objects cached : 438
    * #ro created     : 637
    * #ro total       : 128290
    * time (ms)       : 5
    ************************************************
    ************************************************
    * Consumed memory : 180748288/832045056
    * #objects cached : 438
    * #ro created     : 637
    * #ro total       : 128927
    * time (ms)       : 5
    ************************************************
    ************************************************
    * Consumed memory : 180748288/832045056
    * #objects cached : 438
    * #ro created     : 637
    * #ro total       : 129564
    * time (ms)       : 5
    ************************************************
    ************************************************
    * Consumed memory : 180748288/832045056
    * #objects cached : 422
    * #ro created     : 625
    * #ro total       : 130189
    * time (ms)       : 5
    ************************************************
    ************************************************
    * Consumed memory : 180748288/832045056
    * #objects cached : 422
    * #ro created     : 625
    * #ro total       : 130814
    * time (ms)       : 6
    ************************************************
    ************************************************
    * Consumed memory : 180748288/832045056
    * #objects cached : 422
    * #ro created     : 625
    * #ro total       : 131439
    * time (ms)       : 5
    ************************************************
    ************************************************
    * Consumed memory : 180748288/832045056
    * #objects cached : 422
    * #ro created     : 625
    * #ro total       : 132064
    * time (ms)       : 5
    ************************************************
    ************************************************
    * Consumed memory : 180748288/832045056
    * #objects cached : 422
    * #ro created     : 623
    * #ro total       : 132687
    * time (ms)       : 6
    ************************************************
ERROR  setEntryPoint, Cannot find entry @mainOperation 'main_operation' in @mainClass 'testFrameworkToString::TestFrameworkToString'
16778 [main] ERROR KMT.launcher  - Cannot find entry @mainOperation 'main_operation' in @mainClass 'testFrameworkToString::TestFrameworkToString'
    ************************************************
    * Consumed memory : 180748288/832045056
    * #objects cached : 425
    * #ro created     : 626
    * #ro total       : 133313
    * time (ms)       : 6
    ************************************************
ERROR  setEntryPoint, Cannot find entry @mainOperation 'main_operation' in @mainClass 'testFrameworkToString::TestFrameworkToString'
16784 [main] ERROR KMT.launcher  - Cannot find entry @mainOperation 'main_operation' in @mainClass 'testFrameworkToString::TestFrameworkToString'
    ************************************************
    * Consumed memory : 180748288/832045056
    * #objects cached : 425
    * #ro created     : 626
    * #ro total       : 133939
    * time (ms)       : 6
    ************************************************
ERROR  setEntryPoint, Cannot find entry @mainOperation 'main_operation' in @mainClass 'testFrameworkToString::TestFrameworkToString'
16790 [main] ERROR KMT.launcher  - Cannot find entry @mainOperation 'main_operation' in @mainClass 'testFrameworkToString::TestFrameworkToString'
    ************************************************
    * Consumed memory : 180748288/832045056
    * #objects cached : 425
    * #ro created     : 626
    * #ro total       : 134565
    * time (ms)       : 6
    ************************************************
ERROR  setEntryPoint, Cannot find entry @mainOperation 'main_operation' in @mainClass 'testFrameworkToString::TestFrameworkToString'
16797 [main] ERROR KMT.launcher  - Cannot find entry @mainOperation 'main_operation' in @mainClass 'testFrameworkToString::TestFrameworkToString'
    ************************************************
    * Consumed memory : 180748288/832045056
    * #objects cached : 425
    * #ro created     : 627
    * #ro total       : 135192
    * time (ms)       : 6
    ************************************************
ERROR  setEntryPoint, Cannot find entry @mainOperation 'main_operation' in @mainClass 'testFrameworkToString::TestFrameworkToString'
16803 [main] ERROR KMT.launcher  - Cannot find entry @mainOperation 'main_operation' in @mainClass 'testFrameworkToString::TestFrameworkToString'
    ************************************************
    * Consumed memory : 180748288/832045056
    * #objects cached : 425
    * #ro created     : 627
    * #ro total       : 135819
    * time (ms)       : 6
    ************************************************
ERROR  setEntryPoint, Cannot find entry @mainOperation 'main_operation' in @mainClass 'testFrameworkToString::TestFrameworkToString'
16809 [main] ERROR KMT.launcher  - Cannot find entry @mainOperation 'main_operation' in @mainClass 'testFrameworkToString::TestFrameworkToString'
    ************************************************
    * Consumed memory : 180748288/832045056
    * #objects cached : 425
    * #ro created     : 629
    * #ro total       : 136448
    * time (ms)       : 6
    ************************************************
ERROR  setEntryPoint, Cannot find entry @mainOperation 'main_operation' in @mainClass 'testFrameworkToString::TestFrameworkToString'
16816 [main] ERROR KMT.launcher  - Cannot find entry @mainOperation 'main_operation' in @mainClass 'testFrameworkToString::TestFrameworkToString'
    ************************************************
    * Consumed memory : 185401344/832045056
    * #objects cached : 425
    * #ro created     : 857
    * #ro total       : 137310
    * time (ms)       : 90
    ************************************************
ERROR  setEntryPoint, Cannot find entry @mainOperation 'main_operation' in @mainClass 'testFrameworkToString::TestFrameworkToString'
16908 [main] ERROR KMT.launcher  - Cannot find entry @mainOperation 'main_operation' in @mainClass 'testFrameworkToString::TestFrameworkToString'
    ************************************************
    * Consumed memory : 185401344/832045056
    * #objects cached : 425
    * #ro created     : 802
    * #ro total       : 138123
    * time (ms)       : 9
    ************************************************
ERROR  setEntryPoint, Cannot find entry @mainOperation 'main_operation' in @mainClass 'testFrameworkToString::TestFrameworkToString'
16915 [main] ERROR KMT.launcher  - Cannot find entry @mainOperation 'main_operation' in @mainClass 'testFrameworkToString::TestFrameworkToString'
    ************************************************
    * Consumed memory : 185401344/832045056
    * #objects cached : 425
    * #ro created     : 690
    * #ro total       : 138817
    * time (ms)       : 7
    ************************************************
ERROR  setEntryPoint, Cannot find entry @mainOperation 'main_operation' in @mainClass 'testFrameworkToString::TestFrameworkToString'
16922 [main] ERROR KMT.launcher  - Cannot find entry @mainOperation 'main_operation' in @mainClass 'testFrameworkToString::TestFrameworkToString'
    ************************************************
    * Consumed memory : 185401344/832045056
    * #objects cached : 425
    * #ro created     : 761
    * #ro total       : 139581
    * time (ms)       : 7
    ************************************************
hashtable coucou
3
2
1
    ************************************************
    * Consumed memory : 185401344/832045056
    * #objects cached : 431
    * #ro created     : 750
    * #ro total       : 140335
    * time (ms)       : 9
    ************************************************
three
two
one
    ************************************************
    * Consumed memory : 185401344/832045056
    * #objects cached : 431
    * #ro created     : 757
    * #ro total       : 141098
    * time (ms)       : 7
    ************************************************
    ************************************************
    * Consumed memory : 185401344/832045056
    * #objects cached : 431
    * #ro created     : 718
    * #ro total       : 141817
    * time (ms)       : 8
    ************************************************
    ************************************************
    * Consumed memory : 185401344/832045056
    * #objects cached : 431
    * #ro created     : 811
    * #ro total       : 142634
    * time (ms)       : 9
    ************************************************
    ************************************************
    * Consumed memory : 185401344/832045056
    * #objects cached : 431
    * #ro created     : 660
    * #ro total       : 143294
    * time (ms)       : 7
    ************************************************
    ************************************************
    * Consumed memory : 185401344/832045056
    * #objects cached : 431
    * #ro created     : 826
    * #ro total       : 144120
    * time (ms)       : 8
    ************************************************
    ************************************************
    * Consumed memory : 185401344/832045056
    * #objects cached : 434
    * #ro created     : 847
    * #ro total       : 144974
    * time (ms)       : 36
    ************************************************
    ************************************************
    * Consumed memory : 185401344/832045056
    * #objects cached : 433
    * #ro created     : 1134
    * #ro total       : 146116
    * time (ms)       : 31
    ************************************************
  ----- setup ---
hashcode on MyKeytype = 3737
hashcode on MyKeytype = 3079908
hashcode on MyKeytype = 110634651
[testHashtableObjectEqualsKey::MyKeyType:146755]
[testHashtableObjectEqualsKey::MyKeyType:146762]
[testHashtableObjectEqualsKey::MyKeyType:146764]
    ************************************************
    * Consumed memory : 185401344/832045056
    * #objects cached : 449
    * #ro created     : 965
    * #ro total       : 147081
    * time (ms)       : 21
    ************************************************
  ----- setup ---
hashcode on MyKeytype = 3737
hashcode on MyKeytype = 3079908
hashcode on MyKeytype = 110634651
one
two
three
    ************************************************
    * Consumed memory : 185401344/832045056
    * #objects cached : 437
    * #ro created     : 846
    * #ro total       : 147927
    * time (ms)       : 16
    ************************************************
  ----- setup ---
hashcode on MyKeytype = 3737
hashcode on MyKeytype = 3079908
hashcode on MyKeytype = 110634651
hashcode on MyKeytype = 3737
hashcode on MyKeytype = 3079908
hashcode on MyKeytype = 110634651
    ************************************************
    * Consumed memory : 185401344/832045056
    * #objects cached : 437
    * #ro created     : 987
    * #ro total       : 148914
    * time (ms)       : 25
    ************************************************
  ----- setup ---
hashcode on MyKeytype = 3737
hashcode on MyKeytype = 3079908
hashcode on MyKeytype = 110634651
hashcode on MyKeytype = 3737
hashcode on MyKeytype = 3079908
hashcode on MyKeytype = 110634651
    ************************************************
    * Consumed memory : 185401344/832045056
    * #objects cached : 437
    * #ro created     : 985
    * #ro total       : 149901
    * time (ms)       : 23
    ************************************************
  ----- setup ---
hashcode on MyKeytype = 3737
hashcode on MyKeytype = 3079908
hashcode on MyKeytype = 110634651
hashcode on MyKeytype = 3737
hashcode on MyKeytype = 3737
hashcode on MyKeytype = 3079908
hashcode on MyKeytype = -948816438
    ************************************************
    * Consumed memory : 186843136/832045056
    * #objects cached : 437
    * #ro created     : 1296
    * #ro total       : 151197
    * time (ms)       : 86
    ************************************************
  ----- setup ---
hashcode on MyKeytype = 3737
hashcode on MyKeytype = 3079908
hashcode on MyKeytype = 110634651
hashcode on MyKeytype = 3079908
    ************************************************
    * Consumed memory : 186843136/832045056
    * #objects cached : 437
    * #ro created     : 886
    * #ro total       : 152086
    * time (ms)       : 17
    ************************************************
  ----- setup ---
hashcode on MyKeytype = 3737
hashcode on MyKeytype = 3079908
hashcode on MyKeytype = 110634651
hashcode on MyKeytype = 3737
    ************************************************
    * Consumed memory : 186843136/832045056
    * #objects cached : 437
    * #ro created     : 966
    * #ro total       : 153059
    * time (ms)       : 16
    ************************************************
  ----- setup ---
hashcode on MyKeytype = 3737
hashcode on MyKeytype = 3079908
hashcode on MyKeytype = 110634651
hashcode on MyKeytype = 3737
hashcode on MyKeytype = 3079908
hashcode on MyKeytype = 110634651
hashcode on MyKeytype = 3737
hashcode on MyKeytype = 3079908
hashcode on MyKeytype = 110634651
hashcode on MyKeytype = 3737
hashcode on MyKeytype = 3079908
hashcode on MyKeytype = 110634651
hashcode on MyKeytype = 3737
hashcode on MyKeytype = 3079908
hashcode on MyKeytype = 110634651
    ************************************************
    * Consumed memory : 186843136/832045056
    * #objects cached : 440
    * #ro created     : 1762
    * #ro total       : 154827
    * time (ms)       : 62
    ************************************************
  ----- setup ---
hashcode on MyKeytype = 3737
hashcode on MyKeytype = 3079908
hashcode on MyKeytype = 110634651
    ************************************************
    * Consumed memory : 186843136/832045056
    * #objects cached : 439
    * #ro created     : 1484
    * #ro total       : 156315
    * time (ms)       : 43
    ************************************************
  ----- setup ---
hashcode on MyKeytype = 3737
hashcode on MyKeytype = 3079908
hashcode on MyKeytype = 110634651
    ************************************************
    * Consumed memory : 185597952/832045056
    * #objects cached : 439
    * #ro created     : 1531
    * #ro total       : 157848
    * time (ms)       : 96
    ************************************************
[testHashtableObjectKey::MyKeyType:158657]
[testHashtableObjectKey::MyKeyType:158636]
[testHashtableObjectKey::MyKeyType:158667]
    ************************************************
    * Consumed memory : 185597952/832045056
    * #objects cached : 445
    * #ro created     : 1153
    * #ro total       : 159002
    * time (ms)       : 22
    ************************************************
one
two
three
    ************************************************
    * Consumed memory : 185597952/832045056
    * #objects cached : 435
    * #ro created     : 851
    * #ro total       : 159855
    * time (ms)       : 15
    ************************************************
    ************************************************
    * Consumed memory : 185597952/832045056
    * #objects cached : 435
    * #ro created     : 790
    * #ro total       : 160648
    * time (ms)       : 18
    ************************************************
    ************************************************
    * Consumed memory : 185597952/832045056
    * #objects cached : 435
    * #ro created     : 943
    * #ro total       : 161599
    * time (ms)       : 20
    ************************************************
    ************************************************
    * Consumed memory : 185597952/832045056
    * #objects cached : 435
    * #ro created     : 807
    * #ro total       : 162408
    * time (ms)       : 16
    ************************************************
    ************************************************
    * Consumed memory : 185597952/832045056
    * #objects cached : 435
    * #ro created     : 892
    * #ro total       : 163306
    * time (ms)       : 16
    ************************************************
    ************************************************
    * Consumed memory : 185597952/832045056
    * #objects cached : 438
    * #ro created     : 1493
    * #ro total       : 164799
    * time (ms)       : 46
    ************************************************
    ************************************************
    * Consumed memory : 185597952/832045056
    * #objects cached : 437
    * #ro created     : 1217
    * #ro total       : 166017
    * time (ms)       : 34
    ************************************************
un
deux
trois
    ************************************************
    * Consumed memory : 185597952/832045056
    * #objects cached : 431
    * #ro created     : 794
    * #ro total       : 166814
    * time (ms)       : 8
    ************************************************
one
two
three
    ************************************************
    * Consumed memory : 185597952/832045056
    * #objects cached : 431
    * #ro created     : 656
    * #ro total       : 167470
    * time (ms)       : 8
    ************************************************
    ************************************************
    * Consumed memory : 185597952/832045056
    * #objects cached : 431
    * #ro created     : 844
    * #ro total       : 168317
    * time (ms)       : 8
    ************************************************
    ************************************************
    * Consumed memory : 186515456/832045056
    * #objects cached : 431
    * #ro created     : 905
    * #ro total       : 169233
    * time (ms)       : 47
    ************************************************
    ************************************************
    * Consumed memory : 186515456/832045056
    * #objects cached : 431
    * #ro created     : 772
    * #ro total       : 170012
    * time (ms)       : 7
    ************************************************
    ************************************************
    * Consumed memory : 186515456/832045056
    * #objects cached : 431
    * #ro created     : 779
    * #ro total       : 170794
    * time (ms)       : 7
    ************************************************
    ************************************************
    * Consumed memory : 186515456/832045056
    * #objects cached : 434
    * #ro created     : 1304
    * #ro total       : 172098
    * time (ms)       : 46
    ************************************************
    ************************************************
    * Consumed memory : 186515456/832045056
    * #objects cached : 433
    * #ro created     : 957
    * #ro total       : 173057
    * time (ms)       : 27
    ************************************************
    ************************************************
    * Consumed memory : 186515456/832045056
    * #objects cached : 429
    * #ro created     : 655
    * #ro total       : 173714
    * time (ms)       : 7
    ************************************************
    ************************************************
    * Consumed memory : 186515456/832045056
    * #objects cached : 428
    * #ro created     : 632
    * #ro total       : 174346
    * time (ms)       : 5
    ************************************************
    ************************************************
    * Consumed memory : 186515456/832045056
    * #objects cached : 429
    * #ro created     : 647
    * #ro total       : 174993
    * time (ms)       : 6
    ************************************************
    ************************************************
    * Consumed memory : 186515456/832045056
    * #objects cached : 429
    * #ro created     : 641
    * #ro total       : 175634
    * time (ms)       : 6
    ************************************************
    ************************************************
    * Consumed memory : 186515456/832045056
    * #objects cached : 429
    * #ro created     : 646
    * #ro total       : 176280
    * time (ms)       : 6
    ************************************************
    ************************************************
    * Consumed memory : 186515456/832045056
    * #objects cached : 429
    * #ro created     : 646
    * #ro total       : 176926
    * time (ms)       : 6
    ************************************************
    ************************************************
    * Consumed memory : 186515456/832045056
    * #objects cached : 429
    * #ro created     : 661
    * #ro total       : 177587
    * time (ms)       : 9
    ************************************************
toto    ************************************************
    * Consumed memory : 186515456/832045056
    * #objects cached : 431
    * #ro created     : 623
    * #ro total       : 178210
    * time (ms)       : 5
    ************************************************
    ************************************************
    * Consumed memory : 186515456/832045056
    * #objects cached : 432
    * #ro created     : 636
    * #ro total       : 178846
    * time (ms)       : 5
    ************************************************
    ************************************************
    * Consumed memory : 186515456/832045056
    * #objects cached : 432
    * #ro created     : 636
    * #ro total       : 179482
    * time (ms)       : 6
    ************************************************
    ************************************************
    * Consumed memory : 186515456/832045056
    * #objects cached : 432
    * #ro created     : 636
    * #ro total       : 180118
    * time (ms)       : 6
    ************************************************
    ************************************************
    * Consumed memory : 186515456/832045056
    * #objects cached : 432
    * #ro created     : 637
    * #ro total       : 180755
    * time (ms)       : 5
    ************************************************
    ************************************************
    * Consumed memory : 186515456/832045056
    * #objects cached : 432
    * #ro created     : 640
    * #ro total       : 181395
    * time (ms)       : 7
    ************************************************
7
    ************************************************
    * Consumed memory : 186515456/832045056
    * #objects cached : 432
    * #ro created     : 642
    * #ro total       : 182037
    * time (ms)       : 6
    ************************************************
    ************************************************
    * Consumed memory : 186515456/832045056
    * #objects cached : 432
    * #ro created     : 644
    * #ro total       : 182681
    * time (ms)       : 6
    ************************************************
    ************************************************
    * Consumed memory : 186515456/832045056
    * #objects cached : 432
    * #ro created     : 645
    * #ro total       : 183326
    * time (ms)       : 7
    ************************************************
    ************************************************
    * Consumed memory : 186515456/832045056
    * #objects cached : 432
    * #ro created     : 636
    * #ro total       : 183962
    * time (ms)       : 5
    ************************************************
    ************************************************
    * Consumed memory : 186515456/832045056
    * #objects cached : 432
    * #ro created     : 640
    * #ro total       : 184602
    * time (ms)       : 7
    ************************************************
    ************************************************
    * Consumed memory : 186515456/832045056
    * #objects cached : 432
    * #ro created     : 638
    * #ro total       : 185240
    * time (ms)       : 8
    ************************************************
    ************************************************
    * Consumed memory : 186515456/832045056
    * #objects cached : 432
    * #ro created     : 636
    * #ro total       : 185876
    * time (ms)       : 5
    ************************************************
    ************************************************
    * Consumed memory : 186515456/832045056
    * #objects cached : 432
    * #ro created     : 645
    * #ro total       : 186521
    * time (ms)       : 7
    ************************************************
hello 0
1hello 1
2hello 2
3    ************************************************
    * Consumed memory : 186515456/832045056
    * #objects cached : 431
    * #ro created     : 649
    * #ro total       : 187170
    * time (ms)       : 8
    ************************************************
5040
    ************************************************
    * Consumed memory : 186515456/832045056
    * #objects cached : 432
    * #ro created     : 695
    * #ro total       : 187865
    * time (ms)       : 12
    ************************************************
ERROR  setEntryPoint, Cannot find entry @mainOperation 'testCreateMyObjects' in @mainClass 'testReferences::TestMyObjectCreation'
17959 [main] ERROR KMT.launcher  - Cannot find entry @mainOperation 'testCreateMyObjects' in @mainClass 'testReferences::TestMyObjectCreation'
    ************************************************
    * Consumed memory : 186515456/832045056
    * #objects cached : 422
    * #ro created     : 644
    * #ro total       : 188509
    * time (ms)       : 7
    ************************************************
    ************************************************
    * Consumed memory : 187695104/832045056
    * #objects cached : 444
    * #ro created     : 1060
    * #ro total       : 189572
    * time (ms)       : 76
    ************************************************
    ************************************************
    * Consumed memory : 187695104/832045056
    * #objects cached : 445
    * #ro created     : 909
    * #ro total       : 190483
    * time (ms)       : 15
    ************************************************
    ************************************************
    * Consumed memory : 187695104/832045056
    * #objects cached : 444
    * #ro created     : 759
    * #ro total       : 191245
    * time (ms)       : 7
    ************************************************
    ************************************************
    * Consumed memory : 187695104/832045056
    * #objects cached : 446
    * #ro created     : 981
    * #ro total       : 192231
    * time (ms)       : 15
    ************************************************
    ************************************************
    * Consumed memory : 187695104/832045056
    * #objects cached : 445
    * #ro created     : 895
    * #ro total       : 193131
    * time (ms)       : 13
    ************************************************
    ************************************************
    * Consumed memory : 187695104/832045056
    * #objects cached : 445
    * #ro created     : 801
    * #ro total       : 193940
    * time (ms)       : 9
    ************************************************
    ************************************************
    * Consumed memory : 187695104/832045056
    * #objects cached : 444
    * #ro created     : 872
    * #ro total       : 194814
    * time (ms)       : 8
    ************************************************
    ************************************************
    * Consumed memory : 187695104/832045056
    * #objects cached : 445
    * #ro created     : 768
    * #ro total       : 195586
    * time (ms)       : 8
    ************************************************
    ************************************************
    * Consumed memory : 187695104/832045056
    * #objects cached : 445
    * #ro created     : 845
    * #ro total       : 196434
    * time (ms)       : 8
    ************************************************
    ************************************************
    * Consumed memory : 187695104/832045056
    * #objects cached : 445
    * #ro created     : 904
    * #ro total       : 197342
    * time (ms)       : 11
    ************************************************
    ************************************************
    * Consumed memory : 187695104/832045056
    * #objects cached : 445
    * #ro created     : 700
    * #ro total       : 198046
    * time (ms)       : 9
    ************************************************
    ************************************************
    * Consumed memory : 187695104/832045056
    * #objects cached : 445
    * #ro created     : 925
    * #ro total       : 198971
    * time (ms)       : 12
    ************************************************
    ************************************************
    * Consumed memory : 187695104/832045056
    * #objects cached : 445
    * #ro created     : 803
    * #ro total       : 199777
    * time (ms)       : 12
    ************************************************
    ************************************************
    * Consumed memory : 187695104/832045056
    * #objects cached : 445
    * #ro created     : 821
    * #ro total       : 200607
    * time (ms)       : 13
    ************************************************
    ************************************************
    * Consumed memory : 187695104/832045056
    * #objects cached : 445
    * #ro created     : 926
    * #ro total       : 201533
    * time (ms)       : 12
    ************************************************
    ************************************************
    * Consumed memory : 187695104/832045056
    * #objects cached : 445
    * #ro created     : 835
    * #ro total       : 202369
    * time (ms)       : 12
    ************************************************
    ************************************************
    * Consumed memory : 187695104/832045056
    * #objects cached : 445
    * #ro created     : 899
    * #ro total       : 203270
    * time (ms)       : 16
    ************************************************
    ************************************************
    * Consumed memory : 187695104/832045056
    * #objects cached : 444
    * #ro created     : 786
    * #ro total       : 204059
    * time (ms)       : 11
    ************************************************
    ************************************************
    * Consumed memory : 187695104/832045056
    * #objects cached : 444
    * #ro created     : 859
    * #ro total       : 204923
    * time (ms)       : 12
    ************************************************
    ************************************************
    * Consumed memory : 188219392/832045056
    * #objects cached : 444
    * #ro created     : 1052
    * #ro total       : 205977
    * time (ms)       : 73
    ************************************************
    ************************************************
    * Consumed memory : 188219392/832045056
    * #objects cached : 444
    * #ro created     : 745
    * #ro total       : 206932
    * time (ms)       : 9
    ************************************************
    ************************************************
    * Consumed memory : 188219392/832045056
    * #objects cached : 444
    * #ro created     : 918
    * #ro total       : 207862
    * time (ms)       : 9
    ************************************************
    ************************************************
    * Consumed memory : 188219392/832045056
    * #objects cached : 453
    * #ro created     : 669
    * #ro total       : 208533
    * time (ms)       : 6
    ************************************************
    ************************************************
    * Consumed memory : 188219392/832045056
    * #objects cached : 453
    * #ro created     : 768
    * #ro total       : 209307
    * time (ms)       : 6
    ************************************************
    ************************************************
    * Consumed memory : 188219392/832045056
    * #objects cached : 453
    * #ro created     : 695
    * #ro total       : 210005
    * time (ms)       : 6
    ************************************************
    ************************************************
    * Consumed memory : 188219392/832045056
    * #objects cached : 453
    * #ro created     : 823
    * #ro total       : 210836
    * time (ms)       : 7
    ************************************************
    ************************************************
    * Consumed memory : 188219392/832045056
    * #objects cached : 454
    * #ro created     : 679
    * #ro total       : 211519
    * time (ms)       : 6
    ************************************************
Integer
    ************************************************
    * Consumed memory : 188219392/832045056
    * #objects cached : 454
    * #ro created     : 913
    * #ro total       : 212499
    * time (ms)       : 14
    ************************************************
    ************************************************
    * Consumed memory : 188219392/832045056
    * #objects cached : 453
    * #ro created     : 820
    * #ro total       : 213325
    * time (ms)       : 6
    ************************************************
    ************************************************
    * Consumed memory : 188219392/832045056
    * #objects cached : 453
    * #ro created     : 661
    * #ro total       : 213988
    * time (ms)       : 6
    ************************************************
    ************************************************
    * Consumed memory : 188219392/832045056
    * #objects cached : 453
    * #ro created     : 825
    * #ro total       : 214818
    * time (ms)       : 6
    ************************************************
    ************************************************
    * Consumed memory : 188219392/832045056
    * #objects cached : 453
    * #ro created     : 721
    * #ro total       : 215545
    * time (ms)       : 7
    ************************************************
    ************************************************
    * Consumed memory : 188219392/832045056
    * #objects cached : 453
    * #ro created     : 769
    * #ro total       : 216314
    * time (ms)       : 6
    ************************************************
    ************************************************
    * Consumed memory : 188219392/832045056
    * #objects cached : 453
    * #ro created     : 782
    * #ro total       : 217102
    * time (ms)       : 6
    ************************************************
    ************************************************
    * Consumed memory : 188219392/832045056
    * #objects cached : 453
    * #ro created     : 705
    * #ro total       : 217810
    * time (ms)       : 6
    ************************************************
    ************************************************
    * Consumed memory : 188219392/832045056
    * #objects cached : 453
    * #ro created     : 822
    * #ro total       : 218640
    * time (ms)       : 6
    ************************************************
    ************************************************
    * Consumed memory : 188219392/832045056
    * #objects cached : 453
    * #ro created     : 672
    * #ro total       : 219316
    * time (ms)       : 6
    ************************************************
    ************************************************
    * Consumed memory : 188219392/832045056
    * #objects cached : 453
    * #ro created     : 802
    * #ro total       : 220120
    * time (ms)       : 7
    ************************************************
    ************************************************
    * Consumed memory : 188219392/832045056
    * #objects cached : 456
    * #ro created     : 714
    * #ro total       : 220834
    * time (ms)       : 7
    ************************************************
    ************************************************
    * Consumed memory : 188219392/832045056
    * #objects cached : 456
    * #ro created     : 935
    * #ro total       : 221769
    * time (ms)       : 12
    ************************************************
    ************************************************
    * Consumed memory : 188219392/832045056
    * #objects cached : 456
    * #ro created     : 878
    * #ro total       : 222647
    * time (ms)       : 12
    ************************************************
    ************************************************
    * Consumed memory : 188219392/832045056
    * #objects cached : 456
    * #ro created     : 914
    * #ro total       : 223565
    * time (ms)       : 11
    ************************************************
    ************************************************
    * Consumed memory : 188219392/832045056
    * #objects cached : 456
    * #ro created     : 722
    * #ro total       : 224294
    * time (ms)       : 8
    ************************************************
    ************************************************
    * Consumed memory : 188153856/832045056
    * #objects cached : 457
    * #ro created     : 1285
    * #ro total       : 225585
    * time (ms)       : 104
    ************************************************
    ************************************************
    * Consumed memory : 188153856/832045056
    * #objects cached : 456
    * #ro created     : 833
    * #ro total       : 226418
    * time (ms)       : 17
    ************************************************
    ************************************************
    * Consumed memory : 188153856/832045056
    * #objects cached : 456
    * #ro created     : 686
    * #ro total       : 227107
    * time (ms)       : 9
    ************************************************
    ************************************************
    * Consumed memory : 188153856/832045056
    * #objects cached : 456
    * #ro created     : 897
    * #ro total       : 228013
    * time (ms)       : 9
    ************************************************
    ************************************************
    * Consumed memory : 188153856/832045056
    * #objects cached : 456
    * #ro created     : 720
    * #ro total       : 228739
    * time (ms)       : 8
    ************************************************
    ************************************************
    * Consumed memory : 188153856/832045056
    * #objects cached : 456
    * #ro created     : 978
    * #ro total       : 229718
    * time (ms)       : 17
    ************************************************
    ************************************************
    * Consumed memory : 188153856/832045056
    * #objects cached : 457
    * #ro created     : 858
    * #ro total       : 230577
    * time (ms)       : 16
    ************************************************
    ************************************************
    * Consumed memory : 188153856/832045056
    * #objects cached : 456
    * #ro created     : 833
    * #ro total       : 231415
    * time (ms)       : 12
    ************************************************
    ************************************************
    * Consumed memory : 188153856/832045056
    * #objects cached : 456
    * #ro created     : 979
    * #ro total       : 232394
    * time (ms)       : 17
    ************************************************
    ************************************************
    * Consumed memory : 188153856/832045056
    * #objects cached : 457
    * #ro created     : 990
    * #ro total       : 233384
    * time (ms)       : 23
    ************************************************
    ************************************************
    * Consumed memory : 188153856/832045056
    * #objects cached : 456
    * #ro created     : 998
    * #ro total       : 234382
    * time (ms)       : 19
    ************************************************
    ************************************************
    * Consumed memory : 188153856/832045056
    * #objects cached : 455
    * #ro created     : 845
    * #ro total       : 235227
    * time (ms)       : 20
    ************************************************
trying to launch self.TestToto
I launched TestToto!
    ************************************************
    * Consumed memory : 179699712/832045056
    * #objects cached : 475
    * #ro created     : 3002
    * #ro total       : 238229
    * time (ms)       : 179
    ************************************************
trying to launch TestToto on self
    ************************************************
    * Consumed memory : 179699712/832045056
    * #objects cached : 474
    * #ro created     : 1510
    * #ro total       : 239739
    * time (ms)       : 27
    ************************************************
trying to launch TestToto on a variable 
I launched TestToto!
    ************************************************
    * Consumed memory : 179699712/832045056
    * #objects cached : 475
    * #ro created     : 1435
    * #ro total       : 241179
    * time (ms)       : 24
    ************************************************
    ************************************************
    * Consumed memory : 179699712/832045056
    * #objects cached : 459
    * #ro created     : 860
    * #ro total       : 242044
    * time (ms)       : 11
    ************************************************
hello world!
    ************************************************
    * Consumed memory : 179699712/832045056
    * #objects cached : 455
    * #ro created     : 953
    * #ro total       : 243054
    * time (ms)       : 11
    ************************************************
4
    ************************************************
    * Consumed memory : 179699712/832045056
    * #objects cached : 455
    * #ro created     : 1006
    * #ro total       : 244060
    * time (ms)       : 11
    ************************************************
    ************************************************
    * Consumed memory : 179699712/832045056
    * #objects cached : 422
    * #ro created     : 662
    * #ro total       : 244726
    * time (ms)       : 6
    ************************************************
    ************************************************
    * Consumed memory : 179699712/832045056
    * #objects cached : 422
    * #ro created     : 775
    * #ro total       : 245501
    * time (ms)       : 6
    ************************************************
This program counts types in UML2
getting UML2 package...got uml2 package
counting...done
There are 246 types in UML2
    ************************************************
    * Consumed memory : 188743680/832045056
    * #objects cached : 1551
    * #ro created     : 6261
    * #ro total       : 251769
    * time (ms)       : 446
    ************************************************
ERROR  setEntryPoint, Cannot find entry @mainOperation 'op2' in @mainClass 'testContainsInCollection::Main'
19524 [main] ERROR KMT.launcher  - Cannot find entry @mainOperation 'op2' in @mainClass 'testContainsInCollection::Main'
    ************************************************
    * Consumed memory : 188743680/832045056
    * #objects cached : 424
    * #ro created     : 640
    * #ro total       : 252409
    * time (ms)       : 9
    ************************************************
ERROR  setEntryPoint, Cannot find entry @mainOperation 'op2' in @mainClass 'testContainsInCollection::Main'
19532 [main] ERROR KMT.launcher  - Cannot find entry @mainOperation 'op2' in @mainClass 'testContainsInCollection::Main'
    ************************************************
    * Consumed memory : 188743680/832045056
    * #objects cached : 424
    * #ro created     : 639
    * #ro total       : 253048
    * time (ms)       : 8
    ************************************************
ERROR  setEntryPoint, Cannot find entry @mainOperation 'op2' in @mainClass 'testContainsInCollection::Main'
19540 [main] ERROR KMT.launcher  - Cannot find entry @mainOperation 'op2' in @mainClass 'testContainsInCollection::Main'
    ************************************************
    * Consumed memory : 188743680/832045056
    * #objects cached : 424
    * #ro created     : 640
    * #ro total       : 253688
    * time (ms)       : 8
    ************************************************
ERROR  setEntryPoint, Cannot find entry @mainOperation 'op2' in @mainClass 'testContainsInCollection::Main'
19548 [main] ERROR KMT.launcher  - Cannot find entry @mainOperation 'op2' in @mainClass 'testContainsInCollection::Main'
    ************************************************
    * Consumed memory : 188743680/832045056
    * #objects cached : 426
    * #ro created     : 644
    * #ro total       : 254332
    * time (ms)       : 8
    ************************************************
ERROR  setEntryPoint, Cannot find entry @mainOperation 'op2' in @mainClass 'testContainsInCollection::Main'
19557 [main] ERROR KMT.launcher  - Cannot find entry @mainOperation 'op2' in @mainClass 'testContainsInCollection::Main'
    ************************************************
    * Consumed memory : 188743680/832045056
    * #objects cached : 424
    * #ro created     : 639
    * #ro total       : 254971
    * time (ms)       : 14
    ************************************************
ERROR  setEntryPoint, Cannot find entry @mainOperation 'operation1' in @mainClass 'testClassEquals::TestClassEquals'
19570 [main] ERROR KMT.launcher  - Cannot find entry @mainOperation 'operation1' in @mainClass 'testClassEquals::TestClassEquals'
    ************************************************
    * Consumed memory : 188743680/832045056
    * #objects cached : 417
    * #ro created     : 618
    * #ro total       : 255589
    * time (ms)       : 6
    ************************************************
ERROR  setEntryPoint, Cannot find entry @mainOperation 'operation1' in @mainClass 'testClassEquals::TestClassEquals'
19577 [main] ERROR KMT.launcher  - Cannot find entry @mainOperation 'operation1' in @mainClass 'testClassEquals::TestClassEquals'
    ************************************************
    * Consumed memory : 188743680/832045056
    * #objects cached : 417
    * #ro created     : 626
    * #ro total       : 256215
    * time (ms)       : 6
    ************************************************
    ************************************************
    * Consumed memory : 188743680/832045056
    * #objects cached : 423
    * #ro created     : 635
    * #ro total       : 256850
    * time (ms)       : 6
    ************************************************
    ************************************************
    * Consumed memory : 188743680/832045056
    * #objects cached : 422
    * #ro created     : 637
    * #ro total       : 257487
    * time (ms)       : 7
    ************************************************
    ************************************************
    * Consumed memory : 188743680/832045056
    * #objects cached : 430
    * #ro created     : 652
    * #ro total       : 258139
    * time (ms)       : 7
    ************************************************
    ************************************************
    * Consumed memory : 188743680/832045056
    * #objects cached : 441
    * #ro created     : 642
    * #ro total       : 258781
    * time (ms)       : 5
    ************************************************
    ************************************************
    * Consumed memory : 188743680/832045056
    * #objects cached : 441
    * #ro created     : 650
    * #ro total       : 259431
    * time (ms)       : 7
    ************************************************
    ************************************************
    * Consumed memory : 188743680/832045056
    * #objects cached : 441
    * #ro created     : 650
    * #ro total       : 260081
    * time (ms)       : 7
    ************************************************
    ************************************************
    * Consumed memory : 188743680/832045056
    * #objects cached : 441
    * #ro created     : 649
    * #ro total       : 260730
    * time (ms)       : 7
    ************************************************
    ************************************************
    * Consumed memory : 188743680/832045056
    * #objects cached : 448
    * #ro created     : 672
    * #ro total       : 261402
    * time (ms)       : 6
    ************************************************
    ************************************************
    * Consumed memory : 188743680/832045056
    * #objects cached : 442
    * #ro created     : 652
    * #ro total       : 262054
    * time (ms)       : 6
    ************************************************
    ************************************************
    * Consumed memory : 188743680/832045056
    * #objects cached : 441
    * #ro created     : 646
    * #ro total       : 262700
    * time (ms)       : 8
    ************************************************
    ************************************************
    * Consumed memory : 188743680/832045056
    * #objects cached : 441
    * #ro created     : 661
    * #ro total       : 263361
    * time (ms)       : 8
    ************************************************
    ************************************************
    * Consumed memory : 188743680/832045056
    * #objects cached : 441
    * #ro created     : 658
    * #ro total       : 264019
    * time (ms)       : 7
    ************************************************
    ************************************************
    * Consumed memory : 188743680/832045056
    * #objects cached : 441
    * #ro created     : 653
    * #ro total       : 264672
    * time (ms)       : 7
    ************************************************
    ************************************************
    * Consumed memory : 188743680/832045056
    * #objects cached : 449
    * #ro created     : 653
    * #ro total       : 265325
    * time (ms)       : 6
    ************************************************
    ************************************************
    * Consumed memory : 188088320/832045056
    * #objects cached : 423
    * #ro created     : 925
    * #ro total       : 266250
    * time (ms)       : 79
    ************************************************
    ************************************************
    * Consumed memory : 188088320/832045056
    * #objects cached : 423
    * #ro created     : 914
    * #ro total       : 267164
    * time (ms)       : 16
    ************************************************
    ************************************************
    * Consumed memory : 188088320/832045056
    * #objects cached : 423
    * #ro created     : 1431
    * #ro total       : 268597
    * time (ms)       : 38
    ************************************************
    ************************************************
    * Consumed memory : 188088320/832045056
    * #objects cached : 423
    * #ro created     : 990
    * #ro total       : 269590
    * time (ms)       : 21
    ************************************************
    ************************************************
    * Consumed memory : 188088320/832045056
    * #objects cached : 427
    * #ro created     : 802
    * #ro total       : 270403
    * time (ms)       : 7
    ************************************************
    ************************************************
    * Consumed memory : 188088320/832045056
    * #objects cached : 427
    * #ro created     : 646
    * #ro total       : 271053
    * time (ms)       : 6
    ************************************************
    ************************************************
    * Consumed memory : 188088320/832045056
    * #objects cached : 427
    * #ro created     : 821
    * #ro total       : 271877
    * time (ms)       : 6
    ************************************************
    ************************************************
    * Consumed memory : 188088320/832045056
    * #objects cached : 427
    * #ro created     : 695
    * #ro total       : 272578
    * time (ms)       : 6
    ************************************************
    ************************************************
    * Consumed memory : 188088320/832045056
    * #objects cached : 428
    * #ro created     : 773
    * #ro total       : 273354
    * time (ms)       : 6
    ************************************************
    ************************************************
    * Consumed memory : 188088320/832045056
    * #objects cached : 428
    * #ro created     : 755
    * #ro total       : 274115
    * time (ms)       : 6
    ************************************************
    ************************************************
    * Consumed memory : 188088320/832045056
    * #objects cached : 433
    * #ro created     : 1213
    * #ro total       : 275331
    * time (ms)       : 33
    ************************************************
    ************************************************
    * Consumed memory : 188088320/832045056
    * #objects cached : 433
    * #ro created     : 841
    * #ro total       : 276174
    * time (ms)       : 25
    ************************************************
    ************************************************
    * Consumed memory : 189136896/832045056
    * #objects cached : 433
    * #ro created     : 713
    * #ro total       : 276887
    * time (ms)       : 94
    ************************************************
    ************************************************
    * Consumed memory : 189136896/832045056
    * #objects cached : 433
    * #ro created     : 1316
    * #ro total       : 278204
    * time (ms)       : 41
    ************************************************
    ************************************************
    * Consumed memory : 189136896/832045056
    * #objects cached : 433
    * #ro created     : 1067
    * #ro total       : 279275
    * time (ms)       : 24
    ************************************************
    ************************************************
    * Consumed memory : 189136896/832045056
    * #objects cached : 433
    * #ro created     : 1261
    * #ro total       : 280541
    * time (ms)       : 33
    ************************************************
    ************************************************
    * Consumed memory : 189136896/832045056
    * #objects cached : 444
    * #ro created     : 2144
    * #ro total       : 282691
    * time (ms)       : 95
    ************************************************
    ************************************************
    * Consumed memory : 188874752/832045056
    * #objects cached : 434
    * #ro created     : 1910
    * #ro total       : 284601
    * time (ms)       : 92
    ************************************************
    ************************************************
    * Consumed memory : 188874752/832045056
    * #objects cached : 434
    * #ro created     : 1588
    * #ro total       : 286191
    * time (ms)       : 73
    ************************************************
    ************************************************
    * Consumed memory : 188874752/832045056
    * #objects cached : 432
    * #ro created     : 672
    * #ro total       : 286863
    * time (ms)       : 7
    ************************************************
    ************************************************
    * Consumed memory : 188874752/832045056
    * #objects cached : 433
    * #ro created     : 681
    * #ro total       : 287544
    * time (ms)       : 19
    ************************************************
    ************************************************
    * Consumed memory : 188874752/832045056
    * #objects cached : 435
    * #ro created     : 773
    * #ro total       : 288317
    * time (ms)       : 47
    ************************************************
    ************************************************
    * Consumed memory : 188874752/832045056
    * #objects cached : 435
    * #ro created     : 762
    * #ro total       : 289079
    * time (ms)       : 34
    ************************************************
    ************************************************
    * Consumed memory : 189792256/832045056
    * #objects cached : 435
    * #ro created     : 1199
    * #ro total       : 290282
    * time (ms)       : 50
    ************************************************
    ************************************************
    * Consumed memory : 189792256/832045056
    * #objects cached : 427
    * #ro created     : 844
    * #ro total       : 291134
    * time (ms)       : 8
    ************************************************
    ************************************************
    * Consumed memory : 189792256/832045056
    * #objects cached : 434
    * #ro created     : 853
    * #ro total       : 291987
    * time (ms)       : 10
    ************************************************
    ************************************************
    * Consumed memory : 189792256/832045056
    * #objects cached : 444
    * #ro created     : 885
    * #ro total       : 292875
    * time (ms)       : 13
    ************************************************
[testNewOnModelType::MainMT_p::C1:293799]
    ************************************************
    * Consumed memory : 189792256/832045056
    * #objects cached : 477
    * #ro created     : 1042
    * #ro total       : 293932
    * time (ms)       : 17
    ************************************************
0
a string
overload the base version
will not be overloaded
    ************************************************
    * Consumed memory : 189792256/832045056
    * #objects cached : 424
    * #ro created     : 636
    * #ro total       : 294568
    * time (ms)       : 7
    ************************************************
    ************************************************
    * Consumed memory : 189792256/832045056
    * #objects cached : 429
    * #ro created     : 644
    * #ro total       : 295212
    * time (ms)       : 6
    ************************************************
    ************************************************
    * Consumed memory : 189792256/832045056
    * #objects cached : 429
    * #ro created     : 648
    * #ro total       : 295860
    * time (ms)       : 7
    ************************************************
    ************************************************
    * Consumed memory : 189792256/832045056
    * #objects cached : 430
    * #ro created     : 653
    * #ro total       : 296513
    * time (ms)       : 8
    ************************************************
    ************************************************
    * Consumed memory : 189792256/832045056
    * #objects cached : 428
    * #ro created     : 635
    * #ro total       : 297148
    * time (ms)       : 6
    ************************************************
    ************************************************
    * Consumed memory : 189792256/832045056
    * #objects cached : 427
    * #ro created     : 638
    * #ro total       : 297786
    * time (ms)       : 6
    ************************************************
    ************************************************
    * Consumed memory : 189792256/832045056
    * #objects cached : 427
    * #ro created     : 628
    * #ro total       : 298414
    * time (ms)       : 6
    ************************************************
    ************************************************
    * Consumed memory : 189792256/832045056
    * #objects cached : 428
    * #ro created     : 634
    * #ro total       : 299048
    * time (ms)       : 5
    ************************************************
    ************************************************
    * Consumed memory : 189792256/832045056
    * #objects cached : 439
    * #ro created     : 689
    * #ro total       : 299737
    * time (ms)       : 7
    ************************************************
    ************************************************
    * Consumed memory : 189792256/832045056
    * #objects cached : 428
    * #ro created     : 639
    * #ro total       : 300376
    * time (ms)       : 7
    ************************************************
    ************************************************
    * Consumed memory : 189792256/832045056
    * #objects cached : 440
    * #ro created     : 691
    * #ro total       : 301067
    * time (ms)       : 6
    ************************************************
    ************************************************
    * Consumed memory : 189792256/832045056
    * #objects cached : 426
    * #ro created     : 620
    * #ro total       : 301687
    * time (ms)       : 4
    ************************************************
    ************************************************
    * Consumed memory : 189792256/832045056
    * #objects cached : 433
    * #ro created     : 668
    * #ro total       : 302355
    * time (ms)       : 6
    ************************************************
    ************************************************
    * Consumed memory : 189792256/832045056
    * #objects cached : 436
    * #ro created     : 660
    * #ro total       : 303015
    * time (ms)       : 9
    ************************************************
    ************************************************
    * Consumed memory : 189792256/832045056
    * #objects cached : 436
    * #ro created     : 793
    * #ro total       : 303808
    * time (ms)       : 40
    ************************************************
    ************************************************
    * Consumed memory : 189792256/832045056
    * #objects cached : 436
    * #ro created     : 677
    * #ro total       : 304485
    * time (ms)       : 14
    ************************************************
    ************************************************
    * Consumed memory : 189792256/832045056
    * #objects cached : 436
    * #ro created     : 681
    * #ro total       : 305166
    * time (ms)       : 11
    ************************************************
    ************************************************
    * Consumed memory : 189792256/832045056
    * #objects cached : 436
    * #ro created     : 681
    * #ro total       : 305847
    * time (ms)       : 11
    ************************************************
    ************************************************
    * Consumed memory : 189792256/832045056
    * #objects cached : 436
    * #ro created     : 672
    * #ro total       : 306519
    * time (ms)       : 10
    ************************************************
    ************************************************
    * Consumed memory : 189792256/832045056
    * #objects cached : 436
    * #ro created     : 678
    * #ro total       : 307197
    * time (ms)       : 12
    ************************************************
    ************************************************
    * Consumed memory : 189792256/832045056
    * #objects cached : 436
    * #ro created     : 674
    * #ro total       : 307871
    * time (ms)       : 10
    ************************************************
    ************************************************
    * Consumed memory : 189792256/832045056
    * #objects cached : 436
    * #ro created     : 665
    * #ro total       : 308536
    * time (ms)       : 9
    ************************************************
before add
after add
    ************************************************
    * Consumed memory : 189792256/832045056
    * #objects cached : 421
    * #ro created     : 652
    * #ro total       : 309188
    * time (ms)       : 10
    ************************************************
before add
after add
    ************************************************
    * Consumed memory : 186712064/832045056
    * #objects cached : 423
    * #ro created     : 656
    * #ro total       : 309844
    * time (ms)       : 64
    ************************************************
    ************************************************
    * Consumed memory : 186712064/832045056
    * #objects cached : 425
    * #ro created     : 739
    * #ro total       : 310586
    * time (ms)       : 8
    ************************************************
]]></system-out>
  <system-err><![CDATA[Memory before interpreter : 118030336
Memory after interpreter : 118030336
Memory before interpreter : 118030336
Memory after interpreter : 118030336
Memory before interpreter : 118030336
Memory after interpreter : 118030336
Memory before interpreter : 118030336
Memory after interpreter : 118030336
Memory before interpreter : 118030336
Memory after interpreter : 118030336
Memory before interpreter : 118030336
Memory after interpreter : 118030336
Memory before interpreter : 130285568
Memory after interpreter : 130285568
Memory before interpreter : 130285568
Memory after interpreter : 130285568
Memory before interpreter : 130285568
Memory after interpreter : 130285568
Memory before interpreter : 130285568
Memory after interpreter : 130285568
Memory before interpreter : 130285568
Memory after interpreter : 130285568
Memory before interpreter : 130285568
Memory after interpreter : 130285568
Memory before interpreter : 130285568
Memory after interpreter : 130285568
Memory before interpreter : 130285568
Memory after interpreter : 130285568
Memory before interpreter : 130285568
Memory after interpreter : 130285568
Memory before interpreter : 130285568
Memory after interpreter : 130285568
Memory before interpreter : 130285568
Memory after interpreter : 130285568
Memory before interpreter : 130285568
Memory after interpreter : 130285568
Memory before interpreter : 130285568
Memory after interpreter : 130285568
Memory before interpreter : 130285568
Memory after interpreter : 130285568
Memory before interpreter : 130285568
Memory after interpreter : 130285568
Memory before interpreter : 130285568
Memory after interpreter : 130285568
Memory before interpreter : 130285568
Memory after interpreter : 130285568
Memory before interpreter : 130285568
Memory after interpreter : 130285568
Memory before interpreter : 130285568
Memory after interpreter : 130285568
Memory before interpreter : 130285568
Memory after interpreter : 130285568
Memory before interpreter : 130285568
Memory after interpreter : 130285568
Memory before interpreter : 130285568
Memory after interpreter : 130285568
Memory before interpreter : 130285568
Memory after interpreter : 130285568
Memory before interpreter : 130285568
Memory after interpreter : 130285568
Memory before interpreter : 130285568
Memory after interpreter : 130285568
Memory before interpreter : 130285568
Memory after interpreter : 130285568
Memory before interpreter : 130285568
Memory after interpreter : 130285568
Memory before interpreter : 130285568
Memory after interpreter : 130285568
Memory before interpreter : 130285568
Memory after interpreter : 130285568
Memory before interpreter : 130285568
Memory after interpreter : 130285568
Memory before interpreter : 130678784
Memory after interpreter : 130678784
Memory before interpreter : 130678784
Memory after interpreter : 130678784
Memory before interpreter : 130678784
Memory after interpreter : 130678784
Memory before interpreter : 130678784
Memory after interpreter : 130678784
Memory before interpreter : 130678784
Memory after interpreter : 130678784
Memory before interpreter : 130678784
Memory after interpreter : 130678784
Memory before interpreter : 130678784
Memory after interpreter : 130678784
Memory before interpreter : 130678784
Memory after interpreter : 130678784
Memory before interpreter : 130678784
Memory after interpreter : 130678784
Memory before interpreter : 130678784
Memory after interpreter : 120979456
Memory before interpreter : 120979456
Memory after interpreter : 120979456
Memory before interpreter : 120979456
Memory after interpreter : 120979456
Memory before interpreter : 120979456
Memory after interpreter : 120979456
Memory before interpreter : 120979456
Memory after interpreter : 120979456
Memory before interpreter : 120979456
Memory after interpreter : 120979456
Memory before interpreter : 120979456
Memory after interpreter : 120979456
Memory before interpreter : 120979456
Memory after interpreter : 120979456
Memory before interpreter : 120979456
Memory after interpreter : 120979456
Memory before interpreter : 120979456
Memory after interpreter : 120979456
Memory before interpreter : 120979456
Memory after interpreter : 120979456
Memory before interpreter : 120979456
Memory after interpreter : 120979456
Memory before interpreter : 120979456
Memory after interpreter : 120979456
Memory before interpreter : 120979456
Memory after interpreter : 120979456
Memory before interpreter : 120979456
Memory after interpreter : 120979456
Memory before interpreter : 120979456
Memory after interpreter : 120979456
Memory before interpreter : 120979456
Memory after interpreter : 120979456
Memory before interpreter : 120979456
Memory after interpreter : 120979456
Memory before interpreter : 120979456
Memory after interpreter : 120979456
Memory before interpreter : 120979456
Memory after interpreter : 120979456
Memory before interpreter : 120979456
Memory after interpreter : 120979456
Memory before interpreter : 120979456
Memory after interpreter : 120979456
Memory before interpreter : 120979456
Memory after interpreter : 120979456
Memory before interpreter : 120979456
Memory after interpreter : 120979456
Memory before interpreter : 120979456
Memory after interpreter : 120979456
Memory before interpreter : 120979456
Memory after interpreter : 120979456
Memory before interpreter : 120979456
Memory after interpreter : 120979456
Memory before interpreter : 120979456
Memory after interpreter : 120979456
Memory before interpreter : 120979456
Memory after interpreter : 120979456
Memory before interpreter : 120979456
Memory after interpreter : 120979456
Memory before interpreter : 120979456
Memory after interpreter : 120979456
Memory before interpreter : 128188416
Memory after interpreter : 128188416
Memory before interpreter : 128188416
Memory after interpreter : 128188416
Memory before interpreter : 128188416
Memory after interpreter : 128188416
Memory before interpreter : 128188416
Memory after interpreter : 128188416
Memory before interpreter : 128188416
Memory after interpreter : 128188416
Memory before interpreter : 128188416
Memory after interpreter : 128188416
Memory before interpreter : 128188416
Memory after interpreter : 128188416
Memory before interpreter : 128188416
Memory after interpreter : 128188416
Memory before interpreter : 128188416
Memory after interpreter : 128188416
Memory before interpreter : 128188416
Memory after interpreter : 128188416
Memory before interpreter : 128188416
Memory after interpreter : 128188416
Memory before interpreter : 128188416
Memory after interpreter : 128188416
Memory before interpreter : 128188416
Memory after interpreter : 128188416
Memory before interpreter : 128188416
Memory after interpreter : 128188416
Memory before interpreter : 128188416
Memory after interpreter : 128188416
Memory before interpreter : 128188416
Memory after interpreter : 128188416
Memory before interpreter : 128188416
Memory after interpreter : 128188416
Memory before interpreter : 128188416
Memory after interpreter : 128188416
Memory before interpreter : 128188416
Memory after interpreter : 128188416
Memory before interpreter : 128188416
Memory after interpreter : 128188416
Memory before interpreter : 128188416
Memory after interpreter : 128188416
Memory before interpreter : 128188416
Memory after interpreter : 128188416
Memory before interpreter : 128188416
Memory after interpreter : 128188416
Memory before interpreter : 128188416
Memory after interpreter : 128188416
Memory before interpreter : 128188416
Memory after interpreter : 128188416
Memory before interpreter : 128188416
Memory after interpreter : 128188416
Memory before interpreter : 128188416
Memory after interpreter : 128188416
Memory before interpreter : 183959552
Memory after interpreter : 183959552
Memory before interpreter : 183959552
Memory after interpreter : 183959552
Memory before interpreter : 183959552
Memory after interpreter : 183959552
Memory before interpreter : 183959552
Memory after interpreter : 183959552
Memory before interpreter : 183959552
Memory after interpreter : 183959552
Memory before interpreter : 183959552
Memory after interpreter : 183959552
Memory before interpreter : 183959552
Memory after interpreter : 183959552
Memory before interpreter : 183959552
Memory after interpreter : 183959552
Memory before interpreter : 183959552
Memory after interpreter : 183959552
Memory before interpreter : 183959552
Memory after interpreter : 183959552
Memory before interpreter : 183959552
Memory after interpreter : 183959552
Memory before interpreter : 183959552
Memory after interpreter : 183959552
Memory before interpreter : 183959552
Memory after interpreter : 183959552
Memory before interpreter : 183959552
Memory after interpreter : 183959552
Memory before interpreter : 183959552
Memory after interpreter : 183959552
Memory before interpreter : 183959552
Memory after interpreter : 183959552
Memory before interpreter : 183959552
Memory after interpreter : 183959552
Memory before interpreter : 183959552
Memory after interpreter : 188022784
Memory before interpreter : 188022784
Memory after interpreter : 188022784
Memory before interpreter : 188022784
Memory after interpreter : 188022784
Memory before interpreter : 188022784
Memory after interpreter : 188022784
Memory before interpreter : 188022784
Memory after interpreter : 188022784
Memory before interpreter : 188022784
Memory after interpreter : 188022784
Memory before interpreter : 188022784
Memory after interpreter : 188022784
Memory before interpreter : 188022784
Memory after interpreter : 188022784
Memory before interpreter : 188022784
Memory after interpreter : 188022784
Memory before interpreter : 188022784
Memory after interpreter : 188022784
Memory before interpreter : 188022784
Memory after interpreter : 188022784
Memory before interpreter : 188022784
Memory after interpreter : 188022784
Memory before interpreter : 188022784
Memory after interpreter : 188022784
Memory before interpreter : 188022784
Memory after interpreter : 188022784
Memory before interpreter : 188022784
Memory after interpreter : 188022784
Memory before interpreter : 188022784
Memory after interpreter : 188022784
Memory before interpreter : 188022784
Memory after interpreter : 188022784
Memory before interpreter : 188022784
Memory after interpreter : 188022784
Memory before interpreter : 188022784
Memory after interpreter : 188022784
Memory before interpreter : 188022784
Memory after interpreter : 188022784
Memory before interpreter : 180748288
Memory after interpreter : 180748288
Memory before interpreter : 180748288
Memory after interpreter : 180748288
Memory before interpreter : 180748288
Memory after interpreter : 180748288
Memory before interpreter : 180748288
Memory after interpreter : 180748288
Memory before interpreter : 180748288
Memory after interpreter : 180748288
Memory before interpreter : 180748288
Memory after interpreter : 180748288
Memory before interpreter : 180748288
Memory after interpreter : 180748288
Memory before interpreter : 180748288
Memory after interpreter : 180748288
Memory before interpreter : 180748288
Memory after interpreter : 180748288
Memory before interpreter : 180748288
Memory after interpreter : 180748288
Memory before interpreter : 180748288
Memory after interpreter : 180748288
Memory before interpreter : 180748288
Memory after interpreter : 180748288
Memory before interpreter : 180748288
Memory after interpreter : 180748288
Memory before interpreter : 180748288
Memory after interpreter : 180748288
Memory before interpreter : 180748288
Memory after interpreter : 180748288
Memory before interpreter : 180748288
Memory after interpreter : 180748288
Memory before interpreter : 180748288
Memory after interpreter : 180748288
Memory before interpreter : 180748288
Memory after interpreter : 180748288
Memory before interpreter : 180748288
Memory after interpreter : 180748288
Memory before interpreter : 180748288
Memory after interpreter : 180748288
Memory before interpreter : 180748288
Memory after interpreter : 180748288
Memory before interpreter : 180748288
Memory after interpreter : 180748288
Memory before interpreter : 180748288
Memory after interpreter : 180748288
Memory before interpreter : 180748288
Memory after interpreter : 180748288
Memory before interpreter : 180748288
Memory after interpreter : 180748288
Memory before interpreter : 180748288
Memory after interpreter : 180748288
Memory before interpreter : 180748288
Memory after interpreter : 180748288
Memory before interpreter : 180748288
Memory after interpreter : 180748288
Memory before interpreter : 180748288
Memory after interpreter : 180748288
Memory before interpreter : 180748288
Memory after interpreter : 180748288
Memory before interpreter : 180748288
Memory after interpreter : 180748288
Memory before interpreter : 180748288
Memory after interpreter : 180748288
Memory before interpreter : 180748288
Memory after interpreter : 180748288
Memory before interpreter : 180748288
Memory after interpreter : 180748288
Memory before interpreter : 180748288
Memory after interpreter : 180748288
Memory before interpreter : 180748288
Memory after interpreter : 180748288
Memory before interpreter : 180748288
Memory after interpreter : 180748288
Memory before interpreter : 180748288
Memory after interpreter : 180748288
Memory before interpreter : 185401344
Memory after interpreter : 185401344
Memory before interpreter : 185401344
Memory after interpreter : 185401344
Memory before interpreter : 185401344
Memory after interpreter : 185401344
Memory before interpreter : 185401344
Memory after interpreter : 185401344
Memory before interpreter : 185401344
Memory after interpreter : 185401344
Memory before interpreter : 185401344
Memory after interpreter : 185401344
Memory before interpreter : 185401344
Memory after interpreter : 185401344
Memory before interpreter : 185401344
Memory after interpreter : 185401344
Memory before interpreter : 185401344
Memory after interpreter : 185401344
Memory before interpreter : 185401344
Memory after interpreter : 185401344
Memory before interpreter : 185401344
Memory after interpreter : 185401344
Memory before interpreter : 185401344
Memory after interpreter : 185401344
Memory before interpreter : 185401344
Memory after interpreter : 185401344
Memory before interpreter : 185401344
Memory after interpreter : 185401344
Memory before interpreter : 185401344
Memory after interpreter : 185401344
Memory before interpreter : 185401344
Memory after interpreter : 186843136
Memory before interpreter : 186843136
Memory after interpreter : 186843136
Memory before interpreter : 186843136
Memory after interpreter : 186843136
Memory before interpreter : 186843136
Memory after interpreter : 186843136
Memory before interpreter : 186843136
Memory after interpreter : 186843136
Memory before interpreter : 186843136
Memory after interpreter : 186843136
Memory before interpreter : 185597952
Memory after interpreter : 185597952
Memory before interpreter : 185597952
Memory after interpreter : 185597952
Memory before interpreter : 185597952
Memory after interpreter : 185597952
Memory before interpreter : 185597952
Memory after interpreter : 185597952
Memory before interpreter : 185597952
Memory after interpreter : 185597952
Memory before interpreter : 185597952
Memory after interpreter : 185597952
Memory before interpreter : 185597952
Memory after interpreter : 185597952
Memory before interpreter : 185597952
Memory after interpreter : 185597952
Memory before interpreter : 185597952
Memory after interpreter : 185597952
Memory before interpreter : 185597952
Memory after interpreter : 185597952
Memory before interpreter : 185597952
Memory after interpreter : 185597952
Memory before interpreter : 185597952
Memory after interpreter : 185597952
Memory before interpreter : 186515456
Memory after interpreter : 186515456
Memory before interpreter : 186515456
Memory after interpreter : 186515456
Memory before interpreter : 186515456
Memory after interpreter : 186515456
Memory before interpreter : 186515456
Memory after interpreter : 186515456
Memory before interpreter : 186515456
Memory after interpreter : 186515456
Memory before interpreter : 186515456
Memory after interpreter : 186515456
Memory before interpreter : 186515456
Memory after interpreter : 186515456
Memory before interpreter : 186515456
Memory after interpreter : 186515456
Memory before interpreter : 186515456
Memory after interpreter : 186515456
Memory before interpreter : 186515456
Memory after interpreter : 186515456
Memory before interpreter : 186515456
Memory after interpreter : 186515456
Memory before interpreter : 186515456
Memory after interpreter : 186515456
Memory before interpreter : 186515456
Memory after interpreter : 186515456
Memory before interpreter : 186515456
Memory after interpreter : 186515456
Memory before interpreter : 186515456
Memory after interpreter : 186515456
Memory before interpreter : 186515456
Memory after interpreter : 186515456
Memory before interpreter : 186515456
Memory after interpreter : 186515456
Memory before interpreter : 186515456
Memory after interpreter : 186515456
Memory before interpreter : 186515456
Memory after interpreter : 186515456
Memory before interpreter : 186515456
Memory after interpreter : 186515456
Memory before interpreter : 186515456
Memory after interpreter : 186515456
Memory before interpreter : 186515456
Memory after interpreter : 186515456
Memory before interpreter : 186515456
Memory after interpreter : 186515456
Memory before interpreter : 186515456
Memory after interpreter : 186515456
Memory before interpreter : 186515456
Memory after interpreter : 186515456
Memory before interpreter : 186515456
Memory after interpreter : 186515456
Memory before interpreter : 186515456
Memory after interpreter : 186515456
Memory before interpreter : 186515456
Memory after interpreter : 186515456
Memory before interpreter : 186515456
Memory after interpreter : 187695104
Memory before interpreter : 187695104
Memory after interpreter : 187695104
Memory before interpreter : 187695104
Memory after interpreter : 187695104
Memory before interpreter : 187695104
Memory after interpreter : 187695104
Memory before interpreter : 187695104
Memory after interpreter : 187695104
Memory before interpreter : 187695104
Memory after interpreter : 187695104
Memory before interpreter : 187695104
Memory after interpreter : 187695104
Memory before interpreter : 187695104
Memory after interpreter : 187695104
Memory before interpreter : 187695104
Memory after interpreter : 187695104
Memory before interpreter : 187695104
Memory after interpreter : 187695104
Memory before interpreter : 187695104
Memory after interpreter : 187695104
Memory before interpreter : 187695104
Memory after interpreter : 187695104
Memory before interpreter : 187695104
Memory after interpreter : 187695104
Memory before interpreter : 187695104
Memory after interpreter : 187695104
Memory before interpreter : 187695104
Memory after interpreter : 187695104
Memory before interpreter : 187695104
Memory after interpreter : 187695104
Memory before interpreter : 187695104
Memory after interpreter : 187695104
Memory before interpreter : 187695104
Memory after interpreter : 187695104
Memory before interpreter : 187695104
Memory after interpreter : 187695104
Memory before interpreter : 187695104
Memory after interpreter : 188219392
Memory before interpreter : 188219392
Memory after interpreter : 188219392
Memory before interpreter : 188219392
Memory after interpreter : 188219392
Memory before interpreter : 188219392
Memory after interpreter : 188219392
Memory before interpreter : 188219392
Memory after interpreter : 188219392
Memory before interpreter : 188219392
Memory after interpreter : 188219392
Memory before interpreter : 188219392
Memory after interpreter : 188219392
Memory before interpreter : 188219392
Memory after interpreter : 188219392
Memory before interpreter : 188219392
Memory after interpreter : 188219392
Memory before interpreter : 188219392
Memory after interpreter : 188219392
Memory before interpreter : 188219392
Memory after interpreter : 188219392
Memory before interpreter : 188219392
Memory after interpreter : 188219392
Memory before interpreter : 188219392
Memory after interpreter : 188219392
Memory before interpreter : 188219392
Memory after interpreter : 188219392
Memory before interpreter : 188219392
Memory after interpreter : 188219392
Memory before interpreter : 188219392
Memory after interpreter : 188219392
Memory before interpreter : 188219392
Memory after interpreter : 188219392
Memory before interpreter : 188219392
Memory after interpreter : 188219392
Memory before interpreter : 188219392
Memory after interpreter : 188219392
Memory before interpreter : 188219392
Memory after interpreter : 188219392
Memory before interpreter : 188219392
Memory after interpreter : 188219392
Memory before interpreter : 188219392
Memory after interpreter : 188219392
Memory before interpreter : 188219392
Memory after interpreter : 188219392
Memory before interpreter : 188219392
Memory after interpreter : 188219392
Memory before interpreter : 188219392
Memory after interpreter : 188219392
Memory before interpreter : 188153856
Memory after interpreter : 188153856
Memory before interpreter : 188153856
Memory after interpreter : 188153856
Memory before interpreter : 188153856
Memory after interpreter : 188153856
Memory before interpreter : 188153856
Memory after interpreter : 188153856
Memory before interpreter : 188153856
Memory after interpreter : 188153856
Memory before interpreter : 188153856
Memory after interpreter : 188153856
Memory before interpreter : 188153856
Memory after interpreter : 188153856
Memory before interpreter : 188153856
Memory after interpreter : 188153856
Memory before interpreter : 188153856
Memory after interpreter : 188153856
Memory before interpreter : 188153856
Memory after interpreter : 188153856
Memory before interpreter : 188153856
Memory after interpreter : 188153856
Memory before interpreter : 188153856
Memory after interpreter : 188153856
Memory before interpreter : 179699712
Memory after interpreter : 179699712
Memory before interpreter : 179699712
Memory after interpreter : 179699712
Memory before interpreter : 179699712
Memory after interpreter : 179699712
Memory before interpreter : 179699712
Memory after interpreter : 179699712
Memory before interpreter : 179699712
Memory after interpreter : 179699712
Memory before interpreter : 179699712
Memory after interpreter : 179699712
Memory before interpreter : 179699712
Memory after interpreter : 179699712
Memory before interpreter : 179699712
Memory after interpreter : 179699712
Memory before interpreter : 188743680
Memory after interpreter : 188743680
Memory before interpreter : 188743680
Memory after interpreter : 188743680
Memory before interpreter : 188743680
Memory after interpreter : 188743680
Memory before interpreter : 188743680
Memory after interpreter : 188743680
Memory before interpreter : 188743680
Memory after interpreter : 188743680
Memory before interpreter : 188743680
Memory after interpreter : 188743680
Memory before interpreter : 188743680
Memory after interpreter : 188743680
Memory before interpreter : 188743680
Memory after interpreter : 188743680
Memory before interpreter : 188743680
Memory after interpreter : 188743680
Memory before interpreter : 188743680
Memory after interpreter : 188743680
Memory before interpreter : 188743680
Memory after interpreter : 188743680
Memory before interpreter : 188743680
Memory after interpreter : 188743680
Memory before interpreter : 188743680
Memory after interpreter : 188743680
Memory before interpreter : 188743680
Memory after interpreter : 188743680
Memory before interpreter : 188743680
Memory after interpreter : 188743680
Memory before interpreter : 188743680
Memory after interpreter : 188743680
Memory before interpreter : 188743680
Memory after interpreter : 188743680
Memory before interpreter : 188743680
Memory after interpreter : 188743680
Memory before interpreter : 188743680
Memory after interpreter : 188743680
Memory before interpreter : 188743680
Memory after interpreter : 188743680
Memory before interpreter : 188743680
Memory after interpreter : 188743680
Memory before interpreter : 188743680
Memory after interpreter : 188743680
Memory before interpreter : 188088320
Memory after interpreter : 188088320
Memory before interpreter : 188088320
Memory after interpreter : 188088320
Memory before interpreter : 188088320
Memory after interpreter : 188088320
Memory before interpreter : 188088320
Memory after interpreter : 188088320
Memory before interpreter : 188088320
Memory after interpreter : 188088320
Memory before interpreter : 188088320
Memory after interpreter : 188088320
Memory before interpreter : 188088320
Memory after interpreter : 188088320
Memory before interpreter : 188088320
Memory after interpreter : 188088320
Memory before interpreter : 188088320
Memory after interpreter : 188088320
Memory before interpreter : 188088320
Memory after interpreter : 188088320
Memory before interpreter : 188088320
Memory after interpreter : 188088320
Memory before interpreter : 188088320
Memory after interpreter : 188088320
Memory before interpreter : 189136896
Memory after interpreter : 189136896
Memory before interpreter : 189136896
Memory after interpreter : 189136896
Memory before interpreter : 189136896
Memory after interpreter : 189136896
Memory before interpreter : 189136896
Memory after interpreter : 189136896
Memory before interpreter : 189136896
Memory after interpreter : 189136896
Memory before interpreter : 188874752
Memory after interpreter : 188874752
Memory before interpreter : 188874752
Memory after interpreter : 188874752
Memory before interpreter : 188874752
Memory after interpreter : 188874752
Memory before interpreter : 188874752
Memory after interpreter : 188874752
Memory before interpreter : 188874752
Memory after interpreter : 188874752
Memory before interpreter : 188874752
Memory after interpreter : 189792256
Memory before interpreter : 189792256
Memory after interpreter : 189792256
Memory before interpreter : 189792256
Memory after interpreter : 189792256
Memory before interpreter : 189792256
Memory after interpreter : 189792256
Memory before interpreter : 189792256
Memory after interpreter : 189792256
Memory before interpreter : 189792256
Memory after interpreter : 189792256
Memory before interpreter : 189792256
Memory after interpreter : 189792256
Memory before interpreter : 189792256
Memory after interpreter : 189792256
Memory before interpreter : 189792256
Memory after interpreter : 189792256
Memory before interpreter : 189792256
Memory after interpreter : 189792256
Memory before interpreter : 189792256
Memory after interpreter : 189792256
Memory before interpreter : 189792256
Memory after interpreter : 189792256
Memory before interpreter : 189792256
Memory after interpreter : 189792256
Memory before interpreter : 189792256
Memory after interpreter : 189792256
Memory before interpreter : 189792256
Memory after interpreter : 189792256
Memory before interpreter : 189792256
Memory after interpreter : 189792256
Memory before interpreter : 189792256
Memory after interpreter : 189792256
Memory before interpreter : 189792256
Memory after interpreter : 189792256
Memory before interpreter : 189792256
Memory after interpreter : 189792256
Memory before interpreter : 189792256
Memory after interpreter : 189792256
Memory before interpreter : 189792256
Memory after interpreter : 189792256
Memory before interpreter : 189792256
Memory after interpreter : 189792256
Memory before interpreter : 189792256
Memory after interpreter : 189792256
Memory before interpreter : 189792256
Memory after interpreter : 189792256
Memory before interpreter : 189792256
Memory after interpreter : 189792256
Memory before interpreter : 189792256
Memory after interpreter : 189792256
Memory before interpreter : 189792256
Memory after interpreter : 189792256
Memory before interpreter : 189792256
Memory after interpreter : 189792256
Memory before interpreter : 189792256
Memory after interpreter : 189792256
Memory before interpreter : 186712064
Memory after interpreter : 186712064
]]></system-err>
</testsuite>
