<?xml version="1.0" encoding="UTF-8" ?>
<testsuite failures="0" time="45.99" errors="0" skipped="0" tests="3" name="fr.irisa.triskell.scala.compilo.test.TestCompiloCases">
  <properties>
    <property name="java.vendor" value="Apple Inc."/>
    <property name="localRepository" value="/Users/ffouquet/.m2/repository"/>
    <property name="sun.java.launcher" value="SUN_STANDARD"/>
    <property name="sun.management.compiler" value="HotSpot 64-Bit Server Compiler"/>
    <property name="os.name" value="Mac OS X"/>
    <property name="sun.boot.class.path" value="/System/Library/Frameworks/JavaVM.framework/Versions/1.6.0/Classes/jsfd.jar:/System/Library/Frameworks/JavaVM.framework/Versions/1.6.0/Classes/classes.jar:/System/Library/Frameworks/JavaVM.framework/Frameworks/JavaRuntimeSupport.framework/Resources/Java/JavaRuntimeSupport.jar:/System/Library/Frameworks/JavaVM.framework/Versions/1.6.0/Classes/ui.jar:/System/Library/Frameworks/JavaVM.framework/Versions/1.6.0/Classes/laf.jar:/System/Library/Frameworks/JavaVM.framework/Versions/1.6.0/Classes/sunrsasign.jar:/System/Library/Frameworks/JavaVM.framework/Versions/1.6.0/Classes/jsse.jar:/System/Library/Frameworks/JavaVM.framework/Versions/1.6.0/Classes/jce.jar:/System/Library/Frameworks/JavaVM.framework/Versions/1.6.0/Classes/charsets.jar"/>
    <property name="env.TMPDIR" value="/var/folders/Ba/BaM3d1ftEQmAmfHRSFKFwk+++TM/-Tmp-/"/>
    <property name="env.PWD" value="/Users/ffouquet/Documents/DEV/workspaces/fr.irisa.triskell.kermeta.compiloV2/fr.irisa.triskell.kermeta.scala.compilo.test"/>
    <property name="env.LANG" value="fr_FR.UTF-8"/>
    <property name="java.vm.specification.vendor" value="Sun Microsystems Inc."/>
    <property name="java.runtime.version" value="1.6.0_15-b03-219"/>
    <property name="env.Apple_PubSub_Socket_Render" value="/tmp/launch-P4O07T/Render"/>
    <property name="env.DISPLAY" value="/tmp/launch-SYRWd6/:0"/>
    <property name="user.name" value="ffouquet"/>
    <property name="env.USER" value="ffouquet"/>
    <property name="env.SHELL" value="/bin/bash"/>
    <property name="env.__CF_USER_TEXT_ENCODING" value="0x1F6:0:91
"/>
    <property name="awt.nativeDoubleBuffering" value="true"/>
    <property name="env.PATH" value="/usr/bin:/bin:/usr/sbin:/sbin:/usr/local/bin:/usr/X11/bin"/>
    <property name="user.language" value="fr"/>
    <property name="sun.boot.library.path" value="/System/Library/Frameworks/JavaVM.framework/Versions/1.6.0/Libraries"/>
    <property name="classworlds.conf" value="/usr/share/maven/bin/m2.conf"/>
    <property name="java.version" value="1.6.0_15"/>
    <property name="user.timezone" value="Europe/Paris"/>
    <property name="sun.arch.data.model" value="64"/>
    <property name="http.nonProxyHosts" value="local|*.local|169.254/16|*.169.254/16"/>
    <property name="java.endorsed.dirs" value="/System/Library/Frameworks/JavaVM.framework/Versions/1.6.0/Home/lib/endorsed"/>
    <property name="sun.cpu.isalist" value=""/>
    <property name="sun.jnu.encoding" value="MacRoman"/>
    <property name="file.encoding.pkg" value="sun.io"/>
    <property name="env.SHLVL" value="1"/>
    <property name="file.separator" value="/"/>
    <property name="java.specification.name" value="Java Platform API Specification"/>
    <property name="java.class.version" value="50.0"/>
    <property name="user.country" value="FR"/>
    <property name="java.home" value="/System/Library/Frameworks/JavaVM.framework/Versions/1.6.0/Home"/>
    <property name="java.vm.info" value="mixed mode"/>
    <property name="env.LOGNAME" value="ffouquet"/>
    <property name="os.version" value="10.6.2"/>
    <property name="env.TERM_PROGRAM_VERSION" value="272"/>
    <property name="path.separator" value=":"/>
    <property name="java.vm.version" value="14.1-b02-90"/>
    <property name="java.awt.printerjob" value="apple.awt.CPrinterJob"/>
    <property name="env.TERM" value="xterm-color"/>
    <property name="sun.io.unicode.encoding" value="UnicodeLittle"/>
    <property name="awt.toolkit" value="apple.awt.CToolkit"/>
    <property name="socksNonProxyHosts" value="local|*.local|169.254/16|*.169.254/16"/>
    <property name="ftp.nonProxyHosts" value="local|*.local|169.254/16|*.169.254/16"/>
    <property name="user.home" value="/Users/ffouquet"/>
    <property name="env.OLDPWD" value="/Users/ffouquet/Documents/DEV/workspaces/fr.irisa.triskell.kermeta.compiloV2/fr.irisa.triskell.kermeta.scala.compilo.test"/>
    <property name="java.specification.vendor" value="Sun Microsystems Inc."/>
    <property name="env.TERM_PROGRAM" value="Apple_Terminal"/>
    <property name="java.library.path" value=".:/Users/ffouquet/Library/Java/Extensions:/Library/Java/Extensions:/System/Library/Java/Extensions:/usr/lib/java"/>
    <property name="java.vendor.url" value="http://www.apple.com/"/>
    <property name="java.vm.vendor" value="Apple Inc."/>
    <property name="gopherProxySet" value="false"/>
    <property name="maven.home" value="/usr/share/maven"/>
    <property name="java.runtime.name" value="Java(TM) SE Runtime Environment"/>
    <property name="java.class.path" value="/usr/share/maven/boot/classworlds-1.1.jar"/>
    <property name="java.vm.specification.name" value="Java Virtual Machine Specification"/>
    <property name="java.vm.specification.version" value="1.0"/>
    <property name="sun.cpu.endian" value="little"/>
    <property name="sun.os.patch.level" value="unknown"/>
    <property name="env.HOME" value="/Users/ffouquet"/>
    <property name="surefire.test.class.path" value="/Users/ffouquet/Documents/DEV/workspaces/fr.irisa.triskell.kermeta.compiloV2/fr.irisa.triskell.kermeta.scala.compilo.test/target/test-classes:/Users/ffouquet/Documents/DEV/workspaces/fr.irisa.triskell.kermeta.compiloV2/fr.irisa.triskell.kermeta.scala.compilo.test/target/classes:/Users/ffouquet/.m2/repository/junit/junit/4.7/junit-4.7.jar:"/>
    <property name="java.io.tmpdir" value="/var/folders/Ba/BaM3d1ftEQmAmfHRSFKFwk+++TM/-Tmp-/"/>
    <property name="java.vendor.url.bug" value="http://bugreport.apple.com/"/>
    <property name="env.SSH_AUTH_SOCK" value="/tmp/launch-QmAC4O/Listeners"/>
    <property name="env.COMMAND_MODE" value="unix2003"/>
    <property name="os.arch" value="x86_64"/>
    <property name="java.awt.graphicsenv" value="apple.awt.CGraphicsEnvironment"/>
    <property name="java.ext.dirs" value="/Users/ffouquet/Library/Java/Extensions:/Library/Java/Extensions:/System/Library/Java/Extensions:/System/Library/Frameworks/JavaVM.framework/Versions/1.6.0/Home/lib/ext"/>
    <property name="user.dir" value="/Users/ffouquet/Documents/DEV/workspaces/fr.irisa.triskell.kermeta.compiloV2/fr.irisa.triskell.kermeta.scala.compilo.test"/>
    <property name="mrj.version" value="1060.1.6.0_15-219"/>
    <property name="line.separator" value="
"/>
    <property name="java.vm.name" value="Java HotSpot(TM) 64-Bit Server VM"/>
    <property name="basedir" value="/Users/ffouquet/Documents/DEV/workspaces/fr.irisa.triskell.kermeta.compiloV2/fr.irisa.triskell.kermeta.scala.compilo.test"/>
    <property name="env.JAVA_MAIN_CLASS_1054" value="org.codehaus.classworlds.Launcher"/>
    <property name="file.encoding" value="MacRoman"/>
    <property name="java.specification.version" value="1.6"/>
  </properties>
  <testcase time="14.367" classname="fr.irisa.triskell.scala.compilo.test.TestCompiloCases" name="test000"/>
  <testcase time="14.292" classname="fr.irisa.triskell.scala.compilo.test.TestCompiloCases" name="test001"/>
  <testcase time="17.312" classname="fr.irisa.triskell.scala.compilo.test.TestCompiloCases" name="test001_2"/>
</testsuite>